<?xml version="1.0" encoding="UTF-8" ?>
<testsuite errors="0" failures="1" hostname="sepehr-UX310UQK" name="org.apache.commons.compress.AbstractTestCase" skipped="0" tests="1" time="0.055" timestamp="2023-01-05T19:46:07">
  <properties>
[...]
</properties>
  <testcase classname="junit.framework.TestSuite$1" name="warning" time="0.007">
    <failure message="No tests found in org.apache.commons.compress.AbstractTestCase" type="junit.framework.AssertionFailedError">junit.framework.AssertionFailedError: No tests found in org.apache.commons.compress.AbstractTestCase
</failure>
  </testcase>
  <system-out><![CDATA[]]></system-out>
  <system-err><![CDATA[]]></system-err>
</testsuite>
