<?xml version="1.0" encoding="UTF-8"?>
<coverage generated="1672979768718" clover="4.4.1">
   <project name="Gson 1.6" timestamp="1672979762045">
      <metrics coveredelements="2982" complexity="1244" loc="11588" methods="621" classes="128" statements="2432" packages="4" coveredconditionals="577" coveredmethods="481" elements="3903" ncloc="5408" files="90" conditionals="850" coveredstatements="1924"/>
      <package name="com.google.gson.stream">
         <metrics coveredelements="715" complexity="266" loc="1856" methods="73" classes="5" statements="550" coveredconditionals="137" coveredmethods="71" elements="789" ncloc="873" files="5" conditionals="166" coveredstatements="507"/>
         <file path="/home/sepehr/masters/test_generation/all_projects_coverage/Gson1f/gson/src/main/java/com/google/gson/stream/JsonReader.java" name="JsonReader.java">
            <metrics coveredelements="518" coveredconditionals="103" complexity="195" loc="1118" coveredmethods="43" methods="44" elements="581" classes="1" ncloc="606" statements="409" conditionals="128" coveredstatements="372"/>
            <class name="JsonReader">
               <metrics coveredelements="518" coveredconditionals="103" complexity="195" coveredmethods="43" methods="44" elements="581" statements="409" conditionals="128" coveredstatements="372"/>
            </class>
            <line complexity="1" visibility="package" signature="&lt;init&gt;, line 206()" num="206" count="431" type="method"/>
            <line num="207" count="432" type="stmt"/>
            <line complexity="2" visibility="public" signature="JsonReader(Reader)" num="238" count="434" type="method"/>
            <line num="239" count="436" type="stmt"/>
            <line falsecount="433" truecount="1" num="239" type="cond"/>
            <line num="240" count="1" type="stmt"/>
            <line num="242" count="434" type="stmt"/>
            <line complexity="1" visibility="public" signature="setLenient(boolean) : void" num="274" count="752" type="method"/>
            <line num="275" count="759" type="stmt"/>
            <line complexity="1" visibility="public" signature="isLenient() : boolean" num="281" count="359" type="method"/>
            <line num="282" count="361" type="stmt"/>
            <line complexity="1" visibility="public" signature="beginArray() : void" num="289" count="142" type="method"/>
            <line num="290" count="142" type="stmt"/>
            <line complexity="1" visibility="public" signature="endArray() : void" num="297" count="117" type="method"/>
            <line num="298" count="117" type="stmt"/>
            <line complexity="1" visibility="public" signature="beginObject() : void" num="305" count="283" type="method"/>
            <line num="306" count="291" type="stmt"/>
            <line complexity="1" visibility="public" signature="endObject() : void" num="313" count="261" type="method"/>
            <line num="314" count="267" type="stmt"/>
            <line complexity="2" visibility="private" signature="expect(JsonToken) : void" num="320" count="806" type="method"/>
            <line num="321" count="821" type="stmt"/>
            <line num="322" count="825" type="stmt"/>
            <line falsecount="817" truecount="6" num="322" type="cond"/>
            <line num="323" count="6" type="stmt"/>
            <line num="325" count="819" type="stmt"/>
            <line complexity="1" visibility="public" signature="hasNext() : boolean" num="331" count="1231" type="method"/>
            <line num="332" count="1233" type="stmt"/>
            <line num="333" count="1236" type="stmt"/>
            <line complexity="2" visibility="public" signature="peek() : JsonToken" num="339" count="2147" type="method"/>
            <line num="340" count="2155" type="stmt"/>
            <line num="342" count="2146" type="stmt"/>
            <line falsecount="1652" truecount="495" num="342" type="cond"/>
            <line num="343" count="493" type="stmt"/>
            <line num="346" count="2145" type="stmt"/>
            <line complexity="16" visibility="private" signature="quickPeek() : JsonToken" num="354" count="7506" type="method"/>
            <line num="355" count="7507" type="stmt"/>
            <line falsecount="2530" truecount="4995" num="355" type="cond"/>
            <line num="356" count="4992" type="stmt"/>
            <line num="359" count="2529" type="stmt"/>
            <line num="360" count="429" type="stmt"/>
            <line num="361" count="428" type="stmt"/>
            <line falsecount="45" truecount="387" num="361" type="cond"/>
            <line num="362" count="384" type="stmt"/>
            <line num="364" count="428" type="stmt"/>
            <line num="365" count="431" type="stmt"/>
            <line num="366" count="429" type="stmt"/>
            <line falsecount="422" truecount="3" num="366" type="cond"/>
            <line num="367" count="3" type="stmt"/>
            <line num="369" count="424" type="stmt"/>
            <line num="370" count="140" type="stmt"/>
            <line num="371" count="140" type="stmt"/>
            <line num="372" count="285" type="stmt"/>
            <line num="373" count="285" type="stmt"/>
            <line num="374" count="292" type="stmt"/>
            <line num="375" count="292" type="stmt"/>
            <line num="376" count="680" type="stmt"/>
            <line num="377" count="680" type="stmt"/>
            <line num="378" count="672" type="stmt"/>
            <line num="379" count="670" type="stmt"/>
            <line num="380" count="31" type="stmt"/>
            <line num="381" count="31" type="stmt"/>
            <line num="382" count="31" type="stmt"/>
            <line num="383" count="10" type="stmt"/>
            <line falsecount="1" truecount="9" num="383" type="cond"/>
            <line num="384" count="9" type="stmt"/>
            <line num="386" count="1" type="stmt"/>
            <line num="388" count="20" type="stmt"/>
            <line num="389" count="20" type="stmt"/>
            <line num="391" count="4" type="stmt"/>
            <line num="392" count="4" type="stmt"/>
            <line num="393" count="0" type="stmt"/>
            <line num="394" count="0" type="stmt"/>
            <line complexity="5" visibility="private" signature="consumeNonExecutePrefix() : void" num="401" count="377" type="method"/>
            <line num="403" count="381" type="stmt"/>
            <line num="404" count="385" type="stmt"/>
            <line num="406" count="384" type="stmt"/>
            <line falsecount="342" truecount="44" num="406" type="cond"/>
            <line num="407" count="44" type="stmt"/>
            <line num="410" count="341" type="stmt"/>
            <line falsecount="5" truecount="365" num="410" type="cond"/>
            <line num="411" count="362" type="stmt"/>
            <line falsecount="29" truecount="337" num="411" type="cond"/>
            <line num="412" count="337" type="stmt"/>
            <line num="417" count="5" type="stmt"/>
            <line complexity="1" visibility="private" signature="advance() : JsonToken" num="423" count="2471" type="method"/>
            <line num="424" count="2476" type="stmt"/>
            <line num="426" count="2477" type="stmt"/>
            <line num="427" count="2477" type="stmt"/>
            <line num="428" count="2481" type="stmt"/>
            <line num="429" count="2478" type="stmt"/>
            <line num="430" count="2480" type="stmt"/>
            <line num="431" count="2477" type="stmt"/>
            <line complexity="2" visibility="public" signature="nextName() : String" num="441" count="655" type="method"/>
            <line num="442" count="671" type="stmt"/>
            <line num="443" count="682" type="stmt"/>
            <line falsecount="675" truecount="2" num="443" type="cond"/>
            <line num="444" count="2" type="stmt"/>
            <line num="446" count="679" type="stmt"/>
            <line num="447" count="681" type="stmt"/>
            <line num="448" count="680" type="stmt"/>
            <line complexity="4" visibility="public" signature="nextString() : String" num="459" count="837" type="method"/>
            <line num="460" count="846" type="stmt"/>
            <line num="461" count="847" type="stmt"/>
            <line falsecount="842" truecount="3" num="461" type="cond"/>
            <line num="462" count="3" type="stmt"/>
            <line num="465" count="842" type="stmt"/>
            <line num="466" count="844" type="stmt"/>
            <line num="467" count="846" type="stmt"/>
            <line complexity="5" visibility="public" signature="nextBoolean() : boolean" num="477" count="82" type="method"/>
            <line num="478" count="82" type="stmt"/>
            <line num="479" count="72" type="stmt"/>
            <line falsecount="72" truecount="0" num="479" type="cond"/>
            <line num="480" count="0" type="stmt"/>
            <line num="483" count="72" type="stmt"/>
            <line num="484" count="72" type="stmt"/>
            <line falsecount="31" truecount="41" num="484" type="cond"/>
            <line num="485" count="41" type="stmt"/>
            <line num="486" count="31" type="stmt"/>
            <line falsecount="0" truecount="31" num="486" type="cond"/>
            <line num="487" count="31" type="stmt"/>
            <line num="489" count="0" type="stmt"/>
            <line num="492" count="72" type="stmt"/>
            <line num="493" count="72" type="stmt"/>
            <line complexity="4" visibility="public" signature="nextNull() : void" num="503" count="27" type="method"/>
            <line num="504" count="27" type="stmt"/>
            <line num="505" count="23" type="stmt"/>
            <line falsecount="22" truecount="1" num="505" type="cond"/>
            <line num="506" count="1" type="stmt"/>
            <line num="509" count="22" type="stmt"/>
            <line falsecount="22" truecount="0" num="509" type="cond"/>
            <line num="510" count="0" type="stmt"/>
            <line num="513" count="22" type="stmt"/>
            <line complexity="7" visibility="public" signature="nextDouble() : double" num="525" count="18" type="method"/>
            <line num="526" count="18" type="stmt"/>
            <line num="527" count="18" type="stmt"/>
            <line falsecount="18" truecount="0" num="527" type="cond"/>
            <line num="528" count="0" type="stmt"/>
            <line num="531" count="18" type="stmt"/>
            <line num="533" count="18" type="stmt"/>
            <line falsecount="17" truecount="1" num="533" type="cond"/>
            <line num="534" count="1" type="stmt"/>
            <line num="537" count="17" type="stmt"/>
            <line falsecount="16" truecount="1" num="537" type="cond"/>
            <line num="538" count="1" type="stmt"/>
            <line num="541" count="16" type="stmt"/>
            <line num="542" count="16" type="stmt"/>
            <line complexity="6" visibility="public" signature="nextLong() : long" num="555" count="7" type="method"/>
            <line num="556" count="7" type="stmt"/>
            <line num="557" count="7" type="stmt"/>
            <line falsecount="7" truecount="0" num="557" type="cond"/>
            <line num="558" count="0" type="stmt"/>
            <line num="561" count="7" type="stmt"/>
            <line num="562" count="7" type="stmt"/>
            <line num="563" count="7" type="stmt"/>
            <line num="565" count="1" type="stmt"/>
            <line num="566" count="1" type="stmt"/>
            <line num="567" count="1" type="stmt"/>
            <line falsecount="1" truecount="0" num="567" type="cond"/>
            <line num="568" count="0" type="stmt"/>
            <line num="572" count="7" type="stmt"/>
            <line falsecount="6" truecount="1" num="572" type="cond"/>
            <line num="573" count="1" type="stmt"/>
            <line num="576" count="6" type="stmt"/>
            <line num="577" count="6" type="stmt"/>
            <line complexity="6" visibility="public" signature="nextInt() : int" num="590" count="7" type="method"/>
            <line num="591" count="7" type="stmt"/>
            <line num="592" count="7" type="stmt"/>
            <line falsecount="7" truecount="0" num="592" type="cond"/>
            <line num="593" count="0" type="stmt"/>
            <line num="596" count="7" type="stmt"/>
            <line num="597" count="7" type="stmt"/>
            <line num="598" count="7" type="stmt"/>
            <line num="600" count="3" type="stmt"/>
            <line num="601" count="3" type="stmt"/>
            <line num="602" count="3" type="stmt"/>
            <line falsecount="1" truecount="2" num="602" type="cond"/>
            <line num="603" count="2" type="stmt"/>
            <line num="607" count="5" type="stmt"/>
            <line falsecount="4" truecount="1" num="607" type="cond"/>
            <line num="608" count="1" type="stmt"/>
            <line num="611" count="4" type="stmt"/>
            <line num="612" count="4" type="stmt"/>
            <line complexity="1" visibility="public" signature="close() : void" num="618" count="5" type="method"/>
            <line num="619" count="5" type="stmt"/>
            <line num="620" count="5" type="stmt"/>
            <line num="621" count="5" type="stmt"/>
            <line num="622" count="5" type="stmt"/>
            <line num="623" count="5" type="stmt"/>
            <line num="624" count="5" type="stmt"/>
            <line complexity="6" visibility="public" signature="skipValue() : void" num="632" count="2" type="method"/>
            <line num="633" count="2" type="stmt"/>
            <line num="634" count="2" type="stmt"/>
            <line num="635" count="2" type="stmt"/>
            <line num="636" count="2" type="stmt"/>
            <line num="637" count="13" type="stmt"/>
            <line num="638" count="13" type="stmt"/>
            <line falsecount="9" truecount="4" num="638" type="cond"/>
            <line num="639" count="4" type="stmt"/>
            <line num="640" count="9" type="stmt"/>
            <line falsecount="5" truecount="4" num="640" type="cond"/>
            <line num="641" count="4" type="stmt"/>
            <line falsecount="2" truecount="11" num="643" type="cond"/>
            <line num="645" count="2" type="stmt"/>
            <line complexity="1" visibility="private" signature="peekStack() : JsonScope" num="649" count="2530" type="method"/>
            <line num="650" count="2533" type="stmt"/>
            <line complexity="1" visibility="private" signature="pop() : JsonScope" num="653" count="382" type="method"/>
            <line num="654" count="385" type="stmt"/>
            <line complexity="1" visibility="private" signature="push(JsonScope) : void" num="657" count="858" type="method"/>
            <line num="658" count="866" type="stmt"/>
            <line complexity="1" visibility="private" signature="replaceTop(JsonScope) : void" num="664" count="1927" type="method"/>
            <line num="665" count="1929" type="stmt"/>
            <line complexity="9" visibility="private" signature="nextInArray(boolean) : JsonToken" num="668" count="425" type="method"/>
            <line num="669" count="425" type="stmt"/>
            <line falsecount="285" truecount="140" num="669" type="cond"/>
            <line num="670" count="140" type="stmt"/>
            <line num="673" count="285" type="stmt"/>
            <line num="674" count="101" type="stmt"/>
            <line num="675" count="101" type="stmt"/>
            <line num="676" count="101" type="stmt"/>
            <line num="677" count="101" type="stmt"/>
            <line num="678" count="1" type="stmt"/>
            <line num="679" count="1" type="stmt"/>
            <line num="680" count="182" type="stmt"/>
            <line num="681" count="183" type="stmt"/>
            <line num="682" count="1" type="stmt"/>
            <line num="683" count="1" type="stmt"/>
            <line num="687" count="323" type="stmt"/>
            <line num="688" count="19" type="stmt"/>
            <line num="689" count="19" type="stmt"/>
            <line falsecount="3" truecount="16" num="689" type="cond"/>
            <line num="690" count="16" type="stmt"/>
            <line num="691" count="16" type="stmt"/>
            <line num="692" count="16" type="stmt"/>
            <line num="695" count="0" type="stmt"/>
            <line num="696" count="6" type="stmt"/>
            <line num="698" count="9" type="stmt"/>
            <line num="699" count="5" type="stmt"/>
            <line num="700" count="5" type="stmt"/>
            <line num="701" count="5" type="stmt"/>
            <line num="702" count="5" type="stmt"/>
            <line num="703" count="295" type="stmt"/>
            <line num="704" count="295" type="stmt"/>
            <line num="705" count="295" type="stmt"/>
            <line complexity="9" visibility="private" signature="nextInObject(boolean) : JsonToken" num="709" count="936" type="method"/>
            <line num="715" count="954" type="stmt"/>
            <line falsecount="669" truecount="293" num="715" type="cond"/>
            <line num="717" count="290" type="stmt"/>
            <line num="718" count="8" type="stmt"/>
            <line num="719" count="8" type="stmt"/>
            <line num="720" count="8" type="stmt"/>
            <line num="721" count="8" type="stmt"/>
            <line num="722" count="285" type="stmt"/>
            <line num="723" count="284" type="stmt"/>
            <line num="726" count="671" type="stmt"/>
            <line num="727" count="270" type="stmt"/>
            <line num="728" count="270" type="stmt"/>
            <line num="729" count="267" type="stmt"/>
            <line num="730" count="269" type="stmt"/>
            <line num="731" count="1" type="stmt"/>
            <line num="732" count="401" type="stmt"/>
            <line num="733" count="402" type="stmt"/>
            <line num="734" count="0" type="stmt"/>
            <line num="735" count="0" type="stmt"/>
            <line num="740" count="683" type="stmt"/>
            <line num="741" count="686" type="stmt"/>
            <line num="742" count="347" type="stmt"/>
            <line num="743" count="347" type="stmt"/>
            <line num="744" count="271" type="stmt"/>
            <line num="745" count="616" type="stmt"/>
            <line num="746" count="616" type="stmt"/>
            <line num="747" count="67" type="stmt"/>
            <line num="748" count="67" type="stmt"/>
            <line num="749" count="66" type="stmt"/>
            <line num="750" count="66" type="stmt"/>
            <line num="751" count="66" type="stmt"/>
            <line falsecount="66" truecount="0" num="751" type="cond"/>
            <line num="752" count="0" type="stmt"/>
            <line num="756" count="679" type="stmt"/>
            <line num="757" count="683" type="stmt"/>
            <line num="758" count="683" type="stmt"/>
            <line complexity="6" visibility="private" signature="objectValue() : JsonToken" num="761" count="656" type="method"/>
            <line num="766" count="667" type="stmt"/>
            <line num="767" count="674" type="stmt"/>
            <line num="768" count="674" type="stmt"/>
            <line num="769" count="5" type="stmt"/>
            <line num="770" count="5" type="stmt"/>
            <line num="771" count="3" type="stmt"/>
            <line falsecount="2" truecount="1" num="771" type="cond"/>
            <line num="772" count="1" type="stmt"/>
            <line num="774" count="3" type="stmt"/>
            <line num="775" count="1" type="stmt"/>
            <line num="776" count="1" type="stmt"/>
            <line num="779" count="674" type="stmt"/>
            <line num="780" count="677" type="stmt"/>
            <line complexity="5" visibility="private" signature="nextValue() : JsonToken" num="783" count="1425" type="method"/>
            <line num="784" count="1432" type="stmt"/>
            <line num="785" count="1411" type="stmt"/>
            <line num="786" count="293" type="stmt"/>
            <line num="787" count="288" type="stmt"/>
            <line num="788" count="294" type="stmt"/>
            <line num="789" count="294" type="stmt"/>
            <line num="791" count="141" type="stmt"/>
            <line num="792" count="141" type="stmt"/>
            <line num="793" count="141" type="stmt"/>
            <line num="794" count="141" type="stmt"/>
            <line num="796" count="285" type="stmt"/>
            <line num="797" count="284" type="stmt"/>
            <line num="798" count="131" type="stmt"/>
            <line num="799" count="416" type="stmt"/>
            <line num="800" count="414" type="stmt"/>
            <line num="801" count="414" type="stmt"/>
            <line num="803" count="560" type="stmt"/>
            <line num="804" count="558" type="stmt"/>
            <line num="805" count="558" type="stmt"/>
            <line complexity="4" visibility="private" signature="fillBuffer(int) : boolean" num="814" count="550" type="method"/>
            <line num="815" count="552" type="stmt"/>
            <line falsecount="508" truecount="44" num="815" type="cond"/>
            <line num="816" count="44" type="stmt"/>
            <line num="817" count="44" type="stmt"/>
            <line num="819" count="508" type="stmt"/>
            <line num="822" count="552" type="stmt"/>
            <line num="823" count="550" type="stmt"/>
            <line num="824" count="552" type="stmt"/>
            <line falsecount="0" truecount="0" num="824" type="cond"/>
            <line num="825" count="429" type="stmt"/>
            <line num="826" count="430" type="stmt"/>
            <line falsecount="0" truecount="430" num="826" type="cond"/>
            <line num="827" count="430" type="stmt"/>
            <line num="830" count="122" type="stmt"/>
            <line complexity="14" visibility="private" signature="nextNonWhitespace() : int" num="833" count="4747" type="method"/>
            <line num="834" count="4754" type="stmt"/>
            <line falsecount="25" truecount="4907" num="834" type="cond"/>
            <line num="835" count="4910" type="stmt"/>
            <line num="836" count="4903" type="stmt"/>
            <line num="837" count="1" type="stmt"/>
            <line num="838" count="136" type="stmt"/>
            <line num="839" count="32" type="stmt"/>
            <line num="840" count="1" type="stmt"/>
            <line num="841" count="170" type="stmt"/>
            <line num="843" count="6" type="stmt"/>
            <line num="844" count="6" type="stmt"/>
            <line falsecount="6" truecount="0" num="844" type="cond"/>
            <line num="845" count="0" type="stmt"/>
            <line num="848" count="6" type="stmt"/>
            <line num="849" count="4" type="stmt"/>
            <line num="850" count="4" type="stmt"/>
            <line num="851" count="2" type="stmt"/>
            <line num="853" count="2" type="stmt"/>
            <line num="854" count="2" type="stmt"/>
            <line falsecount="2" truecount="0" num="854" type="cond"/>
            <line num="855" count="0" type="stmt"/>
            <line num="857" count="2" type="stmt"/>
            <line num="858" count="2" type="stmt"/>
            <line num="860" count="2" type="stmt"/>
            <line num="862" count="2" type="stmt"/>
            <line num="863" count="2" type="stmt"/>
            <line num="864" count="2" type="stmt"/>
            <line num="866" count="0" type="stmt"/>
            <line num="867" count="0" type="stmt"/>
            <line num="870" count="3" type="stmt"/>
            <line num="876" count="3" type="stmt"/>
            <line num="877" count="2" type="stmt"/>
            <line num="878" count="2" type="stmt"/>
            <line num="880" count="4730" type="stmt"/>
            <line num="881" count="4729" type="stmt"/>
            <line num="884" count="25" type="stmt"/>
            <line complexity="2" visibility="private" signature="checkLenient() : void" num="887" count="694" type="method"/>
            <line num="888" count="721" type="stmt"/>
            <line falsecount="719" truecount="15" num="888" type="cond"/>
            <line num="889" count="15" type="stmt"/>
            <line complexity="5" visibility="private" signature="skipToEndOfLine() : void" num="898" count="4" type="method"/>
            <line num="899" count="4" type="stmt"/>
            <line falsecount="0" truecount="68" num="899" type="cond"/>
            <line num="900" count="68" type="stmt"/>
            <line num="901" count="68" type="stmt"/>
            <line falsecount="64" truecount="4" num="901" type="cond"/>
            <line num="902" count="4" type="stmt"/>
            <line complexity="5" visibility="private" signature="skipTo(String) : boolean" num="907" count="2" type="method"/>
            <line num="908" count="2" type="stmt"/>
            <line falsecount="0" truecount="36" num="909" type="cond"/>
            <line num="910" count="36" type="stmt"/>
            <line falsecount="2" truecount="38" num="910" type="cond"/>
            <line num="911" count="38" type="stmt"/>
            <line falsecount="4" truecount="34" num="911" type="cond"/>
            <line num="912" count="34" type="stmt"/>
            <line num="915" count="2" type="stmt"/>
            <line num="917" count="0" type="stmt"/>
            <line complexity="9" visibility="private" signature="nextString(char) : String" num="930" count="1004" type="method"/>
            <line num="931" count="1019" type="stmt"/>
            <line num="932" count="1026" type="stmt"/>
            <line num="934" count="1028" type="stmt"/>
            <line num="935" count="1030" type="stmt"/>
            <line falsecount="0" truecount="5953" num="935" type="cond"/>
            <line num="936" count="5967" type="stmt"/>
            <line num="938" count="5967" type="stmt"/>
            <line falsecount="4931" truecount="1034" num="938" type="cond"/>
            <line num="939" count="1033" type="stmt"/>
            <line falsecount="1029" truecount="3" num="939" type="cond"/>
            <line num="940" count="3" type="stmt"/>
            <line num="941" count="1028" type="stmt"/>
            <line falsecount="26" truecount="1003" num="941" type="cond"/>
            <line num="942" count="1003" type="stmt"/>
            <line num="944" count="26" type="stmt"/>
            <line num="945" count="26" type="stmt"/>
            <line num="948" count="4926" type="stmt"/>
            <line falsecount="4890" truecount="40" num="948" type="cond"/>
            <line num="949" count="40" type="stmt"/>
            <line falsecount="14" truecount="26" num="949" type="cond"/>
            <line num="950" count="26" type="stmt"/>
            <line num="952" count="40" type="stmt"/>
            <line num="953" count="40" type="stmt"/>
            <line num="954" count="40" type="stmt"/>
            <line num="958" count="0" type="stmt"/>
            <line falsecount="0" truecount="0" num="958" type="cond"/>
            <line num="959" count="0" type="stmt"/>
            <line num="961" count="0" type="stmt"/>
            <line falsecount="0" truecount="0" num="962" type="cond"/>
            <line num="964" count="0" type="stmt"/>
            <line complexity="22" visibility="private" signature="nextLiteral() : String" num="971" count="626" type="method"/>
            <line num="972" count="626" type="stmt"/>
            <line num="973" count="626" type="stmt"/>
            <line num="975" count="626" type="stmt"/>
            <line num="976" count="626" type="stmt"/>
            <line falsecount="53" truecount="2461" num="976" type="cond"/>
            <line num="977" count="2462" type="stmt"/>
            <line num="978" count="2463" type="stmt"/>
            <line num="979" count="0" type="stmt"/>
            <line num="980" count="0" type="stmt"/>
            <line num="981" count="4" type="stmt"/>
            <line num="982" count="0" type="stmt"/>
            <line num="983" count="0" type="stmt"/>
            <line num="984" count="4" type="stmt"/>
            <line num="986" count="0" type="stmt"/>
            <line num="987" count="168" type="stmt"/>
            <line num="988" count="0" type="stmt"/>
            <line num="989" count="68" type="stmt"/>
            <line num="990" count="65" type="stmt"/>
            <line num="991" count="261" type="stmt"/>
            <line num="992" count="2" type="stmt"/>
            <line num="993" count="0" type="stmt"/>
            <line num="994" count="0" type="stmt"/>
            <line num="995" count="0" type="stmt"/>
            <line num="996" count="5" type="stmt"/>
            <line num="997" count="566" type="stmt"/>
            <line num="998" count="568" type="stmt"/>
            <line falsecount="569" truecount="2" num="998" type="cond"/>
            <line num="999" count="2" type="stmt"/>
            <line num="1000" count="569" type="stmt"/>
            <line falsecount="0" truecount="569" num="1000" type="cond"/>
            <line num="1001" count="568" type="stmt"/>
            <line num="1003" count="0" type="stmt"/>
            <line num="1004" count="0" type="stmt"/>
            <line num="1009" count="53" type="stmt"/>
            <line falsecount="0" truecount="53" num="1009" type="cond"/>
            <line num="1010" count="53" type="stmt"/>
            <line num="1012" count="53" type="stmt"/>
            <line falsecount="53" truecount="0" num="1013" type="cond"/>
            <line num="1015" count="53" type="stmt"/>
            <line complexity="1" visibility="public" signature="toString() : String" num="1018" count="0" type="method"/>
            <line num="1019" count="0" type="stmt"/>
            <line complexity="14" visibility="private" signature="readEscapeCharacter() : char" num="1031" count="40" type="method"/>
            <line num="1032" count="40" type="stmt"/>
            <line falsecount="40" truecount="0" num="1032" type="cond"/>
            <line num="1033" count="0" type="stmt"/>
            <line num="1036" count="40" type="stmt"/>
            <line num="1037" count="40" type="stmt"/>
            <line num="1038" count="15" type="stmt"/>
            <line num="1039" count="15" type="stmt"/>
            <line falsecount="15" truecount="0" num="1039" type="cond"/>
            <line num="1040" count="0" type="stmt"/>
            <line num="1042" count="15" type="stmt"/>
            <line num="1043" count="15" type="stmt"/>
            <line num="1044" count="15" type="stmt"/>
            <line num="1046" count="1" type="stmt"/>
            <line num="1047" count="1" type="stmt"/>
            <line num="1049" count="1" type="stmt"/>
            <line num="1050" count="1" type="stmt"/>
            <line num="1052" count="4" type="stmt"/>
            <line num="1053" count="4" type="stmt"/>
            <line num="1055" count="2" type="stmt"/>
            <line num="1056" count="2" type="stmt"/>
            <line num="1058" count="1" type="stmt"/>
            <line num="1059" count="1" type="stmt"/>
            <line num="1061" count="0" type="stmt"/>
            <line num="1062" count="8" type="stmt"/>
            <line num="1063" count="4" type="stmt"/>
            <line num="1064" count="4" type="stmt"/>
            <line num="1065" count="16" type="stmt"/>
            <line complexity="2" visibility="private" signature="readLiteral() : JsonToken" num="1072" count="551" type="method"/>
            <line num="1073" count="557" type="stmt"/>
            <line num="1074" count="556" type="stmt"/>
            <line falsecount="556" truecount="2" num="1074" type="cond"/>
            <line num="1075" count="2" type="stmt"/>
            <line num="1077" count="555" type="stmt"/>
            <line num="1078" count="556" type="stmt"/>
            <line num="1079" count="556" type="stmt"/>
            <line complexity="5" visibility="private" signature="decodeLiteral() : void" num="1085" count="485" type="method"/>
            <line num="1086" count="490" type="stmt"/>
            <line falsecount="480" truecount="16" num="1086" type="cond"/>
            <line num="1087" count="16" type="stmt"/>
            <line num="1088" count="480" type="stmt"/>
            <line falsecount="433" truecount="47" num="1088" type="cond"/>
            <line num="1089" count="47" type="stmt"/>
            <line num="1091" count="433" type="stmt"/>
            <line num="1092" count="433" type="stmt"/>
            <line num="1093" count="425" type="stmt"/>
            <line num="1096" count="5" type="stmt"/>
            <line num="1097" count="4" type="stmt"/>
            <line complexity="1" visibility="private" signature="syntaxError(String) : IOException" num="1106" count="23" type="method"/>
            <line num="1107" count="23" type="stmt"/>
            <line complexity="1" visibility="private" signature="getSnippet() : CharSequence" num="1110" count="23" type="method"/>
            <line num="1111" count="23" type="stmt"/>
            <line num="1112" count="23" type="stmt"/>
            <line num="1113" count="23" type="stmt"/>
            <line num="1114" count="23" type="stmt"/>
            <line num="1115" count="23" type="stmt"/>
            <line num="1116" count="23" type="stmt"/>
         </file>
         <file path="/home/sepehr/masters/test_generation/all_projects_coverage/Gson1f/gson/src/main/java/com/google/gson/stream/JsonScope.java" name="JsonScope.java">
            <metrics coveredelements="0" coveredconditionals="0" complexity="0" loc="71" coveredmethods="0" methods="0" elements="0" classes="1" ncloc="11" statements="0" conditionals="0" coveredstatements="0"/>
            <class name="JsonScope">
               <metrics coveredelements="0" coveredconditionals="0" complexity="0" coveredmethods="0" methods="0" elements="0" statements="0" conditionals="0" coveredstatements="0"/>
            </class>
         </file>
         <file path="/home/sepehr/masters/test_generation/all_projects_coverage/Gson1f/gson/src/main/java/com/google/gson/stream/JsonToken.java" name="JsonToken.java">
            <metrics coveredelements="0" coveredconditionals="0" complexity="0" loc="85" coveredmethods="0" methods="0" elements="0" classes="1" ncloc="13" statements="0" conditionals="0" coveredstatements="0"/>
            <class name="JsonToken">
               <metrics coveredelements="0" coveredconditionals="0" complexity="0" coveredmethods="0" methods="0" elements="0" statements="0" conditionals="0" coveredstatements="0"/>
            </class>
         </file>
         <file path="/home/sepehr/masters/test_generation/all_projects_coverage/Gson1f/gson/src/main/java/com/google/gson/stream/JsonWriter.java" name="JsonWriter.java">
            <metrics coveredelements="195" coveredconditionals="34" complexity="70" loc="553" coveredmethods="27" methods="28" elements="206" classes="1" ncloc="236" statements="140" conditionals="38" coveredstatements="134"/>
            <class name="JsonWriter">
               <metrics coveredelements="195" coveredconditionals="34" complexity="70" coveredmethods="27" methods="28" elements="206" statements="140" conditionals="38" coveredstatements="134"/>
            </class>
            <line complexity="1" visibility="package" signature="&lt;init&gt;, line 129()" num="129" count="422" type="method"/>
            <line num="130" count="423" type="stmt"/>
            <line complexity="2" visibility="public" signature="JsonWriter(Writer)" num="153" count="421" type="method"/>
            <line num="154" count="421" type="stmt"/>
            <line falsecount="422" truecount="0" num="154" type="cond"/>
            <line num="155" count="0" type="stmt"/>
            <line num="157" count="420" type="stmt"/>
            <line complexity="2" visibility="public" signature="setIndent(String) : void" num="168" count="11" type="method"/>
            <line num="169" count="11" type="stmt"/>
            <line falsecount="11" truecount="0" num="169" type="cond"/>
            <line num="170" count="0" type="stmt"/>
            <line num="171" count="0" type="stmt"/>
            <line num="173" count="11" type="stmt"/>
            <line num="174" count="11" type="stmt"/>
            <line complexity="1" visibility="public" signature="setLenient(boolean) : void" num="190" count="793" type="method"/>
            <line num="191" count="795" type="stmt"/>
            <line complexity="1" visibility="public" signature="isLenient() : boolean" num="197" count="396" type="method"/>
            <line num="198" count="398" type="stmt"/>
            <line complexity="1" visibility="public" signature="setHtmlSafe(boolean) : void" num="208" count="797" type="method"/>
            <line num="209" count="798" type="stmt"/>
            <line complexity="1" visibility="public" signature="isHtmlSafe() : boolean" num="216" count="397" type="method"/>
            <line num="217" count="400" type="stmt"/>
            <line complexity="1" visibility="public" signature="beginArray() : JsonWriter" num="226" count="188" type="method"/>
            <line num="227" count="188" type="stmt"/>
            <line complexity="1" visibility="public" signature="endArray() : JsonWriter" num="235" count="182" type="method"/>
            <line num="236" count="182" type="stmt"/>
            <line complexity="1" visibility="public" signature="beginObject() : JsonWriter" num="245" count="369" type="method"/>
            <line num="246" count="371" type="stmt"/>
            <line complexity="1" visibility="public" signature="endObject() : JsonWriter" num="254" count="363" type="method"/>
            <line num="255" count="367" type="stmt"/>
            <line complexity="1" visibility="private" signature="open(JsonScope,String) : JsonWriter" num="262" count="556" type="method"/>
            <line num="263" count="558" type="stmt"/>
            <line num="264" count="558" type="stmt"/>
            <line num="265" count="554" type="stmt"/>
            <line num="266" count="556" type="stmt"/>
            <line complexity="4" visibility="private" signature="close(JsonScope,JsonScope,String) : JsonWriter" num="273" count="545" type="method"/>
            <line num="275" count="546" type="stmt"/>
            <line num="276" count="547" type="stmt"/>
            <line falsecount="544" truecount="3" num="276" type="cond"/>
            <line num="277" count="3" type="stmt"/>
            <line num="280" count="545" type="stmt"/>
            <line num="281" count="544" type="stmt"/>
            <line falsecount="37" truecount="508" num="281" type="cond"/>
            <line num="282" count="506" type="stmt"/>
            <line num="284" count="545" type="stmt"/>
            <line num="285" count="546" type="stmt"/>
            <line complexity="1" visibility="private" signature="peek() : JsonScope" num="291" count="3073" type="method"/>
            <line num="292" count="3076" type="stmt"/>
            <line complexity="1" visibility="private" signature="replaceTop(JsonScope) : void" num="298" count="2283" type="method"/>
            <line num="299" count="2284" type="stmt"/>
            <line complexity="2" visibility="public" signature="name(String) : JsonWriter" num="308" count="853" type="method"/>
            <line num="309" count="853" type="stmt"/>
            <line falsecount="851" truecount="1" num="309" type="cond"/>
            <line num="310" count="1" type="stmt"/>
            <line num="312" count="850" type="stmt"/>
            <line num="313" count="852" type="stmt"/>
            <line num="314" count="852" type="stmt"/>
            <line complexity="2" visibility="public" signature="value(String) : JsonWriter" num="323" count="449" type="method"/>
            <line num="324" count="454" type="stmt"/>
            <line falsecount="454" truecount="1" num="324" type="cond"/>
            <line num="325" count="1" type="stmt"/>
            <line num="327" count="456" type="stmt"/>
            <line num="328" count="455" type="stmt"/>
            <line num="329" count="455" type="stmt"/>
            <line complexity="1" visibility="public" signature="nullValue() : JsonWriter" num="337" count="36" type="method"/>
            <line num="338" count="36" type="stmt"/>
            <line num="339" count="36" type="stmt"/>
            <line num="340" count="36" type="stmt"/>
            <line complexity="2" visibility="public" signature="value(boolean) : JsonWriter" num="348" count="83" type="method"/>
            <line num="349" count="83" type="stmt"/>
            <line num="350" count="82" type="stmt"/>
            <line falsecount="64" truecount="18" num="350" type="cond"/>
            <line num="351" count="82" type="stmt"/>
            <line complexity="3" visibility="public" signature="value(double) : JsonWriter" num="361" count="22" type="method"/>
            <line num="362" count="22" type="stmt"/>
            <line falsecount="19" truecount="3" num="362" type="cond"/>
            <line num="363" count="3" type="stmt"/>
            <line num="365" count="19" type="stmt"/>
            <line num="366" count="19" type="stmt"/>
            <line num="367" count="19" type="stmt"/>
            <line complexity="1" visibility="public" signature="value(long) : JsonWriter" num="375" count="9" type="method"/>
            <line num="376" count="9" type="stmt"/>
            <line num="377" count="9" type="stmt"/>
            <line num="378" count="9" type="stmt"/>
            <line complexity="6" visibility="public" signature="value(Number) : JsonWriter" num="388" count="514" type="method"/>
            <line num="389" count="515" type="stmt"/>
            <line falsecount="518" truecount="0" num="389" type="cond"/>
            <line num="390" count="0" type="stmt"/>
            <line num="393" count="517" type="stmt"/>
            <line num="394" count="516" type="stmt"/>
            <line falsecount="514" truecount="3" num="394" type="cond"/>
            <line num="396" count="3" type="stmt"/>
            <line num="398" count="514" type="stmt"/>
            <line num="399" count="515" type="stmt"/>
            <line num="400" count="513" type="stmt"/>
            <line complexity="1" visibility="public" signature="flush() : void" num="407" count="0" type="method"/>
            <line num="408" count="0" type="stmt"/>
            <line complexity="2" visibility="public" signature="close() : void" num="416" count="4" type="method"/>
            <line num="417" count="4" type="stmt"/>
            <line num="419" count="4" type="stmt"/>
            <line falsecount="4" truecount="0" num="419" type="cond"/>
            <line num="420" count="0" type="stmt"/>
            <line complexity="16" visibility="private" signature="string(String) : void" num="424" count="1305" type="method"/>
            <line num="425" count="1307" type="stmt"/>
            <line num="426" count="1303" type="stmt"/>
            <line falsecount="1308" truecount="6713" num="426" type="cond"/>
            <line num="427" count="6712" type="stmt"/>
            <line num="435" count="6714" type="stmt"/>
            <line num="436" count="12" type="stmt"/>
            <line num="437" count="4" type="stmt"/>
            <line num="438" count="16" type="stmt"/>
            <line num="439" count="16" type="stmt"/>
            <line num="440" count="16" type="stmt"/>
            <line num="442" count="1" type="stmt"/>
            <line num="443" count="1" type="stmt"/>
            <line num="444" count="1" type="stmt"/>
            <line num="446" count="1" type="stmt"/>
            <line num="447" count="1" type="stmt"/>
            <line num="448" count="1" type="stmt"/>
            <line num="450" count="3" type="stmt"/>
            <line num="451" count="3" type="stmt"/>
            <line num="452" count="3" type="stmt"/>
            <line num="454" count="2" type="stmt"/>
            <line num="455" count="2" type="stmt"/>
            <line num="456" count="2" type="stmt"/>
            <line num="458" count="1" type="stmt"/>
            <line num="459" count="1" type="stmt"/>
            <line num="460" count="1" type="stmt"/>
            <line num="462" count="10" type="stmt"/>
            <line num="463" count="10" type="stmt"/>
            <line num="464" count="3" type="stmt"/>
            <line num="465" count="6" type="stmt"/>
            <line num="466" count="9" type="stmt"/>
            <line num="467" count="38" type="stmt"/>
            <line falsecount="14" truecount="24" num="467" type="cond"/>
            <line num="468" count="24" type="stmt"/>
            <line num="470" count="14" type="stmt"/>
            <line num="472" count="38" type="stmt"/>
            <line num="474" count="6650" type="stmt"/>
            <line num="475" count="6650" type="stmt"/>
            <line falsecount="6649" truecount="2" num="475" type="cond"/>
            <line num="476" count="2" type="stmt"/>
            <line num="478" count="6648" type="stmt"/>
            <line num="480" count="6651" type="stmt"/>
            <line num="483" count="1308" type="stmt"/>
            <line complexity="3" visibility="private" signature="newline() : void" num="486" count="1769" type="method"/>
            <line num="487" count="1770" type="stmt"/>
            <line falsecount="220" truecount="1550" num="487" type="cond"/>
            <line num="488" count="1551" type="stmt"/>
            <line num="491" count="220" type="stmt"/>
            <line num="492" count="220" type="stmt"/>
            <line falsecount="220" truecount="343" num="492" type="cond"/>
            <line num="493" count="343" type="stmt"/>
            <line complexity="3" visibility="private" signature="beforeName() : void" num="501" count="849" type="method"/>
            <line num="502" count="852" type="stmt"/>
            <line num="503" count="854" type="stmt"/>
            <line falsecount="347" truecount="506" num="503" type="cond"/>
            <line num="504" count="507" type="stmt"/>
            <line num="505" count="347" type="stmt"/>
            <line falsecount="346" truecount="1" num="505" type="cond"/>
            <line num="506" count="1" type="stmt"/>
            <line num="508" count="851" type="stmt"/>
            <line num="509" count="852" type="stmt"/>
            <line complexity="8" visibility="private" signature="beforeValue(boolean) : void" num="520" count="1671" type="method"/>
            <line num="521" count="1675" type="stmt"/>
            <line num="522" count="412" type="stmt"/>
            <line num="523" count="414" type="stmt"/>
            <line falsecount="412" truecount="1" num="523" type="cond"/>
            <line num="524" count="1" type="stmt"/>
            <line num="527" count="414" type="stmt"/>
            <line num="528" count="413" type="stmt"/>
            <line num="530" count="168" type="stmt"/>
            <line num="531" count="168" type="stmt"/>
            <line num="532" count="168" type="stmt"/>
            <line num="533" count="168" type="stmt"/>
            <line num="535" count="241" type="stmt"/>
            <line num="536" count="241" type="stmt"/>
            <line num="537" count="241" type="stmt"/>
            <line num="538" count="241" type="stmt"/>
            <line num="540" count="850" type="stmt"/>
            <line num="541" count="850" type="stmt"/>
            <line num="542" count="849" type="stmt"/>
            <line num="543" count="851" type="stmt"/>
            <line num="545" count="2" type="stmt"/>
            <line num="546" count="2" type="stmt"/>
            <line num="549" count="2" type="stmt"/>
            <line num="550" count="2" type="stmt"/>
         </file>
         <file path="/home/sepehr/masters/test_generation/all_projects_coverage/Gson1f/gson/src/main/java/com/google/gson/stream/MalformedJsonException.java" name="MalformedJsonException.java">
            <metrics coveredelements="2" coveredconditionals="0" complexity="1" loc="29" coveredmethods="1" methods="1" elements="2" classes="1" ncloc="7" statements="1" conditionals="0" coveredstatements="1"/>
            <class name="MalformedJsonException">
               <metrics coveredelements="2" coveredconditionals="0" complexity="1" coveredmethods="1" methods="1" elements="2" statements="1" conditionals="0" coveredstatements="1"/>
            </class>
            <line complexity="1" visibility="public" signature="MalformedJsonException(String)" num="26" count="23" type="method"/>
            <line num="27" count="23" type="stmt"/>
         </file>
      </package>
      <package name="com.google.gson">
         <metrics coveredelements="2241" complexity="924" loc="9077" methods="526" classes="117" statements="1774" coveredconditionals="434" coveredmethods="406" elements="2920" ncloc="4284" files="80" conditionals="620" coveredstatements="1401"/>
         <file path="/home/sepehr/masters/test_generation/all_projects_coverage/Gson1f/gson/src/main/java/com/google/gson/AnonymousAndLocalClassExclusionStrategy.java" name="AnonymousAndLocalClassExclusionStrategy.java">
            <metrics coveredelements="6" coveredconditionals="0" complexity="3" loc="39" coveredmethods="3" methods="3" elements="6" classes="1" ncloc="13" statements="3" conditionals="0" coveredstatements="3"/>
            <class name="AnonymousAndLocalClassExclusionStrategy">
               <metrics coveredelements="6" coveredconditionals="0" complexity="3" coveredmethods="3" methods="3" elements="6" statements="3" conditionals="0" coveredstatements="3"/>
            </class>
            <line complexity="1" visibility="public" signature="shouldSkipField(FieldAttributes) : boolean" num="27" count="1699" type="method"/>
            <line num="28" count="1713" type="stmt"/>
            <line complexity="1" visibility="public" signature="shouldSkipClass(Class&lt;?&gt;) : boolean" num="31" count="2864" type="method"/>
            <line num="32" count="2876" type="stmt"/>
            <line complexity="1" visibility="private" signature="isAnonymousOrLocal(Class&lt;?&gt;) : boolean" num="35" count="4572" type="method"/>
            <line num="36" count="4581" type="stmt"/>
         </file>
         <file path="/home/sepehr/masters/test_generation/all_projects_coverage/Gson1f/gson/src/main/java/com/google/gson/Cache.java" name="Cache.java">
            <metrics coveredelements="0" coveredconditionals="0" complexity="0" loc="61" coveredmethods="0" methods="0" elements="0" classes="1" ncloc="8" statements="0" conditionals="0" coveredstatements="0"/>
            <class name="Cache">
               <metrics coveredelements="0" coveredconditionals="0" complexity="0" coveredmethods="0" methods="0" elements="0" statements="0" conditionals="0" coveredstatements="0"/>
            </class>
         </file>
         <file path="/home/sepehr/masters/test_generation/all_projects_coverage/Gson1f/gson/src/main/java/com/google/gson/CamelCaseSeparatorNamingPolicy.java" name="CamelCaseSeparatorNamingPolicy.java">
            <metrics coveredelements="16" coveredconditionals="4" complexity="5" loc="73" coveredmethods="2" methods="2" elements="16" classes="1" ncloc="25" statements="10" conditionals="4" coveredstatements="10"/>
            <class name="CamelCaseSeparatorNamingPolicy">
               <metrics coveredelements="16" coveredconditionals="4" complexity="5" coveredmethods="2" methods="2" elements="16" statements="10" conditionals="4" coveredstatements="10"/>
            </class>
            <line complexity="1" visibility="public" signature="CamelCaseSeparatorNamingPolicy(String)" num="53" count="19" type="method"/>
            <line num="54" count="19" type="stmt"/>
            <line num="55" count="18" type="stmt"/>
            <line num="56" count="17" type="stmt"/>
            <line complexity="4" visibility="protected" signature="translateName(String,Type,Collection&lt;Annotation&gt;) : String" num="59" count="19" type="method"/>
            <line num="62" count="19" type="stmt"/>
            <line num="63" count="19" type="stmt"/>
            <line falsecount="19" truecount="374" num="63" type="cond"/>
            <line num="64" count="374" type="stmt"/>
            <line num="65" count="374" type="stmt"/>
            <line falsecount="312" truecount="62" num="65" type="cond"/>
            <line num="66" count="62" type="stmt"/>
            <line num="68" count="374" type="stmt"/>
            <line num="71" count="19" type="stmt"/>
         </file>
         <file path="/home/sepehr/masters/test_generation/all_projects_coverage/Gson1f/gson/src/main/java/com/google/gson/CircularReferenceException.java" name="CircularReferenceException.java">
            <metrics coveredelements="13" coveredconditionals="3" complexity="4" loc="45" coveredmethods="2" methods="2" elements="14" classes="1" ncloc="19" statements="8" conditionals="4" coveredstatements="8"/>
            <class name="CircularReferenceException">
               <metrics coveredelements="13" coveredconditionals="3" complexity="4" coveredmethods="2" methods="2" elements="14" statements="8" conditionals="4" coveredstatements="8"/>
            </class>
            <line complexity="1" visibility="package" signature="CircularReferenceException(Object)" num="30" count="4" type="method"/>
            <line num="31" count="4" type="stmt"/>
            <line num="32" count="4" type="stmt"/>
            <line complexity="3" visibility="public" signature="createDetailedException(FieldAttributes) : IllegalStateException" num="35" count="4" type="method"/>
            <line num="36" count="4" type="stmt"/>
            <line num="37" count="4" type="stmt"/>
            <line falsecount="1" truecount="3" num="37" type="cond"/>
            <line num="38" count="3" type="stmt"/>
            <line num="40" count="4" type="stmt"/>
            <line falsecount="0" truecount="4" num="40" type="cond"/>
            <line num="41" count="4" type="stmt"/>
            <line num="43" count="4" type="stmt"/>
         </file>
         <file path="/home/sepehr/masters/test_generation/all_projects_coverage/Gson1f/gson/src/main/java/com/google/gson/CompositionFieldNamingPolicy.java" name="CompositionFieldNamingPolicy.java">
            <metrics coveredelements="8" coveredconditionals="1" complexity="3" loc="46" coveredmethods="2" methods="2" elements="10" classes="1" ncloc="20" statements="6" conditionals="2" coveredstatements="5"/>
            <class name="CompositionFieldNamingPolicy">
               <metrics coveredelements="8" coveredconditionals="1" complexity="3" coveredmethods="2" methods="2" elements="10" statements="6" conditionals="2" coveredstatements="5"/>
            </class>
            <line complexity="2" visibility="public" signature="CompositionFieldNamingPolicy(RecursiveFieldNamingPolicy)" num="32" count="13" type="method"/>
            <line num="33" count="13" type="stmt"/>
            <line falsecount="13" truecount="0" num="33" type="cond"/>
            <line num="34" count="0" type="stmt"/>
            <line num="36" count="13" type="stmt"/>
            <line complexity="1" visibility="protected" signature="translateName(String,Type,Collection&lt;Annotation&gt;) : String" num="39" count="15" type="method"/>
            <line num="41" count="15" type="stmt"/>
            <line num="42" count="30" type="stmt"/>
            <line num="44" count="15" type="stmt"/>
         </file>
         <file path="/home/sepehr/masters/test_generation/all_projects_coverage/Gson1f/gson/src/main/java/com/google/gson/DefaultTypeAdapters.java" name="DefaultTypeAdapters.java">
            <metrics coveredelements="331" coveredconditionals="34" complexity="125" loc="892" coveredmethods="65" methods="94" elements="421" classes="31" ncloc="739" statements="285" conditionals="42" coveredstatements="232"/>
            <class name="DefaultTypeAdapters">
               <metrics coveredelements="98" coveredconditionals="0" complexity="8" coveredmethods="8" methods="8" elements="98" statements="90" conditionals="0" coveredstatements="90"/>
            </class>
            <class name="DefaultTypeAdapters.DefaultDateTypeAdapter">
               <metrics coveredelements="16" coveredconditionals="1" complexity="9" coveredmethods="5" methods="7" elements="26" statements="17" conditionals="2" coveredstatements="10"/>
            </class>
            <class name="DefaultTypeAdapters.DefaultJavaSqlDateTypeAdapter">
               <metrics coveredelements="6" coveredconditionals="0" complexity="5" coveredmethods="2" methods="3" elements="16" statements="11" conditionals="2" coveredstatements="4"/>
            </class>
            <class name="DefaultTypeAdapters.DefaultTimestampDeserializer">
               <metrics coveredelements="0" coveredconditionals="0" complexity="1" coveredmethods="0" methods="1" elements="3" statements="2" conditionals="0" coveredstatements="0"/>
            </class>
            <class name="DefaultTypeAdapters.DefaultTimeTypeAdapter">
               <metrics coveredelements="2" coveredconditionals="0" complexity="5" coveredmethods="1" methods="3" elements="16" statements="11" conditionals="2" coveredstatements="1"/>
            </class>
            <class name="DefaultTypeAdapters.GregorianCalendarTypeAdapter">
               <metrics coveredelements="18" coveredconditionals="0" complexity="3" coveredmethods="2" methods="3" elements="20" statements="17" conditionals="0" coveredstatements="16"/>
            </class>
            <class name="DefaultTypeAdapters.EnumTypeAdapter">
               <metrics coveredelements="4" coveredconditionals="0" complexity="3" coveredmethods="2" methods="3" elements="6" statements="3" conditionals="0" coveredstatements="2"/>
            </class>
            <class name="DefaultTypeAdapters.UrlTypeAdapter">
               <metrics coveredelements="5" coveredconditionals="0" complexity="4" coveredmethods="2" methods="3" elements="8" statements="5" conditionals="0" coveredstatements="3"/>
            </class>
            <class name="DefaultTypeAdapters.UriTypeAdapter">
               <metrics coveredelements="5" coveredconditionals="0" complexity="4" coveredmethods="2" methods="3" elements="8" statements="5" conditionals="0" coveredstatements="3"/>
            </class>
            <class name="DefaultTypeAdapters.UuidTypeAdapter">
               <metrics coveredelements="4" coveredconditionals="0" complexity="3" coveredmethods="2" methods="3" elements="6" statements="3" conditionals="0" coveredstatements="2"/>
            </class>
            <class name="DefaultTypeAdapters.LocaleTypeAdapter">
               <metrics coveredelements="28" coveredconditionals="9" complexity="9" coveredmethods="2" methods="3" elements="31" statements="18" conditionals="10" coveredstatements="17"/>
            </class>
            <class name="DefaultTypeAdapters.CollectionTypeAdapter">
               <metrics coveredelements="39" coveredconditionals="10" complexity="12" coveredmethods="4" methods="4" elements="43" statements="27" conditionals="12" coveredstatements="25"/>
            </class>
            <class name="DefaultTypeAdapters.PropertiesCreator">
               <metrics coveredelements="2" coveredconditionals="0" complexity="1" coveredmethods="1" methods="1" elements="2" statements="1" conditionals="0" coveredstatements="1"/>
            </class>
            <class name="DefaultTypeAdapters.MapTypeAdapter">
               <metrics coveredelements="34" coveredconditionals="6" complexity="8" coveredmethods="4" methods="5" elements="36" statements="25" conditionals="6" coveredstatements="24"/>
            </class>
            <class name="DefaultTypeAdapters.BigDecimalTypeAdapter">
               <metrics coveredelements="6" coveredconditionals="0" complexity="3" coveredmethods="3" methods="3" elements="6" statements="3" conditionals="0" coveredstatements="3"/>
            </class>
            <class name="DefaultTypeAdapters.BigIntegerTypeAdapter">
               <metrics coveredelements="6" coveredconditionals="0" complexity="3" coveredmethods="3" methods="3" elements="6" statements="3" conditionals="0" coveredstatements="3"/>
            </class>
            <class name="DefaultTypeAdapters.NumberTypeAdapter">
               <metrics coveredelements="4" coveredconditionals="0" complexity="3" coveredmethods="2" methods="3" elements="6" statements="3" conditionals="0" coveredstatements="2"/>
            </class>
            <class name="DefaultTypeAdapters.LongSerializer">
               <metrics coveredelements="4" coveredconditionals="0" complexity="3" coveredmethods="2" methods="3" elements="6" statements="3" conditionals="0" coveredstatements="2"/>
            </class>
            <class name="DefaultTypeAdapters.LongDeserializer">
               <metrics coveredelements="4" coveredconditionals="0" complexity="2" coveredmethods="2" methods="2" elements="4" statements="2" conditionals="0" coveredstatements="2"/>
            </class>
            <class name="DefaultTypeAdapters.IntegerTypeAdapter">
               <metrics coveredelements="4" coveredconditionals="0" complexity="3" coveredmethods="2" methods="3" elements="6" statements="3" conditionals="0" coveredstatements="2"/>
            </class>
            <class name="DefaultTypeAdapters.ShortTypeAdapter">
               <metrics coveredelements="0" coveredconditionals="0" complexity="3" coveredmethods="0" methods="3" elements="6" statements="3" conditionals="0" coveredstatements="0"/>
            </class>
            <class name="DefaultTypeAdapters.ByteTypeAdapter">
               <metrics coveredelements="0" coveredconditionals="0" complexity="3" coveredmethods="0" methods="3" elements="6" statements="3" conditionals="0" coveredstatements="0"/>
            </class>
            <class name="DefaultTypeAdapters.FloatSerializer">
               <metrics coveredelements="11" coveredconditionals="4" complexity="5" coveredmethods="2" methods="2" elements="11" statements="5" conditionals="4" coveredstatements="5"/>
            </class>
            <class name="DefaultTypeAdapters.FloatDeserializer">
               <metrics coveredelements="2" coveredconditionals="0" complexity="2" coveredmethods="1" methods="2" elements="4" statements="2" conditionals="0" coveredstatements="1"/>
            </class>
            <class name="DefaultTypeAdapters.DoubleSerializer">
               <metrics coveredelements="11" coveredconditionals="4" complexity="5" coveredmethods="2" methods="2" elements="11" statements="5" conditionals="4" coveredstatements="5"/>
            </class>
            <class name="DefaultTypeAdapters.DoubleDeserializer">
               <metrics coveredelements="2" coveredconditionals="0" complexity="2" coveredmethods="1" methods="2" elements="4" statements="2" conditionals="0" coveredstatements="1"/>
            </class>
            <class name="DefaultTypeAdapters.CharacterTypeAdapter">
               <metrics coveredelements="4" coveredconditionals="0" complexity="3" coveredmethods="2" methods="3" elements="6" statements="3" conditionals="0" coveredstatements="2"/>
            </class>
            <class name="DefaultTypeAdapters.StringTypeAdapter">
               <metrics coveredelements="4" coveredconditionals="0" complexity="3" coveredmethods="2" methods="3" elements="6" statements="3" conditionals="0" coveredstatements="2"/>
            </class>
            <class name="DefaultTypeAdapters.BooleanTypeAdapter">
               <metrics coveredelements="4" coveredconditionals="0" complexity="3" coveredmethods="2" methods="3" elements="6" statements="3" conditionals="0" coveredstatements="2"/>
            </class>
            <class name="DefaultTypeAdapters.TreeSetCreator">
               <metrics coveredelements="2" coveredconditionals="0" complexity="2" coveredmethods="1" methods="2" elements="4" statements="2" conditionals="0" coveredstatements="1"/>
            </class>
            <class name="DefaultTypeAdapters.HashSetCreator">
               <metrics coveredelements="2" coveredconditionals="0" complexity="2" coveredmethods="1" methods="2" elements="4" statements="2" conditionals="0" coveredstatements="1"/>
            </class>
            <line complexity="1" visibility="private" signature="createDefaultSerializers() : ParameterizedTypeHandlerMap&lt;JsonSerializer&lt;?&gt;&gt;" num="103" count="1" type="method"/>
            <line num="104" count="1" type="stmt"/>
            <line num="107" count="1" type="stmt"/>
            <line num="108" count="1" type="stmt"/>
            <line num="109" count="1" type="stmt"/>
            <line num="110" count="1" type="stmt"/>
            <line num="111" count="1" type="stmt"/>
            <line num="112" count="1" type="stmt"/>
            <line num="113" count="1" type="stmt"/>
            <line num="114" count="1" type="stmt"/>
            <line num="115" count="1" type="stmt"/>
            <line num="116" count="1" type="stmt"/>
            <line num="117" count="1" type="stmt"/>
            <line num="118" count="1" type="stmt"/>
            <line num="119" count="1" type="stmt"/>
            <line num="120" count="1" type="stmt"/>
            <line num="121" count="1" type="stmt"/>
            <line num="124" count="1" type="stmt"/>
            <line num="125" count="1" type="stmt"/>
            <line num="126" count="1" type="stmt"/>
            <line num="127" count="1" type="stmt"/>
            <line num="128" count="1" type="stmt"/>
            <line num="129" count="1" type="stmt"/>
            <line num="130" count="1" type="stmt"/>
            <line num="131" count="1" type="stmt"/>
            <line num="132" count="1" type="stmt"/>
            <line num="133" count="1" type="stmt"/>
            <line num="134" count="1" type="stmt"/>
            <line num="135" count="1" type="stmt"/>
            <line num="137" count="1" type="stmt"/>
            <line num="138" count="1" type="stmt"/>
            <line complexity="1" visibility="private" signature="createDefaultDeserializers() : ParameterizedTypeHandlerMap&lt;JsonDeserializer&lt;?&gt;&gt;" num="141" count="1" type="method"/>
            <line num="142" count="1" type="stmt"/>
            <line num="144" count="1" type="stmt"/>
            <line num="145" count="1" type="stmt"/>
            <line num="146" count="1" type="stmt"/>
            <line num="147" count="1" type="stmt"/>
            <line num="148" count="1" type="stmt"/>
            <line num="149" count="1" type="stmt"/>
            <line num="150" count="1" type="stmt"/>
            <line num="151" count="1" type="stmt"/>
            <line num="152" count="1" type="stmt"/>
            <line num="153" count="1" type="stmt"/>
            <line num="154" count="1" type="stmt"/>
            <line num="155" count="1" type="stmt"/>
            <line num="156" count="1" type="stmt"/>
            <line num="157" count="1" type="stmt"/>
            <line num="158" count="1" type="stmt"/>
            <line num="161" count="1" type="stmt"/>
            <line num="162" count="1" type="stmt"/>
            <line num="163" count="1" type="stmt"/>
            <line num="164" count="1" type="stmt"/>
            <line num="165" count="1" type="stmt"/>
            <line num="166" count="1" type="stmt"/>
            <line num="167" count="1" type="stmt"/>
            <line num="168" count="1" type="stmt"/>
            <line num="169" count="1" type="stmt"/>
            <line num="170" count="1" type="stmt"/>
            <line num="171" count="1" type="stmt"/>
            <line num="172" count="1" type="stmt"/>
            <line num="173" count="1" type="stmt"/>
            <line num="174" count="1" type="stmt"/>
            <line num="175" count="1" type="stmt"/>
            <line num="176" count="1" type="stmt"/>
            <line num="177" count="1" type="stmt"/>
            <line num="178" count="1" type="stmt"/>
            <line num="180" count="1" type="stmt"/>
            <line num="181" count="1" type="stmt"/>
            <line complexity="1" visibility="private" signature="createDefaultInstanceCreators() : ParameterizedTypeHandlerMap&lt;InstanceCreator&lt;?&gt;&gt;" num="184" count="1" type="method"/>
            <line num="185" count="1" type="stmt"/>
            <line num="187" count="1" type="stmt"/>
            <line num="190" count="1" type="stmt"/>
            <line num="192" count="1" type="stmt"/>
            <line num="193" count="1" type="stmt"/>
            <line num="194" count="1" type="stmt"/>
            <line num="195" count="1" type="stmt"/>
            <line num="196" count="1" type="stmt"/>
            <line complexity="1" visibility="private" signature="wrapDeserializer(JsonDeserializer&lt;?&gt;) : JsonDeserializer&lt;?&gt;" num="199" count="31" type="method"/>
            <line num="201" count="31" type="stmt"/>
            <line complexity="1" visibility="package" signature="getDefaultSerializers() : ParameterizedTypeHandlerMap&lt;JsonSerializer&lt;?&gt;&gt;" num="204" count="345" type="method"/>
            <line num="205" count="345" type="stmt"/>
            <line complexity="1" visibility="package" signature="getDefaultSerializers(boolean,LongSerializationPolicy) : ParameterizedTypeHandlerMap&lt;JsonSerializer&lt;?&gt;&gt;" num="208" count="506" type="method"/>
            <line num="210" count="506" type="stmt"/>
            <line num="214" count="506" type="stmt"/>
            <line num="216" count="506" type="stmt"/>
            <line num="217" count="506" type="stmt"/>
            <line num="220" count="506" type="stmt"/>
            <line num="222" count="506" type="stmt"/>
            <line num="223" count="506" type="stmt"/>
            <line num="226" count="506" type="stmt"/>
            <line num="228" count="506" type="stmt"/>
            <line num="229" count="506" type="stmt"/>
            <line num="231" count="506" type="stmt"/>
            <line num="232" count="506" type="stmt"/>
            <line complexity="1" visibility="package" signature="getDefaultDeserializers() : ParameterizedTypeHandlerMap&lt;JsonDeserializer&lt;?&gt;&gt;" num="235" count="506" type="method"/>
            <line num="236" count="506" type="stmt"/>
            <line complexity="1" visibility="package" signature="getDefaultInstanceCreators() : ParameterizedTypeHandlerMap&lt;InstanceCreator&lt;?&gt;&gt;" num="239" count="506" type="method"/>
            <line num="240" count="506" type="stmt"/>
            <line complexity="1" visibility="package" signature="DefaultDateTypeAdapter()" num="246" count="1" type="method"/>
            <line num="247" count="1" type="stmt"/>
            <line complexity="1" visibility="package" signature="DefaultDateTypeAdapter(String)" num="250" count="5" type="method"/>
            <line num="251" count="5" type="stmt"/>
            <line complexity="1" visibility="package" signature="DefaultDateTypeAdapter(int)" num="254" count="2" type="method"/>
            <line num="255" count="2" type="stmt"/>
            <line complexity="1" visibility="public" signature="DefaultDateTypeAdapter(int,int)" num="258" count="0" type="method"/>
            <line num="259" count="0" type="stmt"/>
            <line complexity="1" visibility="public" signature="serialize(Date,Type,JsonSerializationContext) : JsonElement" num="264" count="9" type="method"/>
            <line num="265" count="9" type="stmt"/>
            <line num="266" count="9" type="stmt"/>
            <line num="267" count="9" type="stmt"/>
            <line complexity="3" visibility="public" signature="deserialize(JsonElement,Type,JsonDeserializationContext) : Date" num="271" count="6" type="method"/>
            <line num="273" count="6" type="stmt"/>
            <line falsecount="6" truecount="0" num="273" type="cond"/>
            <line num="274" count="0" type="stmt"/>
            <line num="276" count="6" type="stmt"/>
            <line num="277" count="6" type="stmt"/>
            <line num="278" count="6" type="stmt"/>
            <line num="281" count="0" type="stmt"/>
            <line complexity="1" visibility="public" signature="toString() : String" num="285" count="0" type="method"/>
            <line num="287" count="0" type="stmt"/>
            <line num="288" count="0" type="stmt"/>
            <line num="289" count="0" type="stmt"/>
            <line num="290" count="0" type="stmt"/>
            <line complexity="1" visibility="package" signature="DefaultJavaSqlDateTypeAdapter()" num="297" count="1" type="method"/>
            <line num="298" count="1" type="stmt"/>
            <line complexity="1" visibility="public" signature="serialize(java.sql.Date,Type,JsonSerializationContext) : JsonElement" num="301" count="1" type="method"/>
            <line num="303" count="1" type="stmt"/>
            <line num="304" count="1" type="stmt"/>
            <line num="305" count="1" type="stmt"/>
            <line complexity="3" visibility="public" signature="deserialize(JsonElement,Type,JsonDeserializationContext) : java.sql.Date" num="308" count="0" type="method"/>
            <line num="310" count="0" type="stmt"/>
            <line falsecount="0" truecount="0" num="310" type="cond"/>
            <line num="311" count="0" type="stmt"/>
            <line num="313" count="0" type="stmt"/>
            <line num="314" count="0" type="stmt"/>
            <line num="315" count="0" type="stmt"/>
            <line num="316" count="0" type="stmt"/>
            <line num="319" count="0" type="stmt"/>
            <line complexity="1" visibility="public" signature="deserialize(JsonElement,Type,JsonDeserializationContext) : Timestamp" num="325" count="0" type="method"/>
            <line num="327" count="0" type="stmt"/>
            <line num="328" count="0" type="stmt"/>
            <line complexity="1" visibility="package" signature="DefaultTimeTypeAdapter()" num="334" count="1" type="method"/>
            <line num="335" count="1" type="stmt"/>
            <line complexity="1" visibility="public" signature="serialize(Time,Type,JsonSerializationContext) : JsonElement" num="337" count="0" type="method"/>
            <line num="338" count="0" type="stmt"/>
            <line num="339" count="0" type="stmt"/>
            <line num="340" count="0" type="stmt"/>
            <line complexity="3" visibility="public" signature="deserialize(JsonElement,Type,JsonDeserializationContext) : Time" num="343" count="0" type="method"/>
            <line num="345" count="0" type="stmt"/>
            <line falsecount="0" truecount="0" num="345" type="cond"/>
            <line num="346" count="0" type="stmt"/>
            <line num="348" count="0" type="stmt"/>
            <line num="349" count="0" type="stmt"/>
            <line num="350" count="0" type="stmt"/>
            <line num="351" count="0" type="stmt"/>
            <line num="354" count="0" type="stmt"/>
            <line complexity="1" visibility="public" signature="serialize(GregorianCalendar,Type,JsonSerializationContext) : JsonElement" num="369" count="2" type="method"/>
            <line num="371" count="2" type="stmt"/>
            <line num="372" count="2" type="stmt"/>
            <line num="373" count="2" type="stmt"/>
            <line num="374" count="2" type="stmt"/>
            <line num="375" count="2" type="stmt"/>
            <line num="376" count="2" type="stmt"/>
            <line num="377" count="2" type="stmt"/>
            <line num="378" count="2" type="stmt"/>
            <line complexity="1" visibility="public" signature="deserialize(JsonElement,Type,JsonDeserializationContext) : GregorianCalendar" num="381" count="2" type="method"/>
            <line num="383" count="2" type="stmt"/>
            <line num="384" count="2" type="stmt"/>
            <line num="385" count="2" type="stmt"/>
            <line num="386" count="2" type="stmt"/>
            <line num="387" count="2" type="stmt"/>
            <line num="388" count="2" type="stmt"/>
            <line num="389" count="2" type="stmt"/>
            <line num="390" count="2" type="stmt"/>
            <line complexity="1" visibility="public" signature="toString() : String" num="393" count="0" type="method"/>
            <line num="395" count="0" type="stmt"/>
            <line complexity="1" visibility="public" signature="serialize(T,Type,JsonSerializationContext) : JsonElement" num="402" count="11" type="method"/>
            <line num="403" count="11" type="stmt"/>
            <line complexity="1" visibility="public" signature="deserialize(JsonElement,Type,JsonDeserializationContext) : T" num="406" count="10" type="method"/>
            <line num="409" count="10" type="stmt"/>
            <line complexity="1" visibility="public" signature="toString() : String" num="412" count="0" type="method"/>
            <line num="414" count="0" type="stmt"/>
            <line complexity="1" visibility="public" signature="serialize(URL,Type,JsonSerializationContext) : JsonElement" num="419" count="1" type="method"/>
            <line num="420" count="1" type="stmt"/>
            <line complexity="2" visibility="public" signature="deserialize(JsonElement,Type,JsonDeserializationContext) : URL" num="423" count="2" type="method"/>
            <line num="425" count="2" type="stmt"/>
            <line num="426" count="2" type="stmt"/>
            <line num="428" count="0" type="stmt"/>
            <line complexity="1" visibility="public" signature="toString() : String" num="432" count="0" type="method"/>
            <line num="434" count="0" type="stmt"/>
            <line complexity="1" visibility="public" signature="serialize(URI,Type,JsonSerializationContext) : JsonElement" num="439" count="1" type="method"/>
            <line num="440" count="1" type="stmt"/>
            <line complexity="2" visibility="public" signature="deserialize(JsonElement,Type,JsonDeserializationContext) : URI" num="442" count="1" type="method"/>
            <line num="444" count="1" type="stmt"/>
            <line num="445" count="1" type="stmt"/>
            <line num="447" count="0" type="stmt"/>
            <line complexity="1" visibility="public" signature="toString() : String" num="450" count="0" type="method"/>
            <line num="452" count="0" type="stmt"/>
            <line complexity="1" visibility="public" signature="serialize(UUID,Type,JsonSerializationContext) : JsonElement" num="457" count="1" type="method"/>
            <line num="458" count="1" type="stmt"/>
            <line complexity="1" visibility="public" signature="deserialize(JsonElement,Type,JsonDeserializationContext) : UUID" num="461" count="1" type="method"/>
            <line num="463" count="1" type="stmt"/>
            <line complexity="1" visibility="public" signature="toString() : String" num="466" count="0" type="method"/>
            <line num="468" count="0" type="stmt"/>
            <line complexity="1" visibility="public" signature="serialize(Locale,Type,JsonSerializationContext) : JsonElement" num="474" count="3" type="method"/>
            <line num="475" count="3" type="stmt"/>
            <line complexity="7" visibility="public" signature="deserialize(JsonElement,Type,JsonDeserializationContext) : Locale" num="478" count="3" type="method"/>
            <line num="480" count="3" type="stmt"/>
            <line num="481" count="3" type="stmt"/>
            <line num="482" count="3" type="stmt"/>
            <line num="483" count="3" type="stmt"/>
            <line num="484" count="3" type="stmt"/>
            <line num="485" count="3" type="stmt"/>
            <line falsecount="0" truecount="3" num="485" type="cond"/>
            <line num="486" count="3" type="stmt"/>
            <line num="488" count="3" type="stmt"/>
            <line falsecount="1" truecount="2" num="488" type="cond"/>
            <line num="489" count="2" type="stmt"/>
[...]
            <line num="273" count="4" type="stmt"/>
            <line complexity="1" visibility="public" signature="ClassWithTransientFields()" num="283" count="3" type="method"/>
            <line num="284" count="3" type="stmt"/>
            <line complexity="1" visibility="public" signature="ClassWithTransientFields(long)" num="287" count="4" type="method"/>
            <line num="288" count="4" type="stmt"/>
            <line num="289" count="4" type="stmt"/>
            <line complexity="1" visibility="public" signature="getExpectedJson() : String" num="292" count="2" type="method"/>
            <line num="293" count="2" type="stmt"/>
            <line num="294" count="2" type="stmt"/>
            <line num="295" count="2" type="stmt"/>
            <line num="296" count="2" type="stmt"/>
            <line num="297" count="2" type="stmt"/>
            <line complexity="1" visibility="public" signature="ClassWithCustomTypeConverter()" num="305" count="3" type="method"/>
            <line num="306" count="3" type="stmt"/>
            <line complexity="1" visibility="public" signature="ClassWithCustomTypeConverter(int)" num="309" count="0" type="method"/>
            <line num="310" count="0" type="stmt"/>
            <line complexity="1" visibility="public" signature="ClassWithCustomTypeConverter(BagOfPrimitives,int)" num="313" count="4" type="method"/>
            <line num="314" count="4" type="stmt"/>
            <line num="315" count="4" type="stmt"/>
            <line complexity="1" visibility="public" signature="getBag() : BagOfPrimitives" num="318" count="2" type="method"/>
            <line num="319" count="2" type="stmt"/>
            <line complexity="1" visibility="public" signature="getExpectedJson() : String" num="322" count="0" type="method"/>
            <line num="323" count="0" type="stmt"/>
            <line complexity="1" visibility="public" signature="getValue() : int" num="326" count="0" type="method"/>
            <line num="327" count="0" type="stmt"/>
            <line complexity="2" visibility="public" signature="ArrayOfObjects()" num="333" count="4" type="method"/>
            <line num="334" count="4" type="stmt"/>
            <line num="335" count="4" type="stmt"/>
            <line falsecount="4" truecount="12" num="335" type="cond"/>
            <line num="336" count="12" type="stmt"/>
            <line complexity="2" visibility="public" signature="getExpectedJson() : String" num="339" count="3" type="method"/>
            <line num="340" count="3" type="stmt"/>
            <line num="341" count="3" type="stmt"/>
            <line num="342" count="3" type="stmt"/>
            <line num="343" count="9" type="stmt"/>
            <line falsecount="6" truecount="3" num="343" type="cond"/>
            <line num="344" count="3" type="stmt"/>
            <line num="346" count="6" type="stmt"/>
            <line num="348" count="9" type="stmt"/>
            <line num="350" count="3" type="stmt"/>
            <line num="351" count="3" type="stmt"/>
            <line complexity="2" visibility="public" signature="getExpectedJson() : String" num="358" count="2" type="method"/>
            <line num="359" count="2" type="stmt"/>
            <line falsecount="1" truecount="1" num="359" type="cond"/>
            <line num="360" count="1" type="stmt"/>
            <line num="362" count="1" type="stmt"/>
            <line complexity="1" visibility="public" signature="equals(Object) : boolean" num="364" count="0" type="method"/>
            <line num="366" count="0" type="stmt"/>
            <line complexity="1" visibility="public" signature="hashCode() : int" num="369" count="1" type="method"/>
            <line num="371" count="1" type="stmt"/>
            <line complexity="1" visibility="public" signature="ClassWithArray()" num="377" count="1" type="method"/>
            <line num="378" count="1" type="stmt"/>
            <line complexity="1" visibility="public" signature="ClassWithArray(Object[])" num="381" count="1" type="method"/>
            <line num="382" count="1" type="stmt"/>
            <line complexity="1" visibility="public" signature="ClassWithObjects()" num="388" count="4" type="method"/>
            <line num="389" count="4" type="stmt"/>
            <line complexity="1" visibility="public" signature="ClassWithObjects(BagOfPrimitives)" num="391" count="6" type="method"/>
            <line num="392" count="6" type="stmt"/>
            <line complexity="1" visibility="public" signature="ClassWithSerializedNameFields()" num="400" count="1" type="method"/>
            <line num="401" count="1" type="stmt"/>
            <line complexity="1" visibility="public" signature="ClassWithSerializedNameFields(int,int)" num="403" count="3" type="method"/>
            <line num="404" count="3" type="stmt"/>
            <line num="405" count="3" type="stmt"/>
            <line complexity="1" visibility="public" signature="getExpectedJson() : String" num="408" count="2" type="method"/>
            <line num="409" count="2" type="stmt"/>
            <line complexity="1" visibility="public" signature="serialize(Long,Type,JsonSerializationContext) : JsonElement" num="416" count="2" type="method"/>
            <line num="417" count="2" type="stmt"/>
            <line complexity="1" visibility="public" signature="deserialize(JsonElement,Type,JsonDeserializationContext) : Long" num="420" count="2" type="method"/>
            <line num="422" count="2" type="stmt"/>
         </file>
      </package>
      <package name="com.google.gson.metrics">
         <metrics coveredelements="4" complexity="44" loc="346" methods="27" classes="7" statements="135" coveredconditionals="0" coveredmethods="2" elements="194" ncloc="262" files="1" conditionals="32" coveredstatements="2"/>
         <file path="/home/sepehr/masters/test_generation/all_projects_coverage/Gson1f/gson/src/test/java/com/google/gson/metrics/PerformanceTest.java" name="PerformanceTest.java">
            <metrics coveredelements="4" coveredconditionals="0" complexity="44" loc="346" coveredmethods="2" methods="27" elements="194" classes="7" ncloc="262" statements="135" conditionals="32" coveredstatements="2"/>
            <class name="PerformanceTest">
               <metrics coveredelements="4" complexity="32" methods="15" testruns="1" statements="121" coveredconditionals="0" coveredmethods="2" elements="168" testfailures="0" testduration="0.0" conditionals="32" coveredstatements="2" testpasses="1"/>
            </class>
            <class name="PerformanceTest.ExceptionHolder">
               <metrics coveredelements="0" coveredconditionals="0" complexity="2" coveredmethods="0" methods="2" elements="5" statements="3" conditionals="0" coveredstatements="0"/>
            </class>
            <class name="PerformanceTest.CollectionEntry">
               <metrics coveredelements="0" coveredconditionals="0" complexity="2" coveredmethods="0" methods="2" elements="5" statements="3" conditionals="0" coveredstatements="0"/>
            </class>
            <class name="PerformanceTest.ClassWithList">
               <metrics coveredelements="0" coveredconditionals="0" complexity="2" coveredmethods="0" methods="2" elements="4" statements="2" conditionals="0" coveredstatements="0"/>
            </class>
            <class name="PerformanceTest.ClassWithField">
               <metrics coveredelements="0" coveredconditionals="0" complexity="2" coveredmethods="0" methods="2" elements="4" statements="2" conditionals="0" coveredstatements="0"/>
            </class>
            <class name="PerformanceTest.ClassWithListOfObjects">
               <metrics coveredelements="0" coveredconditionals="0" complexity="2" coveredmethods="0" methods="2" elements="4" statements="2" conditionals="0" coveredstatements="0"/>
            </class>
            <class name="PerformanceTest.ClassWithExposedField">
               <metrics coveredelements="0" coveredconditionals="0" complexity="2" coveredmethods="0" methods="2" elements="4" statements="2" conditionals="0" coveredstatements="0"/>
            </class>
            <line complexity="1" visibility="protected" signature="setUp() : void" num="47" count="1" type="method"/>
            <line num="49" count="1" type="stmt"/>
            <line num="50" count="1" type="stmt"/>
            <line complexity="1" visibility="public" signature="testDummy() : void" num="53" testsuccess="true" count="1" testduration="0.0" type="method"/>
            <line complexity="2" visibility="public" signature="disabled_testStringDeserialization() : void" num="57" count="0" type="method"/>
            <line num="58" count="0" type="stmt"/>
            <line num="59" count="0" type="stmt"/>
            <line num="61" count="0" type="stmt"/>
            <line num="62" count="0" type="stmt"/>
            <line num="63" count="0" type="stmt"/>
            <line num="64" count="0" type="stmt"/>
            <line num="65" count="0" type="stmt"/>
            <line num="66" count="0" type="stmt"/>
            <line num="67" count="0" type="stmt"/>
            <line num="69" count="0" type="stmt"/>
            <line complexity="1" visibility="private" signature="parseLongJson(String) : void" num="74" count="0" type="method"/>
            <line num="75" count="0" type="stmt"/>
            <line num="76" count="0" type="stmt"/>
            <line num="77" count="0" type="stmt"/>
            <line complexity="1" visibility="private" signature="ExceptionHolder()" num="85" count="0" type="method"/>
            <line num="87" count="0" type="stmt"/>
            <line complexity="1" visibility="public" signature="ExceptionHolder(String,String)" num="89" count="0" type="method"/>
            <line num="90" count="0" type="stmt"/>
            <line num="91" count="0" type="stmt"/>
            <line complexity="1" visibility="private" signature="CollectionEntry()" num="101" count="0" type="method"/>
            <line num="102" count="0" type="stmt"/>
            <line complexity="1" visibility="package" signature="CollectionEntry(String,String)" num="105" count="0" type="method"/>
            <line num="106" count="0" type="stmt"/>
            <line num="107" count="0" type="stmt"/>
            <line complexity="2" visibility="public" signature="disabled_testLargeCollectionSerialization() : void" num="114" count="0" type="method"/>
            <line num="115" count="0" type="stmt"/>
            <line num="116" count="0" type="stmt"/>
            <line num="117" count="0" type="stmt"/>
            <line falsecount="0" truecount="0" num="117" type="cond"/>
            <line num="118" count="0" type="stmt"/>
            <line num="120" count="0" type="stmt"/>
            <line complexity="3" visibility="public" signature="disabled_testLargeCollectionDeserialization() : void" num="126" count="0" type="method"/>
            <line num="127" count="0" type="stmt"/>
            <line num="128" count="0" type="stmt"/>
            <line num="129" count="0" type="stmt"/>
            <line num="130" count="0" type="stmt"/>
            <line num="131" count="0" type="stmt"/>
            <line falsecount="0" truecount="0" num="131" type="cond"/>
            <line num="132" count="0" type="stmt"/>
            <line falsecount="0" truecount="0" num="132" type="cond"/>
            <line num="133" count="0" type="stmt"/>
            <line num="135" count="0" type="stmt"/>
            <line num="137" count="0" type="stmt"/>
            <line num="139" count="0" type="stmt"/>
            <line num="140" count="0" type="stmt"/>
            <line num="141" count="0" type="stmt"/>
            <line num="142" count="0" type="stmt"/>
            <line num="143" count="0" type="stmt"/>
            <line complexity="2" visibility="public" signature="disabled_testByteArraySerialization() : void" num="150" count="0" type="method"/>
            <line num="151" count="0" type="stmt"/>
            <line num="152" count="0" type="stmt"/>
            <line num="153" count="0" type="stmt"/>
            <line falsecount="0" truecount="0" num="153" type="cond"/>
            <line num="154" count="0" type="stmt"/>
            <line num="156" count="0" type="stmt"/>
            <line num="157" count="0" type="stmt"/>
            <line complexity="3" visibility="public" signature="disable_testByteArrayDeserialization() : void" num="165" count="0" type="method"/>
            <line num="166" count="0" type="stmt"/>
            <line num="167" count="0" type="stmt"/>
            <line num="168" count="0" type="stmt"/>
            <line num="169" count="0" type="stmt"/>
            <line num="170" count="0" type="stmt"/>
            <line falsecount="0" truecount="0" num="170" type="cond"/>
            <line num="171" count="0" type="stmt"/>
            <line falsecount="0" truecount="0" num="171" type="cond"/>
            <line num="172" count="0" type="stmt"/>
            <line num="174" count="0" type="stmt"/>
            <line num="176" count="0" type="stmt"/>
            <line num="178" count="0" type="stmt"/>
            <line num="179" count="0" type="stmt"/>
            <line num="180" count="0" type="stmt"/>
            <line num="181" count="0" type="stmt"/>
            <line complexity="3" visibility="public" signature="disabled_testSerializeClasses() : void" num="194" count="0" type="method"/>
            <line num="195" count="0" type="stmt"/>
            <line num="196" count="0" type="stmt"/>
            <line falsecount="0" truecount="0" num="196" type="cond"/>
            <line num="197" count="0" type="stmt"/>
            <line num="199" count="0" type="stmt"/>
            <line num="200" count="0" type="stmt"/>
            <line num="201" count="0" type="stmt"/>
            <line falsecount="0" truecount="0" num="201" type="cond"/>
            <line num="202" count="0" type="stmt"/>
            <line num="204" count="0" type="stmt"/>
            <line num="205" count="0" type="stmt"/>
            <line num="206" count="0" type="stmt"/>
            <line complexity="2" visibility="public" signature="disabled_testDeserializeClasses() : void" num="209" count="0" type="method"/>
            <line num="210" count="0" type="stmt"/>
            <line num="211" count="0" type="stmt"/>
            <line num="212" count="0" type="stmt"/>
            <line num="213" count="0" type="stmt"/>
            <line falsecount="0" truecount="0" num="213" type="cond"/>
            <line num="214" count="0" type="stmt"/>
            <line num="216" count="0" type="stmt"/>
            <line num="217" count="0" type="stmt"/>
            <line num="218" count="0" type="stmt"/>
            <line complexity="2" visibility="public" signature="disable_testLargeObjectSerializationAndDeserialization() : void" num="221" count="0" type="method"/>
            <line num="222" count="0" type="stmt"/>
            <line num="223" count="0" type="stmt"/>
            <line falsecount="0" truecount="0" num="223" type="cond"/>
            <line num="224" count="0" type="stmt"/>
            <line num="227" count="0" type="stmt"/>
            <line num="228" count="0" type="stmt"/>
            <line num="229" count="0" type="stmt"/>
            <line num="230" count="0" type="stmt"/>
            <line num="232" count="0" type="stmt"/>
            <line num="233" count="0" type="stmt"/>
            <line num="234" count="0" type="stmt"/>
            <line num="235" count="0" type="stmt"/>
            <line complexity="3" visibility="public" signature="disabled_testSerializeExposedClasses() : void" num="239" count="0" type="method"/>
            <line num="240" count="0" type="stmt"/>
            <line num="241" count="0" type="stmt"/>
            <line falsecount="0" truecount="0" num="241" type="cond"/>
            <line num="242" count="0" type="stmt"/>
            <line num="244" count="0" type="stmt"/>
            <line num="245" count="0" type="stmt"/>
            <line num="246" count="0" type="stmt"/>
            <line num="247" count="0" type="stmt"/>
            <line falsecount="0" truecount="0" num="247" type="cond"/>
            <line num="248" count="0" type="stmt"/>
            <line num="250" count="0" type="stmt"/>
            <line num="251" count="0" type="stmt"/>
            <line num="252" count="0" type="stmt"/>
            <line complexity="2" visibility="public" signature="disabled_testDeserializeExposedClasses() : void" num="255" count="0" type="method"/>
            <line num="256" count="0" type="stmt"/>
            <line num="257" count="0" type="stmt"/>
            <line num="258" count="0" type="stmt"/>
            <line num="259" count="0" type="stmt"/>
            <line falsecount="0" truecount="0" num="259" type="cond"/>
            <line num="260" count="0" type="stmt"/>
            <line num="262" count="0" type="stmt"/>
            <line num="263" count="0" type="stmt"/>
            <line num="264" count="0" type="stmt"/>
            <line complexity="2" visibility="public" signature="disabled_testLargeGsonMapRoundTrip() : void" num="267" count="0" type="method"/>
            <line num="268" count="0" type="stmt"/>
            <line num="269" count="0" type="stmt"/>
            <line falsecount="0" truecount="0" num="269" type="cond"/>
            <line num="270" count="0" type="stmt"/>
            <line num="273" count="0" type="stmt"/>
            <line num="274" count="0" type="stmt"/>
            <line num="275" count="0" type="stmt"/>
            <line num="276" count="0" type="stmt"/>
            <line complexity="3" visibility="private" signature="buildJsonForClassWithList() : String" num="279" count="0" type="method"/>
            <line num="280" count="0" type="stmt"/>
            <line num="281" count="0" type="stmt"/>
            <line num="282" count="0" type="stmt"/>
            <line num="283" count="0" type="stmt"/>
            <line num="284" count="0" type="stmt"/>
            <line falsecount="0" truecount="0" num="284" type="cond"/>
            <line num="285" count="0" type="stmt"/>
            <line falsecount="0" truecount="0" num="285" type="cond"/>
            <line num="286" count="0" type="stmt"/>
            <line num="288" count="0" type="stmt"/>
            <line num="290" count="0" type="stmt"/>
            <line num="292" count="0" type="stmt"/>
            <line num="293" count="0" type="stmt"/>
            <line num="294" count="0" type="stmt"/>
            <line num="295" count="0" type="stmt"/>
            <line complexity="1" visibility="package" signature="ClassWithList()" num="302" count="0" type="method"/>
            <line num="303" count="0" type="stmt"/>
            <line complexity="1" visibility="package" signature="ClassWithList(String)" num="305" count="0" type="method"/>
            <line num="306" count="0" type="stmt"/>
            <line complexity="1" visibility="package" signature="ClassWithField()" num="313" count="0" type="method"/>
            <line num="314" count="0" type="stmt"/>
            <line complexity="1" visibility="public" signature="ClassWithField(String)" num="316" count="0" type="method"/>
            <line num="317" count="0" type="stmt"/>
            <line complexity="1" visibility="package" signature="ClassWithListOfObjects()" num="327" count="0" type="method"/>
            <line num="328" count="0" type="stmt"/>
            <line complexity="1" visibility="package" signature="ClassWithListOfObjects(String)" num="330" count="0" type="method"/>
            <line num="331" count="0" type="stmt"/>
            <line complexity="1" visibility="package" signature="ClassWithExposedField()" num="339" count="0" type="method"/>
            <line num="340" count="0" type="stmt"/>
            <line complexity="1" visibility="package" signature="ClassWithExposedField(String)" num="342" count="0" type="method"/>
            <line num="343" count="0" type="stmt"/>
         </file>
      </package>
   </testproject>
</coverage>