<?xml version="1.0" encoding="UTF-8"?>
<coverage generated="1668937168323" clover="4.4.1">
   <project timestamp="1668937166004">
      <metrics coveredelements="1011" complexity="401" loc="4627" methods="179" classes="22" statements="727" packages="1" coveredconditionals="276" coveredmethods="141" elements="1258" ncloc="1972" files="21" conditionals="352" coveredstatements="594"/>
      <package name="org.apache.commons.cli">
         <metrics coveredelements="1011" complexity="401" loc="4627" methods="179" classes="22" statements="727" coveredconditionals="276" coveredmethods="141" elements="1258" ncloc="1972" files="21" conditionals="352" coveredstatements="594"/>
         <file path="/home/sepehr/test_generation/all_projects_coverage/Cli1f/src/java/org/apache/commons/cli/ParseException.java" name="ParseException.java">
            <metrics coveredelements="2" coveredconditionals="0" complexity="1" loc="36" coveredmethods="1" methods="1" elements="2" classes="1" ncloc="6" statements="1" conditionals="0" coveredstatements="1"/>
            <class name="ParseException">
               <metrics coveredelements="2" coveredconditionals="0" complexity="1" coveredmethods="1" methods="1" elements="2" statements="1" conditionals="0" coveredstatements="1"/>
            </class>
            <line complexity="1" visibility="public" signature="ParseException(String)" num="32" count="30" type="method"/>
            <line num="34" count="30" type="stmt"/>
         </file>
         <file path="/home/sepehr/test_generation/all_projects_coverage/Cli1f/src/java/org/apache/commons/cli/CommandLine.java" name="CommandLine.java">
            <metrics coveredelements="63" coveredconditionals="14" complexity="26" loc="317" coveredmethods="16" methods="18" elements="72" classes="1" ncloc="112" statements="38" conditionals="16" coveredstatements="33"/>
            <class name="CommandLine">
               <metrics coveredelements="63" coveredconditionals="14" complexity="26" coveredmethods="16" methods="18" elements="72" statements="38" conditionals="16" coveredstatements="33"/>
            </class>
            <line complexity="1" visibility="package" signature="CommandLine()" num="54" count="297" type="method"/>
            <line complexity="1" visibility="public" signature="hasOption(String) : boolean" num="65" count="453" type="method"/>
            <line num="67" count="453" type="stmt"/>
            <line complexity="1" visibility="public" signature="hasOption(char) : boolean" num="76" count="21" type="method"/>
            <line num="78" count="21" type="stmt"/>
            <line complexity="3" visibility="public" signature="getOptionObject(String) : Object" num="87" count="36" type="method"/>
            <line num="89" count="36" type="stmt"/>
            <line num="91" count="36" type="stmt"/>
            <line num="92" count="36" type="stmt"/>
            <line falsecount="36" truecount="0" num="92" type="cond"/>
            <line num="94" count="0" type="stmt"/>
            <line num="97" count="36" type="stmt"/>
            <line num="99" count="36" type="stmt"/>
            <line falsecount="36" truecount="0" num="99" type="cond"/>
            <line complexity="1" visibility="public" signature="getOptionObject(char) : Object" num="108" count="18" type="method"/>
            <line num="110" count="18" type="stmt"/>
            <line complexity="2" visibility="public" signature="getOptionValue(String) : String" num="120" count="177" type="method"/>
            <line num="122" count="177" type="stmt"/>
            <line num="124" count="177" type="stmt"/>
            <line falsecount="162" truecount="15" num="124" type="cond"/>
            <line complexity="1" visibility="public" signature="getOptionValue(char) : String" num="134" count="15" type="method"/>
            <line num="136" count="15" type="stmt"/>
            <line complexity="2" visibility="public" signature="getOptionValues(String) : String[]" num="146" count="288" type="method"/>
            <line num="148" count="288" type="stmt"/>
            <line num="150" count="288" type="stmt"/>
            <line falsecount="3" truecount="285" num="150" type="cond"/>
            <line num="152" count="285" type="stmt"/>
            <line num="155" count="3" type="stmt"/>
            <line complexity="4" visibility="private" signature="resolveOption(String) : Option" num="163" count="777" type="method"/>
            <line num="165" count="777" type="stmt"/>
            <line num="166" count="777" type="stmt"/>
            <line falsecount="177" truecount="1965" num="166" type="cond"/>
            <line num="168" count="1965" type="stmt"/>
            <line num="169" count="1965" type="stmt"/>
            <line falsecount="1431" truecount="534" num="169" type="cond"/>
            <line num="171" count="534" type="stmt"/>
            <line num="173" count="1431" type="stmt"/>
            <line falsecount="1365" truecount="66" num="173" type="cond"/>
            <line num="175" count="66" type="stmt"/>
            <line num="179" count="177" type="stmt"/>
            <line complexity="1" visibility="public" signature="getOptionValues(char) : String[]" num="189" count="27" type="method"/>
            <line num="191" count="27" type="stmt"/>
            <line complexity="2" visibility="public" signature="getOptionValue(String,String) : String" num="203" count="6" type="method"/>
            <line num="205" count="6" type="stmt"/>
            <line num="207" count="6" type="stmt"/>
            <line falsecount="3" truecount="3" num="207" type="cond"/>
            <line complexity="1" visibility="public" signature="getOptionValue(char,String) : String" num="219" count="0" type="method"/>
            <line num="221" count="0" type="stmt"/>
            <line complexity="1" visibility="public" signature="getArgs() : String[]" num="229" count="51" type="method"/>
            <line num="231" count="51" type="stmt"/>
            <line num="233" count="51" type="stmt"/>
            <line num="235" count="51" type="stmt"/>
            <line complexity="1" visibility="public" signature="getArgList() : List" num="243" count="162" type="method"/>
            <line num="245" count="162" type="stmt"/>
            <line complexity="1" visibility="package" signature="addArg(String) : void" num="275" count="195" type="method"/>
            <line num="277" count="195" type="stmt"/>
            <line complexity="1" visibility="package" signature="addOption(Option) : void" num="286" count="825" type="method"/>
            <line num="288" count="825" type="stmt"/>
            <line complexity="1" visibility="public" signature="iterator() : Iterator" num="297" count="3" type="method"/>
            <line num="299" count="3" type="stmt"/>
            <line complexity="1" visibility="public" signature="getOptions() : Option[]" num="307" count="0" type="method"/>
            <line num="309" count="0" type="stmt"/>
            <line num="312" count="0" type="stmt"/>
            <line num="315" count="0" type="stmt"/>
         </file>
         <file path="/home/sepehr/test_generation/all_projects_coverage/Cli1f/src/java/org/apache/commons/cli/OptionValidator.java" name="OptionValidator.java">
            <metrics coveredelements="25" coveredconditionals="10" complexity="8" loc="100" coveredmethods="3" methods="3" elements="25" classes="1" ncloc="40" statements="12" conditionals="10" coveredstatements="12"/>
            <class name="OptionValidator">
               <metrics coveredelements="25" coveredconditionals="10" complexity="8" coveredmethods="3" methods="3" elements="25" statements="12" conditionals="10" coveredstatements="12"/>
            </class>
            <line complexity="6" visibility="package" signature="validateOption(String) : void" num="40" count="1461" type="method"/>
            <line num="44" count="1461" type="stmt"/>
            <line falsecount="1242" truecount="219" num="44" type="cond"/>
            <line num="46" count="219" type="stmt"/>
            <line num="50" count="1242" type="stmt"/>
            <line falsecount="72" truecount="1170" num="50" type="cond"/>
            <line num="52" count="1170" type="stmt"/>
            <line num="54" count="1170" type="stmt"/>
            <line falsecount="1167" truecount="3" num="54" type="cond"/>
            <line num="56" count="3" type="stmt"/>
            <line num="64" count="72" type="stmt"/>
            <line num="66" count="72" type="stmt"/>
            <line falsecount="69" truecount="426" num="66" type="cond"/>
            <line num="68" count="426" type="stmt"/>
            <line falsecount="423" truecount="3" num="68" type="cond"/>
            <line num="70" count="3" type="stmt"/>
            <line complexity="1" visibility="private" signature="isValidOpt(char) : boolean" num="85" count="1170" type="method"/>
            <line num="87" count="1170" type="stmt"/>
            <line complexity="1" visibility="private" signature="isValidChar(char) : boolean" num="96" count="1596" type="method"/>
            <line num="98" count="1596" type="stmt"/>
         </file>
         <file path="/home/sepehr/test_generation/all_projects_coverage/Cli1f/src/java/org/apache/commons/cli/TypeHandler.java" name="TypeHandler.java">
            <metrics coveredelements="51" coveredconditionals="14" complexity="25" loc="257" coveredmethods="7" methods="9" elements="80" classes="1" ncloc="138" statements="51" conditionals="20" coveredstatements="30"/>
            <class name="TypeHandler">
               <metrics coveredelements="51" coveredconditionals="14" complexity="25" coveredmethods="7" methods="9" elements="80" statements="51" conditionals="20" coveredstatements="30"/>
            </class>
            <line complexity="1" visibility="public" signature="createValue(String,Object) : Object" num="47" count="36" type="method"/>
            <line num="49" count="36" type="stmt"/>
            <line complexity="10" visibility="public" signature="createValue(String,Class) : Object" num="61" count="36" type="method"/>
            <line num="63" count="36" type="stmt"/>
            <line falsecount="30" truecount="6" num="63" type="cond"/>
            <line num="65" count="6" type="stmt"/>
            <line num="67" count="30" type="stmt"/>
            <line falsecount="24" truecount="6" num="67" type="cond"/>
            <line num="69" count="6" type="stmt"/>
            <line num="71" count="24" type="stmt"/>
            <line falsecount="18" truecount="6" num="71" type="cond"/>
            <line num="73" count="6" type="stmt"/>
            <line num="75" count="18" type="stmt"/>
            <line falsecount="18" truecount="0" num="75" type="cond"/>
            <line num="77" count="0" type="stmt"/>
            <line num="79" count="18" type="stmt"/>
            <line falsecount="12" truecount="6" num="79" type="cond"/>
            <line num="81" count="6" type="stmt"/>
            <line num="83" count="12" type="stmt"/>
            <line falsecount="6" truecount="6" num="83" type="cond"/>
            <line num="85" count="6" type="stmt"/>
            <line num="87" count="6" type="stmt"/>
            <line falsecount="6" truecount="0" num="87" type="cond"/>
            <line num="89" count="0" type="stmt"/>
            <line num="91" count="6" type="stmt"/>
            <line falsecount="6" truecount="0" num="91" type="cond"/>
            <line num="93" count="0" type="stmt"/>
            <line num="95" count="6" type="stmt"/>
            <line falsecount="0" truecount="6" num="95" type="cond"/>
            <line num="97" count="6" type="stmt"/>
            <line num="101" count="0" type="stmt"/>
            <line complexity="4" visibility="public" signature="createObject(String) : Object" num="112" count="6" type="method"/>
            <line num="114" count="6" type="stmt"/>
            <line num="116" count="6" type="stmt"/>
            <line num="118" count="6" type="stmt"/>
            <line num="122" count="0" type="stmt"/>
            <line num="124" count="0" type="stmt"/>
            <line num="127" count="6" type="stmt"/>
            <line num="129" count="6" type="stmt"/>
            <line num="131" count="6" type="stmt"/>
            <line num="135" count="0" type="stmt"/>
            <line num="138" count="0" type="stmt"/>
            <line num="142" count="0" type="stmt"/>
            <line num="145" count="0" type="stmt"/>
            <line num="148" count="6" type="stmt"/>
            <line complexity="2" visibility="public" signature="createNumber(String) : Number" num="158" count="6" type="method"/>
            <line num="161" count="6" type="stmt"/>
            <line num="164" count="6" type="stmt"/>
            <line num="168" count="0" type="stmt"/>
            <line num="170" count="0" type="stmt"/>
            <line complexity="2" visibility="public" signature="createClass(String) : Class" num="180" count="6" type="method"/>
            <line num="182" count="6" type="stmt"/>
            <line num="184" count="6" type="stmt"/>
            <line num="188" count="0" type="stmt"/>
            <line num="190" count="0" type="stmt"/>
            <line complexity="2" visibility="public" signature="createDate(String) : Date" num="201" count="0" type="method"/>
            <line num="203" count="0" type="stmt"/>
            <line num="205" count="0" type="stmt"/>
            <line falsecount="0" truecount="0" num="205" type="cond"/>
            <line num="207" count="0" type="stmt"/>
            <line num="210" count="0" type="stmt"/>
            <line complexity="2" visibility="public" signature="createURL(String) : URL" num="220" count="6" type="method"/>
            <line num="222" count="6" type="stmt"/>
            <line num="224" count="6" type="stmt"/>
            <line num="228" count="0" type="stmt"/>
            <line num="230" count="0" type="stmt"/>
            <line complexity="1" visibility="public" signature="createFile(String) : File" num="240" count="6" type="method"/>
            <line num="242" count="6" type="stmt"/>
            <line complexity="1" visibility="public" signature="createFiles(String) : File[]" num="251" count="0" type="method"/>
            <line num="255" count="0" type="stmt"/>
         </file>
         <file path="/home/sepehr/test_generation/all_projects_coverage/Cli1f/src/java/org/apache/commons/cli/MissingOptionException.java" name="MissingOptionException.java">
            <metrics coveredelements="2" coveredconditionals="0" complexity="1" loc="37" coveredmethods="1" methods="1" elements="2" classes="1" ncloc="7" statements="1" conditionals="0" coveredstatements="1"/>
            <class name="MissingOptionException">
               <metrics coveredelements="2" coveredconditionals="0" complexity="1" coveredmethods="1" methods="1" elements="2" statements="1" conditionals="0" coveredstatements="1"/>
            </class>
            <line complexity="1" visibility="public" signature="MissingOptionException(String)" num="33" count="9" type="method"/>
            <line num="35" count="9" type="stmt"/>
         </file>
         <file path="/home/sepehr/test_generation/all_projects_coverage/Cli1f/src/java/org/apache/commons/cli/PatternOptionBuilder.java" name="PatternOptionBuilder.java">
            <metrics coveredelements="71" coveredconditionals="24" complexity="27" loc="211" coveredmethods="3" methods="3" elements="82" classes="1" ncloc="106" statements="49" conditionals="30" coveredstatements="44"/>
            <class name="PatternOptionBuilder">
               <metrics coveredelements="71" coveredconditionals="24" complexity="27" coveredmethods="3" methods="3" elements="82" statements="49" conditionals="30" coveredstatements="44"/>
            </class>
            <line complexity="10" visibility="public" signature="getValueClass(char) : Object" num="87" count="18" type="method"/>
            <line num="89" count="18" type="stmt"/>
            <line falsecount="15" truecount="3" num="89" type="cond"/>
            <line num="91" count="3" type="stmt"/>
            <line num="93" count="15" type="stmt"/>
            <line falsecount="12" truecount="3" num="93" type="cond"/>
            <line num="95" count="3" type="stmt"/>
            <line num="97" count="12" type="stmt"/>
            <line falsecount="9" truecount="3" num="97" type="cond"/>
            <line num="99" count="3" type="stmt"/>
            <line num="101" count="9" type="stmt"/>
            <line falsecount="6" truecount="3" num="101" type="cond"/>
            <line num="103" count="3" type="stmt"/>
            <line num="105" count="6" type="stmt"/>
            <line falsecount="6" truecount="0" num="105" type="cond"/>
            <line num="107" count="0" type="stmt"/>
            <line num="109" count="6" type="stmt"/>
            <line falsecount="6" truecount="0" num="109" type="cond"/>
            <line num="111" count="0" type="stmt"/>
            <line num="113" count="6" type="stmt"/>
            <line falsecount="3" truecount="3" num="113" type="cond"/>
            <line num="115" count="3" type="stmt"/>
            <line num="117" count="3" type="stmt"/>
            <line falsecount="3" truecount="0" num="117" type="cond"/>
            <line num="119" count="0" type="stmt"/>
            <line num="121" count="3" type="stmt"/>
            <line falsecount="0" truecount="3" num="121" type="cond"/>
            <line num="123" count="3" type="stmt"/>
            <line num="126" count="0" type="stmt"/>
            <line complexity="11" visibility="public" signature="isValueCode(char) : boolean" num="136" count="42" type="method"/>
            <line num="138" count="42" type="stmt"/>
            <line falsecount="18" truecount="24" num="138" type="cond"/>
            <line num="142" count="24" type="stmt"/>
            <line num="145" count="18" type="stmt"/>
            <line complexity="6" visibility="public" signature="parsePattern(String) : Options" num="155" count="3" type="method"/>
            <line num="157" count="3" type="stmt"/>
            <line num="159" count="3" type="stmt"/>
            <line num="160" count="3" type="stmt"/>
            <line num="161" count="3" type="stmt"/>
            <line num="162" count="3" type="stmt"/>
            <line num="164" count="3" type="stmt"/>
            <line num="166" count="3" type="stmt"/>
            <line falsecount="3" truecount="42" num="166" type="cond"/>
            <line num="168" count="42" type="stmt"/>
            <line num="172" count="42" type="stmt"/>
            <line falsecount="18" truecount="24" num="172" type="cond"/>
            <line num="174" count="24" type="stmt"/>
            <line falsecount="3" truecount="21" num="174" type="cond"/>
            <line num="176" count="21" type="stmt"/>
            <line num="177" count="21" type="stmt"/>
            <line num="178" count="21" type="stmt"/>
            <line num="181" count="21" type="stmt"/>
            <line num="182" count="21" type="stmt"/>
            <line num="183" count="21" type="stmt"/>
            <line num="184" count="21" type="stmt"/>
            <line num="187" count="24" type="stmt"/>
            <line num="189" count="18" type="stmt"/>
            <line falsecount="18" truecount="0" num="189" type="cond"/>
            <line num="191" count="0" type="stmt"/>
            <line num="195" count="18" type="stmt"/>
            <line num="199" count="3" type="stmt"/>
            <line falsecount="0" truecount="3" num="199" type="cond"/>
            <line num="201" count="3" type="stmt"/>
            <line num="202" count="3" type="stmt"/>
            <line num="203" count="3" type="stmt"/>
            <line num="206" count="3" type="stmt"/>
            <line num="209" count="3" type="stmt"/>
         </file>
         <file path="/home/sepehr/test_generation/all_projects_coverage/Cli1f/src/java/org/apache/commons/cli/GnuParser.java" name="GnuParser.java">
            <metrics coveredelements="60" coveredconditionals="23" complexity="20" loc="173" coveredmethods="2" methods="2" elements="83" classes="1" ncloc="109" statements="49" conditionals="32" coveredstatements="35"/>
            <class name="GnuParser">
               <metrics coveredelements="60" coveredconditionals="23" complexity="20" coveredmethods="2" methods="2" elements="83" statements="49" conditionals="32" coveredstatements="35"/>
            </class>
            <line complexity="1" visibility="private" signature="init() : void" num="37" count="48" type="method"/>
            <line num="39" count="48" type="stmt"/>
            <line complexity="19" visibility="protected" signature="flatten(Options,String[],boolean) : String[]" num="61" count="48" type="method"/>
            <line num="64" count="48" type="stmt"/>
            <line num="66" count="48" type="stmt"/>
            <line num="67" count="48" type="stmt"/>
            <line num="69" count="48" type="stmt"/>
            <line falsecount="48" truecount="165" num="69" type="cond"/>
            <line num="71" count="165" type="stmt"/>
            <line falsecount="162" truecount="3" num="71" type="cond"/>
            <line num="73" count="3" type="stmt"/>
            <line num="74" count="3" type="stmt"/>
            <line num="76" count="162" type="stmt"/>
            <line falsecount="156" truecount="6" num="76" type="cond"/>
            <line num="78" count="6" type="stmt"/>
            <line num="80" count="156" type="stmt"/>
            <line falsecount="63" truecount="93" num="80" type="cond"/>
            <line num="82" count="93" type="stmt"/>
            <line num="85" count="93" type="stmt"/>
            <line falsecount="81" truecount="12" num="85" type="cond"/>
            <line num="88" count="12" type="stmt"/>
            <line num="91" count="12" type="stmt"/>
            <line falsecount="6" truecount="6" num="91" type="cond"/>
            <line num="93" count="6" type="stmt"/>
            <line num="94" count="6" type="stmt"/>
            <line num="96" count="6" type="stmt"/>
            <line falsecount="3" truecount="3" num="96" type="cond"/>
            <line num="98" count="3" type="stmt"/>
            <line num="99" count="3" type="stmt"/>
            <line num="103" count="3" type="stmt"/>
            <line num="108" count="81" type="stmt"/>
            <line num="111" count="81" type="stmt"/>
            <line num="114" count="81" type="stmt"/>
            <line falsecount="81" truecount="0" num="114" type="cond"/>
            <line num="116" count="0" type="stmt"/>
            <line num="117" count="0" type="stmt"/>
            <line num="119" count="81" type="stmt"/>
            <line falsecount="42" truecount="39" num="119" type="cond"/>
            <line num="121" count="39" type="stmt"/>
            <line falsecount="0" truecount="39" num="121" type="cond"/>
            <line num="123" count="39" type="stmt"/>
            <line num="124" count="39" type="stmt"/>
            <line num="126" count="0" type="stmt"/>
            <line falsecount="0" truecount="0" num="126" type="cond"/>
            <line num="128" count="0" type="stmt"/>
            <line num="130" count="0" type="stmt"/>
            <line falsecount="0" truecount="0" num="130" type="cond"/>
            <line num="132" count="0" type="stmt"/>
            <line num="133" count="0" type="stmt"/>
            <line num="134" count="0" type="stmt"/>
            <line num="138" count="0" type="stmt"/>
            <line num="141" count="42" type="stmt"/>
            <line falsecount="0" truecount="42" num="141" type="cond"/>
            <line num="143" count="42" type="stmt"/>
            <line num="145" count="0" type="stmt"/>
            <line falsecount="0" truecount="0" num="145" type="cond"/>
            <line num="147" count="0" type="stmt"/>
            <line num="148" count="0" type="stmt"/>
            <line num="149" count="0" type="stmt"/>
            <line num="153" count="0" type="stmt"/>
            <line num="159" count="63" type="stmt"/>
            <line num="162" count="165" type="stmt"/>
            <line falsecount="159" truecount="6" num="162" type="cond"/>
            <line num="164" count="6" type="stmt"/>
            <line falsecount="6" truecount="9" num="164" type="cond"/>
            <line num="166" count="9" type="stmt"/>
            <line num="171" count="48" type="stmt"/>
         </file>
         <file path="/home/sepehr/test_generation/all_projects_coverage/Cli1f/src/java/org/apache/commons/cli/HelpFormatter.java" name="HelpFormatter.java">
            <metrics coveredelements="182" coveredconditionals="49" complexity="89" loc="908" coveredmethods="16" methods="37" elements="263" classes="2" ncloc="408" statements="152" conditionals="74" coveredstatements="117"/>
            <class name="HelpFormatter">
               <metrics coveredelements="178" coveredconditionals="49" complexity="88" coveredmethods="15" methods="36" elements="259" statements="149" conditionals="74" coveredstatements="114"/>
            </class>
            <class name="HelpFormatter.OptionComparator">
               <metrics coveredelements="4" coveredconditionals="0" complexity="1" coveredmethods="1" methods="1" elements="4" statements="3" conditionals="0" coveredstatements="3"/>
            </class>
            <line complexity="1" visibility="public" signature="setWidth(int) : void" num="88" count="0" type="method"/>
            <line num="90" count="0" type="stmt"/>
            <line complexity="1" visibility="public" signature="getWidth() : int" num="98" count="0" type="method"/>
            <line num="100" count="0" type="stmt"/>
            <line complexity="1" visibility="public" signature="setLeftPadding(int) : void" num="108" count="0" type="method"/>
            <line num="110" count="0" type="stmt"/>
            <line complexity="1" visibility="public" signature="getLeftPadding() : int" num="118" count="0" type="method"/>
            <line num="120" count="0" type="stmt"/>
            <line complexity="1" visibility="public" signature="setDescPadding(int) : void" num="128" count="0" type="method"/>
            <line num="130" count="0" type="stmt"/>
            <line complexity="1" visibility="public" signature="getDescPadding() : int" num="138" count="0" type="method"/>
            <line num="140" count="0" type="stmt"/>
            <line complexity="1" visibility="public" signature="setSyntaxPrefix(String) : void" num="148" count="0" type="method"/>
            <line num="150" count="0" type="stmt"/>
            <line complexity="1" visibility="public" signature="getSyntaxPrefix() : String" num="158" count="0" type="method"/>
            <line num="160" count="0" type="stmt"/>
            <line complexity="1" visibility="public" signature="setNewLine(String) : void" num="168" count="0" type="method"/>
            <line num="170" count="0" type="stmt"/>
            <line complexity="1" visibility="public" signature="getNewLine() : String" num="178" count="33" type="method"/>
            <line num="180" count="33" type="stmt"/>
            <line complexity="1" visibility="public" signature="setOptPrefix(String) : void" num="188" count="0" type="method"/>
            <line num="190" count="0" type="stmt"/>
            <line complexity="1" visibility="public" signature="getOptPrefix() : String" num="198" count="0" type="method"/>
            <line num="200" count="0" type="stmt"/>
            <line complexity="1" visibility="public" signature="setLongOptPrefix(String) : void" num="208" count="0" type="method"/>
            <line num="210" count="0" type="stmt"/>
            <line complexity="1" visibility="public" signature="getLongOptPrefix() : String" num="218" count="0" type="method"/>
            <line num="220" count="0" type="stmt"/>
            <line complexity="1" visibility="public" signature="setArgName(String) : void" num="228" count="0" type="method"/>
            <line num="230" count="0" type="stmt"/>
            <line complexity="1" visibility="public" signature="getArgName() : String" num="238" count="0" type="method"/>
            <line num="240" count="0" type="stmt"/>
            <line complexity="1" visibility="public" signature="printHelp(String,Options) : void" num="254" count="3" type="method"/>
            <line num="256" count="3" type="stmt"/>
            <line complexity="1" visibility="public" signature="printHelp(String,Options,boolean) : void" num="269" count="0" type="method"/>
            <line num="272" count="0" type="stmt"/>
            <line complexity="1" visibility="public" signature="printHelp(String,String,Options,String) : void" num="285" count="0" type="method"/>
            <line num="288" count="0" type="stmt"/>
            <line complexity="1" visibility="public" signature="printHelp(String,String,Options,String,boolean) : void" num="303" count="0" type="method"/>
            <line num="306" count="0" type="stmt"/>
            <line complexity="1" visibility="public" signature="printHelp(int,String,String,Options,String) : void" num="321" count="0" type="method"/>
            <line num="324" count="0" type="stmt"/>
            <line complexity="1" visibility="public" signature="printHelp(int,String,String,Options,String,boolean) : void" num="340" count="3" type="method"/>
            <line num="343" count="3" type="stmt"/>
            <line num="345" count="3" type="stmt"/>
            <line num="347" count="3" type="stmt"/>
            <line complexity="1" visibility="public" signature="printHelp(PrintWriter,int,String,String,Options,int,int,String) : void" num="365" count="0" type="method"/>
            <line num="369" count="0" type="stmt"/>
            <line complexity="8" visibility="public" signature="printHelp(PrintWriter,int,String,String,Options,int,int,String,boolean) : void" num="391" count="9" type="method"/>
            <line num="395" count="9" type="stmt"/>
            <line falsecount="9" truecount="0" num="395" type="cond"/>
            <line num="397" count="0" type="stmt"/>
            <line num="400" count="9" type="stmt"/>
            <line falsecount="3" truecount="6" num="400" type="cond"/>
            <line num="402" count="6" type="stmt"/>
            <line num="406" count="3" type="stmt"/>
            <line num="409" count="9" type="stmt"/>
            <line falsecount="3" truecount="6" num="409" type="cond"/>
            <line num="411" count="6" type="stmt"/>
            <line num="414" count="9" type="stmt"/>
            <line num="416" count="9" type="stmt"/>
            <line falsecount="3" truecount="6" num="416" type="cond"/>
            <line num="418" count="6" type="stmt"/>
            <line complexity="5" visibility="public" signature="printUsage(PrintWriter,int,String,Options) : void" num="431" count="6" type="method"/>
            <line num="435" count="6" type="stmt"/>
            <line num="439" count="6" type="stmt"/>
            <line num="442" count="6" type="stmt"/>
            <line num="445" count="6" type="stmt"/>
            <line falsecount="6" truecount="9" num="445" type="cond"/>
            <line num="448" count="9" type="stmt"/>
            <line num="451" count="9" type="stmt"/>
            <line num="454" count="9" type="stmt"/>
            <line falsecount="9" truecount="0" num="454" type="cond"/>
            <line num="457" count="0" type="stmt"/>
            <line falsecount="0" truecount="0" num="457" type="cond"/>
            <line num="460" count="0" type="stmt"/>
            <line num="464" count="0" type="stmt"/>
            <line num="474" count="9" type="stmt"/>
            <line num="477" count="9" type="stmt"/>
            <line falsecount="3" truecount="6" num="477" type="cond"/>
            <line num="479" count="6" type="stmt"/>
            <line num="485" count="6" type="stmt"/>
            <line complexity="5" visibility="private" signature="appendOptionGroup(StringBuffer,OptionGroup) : void" num="497" count="0" type="method"/>
            <line num="500" count="0" type="stmt"/>
            <line falsecount="0" truecount="0" num="500" type="cond"/>
            <line num="502" count="0" type="stmt"/>
            <line num="506" count="0" type="stmt"/>
            <line falsecount="0" truecount="0" num="506" type="cond"/>
            <line num="509" count="0" type="stmt"/>
            <line num="511" count="0" type="stmt"/>
            <line falsecount="0" truecount="0" num="511" type="cond"/>
            <line num="513" count="0" type="stmt"/>
            <line num="517" count="0" type="stmt"/>
            <line falsecount="0" truecount="0" num="517" type="cond"/>
            <line num="519" count="0" type="stmt"/>
            <line complexity="6" visibility="private" signature="appendOption(StringBuffer,Option,boolean) : void" num="530" count="9" type="method"/>
            <line num="534" count="9" type="stmt"/>
            <line falsecount="0" truecount="9" num="534" type="cond"/>
            <line num="536" count="9" type="stmt"/>
            <line num="539" count="9" type="stmt"/>
            <line falsecount="3" truecount="6" num="539" type="cond"/>
            <line num="541" count="6" type="stmt"/>
            <line num="545" count="3" type="stmt"/>
            <line num="549" count="9" type="stmt"/>
            <line falsecount="9" truecount="0" num="549" type="cond"/>
            <line num="551" count="0" type="stmt"/>
            <line num="555" count="9" type="stmt"/>
            <line falsecount="0" truecount="9" num="555" type="cond"/>
            <line num="557" count="9" type="stmt"/>
            <line complexity="1" visibility="public" signature="printUsage(PrintWriter,int,String) : void" num="569" count="3" type="method"/>
            <line num="571" count="3" type="stmt"/>
            <line num="573" count="3" type="stmt"/>
            <line complexity="1" visibility="public" signature="printOptions(PrintWriter,int,Options,int,int) : void" num="589" count="9" type="method"/>
            <line num="592" count="9" type="stmt"/>
            <line num="594" count="9" type="stmt"/>
            <line num="595" count="9" type="stmt"/>
            <line complexity="1" visibility="public" signature="printWrapped(PrintWriter,int,String) : void" num="605" count="12" type="method"/>
            <line num="607" count="12" type="stmt"/>
            <line complexity="1" visibility="public" signature="printWrapped(PrintWriter,int,int,String) : void" num="618" count="21" type="method"/>
            <line num="621" count="21" type="stmt"/>
            <line num="623" count="21" type="stmt"/>
            <line num="624" count="21" type="stmt"/>
            <line complexity="11" visibility="protected" signature="renderOptions(StringBuffer,int,Options,int,int) : StringBuffer" num="643" count="24" type="method"/>
            <line num="647" count="24" type="stmt"/>
            <line num="648" count="24" type="stmt"/>
            <line num="654" count="24" type="stmt"/>
            <line num="655" count="24" type="stmt"/>
            <line num="656" count="24" type="stmt"/>
            <line num="657" count="24" type="stmt"/>
            <line num="658" count="24" type="stmt"/>
            <line num="660" count="24" type="stmt"/>
            <line num="662" count="24" type="stmt"/>
            <line falsecount="24" truecount="30" num="662" type="cond"/>
            <line num="664" count="30" type="stmt"/>
            <line num="665" count="30" type="stmt"/>
            <line num="667" count="30" type="stmt"/>
            <line falsecount="27" truecount="3" num="667" type="cond"/>
            <line num="669" count="3" type="stmt"/>
            <line num="674" count="27" type="stmt"/>
            <line num="677" count="27" type="stmt"/>
            <line falsecount="15" truecount="12" num="677" type="cond"/>
            <line num="679" count="12" type="stmt"/>
            <line num="684" count="30" type="stmt"/>
            <line falsecount="27" truecount="3" num="684" type="cond"/>
            <line num="686" count="3" type="stmt"/>
            <line falsecount="0" truecount="3" num="686" type="cond"/>
            <line num="688" count="3" type="stmt"/>
            <line num="692" count="0" type="stmt"/>
            <line num="696" count="30" type="stmt"/>
            <line num="697" count="30" type="stmt"/>
            <line falsecount="9" truecount="21" num="697" type="cond"/>
            <line num="700" count="24" type="stmt"/>
            <line num="702" count="24" type="stmt"/>
            <line falsecount="24" truecount="30" num="702" type="cond"/>
            <line num="704" count="30" type="stmt"/>
            <line num="705" count="30" type="stmt"/>
            <line num="707" count="30" type="stmt"/>
            <line falsecount="24" truecount="6" num="707" type="cond"/>
            <line num="709" count="6" type="stmt"/>
            <line num="712" count="30" type="stmt"/>
            <line num="714" count="30" type="stmt"/>
            <line num="716" count="30" type="stmt"/>
            <line falsecount="0" truecount="30" num="716" type="cond"/>
            <line num="718" count="30" type="stmt"/>
            <line num="721" count="30" type="stmt"/>
            <line num="723" count="30" type="stmt"/>
            <line falsecount="21" truecount="9" num="723" type="cond"/>
            <line num="725" count="9" type="stmt"/>
            <line num="729" count="24" type="stmt"/>
            <line complexity="3" visibility="protected" signature="renderWrappedText(StringBuffer,int,int,String) : StringBuffer" num="743" count="63" type="method"/>
            <line num="746" count="63" type="stmt"/>
            <line num="748" count="63" type="stmt"/>
            <line falsecount="36" truecount="27" num="748" type="cond"/>
            <line num="750" count="27" type="stmt"/>
            <line num="752" count="27" type="stmt"/>
            <line num="754" count="36" type="stmt"/>
            <line num="758" count="36" type="stmt"/>
            <line num="760" count="36" type="stmt"/>
            <line num="762" count="45" type="stmt"/>
            <line num="763" count="45" type="stmt"/>
            <line num="765" count="45" type="stmt"/>
            <line falsecount="9" truecount="36" num="765" type="cond"/>
            <line num="767" count="36" type="stmt"/>
            <line num="769" count="36" type="stmt"/>
            <line num="772" count="9" type="stmt"/>
            <line complexity="16" visibility="protected" signature="findWrapPos(String,int,int) : int" num="789" count="117" type="method"/>
            <line num="791" count="117" type="stmt"/>
            <line num="794" count="117" type="stmt"/>
            <line falsecount="0" truecount="0" num="794" type="cond"/>
            <line num="797" count="18" type="stmt"/>
            <line num="799" count="99" type="stmt"/>
            <line falsecount="33" truecount="66" num="799" type="cond"/>
            <line num="801" count="66" type="stmt"/>
            <line num="806" count="33" type="stmt"/>
            <line num="808" count="33" type="stmt"/>
            <line num="810" count="33" type="stmt"/>
            <line falsecount="0" truecount="0" num="810" type="cond"/>
            <line num="813" count="114" type="stmt"/>
            <line num="817" count="33" type="stmt"/>
            <line falsecount="3" truecount="30" num="817" type="cond"/>
            <line num="819" count="30" type="stmt"/>
            <line num="824" count="3" type="stmt"/>
            <line num="826" count="3" type="stmt"/>
            <line falsecount="0" truecount="0" num="826" type="cond"/>
            <line num="829" count="3" type="stmt"/>
            <line num="832" count="3" type="stmt"/>
            <line falsecount="3" truecount="0" num="832" type="cond"/>
            <line complexity="2" visibility="protected" signature="createPadding(int) : String" num="842" count="108" type="method"/>
            <line num="844" count="108" type="stmt"/>
            <line num="846" count="108" type="stmt"/>
            <line falsecount="108" truecount="456" num="846" type="cond"/>
            <line num="848" count="456" type="stmt"/>
            <line num="851" count="108" type="stmt"/>
            <line complexity="5" visibility="protected" signature="rtrim(String) : String" num="861" count="72" type="method"/>
            <line num="863" count="72" type="stmt"/>
            <line falsecount="72" truecount="0" num="863" type="cond"/>
            <line num="865" count="0" type="stmt"/>
            <line num="868" count="72" type="stmt"/>
            <line num="870" count="72" type="stmt"/>
            <line falsecount="72" truecount="24" num="870" type="cond"/>
            <line num="872" count="24" type="stmt"/>
            <line num="875" count="72" type="stmt"/>
            <line complexity="1" visibility="public" signature="compare(Object,Object) : int" num="900" count="9" type="method"/>
            <line num="902" count="9" type="stmt"/>
            <line num="903" count="9" type="stmt"/>
            <line num="905" count="9" type="stmt"/>
         </file>
         <file path="/home/sepehr/test_generation/all_projects_coverage/Cli1f/src/java/org/apache/commons/cli/OptionGroup.java" name="OptionGroup.java">
            <metrics coveredelements="35" coveredconditionals="7" complexity="13" loc="162" coveredmethods="6" methods="8" elements="42" classes="1" ncloc="75" statements="26" conditionals="8" coveredstatements="22"/>
            <class name="OptionGroup">
               <metrics coveredelements="35" coveredconditionals="7" complexity="13" coveredmethods="6" methods="8" elements="42" statements="26" conditionals="8" coveredstatements="22"/>
            </class>
            <line complexity="1" visibility="public" signature="addOption(Option) : OptionGroup" num="44" count="192" type="method"/>
            <line num="48" count="192" type="stmt"/>
            <line num="50" count="192" type="stmt"/>
            <line complexity="1" visibility="public" signature="getNames() : Collection" num="57" count="0" type="method"/>
            <line num="60" count="0" type="stmt"/>
            <line complexity="1" visibility="public" signature="getOptions() : Collection" num="66" count="102" type="method"/>
            <line num="69" count="102" type="stmt"/>
            <line complexity="3" visibility="public" signature="setSelected(Option) : void" num="78" count="45" type="method"/>
            <line num="84" count="45" type="stmt"/>
            <line falsecount="6" truecount="39" num="84" type="cond"/>
            <line num="86" count="39" type="stmt"/>
            <line num="90" count="6" type="stmt"/>
            <line complexity="1" visibility="public" signature="getSelected() : String" num="99" count="0" type="method"/>
            <line num="101" count="0" type="stmt"/>
            <line complexity="1" visibility="public" signature="setRequired(boolean) : void" num="107" count="3" type="method"/>
            <line num="109" count="3" type="stmt"/>
            <line complexity="1" visibility="public" signature="isRequired() : boolean" num="117" count="141" type="method"/>
            <line num="119" count="141" type="stmt"/>
            <line complexity="4" visibility="public" signature="toString() : String" num="126" count="6" type="method"/>
            <line num="128" count="6" type="stmt"/>
            <line num="130" count="6" type="stmt"/>
            <line num="132" count="6" type="stmt"/>
            <line num="134" count="6" type="stmt"/>
            <line falsecount="6" truecount="12" num="134" type="cond"/>
            <line num="136" count="12" type="stmt"/>
            <line num="138" count="12" type="stmt"/>
            <line falsecount="0" truecount="12" num="138" type="cond"/>
            <line num="140" count="12" type="stmt"/>
            <line num="141" count="12" type="stmt"/>
            <line num="145" count="0" type="stmt"/>
            <line num="146" count="0" type="stmt"/>
            <line num="149" count="12" type="stmt"/>
            <line num="150" count="12" type="stmt"/>
            <line num="152" count="12" type="stmt"/>
            <line falsecount="6" truecount="6" num="152" type="cond"/>
            <line num="154" count="6" type="stmt"/>
            <line num="158" count="6" type="stmt"/>
            <line num="160" count="6" type="stmt"/>
         </file>
         <file path="/home/sepehr/test_generation/all_projects_coverage/Cli1f/src/java/org/apache/commons/cli/MissingArgumentException.java" name="MissingArgumentException.java">
            <metrics coveredelements="2" coveredconditionals="0" complexity="1" loc="38" coveredmethods="1" methods="1" elements="2" classes="1" ncloc="7" statements="1" conditionals="0" coveredstatements="1"/>
            <class name="MissingArgumentException">
               <metrics coveredelements="2" coveredconditionals="0" complexity="1" coveredmethods="1" methods="1" elements="2" statements="1" conditionals="0" coveredstatements="1"/>
            </class>
            <line complexity="1" visibility="public" signature="MissingArgumentException(String)" num="34" count="9" type="method"/>
            <line num="36" count="9" type="stmt"/>
         </file>
         <file path="/home/sepehr/test_generation/all_projects_coverage/Cli1f/src/java/org/apache/commons/cli/Options.java" name="Options.java">
            <metrics coveredelements="63" coveredconditionals="15" complexity="21" loc="277" coveredmethods="11" methods="13" elements="75" classes="1" ncloc="114" statements="46" conditionals="16" coveredstatements="37"/>
            <class name="Options">
               <metrics coveredelements="63" coveredconditionals="15" complexity="21" coveredmethods="11" methods="13" elements="75" statements="46" conditionals="16" coveredstatements="37"/>
            </class>
            <line complexity="1" visibility="public" signature="Options()" num="58" count="261" type="method"/>
            <line complexity="3" visibility="public" signature="addOptionGroup(OptionGroup) : Options" num="69" count="96" type="method"/>
            <line num="71" count="96" type="stmt"/>
            <line num="73" count="96" type="stmt"/>
            <line falsecount="93" truecount="3" num="73" type="cond"/>
            <line num="75" count="3" type="stmt"/>
            <line num="78" count="96" type="stmt"/>
            <line falsecount="96" truecount="192" num="78" type="cond"/>
            <line num="80" count="192" type="stmt"/>
            <line num="86" count="192" type="stmt"/>
            <line num="87" count="192" type="stmt"/>
            <line num="89" count="192" type="stmt"/>
            <line num="92" count="96" type="stmt"/>
            <line complexity="1" visibility="package" signature="getOptionGroups() : Collection" num="99" count="0" type="method"/>
            <line num="100" count="0" type="stmt"/>
            <line complexity="1" visibility="public" signature="addOption(String,boolean,String) : Options" num="112" count="234" type="method"/>
            <line num="114" count="234" type="stmt"/>
            <line num="116" count="234" type="stmt"/>
            <line complexity="1" visibility="public" signature="addOption(String,String,boolean,String) : Options" num="129" count="636" type="method"/>
            <line num="132" count="636" type="stmt"/>
            <line num="134" count="636" type="stmt"/>
            <line complexity="4" visibility="public" signature="addOption(Option) : Options" num="143" count="1431" type="method"/>
            <line num="145" count="1431" type="stmt"/>
            <line num="148" count="1431" type="stmt"/>
            <line falsecount="501" truecount="930" num="148" type="cond"/>
            <line num="150" count="930" type="stmt"/>
            <line num="154" count="1431" type="stmt"/>
            <line falsecount="1413" truecount="18" num="154" type="cond"/>
            <line num="156" count="18" type="stmt"/>
            <line falsecount="15" truecount="3" num="156" type="cond"/>
            <line num="157" count="3" type="stmt"/>
            <line num="159" count="18" type="stmt"/>
            <line num="162" count="1431" type="stmt"/>
            <line num="164" count="1431" type="stmt"/>
            <line complexity="1" visibility="public" signature="getOptions() : Collection" num="172" count="6" type="method"/>
            <line num="174" count="6" type="stmt"/>
            <line complexity="3" visibility="package" signature="helpOptions() : List" num="182" count="33" type="method"/>
            <line num="184" count="33" type="stmt"/>
            <line num="188" count="33" type="stmt"/>
            <line num="190" count="33" type="stmt"/>
            <line falsecount="33" truecount="33" num="190" type="cond"/>
            <line num="192" count="33" type="stmt"/>
            <line num="194" count="33" type="stmt"/>
            <line falsecount="33" truecount="0" num="194" type="cond"/>
            <line num="196" count="0" type="stmt"/>
            <line num="200" count="33" type="stmt"/>
            <line complexity="1" visibility="public" signature="getRequiredOptions() : List" num="209" count="297" type="method"/>
            <line num="211" count="297" type="stmt"/>
            <line complexity="2" visibility="public" signature="getOption(String) : Option" num="220" count="1590" type="method"/>
            <line num="222" count="1590" type="stmt"/>
            <line num="224" count="1590" type="stmt"/>
            <line falsecount="129" truecount="1461" num="224" type="cond"/>
            <line num="226" count="1461" type="stmt"/>
            <line num="229" count="129" type="stmt"/>
            <line complexity="1" visibility="public" signature="hasOption(String) : boolean" num="240" count="2340" type="method"/>
            <line num="242" count="2340" type="stmt"/>
            <line num="244" count="2340" type="stmt"/>
            <line complexity="1" visibility="public" signature="getOptionGroup(Option) : OptionGroup" num="255" count="870" type="method"/>
            <line num="257" count="870" type="stmt"/>
            <line complexity="1" visibility="public" signature="toString() : String" num="265" count="0" type="method"/>
            <line num="267" count="0" type="stmt"/>
            <line num="269" count="0" type="stmt"/>
            <line num="270" count="0" type="stmt"/>
            <line num="271" count="0" type="stmt"/>
            <line num="272" count="0" type="stmt"/>
            <line num="273" count="0" type="stmt"/>
            <line num="275" count="0" type="stmt"/>
         </file>
         <file path="/home/sepehr/test_generation/all_projects_coverage/Cli1f/src/java/org/apache/commons/cli/OptionBuilder.java" name="OptionBuilder.java">
            <metrics coveredelements="77" coveredconditionals="3" complexity="22" loc="372" coveredmethods="20" methods="20" elements="79" classes="1" ncloc="131" statements="55" conditionals="4" coveredstatements="54"/>
            <class name="OptionBuilder">
               <metrics coveredelements="77" coveredconditionals="3" complexity="22" coveredmethods="20" methods="20" elements="79" statements="55" conditionals="4" coveredstatements="54"/>
            </class>
            <line complexity="1" visibility="private" signature="OptionBuilder()" num="60" count="11" type="method"/>
            <line complexity="1" visibility="private" signature="reset() : void" num="68" count="606" type="method"/>
            <line num="70" count="606" type="stmt"/>
            <line num="71" count="606" type="stmt"/>
            <line num="72" count="606" type="stmt"/>
            <line num="73" count="606" type="stmt"/>
            <line num="74" count="606" type="stmt"/>
            <line num="75" count="606" type="stmt"/>
            <line num="79" count="606" type="stmt"/>
            <line num="80" count="606" type="stmt"/>
            <line complexity="1" visibility="public" signature="withLongOpt(String) : OptionBuilder" num="89" count="336" type="method"/>
            <line num="91" count="336" type="stmt"/>
            <line num="93" count="336" type="stmt"/>
            <line complexity="1" visibility="public" signature="hasArg() : OptionBuilder" num="101" count="39" type="method"/>
            <line num="103" count="39" type="stmt"/>
            <line num="105" count="39" type="stmt"/>
            <line complexity="2" visibility="public" signature="hasArg(boolean) : OptionBuilder" num="115" count="24" type="method"/>
            <line num="117" count="24" type="stmt"/>
            <line falsecount="6" truecount="18" num="117" type="cond"/>
            <line num="119" count="24" type="stmt"/>
            <line complexity="1" visibility="public" signature="withArgName(String) : OptionBuilder" num="129" count="3" type="method"/>
            <line num="131" count="3" type="stmt"/>
            <line num="133" count="3" type="stmt"/>
            <line complexity="1" visibility="public" signature="isRequired() : OptionBuilder" num="141" count="18" type="method"/>
            <line num="143" count="18" type="stmt"/>
            <line num="145" count="18" type="stmt"/>
            <line complexity="1" visibility="public" signature="withValueSeparator(char) : OptionBuilder" num="166" count="99" type="method"/>
            <line num="168" count="99" type="stmt"/>
            <line num="170" count="99" type="stmt"/>
            <line complexity="1" visibility="public" signature="withValueSeparator() : OptionBuilder" num="189" count="24" type="method"/>
            <line num="191" count="24" type="stmt"/>
            <line num="193" count="24" type="stmt"/>
            <line complexity="1" visibility="public" signature="isRequired(boolean) : OptionBuilder" num="203" count="24" type="method"/>
            <line num="205" count="24" type="stmt"/>
            <line num="207" count="24" type="stmt"/>
            <line complexity="1" visibility="public" signature="hasArgs() : OptionBuilder" num="215" count="150" type="method"/>
            <line num="217" count="150" type="stmt"/>
            <line num="219" count="150" type="stmt"/>
            <line complexity="1" visibility="public" signature="hasArgs(int) : OptionBuilder" num="229" count="45" type="method"/>
            <line num="231" count="45" type="stmt"/>
            <line num="233" count="45" type="stmt"/>
            <line complexity="1" visibility="public" signature="hasOptionalArg() : OptionBuilder" num="241" count="102" type="method"/>
            <line num="243" count="102" type="stmt"/>
            <line num="244" count="102" type="stmt"/>
            <line num="246" count="102" type="stmt"/>
            <line complexity="1" visibility="public" signature="hasOptionalArgs() : OptionBuilder" num="255" count="96" type="method"/>
            <line num="257" count="96" type="stmt"/>
            <line num="258" count="96" type="stmt"/>
            <line num="260" count="96" type="stmt"/>
            <line complexity="1" visibility="public" signature="hasOptionalArgs(int) : OptionBuilder" num="271" count="96" type="method"/>
            <line num="273" count="96" type="stmt"/>
            <line num="274" count="96" type="stmt"/>
            <line num="276" count="96" type="stmt"/>
            <line complexity="1" visibility="public" signature="withType(Object) : OptionBuilder" num="286" count="30" type="method"/>
            <line num="288" count="30" type="stmt"/>
            <line num="290" count="30" type="stmt"/>
            <line complexity="1" visibility="public" signature="withDescription(String) : OptionBuilder" num="299" count="204" type="method"/>
            <line num="301" count="204" type="stmt"/>
            <line num="303" count="204" type="stmt"/>
            <line complexity="1" visibility="public" signature="create(char) : Option" num="315" count="429" type="method"/>
            <line num="318" count="429" type="stmt"/>
            <line complexity="2" visibility="public" signature="create() : Option" num="328" count="156" type="method"/>
            <line num="331" count="156" type="stmt"/>
            <line falsecount="156" truecount="0" num="331" type="cond"/>
            <line num="333" count="0" type="stmt"/>
            <line num="336" count="156" type="stmt"/>
            <line complexity="1" visibility="public" signature="create(String) : Option" num="349" count="612" type="method"/>
            <line num="353" count="612" type="stmt"/>
            <line num="357" count="606" type="stmt"/>
            <line num="358" count="606" type="stmt"/>
            <line num="359" count="606" type="stmt"/>
            <line num="360" count="606" type="stmt"/>
            <line num="361" count="606" type="stmt"/>
            <line num="362" count="606" type="stmt"/>
            <line num="363" count="606" type="stmt"/>
            <line num="367" count="606" type="stmt"/>
            <line num="370" count="606" type="stmt"/>
         </file>
         <file path="/home/sepehr/test_generation/all_projects_coverage/Cli1f/src/java/org/apache/commons/cli/Parser.java" name="Parser.java">
            <metrics coveredelements="139" coveredconditionals="52" complexity="43" loc="406" coveredmethods="8" methods="8" elements="142" classes="1" ncloc="207" statements="80" conditionals="54" coveredstatements="79"/>
            <class name="Parser">
               <metrics coveredelements="139" coveredconditionals="52" complexity="43" coveredmethods="8" methods="8" elements="142" statements="80" conditionals="54" coveredstatements="79"/>
            </class>
            <line complexity="1" visibility="public" signature="parse(Options,String[]) : CommandLine" num="67" count="249" type="method"/>
            <line num="70" count="249" type="stmt"/>
            <line complexity="1" visibility="public" signature="parse(Options,String[],Properties) : CommandLine" num="85" count="24" type="method"/>
            <line num="89" count="24" type="stmt"/>
            <line complexity="1" visibility="public" signature="parse(Options,String[],boolean) : CommandLine" num="107" count="24" type="method"/>
            <line num="111" count="24" type="stmt"/>
            <line complexity="13" visibility="public" signature="parse(Options,String[],Properties,boolean) : CommandLine" num="129" count="297" type="method"/>
            <line num="134" count="297" type="stmt"/>
            <line num="135" count="297" type="stmt"/>
            <line num="136" count="297" type="stmt"/>
            <line num="138" count="297" type="stmt"/>
            <line num="140" count="297" type="stmt"/>
            <line falsecount="279" truecount="18" num="140" type="cond"/>
            <line num="142" count="18" type="stmt"/>
            <line num="145" count="297" type="stmt"/>
            <line num="149" count="297" type="stmt"/>
            <line num="152" count="297" type="stmt"/>
            <line falsecount="276" truecount="978" num="152" type="cond"/>
            <line num="154" count="978" type="stmt"/>
            <line num="157" count="978" type="stmt"/>
            <line falsecount="963" truecount="15" num="157" type="cond"/>
            <line num="159" count="15" type="stmt"/>
            <line num="163" count="963" type="stmt"/>
            <line falsecount="957" truecount="6" num="163" type="cond"/>
            <line num="165" count="6" type="stmt"/>
            <line falsecount="6" truecount="0" num="165" type="cond"/>
            <line num="167" count="0" type="stmt"/>
            <line num="171" count="6" type="stmt"/>
            <line num="176" count="957" type="stmt"/>
            <line falsecount="132" truecount="825" num="176" type="cond"/>
            <line num="178" count="825" type="stmt"/>
            <line falsecount="822" truecount="3" num="178" type="cond"/>
            <line num="180" count="3" type="stmt"/>
            <line num="181" count="3" type="stmt"/>
            <line num="185" count="822" type="stmt"/>
            <line num="192" count="132" type="stmt"/>
            <line num="194" count="132" type="stmt"/>
            <line falsecount="123" truecount="9" num="194" type="cond"/>
            <line num="196" count="9" type="stmt"/>
            <line num="201" count="957" type="stmt"/>
            <line falsecount="930" truecount="27" num="201" type="cond"/>
            <line num="203" count="27" type="stmt"/>
            <line falsecount="27" truecount="54" num="203" type="cond"/>
            <line num="205" count="54" type="stmt"/>
            <line num="208" count="54" type="stmt"/>
            <line falsecount="0" truecount="54" num="208" type="cond"/>
            <line num="210" count="54" type="stmt"/>
            <line num="216" count="276" type="stmt"/>
            <line num="217" count="276" type="stmt"/>
            <line num="219" count="267" type="stmt"/>
            <line complexity="11" visibility="private" signature="processProperties(Properties) : void" num="228" count="276" type="method"/>
            <line num="230" count="276" type="stmt"/>
            <line falsecount="24" truecount="252" num="230" type="cond"/>
            <line num="232" count="252" type="stmt"/>
            <line num="235" count="24" type="stmt"/>
            <line falsecount="15" truecount="36" num="235" type="cond"/>
            <line num="237" count="36" type="stmt"/>
            <line num="239" count="36" type="stmt"/>
            <line falsecount="3" truecount="33" num="239" type="cond"/>
            <line num="241" count="33" type="stmt"/>
            <line num="244" count="33" type="stmt"/>
            <line num="246" count="33" type="stmt"/>
            <line falsecount="18" truecount="15" num="246" type="cond"/>
            <line num="248" count="15" type="stmt"/>
            <line falsecount="3" truecount="12" num="248" type="cond"/>
            <line num="251" count="12" type="stmt"/>
            <line num="253" count="12" type="stmt"/>
            <line num="261" count="18" type="stmt"/>
            <line falsecount="9" truecount="9" num="261" type="cond"/>
            <line num="267" count="9" type="stmt"/>
            <line num="270" count="24" type="stmt"/>
            <line complexity="3" visibility="private" signature="checkRequiredOptions() : void" num="282" count="276" type="method"/>
            <line num="287" count="276" type="stmt"/>
            <line falsecount="267" truecount="9" num="287" type="cond"/>
            <line num="289" count="9" type="stmt"/>
            <line num="290" count="9" type="stmt"/>
            <line num="293" count="9" type="stmt"/>
            <line falsecount="9" truecount="9" num="293" type="cond"/>
            <line num="295" count="9" type="stmt"/>
            <line num="298" count="9" type="stmt"/>
            <line complexity="7" visibility="public" signature="processArgs(Option,ListIterator) : void" num="314" count="474" type="method"/>
            <line num="318" count="474" type="stmt"/>
            <line falsecount="147" truecount="831" num="318" type="cond"/>
            <line num="320" count="831" type="stmt"/>
            <line num="323" count="831" type="stmt"/>
            <line falsecount="549" truecount="282" num="323" type="cond"/>
            <line num="325" count="282" type="stmt"/>
            <line num="326" count="282" type="stmt"/>
            <line num="330" count="549" type="stmt"/>
            <line num="332" count="549" type="stmt"/>
            <line num="336" count="45" type="stmt"/>
            <line num="337" count="45" type="stmt"/>
            <line num="341" count="474" type="stmt"/>
            <line falsecount="465" truecount="9" num="341" type="cond"/>
            <line num="343" count="9" type="stmt"/>
            <line complexity="6" visibility="private" signature="processOption(String,ListIterator) : void" num="360" count="822" type="method"/>
            <line num="363" count="822" type="stmt"/>
            <line num="366" count="822" type="stmt"/>
            <line falsecount="816" truecount="6" num="366" type="cond"/>
            <line num="368" count="6" type="stmt"/>
            <line num="373" count="816" type="stmt"/>
            <line num="377" count="816" type="stmt"/>
            <line falsecount="804" truecount="12" num="377" type="cond"/>
            <line num="379" count="12" type="stmt"/>
            <line num="384" count="816" type="stmt"/>
            <line falsecount="771" truecount="45" num="384" type="cond"/>
            <line num="386" count="45" type="stmt"/>
            <line num="388" count="45" type="stmt"/>
            <line falsecount="39" truecount="6" num="388" type="cond"/>
            <line num="390" count="6" type="stmt"/>
            <line num="393" count="45" type="stmt"/>
            <line num="397" count="810" type="stmt"/>
            <line falsecount="336" truecount="474" num="397" type="cond"/>
            <line num="399" count="474" type="stmt"/>
            <line num="404" count="801" type="stmt"/>
         </file>
         <file path="/home/sepehr/test_generation/all_projects_coverage/Cli1f/src/java/org/apache/commons/cli/AlreadySelectedException.java" name="AlreadySelectedException.java">
            <metrics coveredelements="2" coveredconditionals="0" complexity="1" loc="38" coveredmethods="1" methods="1" elements="2" classes="1" ncloc="7" statements="1" conditionals="0" coveredstatements="1"/>
            <class name="AlreadySelectedException">
               <metrics coveredelements="2" coveredconditionals="0" complexity="1" coveredmethods="1" methods="1" elements="2" statements="1" conditionals="0" coveredstatements="1"/>
            </class>
            <line complexity="1" visibility="public" signature="AlreadySelectedException(String)" num="34" count="6" type="method"/>
            <line num="36" count="6" type="stmt"/>
         </file>
         <file path="/home/sepehr/test_generation/all_projects_coverage/Cli1f/src/java/org/apache/commons/cli/BasicParser.java" name="BasicParser.java">
            <metrics coveredelements="0" coveredconditionals="0" complexity="1" loc="46" coveredmethods="0" methods="1" elements="2" classes="1" ncloc="7" statements="1" conditionals="0" coveredstatements="0"/>
            <class name="BasicParser">
               <metrics coveredelements="0" coveredconditionals="0" complexity="1" coveredmethods="0" methods="1" elements="2" statements="1" conditionals="0" coveredstatements="0"/>
            </class>
            <line complexity="1" visibility="protected" signature="flatten(Options,String[],boolean) : String[]" num="40" count="0" type="method"/>
            <line num="44" count="0" type="stmt"/>
         </file>
         <file path="/home/sepehr/test_generation/all_projects_coverage/Cli1f/src/java/org/apache/commons/cli/CommandLineParser.java" name="CommandLineParser.java">
            <metrics coveredelements="0" coveredconditionals="0" complexity="0" loc="90" coveredmethods="0" methods="0" elements="0" classes="1" ncloc="14" statements="0" conditionals="0" coveredstatements="0"/>
            <class name="CommandLineParser">
               <metrics coveredelements="0" coveredconditionals="0" complexity="0" coveredmethods="0" methods="0" elements="0" statements="0" conditionals="0" coveredstatements="0"/>
            </class>
         </file>
         <file path="/home/sepehr/test_generation/all_projects_coverage/Cli1f/src/java/org/apache/commons/cli/UnrecognizedOptionException.java" name="UnrecognizedOptionException.java">
            <metrics coveredelements="2" coveredconditionals="0" complexity="1" loc="38" coveredmethods="1" methods="1" elements="2" classes="1" ncloc="7" statements="1" conditionals="0" coveredstatements="1"/>
            <class name="UnrecognizedOptionException">
               <metrics coveredelements="2" coveredconditionals="0" complexity="1" coveredmethods="1" methods="1" elements="2" statements="1" conditionals="0" coveredstatements="1"/>
            </class>
            <line complexity="1" visibility="public" signature="UnrecognizedOptionException(String)" num="34" count="6" type="method"/>
            <line num="36" count="6" type="stmt"/>
         </file>
         <file path="/home/sepehr/test_generation/all_projects_coverage/Cli1f/src/java/org/apache/commons/cli/Util.java" name="Util.java">
            <metrics coveredelements="20" coveredconditionals="8" complexity="6" loc="66" coveredmethods="2" methods="2" elements="20" classes="1" ncloc="24" statements="10" conditionals="8" coveredstatements="10"/>
            <class name="Util">
               <metrics coveredelements="20" coveredconditionals="8" complexity="6" coveredmethods="2" methods="2" elements="20" statements="10" conditionals="8" coveredstatements="10"/>
            </class>
            <line complexity="3" visibility="package" signature="stripLeadingHyphens(String) : String" num="33" count="4707" type="method"/>
            <line num="35" count="4707" type="stmt"/>
            <line falsecount="4164" truecount="543" num="35" type="cond"/>
            <line num="37" count="543" type="stmt"/>
            <line num="39" count="4164" type="stmt"/>
            <line falsecount="1602" truecount="2562" num="39" type="cond"/>
            <line num="41" count="2562" type="stmt"/>
            <line num="44" count="1602" type="stmt"/>
            <line complexity="3" visibility="package" signature="stripLeadingAndTrailingQuotes(String) : String" num="56" count="549" type="method"/>
            <line num="58" count="549" type="stmt"/>
            <line falsecount="546" truecount="3" num="58" type="cond"/>
            <line num="59" count="3" type="stmt"/>
            <line num="61" count="549" type="stmt"/>
            <line falsecount="546" truecount="3" num="61" type="cond"/>
            <line num="62" count="3" type="stmt"/>
            <line num="64" count="549" type="stmt"/>
         </file>
         <file path="/home/sepehr/test_generation/all_projects_coverage/Cli1f/src/java/org/apache/commons/cli/Option.java" name="Option.java">
            <metrics coveredelements="128" coveredconditionals="28" complexity="63" loc="634" coveredmethods="35" methods="39" elements="167" classes="1" ncloc="255" statements="86" conditionals="42" coveredstatements="65"/>
            <class name="Option">
               <metrics coveredelements="128" coveredconditionals="28" complexity="63" coveredmethods="35" methods="39" elements="167" statements="86" conditionals="42" coveredstatements="65"/>
            </class>
            <line complexity="1" visibility="public" signature="Option(String,String)" num="89" count="609" type="method"/>
            <line num="92" count="609" type="stmt"/>
            <line complexity="1" visibility="public" signature="Option(String,boolean,String)" num="105" count="6" type="method"/>
            <line num="108" count="6" type="stmt"/>
            <line complexity="2" visibility="public" signature="Option(String,String,boolean,String)" num="122" count="1461" type="method"/>
            <line num="127" count="1461" type="stmt"/>
            <line num="129" count="1455" type="stmt"/>
            <line num="130" count="1455" type="stmt"/>
            <line num="133" count="1455" type="stmt"/>
            <line falsecount="1215" truecount="240" num="133" type="cond"/>
            <line num="135" count="240" type="stmt"/>
            <line num="138" count="1455" type="stmt"/>
            <line num="139" count="1455" type="stmt"/>
            <line complexity="1" visibility="public" signature="getId() : int" num="149" count="6" type="method"/>
            <line num="151" count="6" type="stmt"/>
            <line complexity="2" visibility="package" signature="getKey() : String" num="159" count="2730" type="method"/>
            <line num="162" count="2730" type="stmt"/>
            <line falsecount="2352" truecount="378" num="162" type="cond"/>
            <line num="164" count="378" type="stmt"/>
            <line num="167" count="2352" type="stmt"/>
            <line complexity="1" visibility="public" signature="getOpt() : String" num="180" count="2130" type="method"/>
            <line num="182" count="2130" type="stmt"/>
            <line complexity="1" visibility="public" signature="getType() : Object" num="190" count="45" type="method"/>
            <line num="192" count="45" type="stmt"/>
            <line complexity="1" visibility="public" signature="setType(Object) : void" num="200" count="606" type="method"/>
            <line num="202" count="606" type="stmt"/>
            <line complexity="1" visibility="public" signature="getLongOpt() : String" num="210" count="2388" type="method"/>
            <line num="212" count="2388" type="stmt"/>
            <line complexity="1" visibility="public" signature="setLongOpt(String) : void" num="220" count="606" type="method"/>
            <line num="222" count="606" type="stmt"/>
            <line complexity="1" visibility="public" signature="setOptionalArg(boolean) : void" num="231" count="606" type="method"/>
            <line num="233" count="606" type="stmt"/>
            <line complexity="1" visibility="public" signature="hasOptionalArg() : boolean" num="239" count="21" type="method"/>
            <line num="241" count="21" type="stmt"/>
            <line complexity="1" visibility="public" signature="hasLongOpt() : boolean" num="249" count="1458" type="method"/>
            <line num="251" count="1458" type="stmt"/>
            <line complexity="1" visibility="public" signature="hasArg() : boolean" num="259" count="1143" type="method"/>
            <line num="261" count="1143" type="stmt"/>
            <line complexity="1" visibility="public" signature="getDescription() : String" num="269" count="93" type="method"/>
            <line num="271" count="93" type="stmt"/>
            <line complexity="1" visibility="public" signature="setDescription(String) : void" num="279" count="0" type="method"/>
            <line num="281" count="0" type="stmt"/>
            <line complexity="1" visibility="public" signature="isRequired() : boolean" num="289" count="2265" type="method"/>
            <line num="291" count="2265" type="stmt"/>
            <line complexity="1" visibility="public" signature="setRequired(boolean) : void" num="299" count="801" type="method"/>
            <line num="301" count="801" type="stmt"/>
            <line complexity="1" visibility="public" signature="setArgName(String) : void" num="309" count="606" type="method"/>
            <line num="311" count="606" type="stmt"/>
            <line complexity="1" visibility="public" signature="getArgName() : String" num="319" count="3" type="method"/>
            <line num="321" count="3" type="stmt"/>
            <line complexity="1" visibility="public" signature="hasArgName() : boolean" num="331" count="3" type="method"/>
            <line num="333" count="3" type="stmt"/>
            <line complexity="1" visibility="public" signature="hasArgs() : boolean" num="341" count="9" type="method"/>
            <line num="343" count="9" type="stmt"/>
            <line complexity="1" visibility="public" signature="setArgs(int) : void" num="352" count="609" type="method"/>
            <line num="354" count="609" type="stmt"/>
            <line complexity="1" visibility="public" signature="setValueSeparator(char) : void" num="363" count="606" type="method"/>
            <line num="365" count="606" type="stmt"/>
            <line complexity="1" visibility="public" signature="getValueSeparator() : char" num="373" count="123" type="method"/>
            <line num="375" count="123" type="stmt"/>
            <line complexity="1" visibility="public" signature="hasValueSeparator() : boolean" num="383" count="561" type="method"/>
            <line num="385" count="561" type="stmt"/>
            <line complexity="1" visibility="public" signature="getArgs() : int" num="393" count="3" type="method"/>
            <line num="395" count="3" type="stmt"/>
            <line complexity="2" visibility="package" signature="addValue(String) : void" num="403" count="561" type="method"/>
            <line num="405" count="561" type="stmt"/>
            <line num="407" count="0" type="stmt"/>
            <line num="408" count="0" type="stmt"/>
            <line num="410" count="561" type="stmt"/>
            <line num="411" count="561" type="stmt"/>
            <line complexity="4" visibility="private" signature="processValue(String) : void" num="426" count="561" type="method"/>
            <line num="429" count="561" type="stmt"/>
            <line falsecount="438" truecount="123" num="429" type="cond"/>
            <line num="432" count="123" type="stmt"/>
            <line num="435" count="123" type="stmt"/>
            <line num="438" count="123" type="stmt"/>
            <line falsecount="123" truecount="123" num="438" type="cond"/>
            <line num="441" count="123" type="stmt"/>
            <line falsecount="123" truecount="0" num="441" type="cond"/>
            <line num="443" count="0" type="stmt"/>
            <line num="448" count="123" type="stmt"/>
            <line num="452" count="123" type="stmt"/>
            <line num="456" count="123" type="stmt"/>
            <line num="462" count="561" type="stmt"/>
            <line complexity="3" visibility="private" signature="add(String) : void" num="474" count="684" type="method"/>
            <line num="476" count="684" type="stmt"/>
            <line falsecount="639" truecount="45" num="476" type="cond"/>
            <line num="478" count="45" type="stmt"/>
            <line num="483" count="639" type="stmt"/>
            <line complexity="2" visibility="public" signature="getValue() : String" num="493" count="3" type="method"/>
            <line num="495" count="3" type="stmt"/>
            <line falsecount="3" truecount="0" num="495" type="cond"/>
            <line complexity="2" visibility="public" signature="getValue(int) : String" num="510" count="15" type="method"/>
            <line num="513" count="15" type="stmt"/>
            <line falsecount="15" truecount="0" num="513" type="cond"/>
            <line complexity="2" visibility="public" signature="getValue(String) : String" num="526" count="0" type="method"/>
            <line num="528" count="0" type="stmt"/>
            <line num="530" count="0" type="stmt"/>
            <line falsecount="0" truecount="0" num="530" type="cond"/>
            <line complexity="2" visibility="public" signature="getValues() : String[]" num="540" count="777" type="method"/>
            <line num="542" count="777" type="stmt"/>
            <line falsecount="726" truecount="51" num="542" type="cond"/>
            <line complexity="1" visibility="public" signature="getValuesList() : java.util.List" num="550" count="0" type="method"/>
            <line num="552" count="0" type="stmt"/>
            <line complexity="4" visibility="public" signature="toString() : String" num="560" count="0" type="method"/>
            <line num="562" count="0" type="stmt"/>
            <line num="564" count="0" type="stmt"/>
            <line num="566" count="0" type="stmt"/>
            <line falsecount="0" truecount="0" num="566" type="cond"/>
            <line num="568" count="0" type="stmt"/>
            <line num="571" count="0" type="stmt"/>
            <line num="573" count="0" type="stmt"/>
            <line falsecount="0" truecount="0" num="573" type="cond"/>
            <line num="575" count="0" type="stmt"/>
            <line num="578" count="0" type="stmt"/>
            <line num="580" count="0" type="stmt"/>
            <line falsecount="0" truecount="0" num="580" type="cond"/>
            <line num="582" count="0" type="stmt"/>
            <line num="585" count="0" type="stmt"/>
            <line num="587" count="0" type="stmt"/>
[...]
            <line num="90" count="3" type="stmt"/>
            <line num="94" count="0" type="stmt"/>
            <line complexity="3" visibility="public" signature="testMissingRequiredOption() : void" num="98" testsuccess="true" count="3" testduration="0.0" type="method"/>
            <line num="100" count="3" type="stmt"/>
            <line num="102" count="3" type="stmt"/>
            <line num="104" count="3" type="stmt"/>
            <line num="105" count="0" type="stmt"/>
            <line num="109" count="3" type="stmt"/>
            <line falsecount="3" truecount="0" num="109" type="cond"/>
            <line num="111" count="0" type="stmt"/>
         </file>
         <file path="/home/sepehr/test_generation/all_projects_coverage/Cli1f/src/test/org/apache/commons/cli/LongOptionWithShort.java" name="LongOptionWithShort.java">
            <metrics coveredelements="0" coveredconditionals="0" complexity="4" loc="113" coveredmethods="0" methods="3" elements="35" classes="1" ncloc="73" statements="32" conditionals="0" coveredstatements="0"/>
            <class name="LongOptionWithShort">
               <metrics coveredelements="0" coveredconditionals="0" complexity="4" coveredmethods="0" methods="3" elements="35" statements="32" conditionals="0" coveredstatements="0"/>
            </class>
            <line complexity="1" visibility="public" signature="LongOptionWithShort(String)" num="31" count="0" type="method"/>
            <line num="32" count="0" type="stmt"/>
            <line complexity="1" visibility="public" signature="suite() : Test" num="35" count="0" type="method"/>
            <line num="36" count="0" type="stmt"/>
            <line complexity="2" visibility="public" signature="testLongOptionWithShort() : void" num="42" count="0" type="method"/>
            <line num="43" count="0" type="stmt"/>
            <line num="44" count="0" type="stmt"/>
            <line num="46" count="0" type="stmt"/>
            <line num="48" count="0" type="stmt"/>
            <line num="51" count="0" type="stmt"/>
            <line num="56" count="0" type="stmt"/>
            <line num="61" count="0" type="stmt"/>
            <line num="66" count="0" type="stmt"/>
            <line num="71" count="0" type="stmt"/>
            <line num="76" count="0" type="stmt"/>
            <line num="77" count="0" type="stmt"/>
            <line num="78" count="0" type="stmt"/>
            <line num="79" count="0" type="stmt"/>
            <line num="80" count="0" type="stmt"/>
            <line num="81" count="0" type="stmt"/>
            <line num="82" count="0" type="stmt"/>
            <line num="83" count="0" type="stmt"/>
            <line num="84" count="0" type="stmt"/>
            <line num="85" count="0" type="stmt"/>
            <line num="88" count="0" type="stmt"/>
            <line num="90" count="0" type="stmt"/>
            <line num="100" count="0" type="stmt"/>
            <line num="101" count="0" type="stmt"/>
            <line num="102" count="0" type="stmt"/>
            <line num="103" count="0" type="stmt"/>
            <line num="104" count="0" type="stmt"/>
            <line num="105" count="0" type="stmt"/>
            <line num="106" count="0" type="stmt"/>
            <line num="107" count="0" type="stmt"/>
            <line num="110" count="0" type="stmt"/>
         </file>
         <file path="/home/sepehr/test_generation/all_projects_coverage/Cli1f/src/test/org/apache/commons/cli/OptionsTest.java" name="OptionsTest.java">
            <metrics coveredelements="30" coveredconditionals="0" complexity="5" loc="99" coveredmethods="5" methods="5" elements="30" classes="1" ncloc="58" statements="25" conditionals="0" coveredstatements="25"/>
            <class name="OptionsTest">
               <metrics coveredelements="30" complexity="5" methods="5" testruns="3" statements="25" coveredconditionals="0" coveredmethods="5" elements="30" testfailures="0" testduration="0.003" conditionals="0" coveredstatements="25" testpasses="3"/>
            </class>
            <line complexity="1" visibility="public" signature="suite() : Test" num="32" count="3" type="method"/>
            <line num="34" count="3" type="stmt"/>
            <line complexity="1" visibility="public" signature="OptionsTest(String)" num="37" count="3" type="method"/>
            <line num="39" count="3" type="stmt"/>
            <line complexity="1" visibility="public" signature="setUp() : void" num="42" count="3" type="method"/>
            <line complexity="1" visibility="public" signature="tearDown() : void" num="46" count="3" type="method"/>
            <line complexity="1" visibility="public" signature="testHelpOptions() : void" num="50" testsuccess="true" count="3" testduration="0.0" type="method"/>
            <line num="52" count="3" type="stmt"/>
            <line num="56" count="3" type="stmt"/>
            <line num="60" count="3" type="stmt"/>
            <line num="63" count="3" type="stmt"/>
            <line num="66" count="3" type="stmt"/>
            <line num="70" count="3" type="stmt"/>
            <line num="74" count="3" type="stmt"/>
            <line num="75" count="3" type="stmt"/>
            <line num="76" count="3" type="stmt"/>
            <line num="77" count="3" type="stmt"/>
            <line num="78" count="3" type="stmt"/>
            <line num="79" count="3" type="stmt"/>
            <line num="80" count="3" type="stmt"/>
            <line num="82" count="3" type="stmt"/>
            <line num="83" count="3" type="stmt"/>
            <line num="84" count="3" type="stmt"/>
            <line num="85" count="3" type="stmt"/>
            <line num="86" count="3" type="stmt"/>
            <line num="87" count="3" type="stmt"/>
            <line num="88" count="3" type="stmt"/>
            <line num="90" count="3" type="stmt"/>
            <line num="92" count="3" type="stmt"/>
            <line num="93" count="3" type="stmt"/>
         </file>
         <file path="/home/sepehr/test_generation/all_projects_coverage/Cli1f/src/test/org/apache/commons/cli/ApplicationTest.java" name="ApplicationTest.java">
            <metrics coveredelements="45" coveredconditionals="0" complexity="6" loc="130" coveredmethods="4" methods="4" elements="47" classes="1" ncloc="72" statements="43" conditionals="0" coveredstatements="41"/>
            <class name="ApplicationTest">
               <metrics coveredelements="45" complexity="6" methods="4" testruns="6" statements="43" coveredconditionals="0" coveredmethods="4" elements="47" testfailures="0" testduration="0.040999999999999995" conditionals="0" coveredstatements="41" testpasses="6"/>
            </class>
            <line complexity="1" visibility="public" signature="suite() : Test" num="39" count="3" type="method"/>
            <line num="40" count="3" type="stmt"/>
            <line complexity="1" visibility="public" signature="ApplicationTest(String)" num="43" count="6" type="method"/>
            <line num="45" count="6" type="stmt"/>
            <line complexity="2" visibility="public" signature="testLs() : void" num="51" testsuccess="true" count="3" testduration="0.001" type="method"/>
            <line num="53" count="3" type="stmt"/>
            <line num="54" count="3" type="stmt"/>
            <line num="55" count="3" type="stmt"/>
            <line num="56" count="3" type="stmt"/>
            <line num="57" count="3" type="stmt"/>
            <line num="58" count="3" type="stmt"/>
            <line num="63" count="3" type="stmt"/>
            <line num="64" count="3" type="stmt"/>
            <line num="65" count="3" type="stmt"/>
            <line num="67" count="3" type="stmt"/>
            <line num="69" count="3" type="stmt"/>
            <line num="70" count="3" type="stmt"/>
            <line num="71" count="3" type="stmt"/>
            <line num="72" count="3" type="stmt"/>
            <line num="75" count="0" type="stmt"/>
            <line complexity="2" visibility="public" signature="testAnt() : void" num="82" testsuccess="true" count="3" testduration="0.013" type="method"/>
            <line num="84" count="3" type="stmt"/>
            <line num="85" count="3" type="stmt"/>
            <line num="86" count="3" type="stmt"/>
            <line num="87" count="3" type="stmt"/>
            <line num="88" count="3" type="stmt"/>
            <line num="89" count="3" type="stmt"/>
            <line num="90" count="3" type="stmt"/>
            <line num="91" count="3" type="stmt"/>
            <line num="92" count="3" type="stmt"/>
            <line num="93" count="3" type="stmt"/>
            <line num="94" count="3" type="stmt"/>
            <line num="95" count="3" type="stmt"/>
            <line num="96" count="3" type="stmt"/>
            <line num="97" count="3" type="stmt"/>
            <line num="102" count="3" type="stmt"/>
            <line num="104" count="3" type="stmt"/>
            <line num="108" count="3" type="stmt"/>
            <line num="109" count="3" type="stmt"/>
            <line num="112" count="3" type="stmt"/>
            <line num="113" count="3" type="stmt"/>
            <line num="114" count="3" type="stmt"/>
            <line num="115" count="3" type="stmt"/>
            <line num="116" count="3" type="stmt"/>
            <line num="119" count="3" type="stmt"/>
            <line num="122" count="3" type="stmt"/>
            <line num="125" count="0" type="stmt"/>
         </file>
         <file path="/home/sepehr/test_generation/all_projects_coverage/Cli1f/src/test/org/apache/commons/cli/ParseTest.java" name="ParseTest.java">
            <metrics coveredelements="94" coveredconditionals="0" complexity="26" loc="290" coveredmethods="14" methods="14" elements="108" classes="1" ncloc="230" statements="94" conditionals="0" coveredstatements="80"/>
            <class name="ParseTest">
               <metrics coveredelements="94" complexity="26" methods="14" testruns="30" statements="94" coveredconditionals="0" coveredmethods="14" elements="108" testfailures="0" testduration="0.008" conditionals="0" coveredstatements="80" testpasses="30"/>
            </class>
            <line complexity="1" visibility="public" signature="suite() : Test" num="28" count="3" type="method"/>
            <line num="29" count="3" type="stmt"/>
            <line complexity="1" visibility="public" signature="ParseTest(String)" num="32" count="30" type="method"/>
            <line num="34" count="30" type="stmt"/>
            <line complexity="1" visibility="public" signature="setUp() : void" num="37" count="30" type="method"/>
            <line num="39" count="30" type="stmt"/>
            <line num="53" count="30" type="stmt"/>
            <line complexity="1" visibility="public" signature="tearDown() : void" num="56" count="30" type="method"/>
            <line complexity="2" visibility="public" signature="testSimpleShort() : void" num="61" testsuccess="true" count="3" testduration="0.0" type="method"/>
            <line num="63" count="3" type="stmt"/>
            <line num="67" count="3" type="stmt"/>
            <line num="69" count="3" type="stmt"/>
            <line num="71" count="3" type="stmt"/>
            <line num="72" count="3" type="stmt"/>
            <line num="73" count="3" type="stmt"/>
            <line num="74" count="3" type="stmt"/>
            <line num="78" count="0" type="stmt"/>
            <line complexity="2" visibility="public" signature="testSimpleLong() : void" num="82" testsuccess="true" count="3" testduration="0.0" type="method"/>
            <line num="84" count="3" type="stmt"/>
            <line num="88" count="3" type="stmt"/>
            <line num="90" count="3" type="stmt"/>
            <line num="92" count="3" type="stmt"/>
            <line num="93" count="3" type="stmt"/>
            <line num="94" count="3" type="stmt"/>
            <line num="95" count="3" type="stmt"/>
            <line num="96" count="3" type="stmt"/>
            <line num="100" count="0" type="stmt"/>
            <line complexity="2" visibility="public" signature="testComplexShort() : void" num="104" testsuccess="true" count="3" testduration="0.0" type="method"/>
            <line num="106" count="3" type="stmt"/>
            <line num="109" count="3" type="stmt"/>
            <line num="111" count="3" type="stmt"/>
            <line num="113" count="3" type="stmt"/>
            <line num="114" count="3" type="stmt"/>
            <line num="115" count="3" type="stmt"/>
            <line num="116" count="3" type="stmt"/>
            <line num="117" count="3" type="stmt"/>
            <line num="121" count="0" type="stmt"/>
            <line complexity="3" visibility="public" signature="testExtraOption() : void" num="125" testsuccess="true" count="3" testduration="0.001" type="method"/>
            <line num="127" count="3" type="stmt"/>
            <line num="130" count="3" type="stmt"/>
            <line num="132" count="3" type="stmt"/>
            <line num="134" count="3" type="stmt"/>
            <line num="136" count="0" type="stmt"/>
            <line num="137" count="0" type="stmt"/>
            <line num="138" count="0" type="stmt"/>
            <line num="139" count="0" type="stmt"/>
            <line num="143" count="3" type="stmt"/>
            <line num="147" count="0" type="stmt"/>
            <line num="149" count="3" type="stmt"/>
            <line complexity="3" visibility="public" signature="testMissingArg() : void" num="152" testsuccess="true" count="3" testduration="0.0" type="method"/>
            <line num="155" count="3" type="stmt"/>
            <line num="157" count="3" type="stmt"/>
            <line num="159" count="3" type="stmt"/>
            <line num="161" count="3" type="stmt"/>
            <line num="165" count="3" type="stmt"/>
            <line num="169" count="0" type="stmt"/>
            <line num="172" count="3" type="stmt"/>
            <line complexity="2" visibility="public" signature="testStop() : void" num="175" testsuccess="true" count="3" testduration="0.001" type="method"/>
            <line num="177" count="3" type="stmt"/>
            <line num="181" count="3" type="stmt"/>
            <line num="183" count="3" type="stmt"/>
            <line num="184" count="3" type="stmt"/>
            <line num="185" count="3" type="stmt"/>
            <line num="189" count="0" type="stmt"/>
            <line complexity="2" visibility="public" signature="testMultiple() : void" num="193" testsuccess="true" count="3" testduration="0.0" type="method"/>
            <line num="195" count="3" type="stmt"/>
            <line num="199" count="3" type="stmt"/>
            <line num="201" count="3" type="stmt"/>
            <line num="202" count="3" type="stmt"/>
            <line num="203" count="3" type="stmt"/>
            <line num="205" count="3" type="stmt"/>
            <line num="207" count="3" type="stmt"/>
            <line num="208" count="3" type="stmt"/>
            <line num="209" count="3" type="stmt"/>
            <line num="210" count="3" type="stmt"/>
            <line num="211" count="3" type="stmt"/>
            <line num="215" count="0" type="stmt"/>
            <line complexity="2" visibility="public" signature="testMultipleWithLong() : void" num="219" testsuccess="true" count="3" testduration="0.0" type="method"/>
            <line num="221" count="3" type="stmt"/>
            <line num="225" count="3" type="stmt"/>
            <line num="227" count="3" type="stmt"/>
            <line num="229" count="3" type="stmt"/>
            <line num="230" count="3" type="stmt"/>
            <line num="232" count="3" type="stmt"/>
            <line num="234" count="3" type="stmt"/>
            <line num="235" count="3" type="stmt"/>
            <line num="236" count="3" type="stmt"/>
            <line num="237" count="3" type="stmt"/>
            <line num="238" count="3" type="stmt"/>
            <line num="242" count="0" type="stmt"/>
            <line complexity="2" visibility="public" signature="testDoubleDash() : void" num="246" testsuccess="true" count="3" testduration="0.0" type="method"/>
            <line num="248" count="3" type="stmt"/>
            <line num="252" count="3" type="stmt"/>
            <line num="254" count="3" type="stmt"/>
            <line num="256" count="3" type="stmt"/>
            <line num="257" count="3" type="stmt"/>
            <line num="258" count="3" type="stmt"/>
            <line num="263" count="0" type="stmt"/>
            <line complexity="2" visibility="public" signature="testSingleDash() : void" num="267" testsuccess="true" count="3" testduration="0.0" type="method"/>
            <line num="269" count="3" type="stmt"/>
            <line num="274" count="3" type="stmt"/>
            <line num="276" count="3" type="stmt"/>
            <line num="278" count="3" type="stmt"/>
            <line num="279" count="3" type="stmt"/>
            <line num="280" count="3" type="stmt"/>
            <line num="281" count="3" type="stmt"/>
            <line num="282" count="3" type="stmt"/>
            <line num="286" count="0" type="stmt"/>
         </file>
      </package>
      <package name="org.apache.commons.cli.bug">
         <metrics coveredelements="18" complexity="2" loc="94" methods="2" classes="2" statements="16" coveredconditionals="0" coveredmethods="2" elements="18" ncloc="46" files="2" conditionals="0" coveredstatements="16"/>
         <file path="/home/sepehr/test_generation/all_projects_coverage/Cli1f/src/test/org/apache/commons/cli/bug/BugCLI13Test.java" name="BugCLI13Test.java">
            <metrics coveredelements="10" coveredconditionals="0" complexity="1" loc="52" coveredmethods="1" methods="1" elements="10" classes="1" ncloc="30" statements="9" conditionals="0" coveredstatements="9"/>
            <class name="BugCLI13Test">
               <metrics coveredelements="10" complexity="1" methods="1" testruns="3" statements="9" coveredconditionals="0" coveredmethods="1" elements="10" testfailures="0" testduration="0.008" conditionals="0" coveredstatements="9" testpasses="3"/>
            </class>
            <line complexity="1" visibility="public" signature="testCLI13() : void" num="33" testsuccess="true" count="3" testduration="0.007" type="method"/>
            <line num="36" count="3" type="stmt"/>
            <line num="37" count="3" type="stmt"/>
            <line num="43" count="3" type="stmt"/>
            <line num="44" count="3" type="stmt"/>
            <line num="45" count="3" type="stmt"/>
            <line num="47" count="3" type="stmt"/>
            <line num="48" count="3" type="stmt"/>
            <line num="49" count="3" type="stmt"/>
            <line num="50" count="3" type="stmt"/>
         </file>
         <file path="/home/sepehr/test_generation/all_projects_coverage/Cli1f/src/test/org/apache/commons/cli/bug/BugCLI18Test.java" name="BugCLI18Test.java">
            <metrics coveredelements="8" coveredconditionals="0" complexity="1" loc="42" coveredmethods="1" methods="1" elements="8" classes="1" ncloc="16" statements="7" conditionals="0" coveredstatements="7"/>
            <class name="BugCLI18Test">
               <metrics coveredelements="8" complexity="1" methods="1" testruns="3" statements="7" coveredconditionals="0" coveredmethods="1" elements="8" testfailures="0" testduration="0.003" conditionals="0" coveredstatements="7" testpasses="3"/>
            </class>
            <line complexity="1" visibility="public" signature="testCLI18() : void" num="30" testsuccess="true" count="3" testduration="0.0" type="method"/>
            <line num="31" count="3" type="stmt"/>
            <line num="32" count="3" type="stmt"/>
            <line num="33" count="3" type="stmt"/>
            <line num="34" count="3" type="stmt"/>
            <line num="36" count="3" type="stmt"/>
            <line num="37" count="3" type="stmt"/>
            <line num="39" count="3" type="stmt"/>
         </file>
      </package>
   </testproject>
</coverage>