<?xml version="1.0" encoding="UTF-8"?>
<coverage generated="1659992916824" clover="4.4.1">
   <project name="Commons CSV 1.0-SNAPSHOT" timestamp="1659992913001">
      <metrics coveredelements="592" complexity="213" loc="1676" methods="78" classes="9" statements="404" packages="1" coveredconditionals="158" coveredmethods="74" elements="674" ncloc="804" files="8" conditionals="192" coveredstatements="360"/>
      <package name="org.apache.commons.csv">
         <metrics coveredelements="592" complexity="213" loc="1676" methods="78" classes="9" statements="404" coveredconditionals="158" coveredmethods="74" elements="674" ncloc="804" files="8" conditionals="192" coveredstatements="360"/>
         <file path="/home/sepehr/test_generation/all_projects_coverage/Csv1f/src/main/java/org/apache/commons/csv/CSVFormat.java" name="CSVFormat.java">
            <metrics coveredelements="93" coveredconditionals="18" complexity="42" loc="442" coveredmethods="24" methods="25" elements="120" classes="1" ncloc="188" statements="67" conditionals="28" coveredstatements="51"/>
            <class name="CSVFormat">
               <metrics coveredelements="93" coveredconditionals="18" complexity="42" coveredmethods="24" methods="25" elements="120" statements="67" conditionals="28" coveredstatements="51"/>
            </class>
            <line complexity="1" visibility="package" signature="CSVFormat(char,char,char,char,boolean,boolean,String,String[])" num="142" count="68" type="method"/>
            <line num="151" count="68" type="stmt"/>
            <line num="152" count="68" type="stmt"/>
            <line num="153" count="68" type="stmt"/>
            <line num="154" count="68" type="stmt"/>
            <line num="155" count="68" type="stmt"/>
            <line num="156" count="68" type="stmt"/>
            <line num="157" count="68" type="stmt"/>
            <line num="158" count="68" type="stmt"/>
            <line complexity="1" visibility="private" signature="isLineBreak(char) : boolean" num="168" count="44" type="method"/>
            <line num="169" count="44" type="stmt"/>
            <line complexity="8" visibility="package" signature="validate() : void" num="175" count="60067" type="method"/>
            <line num="176" count="60067" type="stmt"/>
            <line falsecount="60066" truecount="1" num="176" type="cond"/>
            <line num="177" count="1" type="stmt"/>
            <line num="180" count="60066" type="stmt"/>
            <line falsecount="60065" truecount="1" num="180" type="cond"/>
            <line num="181" count="1" type="stmt"/>
            <line num="184" count="60065" type="stmt"/>
            <line falsecount="60064" truecount="1" num="184" type="cond"/>
            <line num="185" count="1" type="stmt"/>
            <line num="188" count="60064" type="stmt"/>
            <line falsecount="60063" truecount="1" num="188" type="cond"/>
            <line num="189" count="1" type="stmt"/>
            <line num="192" count="60063" type="stmt"/>
            <line falsecount="60062" truecount="1" num="192" type="cond"/>
            <line num="193" count="1" type="stmt"/>
            <line complexity="1" visibility="public" signature="getDelimiter() : char" num="202" count="254274" type="method"/>
            <line num="203" count="254274" type="stmt"/>
            <line complexity="2" visibility="public" signature="withDelimiter(char) : CSVFormat" num="213" count="12" type="method"/>
            <line num="214" count="12" type="stmt"/>
            <line falsecount="11" truecount="1" num="214" type="cond"/>
            <line num="215" count="1" type="stmt"/>
            <line num="218" count="11" type="stmt"/>
            <line complexity="1" visibility="public" signature="getEncapsulator() : char" num="226" count="129772" type="method"/>
            <line num="227" count="129772" type="stmt"/>
            <line complexity="2" visibility="public" signature="withEncapsulator(char) : CSVFormat" num="237" count="11" type="method"/>
            <line num="238" count="11" type="stmt"/>
            <line falsecount="10" truecount="1" num="238" type="cond"/>
            <line num="239" count="1" type="stmt"/>
            <line num="242" count="10" type="stmt"/>
            <line complexity="1" visibility="package" signature="isEncapsulating() : boolean" num="245" count="179539" type="method"/>
            <line num="246" count="179539" type="stmt"/>
            <line complexity="1" visibility="public" signature="getCommentStart() : char" num="254" count="30059" type="method"/>
            <line num="255" count="30059" type="stmt"/>
            <line complexity="2" visibility="public" signature="withCommentStart(char) : CSVFormat" num="265" count="14" type="method"/>
            <line num="266" count="14" type="stmt"/>
            <line falsecount="13" truecount="1" num="266" type="cond"/>
            <line num="267" count="1" type="stmt"/>
            <line num="270" count="13" type="stmt"/>
            <line complexity="1" visibility="public" signature="isCommentingEnabled() : boolean" num="278" count="30054" type="method"/>
            <line num="279" count="30054" type="stmt"/>
            <line complexity="1" visibility="public" signature="getEscape() : char" num="287" count="79826" type="method"/>
            <line num="288" count="79826" type="stmt"/>
            <line complexity="2" visibility="public" signature="withEscape(char) : CSVFormat" num="298" count="7" type="method"/>
            <line num="299" count="7" type="stmt"/>
            <line falsecount="6" truecount="1" num="299" type="cond"/>
            <line num="300" count="1" type="stmt"/>
            <line num="303" count="6" type="stmt"/>
            <line complexity="1" visibility="package" signature="isEscaping() : boolean" num="306" count="79822" type="method"/>
            <line num="307" count="79822" type="stmt"/>
            <line complexity="1" visibility="public" signature="isSurroundingSpacesIgnored() : boolean" num="315" count="30055" type="method"/>
            <line num="316" count="30055" type="stmt"/>
            <line complexity="1" visibility="public" signature="withSurroundingSpacesIgnored(boolean) : CSVFormat" num="326" count="7" type="method"/>
            <line num="327" count="7" type="stmt"/>
            <line complexity="1" visibility="public" signature="isEmptyLinesIgnored() : boolean" num="335" count="30055" type="method"/>
            <line num="336" count="30055" type="stmt"/>
            <line complexity="1" visibility="public" signature="withEmptyLinesIgnored(boolean) : CSVFormat" num="346" count="4" type="method"/>
            <line num="347" count="4" type="stmt"/>
            <line complexity="1" visibility="public" signature="getLineSeparator() : String" num="355" count="74865" type="method"/>
            <line num="356" count="74865" type="stmt"/>
            <line complexity="1" visibility="public" signature="withLineSeparator(String) : CSVFormat" num="366" count="10" type="method"/>
            <line num="367" count="10" type="stmt"/>
            <line complexity="1" visibility="package" signature="getHeader() : String[]" num="370" count="30047" type="method"/>
            <line num="371" count="30047" type="stmt"/>
            <line complexity="1" visibility="public" signature="withHeader(String) : CSVFormat" num="388" count="2" type="method"/>
            <line num="389" count="2" type="stmt"/>
            <line complexity="1" visibility="public" signature="parse(Reader) : Iterable&lt;CSVRecord&gt;" num="397" count="4" type="method"/>
            <line num="398" count="4" type="stmt"/>
            <line complexity="2" visibility="public" signature="format(String) : String" num="406" count="3" type="method"/>
            <line num="407" count="3" type="stmt"/>
            <line num="408" count="3" type="stmt"/>
            <line num="409" count="3" type="stmt"/>
            <line num="414" count="3" type="stmt"/>
            <line complexity="6" visibility="public" signature="toString() : String" num="417" count="0" type="method"/>
            <line num="419" count="0" type="stmt"/>
            <line num="420" count="0" type="stmt"/>
            <line num="421" count="0" type="stmt"/>
            <line falsecount="0" truecount="0" num="421" type="cond"/>
            <line num="422" count="0" type="stmt"/>
            <line num="423" count="0" type="stmt"/>
            <line num="425" count="0" type="stmt"/>
            <line falsecount="0" truecount="0" num="425" type="cond"/>
            <line num="426" count="0" type="stmt"/>
            <line num="427" count="0" type="stmt"/>
            <line num="429" count="0" type="stmt"/>
            <line falsecount="0" truecount="0" num="429" type="cond"/>
            <line num="430" count="0" type="stmt"/>
            <line num="431" count="0" type="stmt"/>
            <line num="433" count="0" type="stmt"/>
            <line falsecount="0" truecount="0" num="433" type="cond"/>
            <line num="434" count="0" type="stmt"/>
            <line num="436" count="0" type="stmt"/>
            <line falsecount="0" truecount="0" num="436" type="cond"/>
            <line num="437" count="0" type="stmt"/>
            <line num="439" count="0" type="stmt"/>
         </file>
         <file path="/home/sepehr/test_generation/all_projects_coverage/Csv1f/src/main/java/org/apache/commons/csv/CSVLexer.java" name="CSVLexer.java">
            <metrics coveredelements="130" coveredconditionals="48" complexity="36" loc="227" coveredmethods="4" methods="4" elements="134" classes="1" ncloc="115" statements="80" conditionals="50" coveredstatements="78"/>
            <class name="CSVLexer">
               <metrics coveredelements="130" coveredconditionals="48" complexity="36" coveredmethods="4" methods="4" elements="134" statements="80" conditionals="50" coveredstatements="78"/>
            </class>
            <line complexity="1" visibility="public" signature="CSVLexer(CSVFormat,ExtendedBufferedReader)" num="27" count="30051" type="method"/>
            <line num="28" count="30051" type="stmt"/>
            <line complexity="20" visibility="package" signature="nextToken(Token) : Token" num="40" count="179825" type="method"/>
            <line num="44" count="179825" type="stmt"/>
            <line num="51" count="179825" type="stmt"/>
            <line num="52" count="179825" type="stmt"/>
            <line num="53" count="179825" type="stmt"/>
            <line num="56" count="179825" type="stmt"/>
            <line falsecount="119770" truecount="60055" num="56" type="cond"/>
            <line num="57" count="60055" type="stmt"/>
            <line falsecount="60049" truecount="21" num="57" type="cond"/>
            <line num="61" count="21" type="stmt"/>
            <line num="62" count="21" type="stmt"/>
            <line num="63" count="21" type="stmt"/>
            <line num="64" count="21" type="stmt"/>
            <line num="66" count="21" type="stmt"/>
            <line falsecount="15" truecount="6" num="66" type="cond"/>
            <line num="67" count="6" type="stmt"/>
            <line num="69" count="6" type="stmt"/>
            <line num="75" count="179819" type="stmt"/>
            <line falsecount="149777" truecount="30042" num="75" type="cond"/>
            <line num="76" count="30042" type="stmt"/>
            <line num="78" count="30042" type="stmt"/>
            <line num="82" count="149777" type="stmt"/>
            <line falsecount="149777" truecount="149777" num="82" type="cond"/>
            <line num="84" count="149777" type="stmt"/>
            <line falsecount="149723" truecount="54" num="84" type="cond"/>
            <line num="85" count="54" type="stmt"/>
            <line falsecount="54" truecount="28" num="85" type="cond"/>
            <line num="86" count="28" type="stmt"/>
            <line num="87" count="28" type="stmt"/>
            <line num="92" count="149777" type="stmt"/>
            <line falsecount="149775" truecount="2" num="92" type="cond"/>
            <line num="94" count="2" type="stmt"/>
            <line num="95" count="2" type="stmt"/>
            <line num="96" count="149775" type="stmt"/>
            <line falsecount="147711" truecount="2064" num="96" type="cond"/>
            <line num="98" count="2064" type="stmt"/>
            <line num="99" count="147711" type="stmt"/>
            <line falsecount="144782" truecount="2929" num="99" type="cond"/>
            <line num="102" count="2929" type="stmt"/>
            <line num="103" count="144782" type="stmt"/>
            <line falsecount="54106" truecount="90676" num="103" type="cond"/>
            <line num="105" count="90676" type="stmt"/>
            <line num="106" count="54106" type="stmt"/>
            <line falsecount="54100" truecount="6" num="106" type="cond"/>
            <line num="109" count="6" type="stmt"/>
            <line num="110" count="6" type="stmt"/>
            <line num="114" count="54100" type="stmt"/>
            <line num="117" count="149777" type="stmt"/>
            <line complexity="6" visibility="private" signature="simpleTokenLexer(Token,int) : Token" num="137" count="54100" type="method"/>
            <line num="138" count="54100" type="stmt"/>
            <line num="139" count="556529" type="stmt"/>
            <line falsecount="528733" truecount="27796" num="139" type="cond"/>
            <line num="141" count="27796" type="stmt"/>
            <line num="142" count="27796" type="stmt"/>
            <line num="143" count="528733" type="stmt"/>
            <line falsecount="528721" truecount="12" num="143" type="cond"/>
            <line num="145" count="12" type="stmt"/>
            <line num="146" count="12" type="stmt"/>
            <line num="147" count="12" type="stmt"/>
            <line num="148" count="528721" type="stmt"/>
            <line falsecount="502429" truecount="26292" num="148" type="cond"/>
            <line num="150" count="26292" type="stmt"/>
            <line num="151" count="26292" type="stmt"/>
            <line num="152" count="502429" type="stmt"/>
            <line falsecount="404534" truecount="97895" num="152" type="cond"/>
            <line num="153" count="97895" type="stmt"/>
            <line num="155" count="404534" type="stmt"/>
            <line num="158" count="502429" type="stmt"/>
            <line num="161" count="54100" type="stmt"/>
            <line falsecount="54059" truecount="41" num="161" type="cond"/>
            <line num="162" count="41" type="stmt"/>
            <line num="165" count="54100" type="stmt"/>
            <line complexity="9" visibility="private" signature="encapsulatedTokenLexer(Token,int) : Token" num="181" count="90676" type="method"/>
            <line num="183" count="90676" type="stmt"/>
            <line num="186" count="90676" type="stmt"/>
            <line num="187" count="1010355" type="stmt"/>
            <line num="189" count="1010355" type="stmt"/>
            <line falsecount="1010351" truecount="4" num="189" type="cond"/>
            <line num="190" count="4" type="stmt"/>
            <line num="191" count="1010351" type="stmt"/>
            <line falsecount="870232" truecount="140119" num="191" type="cond"/>
            <line num="192" count="140119" type="stmt"/>
            <line falsecount="90676" truecount="49443" num="192" type="cond"/>
            <line num="194" count="49443" type="stmt"/>
            <line num="195" count="49443" type="stmt"/>
            <line num="198" count="90676" type="stmt"/>
            <line num="199" count="90680" type="stmt"/>
            <line num="200" count="90680" type="stmt"/>
            <line falsecount="44236" truecount="46444" num="200" type="cond"/>
            <line num="201" count="46444" type="stmt"/>
            <line num="202" count="46444" type="stmt"/>
            <line num="203" count="44236" type="stmt"/>
            <line falsecount="44231" truecount="5" num="203" type="cond"/>
            <line num="204" count="5" type="stmt"/>
            <line num="205" count="5" type="stmt"/>
            <line num="206" count="5" type="stmt"/>
            <line num="207" count="44231" type="stmt"/>
            <line falsecount="4" truecount="44227" num="207" type="cond"/>
            <line num="209" count="44227" type="stmt"/>
            <line num="210" count="44227" type="stmt"/>
            <line num="211" count="4" type="stmt"/>
            <line falsecount="4" truecount="0" num="211" type="cond"/>
            <line num="213" count="0" type="stmt"/>
            <line num="217" count="870232" type="stmt"/>
            <line falsecount="870232" truecount="0" num="217" type="cond"/>
            <line num="219" count="0" type="stmt"/>
            <line num="222" count="870232" type="stmt"/>
         </file>
         <file path="/home/sepehr/test_generation/all_projects_coverage/Csv1f/src/main/java/org/apache/commons/csv/CSVParser.java" name="CSVParser.java">
            <metrics coveredelements="90" coveredconditionals="20" complexity="29" loc="251" coveredmethods="12" methods="12" elements="97" classes="1" ncloc="121" statements="61" conditionals="24" coveredstatements="58"/>
            <class name="CSVParser">
               <metrics coveredelements="90" coveredconditionals="20" complexity="29" coveredmethods="12" methods="12" elements="97" statements="61" conditionals="24" coveredstatements="58"/>
            </class>
            <line complexity="1" visibility="public" signature="CSVParser(Reader)" num="80" count="16" type="method"/>
            <line num="81" count="16" type="stmt"/>
            <line complexity="1" visibility="public" signature="CSVParser(Reader,CSVFormat)" num="91" count="30044" type="method"/>
            <line num="92" count="30044" type="stmt"/>
            <line num="94" count="30044" type="stmt"/>
            <line num="96" count="30044" type="stmt"/>
            <line complexity="1" visibility="public" signature="CSVParser(String,CSVFormat)" num="106" count="30022" type="method"/>
            <line num="107" count="30022" type="stmt"/>
            <line complexity="2" visibility="public" signature="getRecords() : List&lt;CSVRecord&gt;" num="120" count="30035" type="method"/>
            <line num="121" count="30035" type="stmt"/>
            <line num="122" count="30035" type="stmt"/>
            <line num="123" count="30035" type="stmt"/>
            <line falsecount="0" truecount="0" num="123" type="cond"/>
            <line num="124" count="74935" type="stmt"/>
            <line num="126" count="30035" type="stmt"/>
            <line complexity="8" visibility="package" signature="getRecord() : CSVRecord" num="135" count="105005" type="method"/>
            <line num="136" count="105005" type="stmt"/>
            <line num="137" count="105005" type="stmt"/>
            <line num="138" count="105005" type="stmt"/>
            <line num="139" count="179768" type="stmt"/>
            <line num="140" count="179768" type="stmt"/>
            <line num="141" count="179768" type="stmt"/>
            <line num="142" count="74763" type="stmt"/>
            <line num="143" count="74763" type="stmt"/>
            <line num="144" count="74763" type="stmt"/>
            <line num="145" count="74941" type="stmt"/>
            <line num="146" count="74941" type="stmt"/>
            <line num="147" count="74941" type="stmt"/>
            <line num="148" count="30064" type="stmt"/>
            <line num="149" count="30064" type="stmt"/>
            <line falsecount="30046" truecount="18" num="149" type="cond"/>
            <line num="150" count="18" type="stmt"/>
            <line num="152" count="30046" type="stmt"/>
            <line num="154" count="30064" type="stmt"/>
            <line num="155" count="0" type="stmt"/>
            <line num="156" count="0" type="stmt"/>
            <line falsecount="105005" truecount="74763" num="158" type="cond"/>
            <line num="160" count="105005" type="stmt"/>
            <line falsecount="30045" truecount="74960" num="160" type="cond"/>
            <line num="161" count="74960" type="stmt"/>
            <line num="163" count="105005" type="stmt"/>
            <line complexity="6" visibility="private" signature="initializeHeader(CSVFormat) : Map&lt;String, Integer&gt;" num="169" count="30044" type="method"/>
            <line num="170" count="30044" type="stmt"/>
            <line num="171" count="30044" type="stmt"/>
            <line falsecount="30042" truecount="2" num="171" type="cond"/>
            <line num="172" count="2" type="stmt"/>
            <line num="174" count="2" type="stmt"/>
            <line num="175" count="2" type="stmt"/>
            <line falsecount="1" truecount="1" num="175" type="cond"/>
            <line num="177" count="1" type="stmt"/>
            <line num="178" count="1" type="stmt"/>
            <line falsecount="0" truecount="1" num="178" type="cond"/>
            <line num="179" count="1" type="stmt"/>
            <line num="182" count="1" type="stmt"/>
            <line num="186" count="2" type="stmt"/>
            <line falsecount="0" truecount="2" num="186" type="cond"/>
            <line num="187" count="2" type="stmt"/>
            <line falsecount="2" truecount="6" num="187" type="cond"/>
            <line num="188" count="6" type="stmt"/>
            <line num="192" count="30044" type="stmt"/>
            <line complexity="1" visibility="public" signature="iterator() : Iterator&lt;CSVRecord&gt;" num="199" count="4" type="method"/>
            <line num="200" count="4" type="stmt"/>
            <line complexity="2" visibility="public" signature="hasNext() : boolean" num="203" count="16" type="method"/>
            <line num="204" count="16" type="stmt"/>
            <line falsecount="2" truecount="14" num="204" type="cond"/>
            <line num="205" count="14" type="stmt"/>
            <line num="208" count="16" type="stmt"/>
            <line complexity="3" visibility="public" signature="next() : CSVRecord" num="211" count="12" type="method"/>
            <line num="212" count="12" type="stmt"/>
            <line num="213" count="12" type="stmt"/>
            <line num="215" count="12" type="stmt"/>
            <line falsecount="10" truecount="2" num="215" type="cond"/>
            <line num="217" count="2" type="stmt"/>
            <line num="218" count="2" type="stmt"/>
            <line falsecount="1" truecount="1" num="218" type="cond"/>
            <line num="219" count="1" type="stmt"/>
            <line num="223" count="11" type="stmt"/>
            <line complexity="2" visibility="private" signature="getNextRecord() : CSVRecord" num="226" count="16" type="method"/>
            <line num="227" count="16" type="stmt"/>
            <line num="228" count="16" type="stmt"/>
            <line num="230" count="0" type="stmt"/>
            <line complexity="1" visibility="public" signature="remove() : void" num="234" count="1" type="method"/>
            <line num="235" count="1" type="stmt"/>
            <line complexity="1" visibility="public" signature="getLineNumber() : int" num="248" count="12" type="method"/>
            <line num="249" count="12" type="stmt"/>
         </file>
         <file path="/home/sepehr/test_generation/all_projects_coverage/Csv1f/src/main/java/org/apache/commons/csv/CSVPrinter.java" name="CSVPrinter.java">
            <metrics coveredelements="159" coveredconditionals="49" complexity="54" loc="307" coveredmethods="11" methods="11" elements="174" classes="1" ncloc="172" statements="107" conditionals="56" coveredstatements="99"/>
            <class name="CSVPrinter">
               <metrics coveredelements="159" coveredconditionals="49" complexity="54" coveredmethods="11" methods="11" elements="174" statements="107" conditionals="56" coveredstatements="99"/>
            </class>
            <line complexity="2" visibility="public" signature="CSVPrinter(Appendable,CSVFormat)" num="45" count="30016" type="method"/>
            <line num="46" count="30016" type="stmt"/>
            <line num="47" count="30016" type="stmt"/>
            <line falsecount="30016" truecount="0" num="47" type="cond"/>
            <line num="49" count="30016" type="stmt"/>
            <line complexity="1" visibility="public" signature="println() : void" num="59" count="74847" type="method"/>
            <line num="60" count="74847" type="stmt"/>
            <line num="61" count="74847" type="stmt"/>
            <line complexity="2" visibility="public" signature="flush() : void" num="69" count="30000" type="method"/>
            <line num="70" count="30000" type="stmt"/>
            <line falsecount="0" truecount="30000" num="70" type="cond"/>
            <line num="71" count="30000" type="stmt"/>
            <line complexity="1" visibility="public" signature="println(String) : void" num="82" count="74844" type="method"/>
            <line num="83" count="74844" type="stmt"/>
            <line num="84" count="149488" type="stmt"/>
            <line num="86" count="74844" type="stmt"/>
            <line complexity="8" visibility="public" signature="printComment(String) : void" num="100" count="3" type="method"/>
            <line num="101" count="3" type="stmt"/>
            <line falsecount="2" truecount="1" num="101" type="cond"/>
            <line num="102" count="1" type="stmt"/>
            <line num="104" count="2" type="stmt"/>
            <line falsecount="2" truecount="0" num="104" type="cond"/>
            <line num="105" count="0" type="stmt"/>
            <line num="107" count="2" type="stmt"/>
            <line num="108" count="2" type="stmt"/>
            <line num="109" count="2" type="stmt"/>
            <line falsecount="2" truecount="52" num="109" type="cond"/>
            <line num="110" count="52" type="stmt"/>
            <line num="111" count="52" type="stmt"/>
            <line num="112" count="0" type="stmt"/>
            <line num="113" count="0" type="stmt"/>
            <line falsecount="0" truecount="0" num="113" type="cond"/>
            <line num="114" count="0" type="stmt"/>
            <line num="117" count="1" type="stmt"/>
            <line num="118" count="1" type="stmt"/>
            <line num="119" count="1" type="stmt"/>
            <line num="120" count="1" type="stmt"/>
            <line num="121" count="1" type="stmt"/>
            <line num="122" count="51" type="stmt"/>
            <line num="123" count="51" type="stmt"/>
            <line num="124" count="51" type="stmt"/>
            <line num="127" count="2" type="stmt"/>
            <line complexity="3" visibility="private" signature="print(CharSequence,int,int) : void" num="131" count="149488" type="method"/>
            <line num="132" count="149488" type="stmt"/>
            <line falsecount="49771" truecount="99717" num="132" type="cond"/>
            <line num="133" count="99717" type="stmt"/>
            <line num="134" count="49771" type="stmt"/>
            <line falsecount="0" truecount="49771" num="134" type="cond"/>
            <line num="135" count="49771" type="stmt"/>
            <line num="137" count="0" type="stmt"/>
            <line num="138" count="0" type="stmt"/>
            <line complexity="2" visibility="package" signature="printSep() : void" num="142" count="149488" type="method"/>
            <line num="143" count="149488" type="stmt"/>
            <line falsecount="74645" truecount="74843" num="143" type="cond"/>
            <line num="144" count="74843" type="stmt"/>
            <line num="146" count="74645" type="stmt"/>
            <line complexity="10" visibility="package" signature="printAndEscape(CharSequence,int,int) : void" num="150" count="49771" type="method"/>
            <line num="151" count="49771" type="stmt"/>
            <line num="152" count="49771" type="stmt"/>
            <line num="153" count="49771" type="stmt"/>
            <line num="155" count="49771" type="stmt"/>
            <line num="157" count="49771" type="stmt"/>
            <line num="158" count="49771" type="stmt"/>
            <line num="160" count="49771" type="stmt"/>
            <line falsecount="49771" truecount="473127" num="160" type="cond"/>
            <line num="161" count="473127" type="stmt"/>
            <line num="162" count="473127" type="stmt"/>
            <line falsecount="375244" truecount="97883" num="162" type="cond"/>
            <line num="164" count="97883" type="stmt"/>
            <line falsecount="28037" truecount="69846" num="164" type="cond"/>
            <line num="165" count="69846" type="stmt"/>
            <line num="167" count="97883" type="stmt"/>
            <line falsecount="73537" truecount="24346" num="167" type="cond"/>
            <line num="168" count="24346" type="stmt"/>
            <line num="169" count="73537" type="stmt"/>
            <line falsecount="49042" truecount="24495" num="169" type="cond"/>
            <line num="170" count="24495" type="stmt"/>
            <line num="173" count="97883" type="stmt"/>
            <line num="174" count="97883" type="stmt"/>
            <line num="176" count="97883" type="stmt"/>
            <line num="179" count="473127" type="stmt"/>
            <line num="183" count="49771" type="stmt"/>
            <line falsecount="12297" truecount="37474" num="183" type="cond"/>
            <line num="184" count="37474" type="stmt"/>
            <line complexity="21" visibility="package" signature="printAndEncapsulate(CharSequence,int,int) : void" num="188" count="99717" type="method"/>
            <line num="189" count="99717" type="stmt"/>
            <line num="190" count="99717" type="stmt"/>
            <line num="191" count="99717" type="stmt"/>
            <line num="192" count="99717" type="stmt"/>
            <line num="193" count="99717" type="stmt"/>
            <line num="195" count="99717" type="stmt"/>
            <line num="197" count="99717" type="stmt"/>
            <line num="198" count="99717" type="stmt"/>
            <line num="200" count="99717" type="stmt"/>
            <line falsecount="94902" truecount="4815" num="200" type="cond"/>
            <line num="205" count="4815" type="stmt"/>
            <line falsecount="2464" truecount="2351" num="205" type="cond"/>
            <line num="206" count="2351" type="stmt"/>
            <line num="209" count="94902" type="stmt"/>
            <line num="212" count="94902" type="stmt"/>
            <line falsecount="52760" truecount="42142" num="212" type="cond"/>
            <line num="217" count="42142" type="stmt"/>
            <line num="219" count="52760" type="stmt"/>
            <line falsecount="35495" truecount="17265" num="219" type="cond"/>
            <line num="223" count="17265" type="stmt"/>
            <line num="225" count="35495" type="stmt"/>
            <line falsecount="8286" truecount="154339" num="225" type="cond"/>
            <line num="226" count="154339" type="stmt"/>
            <line num="227" count="154339" type="stmt"/>
            <line falsecount="127130" truecount="27209" num="227" type="cond"/>
            <line num="228" count="27209" type="stmt"/>
            <line num="229" count="27209" type="stmt"/>
            <line num="231" count="127130" type="stmt"/>
            <line num="234" count="35495" type="stmt"/>
            <line falsecount="27209" truecount="8286" num="234" type="cond"/>
            <line num="235" count="8286" type="stmt"/>
            <line num="236" count="8286" type="stmt"/>
            <line num="240" count="8286" type="stmt"/>
            <line falsecount="6610" truecount="1676" num="240" type="cond"/>
            <line num="241" count="1676" type="stmt"/>
            <line num="247" count="99717" type="stmt"/>
            <line falsecount="90643" truecount="9074" num="247" type="cond"/>
            <line num="249" count="9074" type="stmt"/>
            <line num="250" count="9074" type="stmt"/>
            <line num="254" count="90643" type="stmt"/>
            <line num="258" count="90643" type="stmt"/>
            <line falsecount="90643" truecount="822894" num="258" type="cond"/>
            <line num="259" count="822894" type="stmt"/>
            <line num="260" count="822894" type="stmt"/>
            <line falsecount="773461" truecount="49433" num="260" type="cond"/>
            <line num="264" count="49433" type="stmt"/>
            <line num="267" count="49433" type="stmt"/>
            <line num="269" count="822894" type="stmt"/>
            <line num="273" count="90643" type="stmt"/>
            <line num="274" count="90643" type="stmt"/>
            <line complexity="3" visibility="public" signature="print(String,boolean) : void" num="283" count="149488" type="method"/>
            <line num="284" count="149488" type="stmt"/>
            <line falsecount="149487" truecount="1" num="284" type="cond"/>
            <line num="286" count="1" type="stmt"/>
            <line num="289" count="149488" type="stmt"/>
            <line falsecount="149488" truecount="0" num="289" type="cond"/>
            <line num="291" count="0" type="stmt"/>
            <line num="292" count="0" type="stmt"/>
            <line num="294" count="149488" type="stmt"/>
            <line complexity="1" visibility="public" signature="print(String) : void" num="304" count="149488" type="method"/>
            <line num="305" count="149488" type="stmt"/>
         </file>
         <file path="/home/sepehr/test_generation/all_projects_coverage/Csv1f/src/main/java/org/apache/commons/csv/CSVRecord.java" name="CSVRecord.java">
            <metrics coveredelements="15" coveredconditionals="4" complexity="10" loc="88" coveredmethods="4" methods="7" elements="24" classes="1" ncloc="37" statements="11" conditionals="6" coveredstatements="7"/>
            <class name="CSVRecord">
               <metrics coveredelements="15" coveredconditionals="4" complexity="10" coveredmethods="4" methods="7" elements="24" statements="11" conditionals="6" coveredstatements="7"/>
            </class>
            <line complexity="2" visibility="package" signature="CSVRecord(String[],Map&lt;String, Integer&gt;)" num="38" count="179965" type="method"/>
            <line num="39" count="179965" type="stmt"/>
            <line falsecount="105005" truecount="74960" num="39" type="cond"/>
            <line num="40" count="179965" type="stmt"/>
            <line complexity="1" visibility="public" signature="get(int) : String" num="48" count="15" type="method"/>
            <line num="49" count="15" type="stmt"/>
            <line complexity="3" visibility="public" signature="get(String) : String" num="59" count="15" type="method"/>
            <line num="60" count="15" type="stmt"/>
            <line falsecount="15" truecount="0" num="60" type="cond"/>
            <line num="61" count="0" type="stmt"/>
            <line num="64" count="15" type="stmt"/>
            <line num="66" count="15" type="stmt"/>
            <line falsecount="0" truecount="15" num="66" type="cond"/>
            <line complexity="1" visibility="public" signature="iterator() : Iterator&lt;String&gt;" num="69" count="0" type="method"/>
            <line num="70" count="0" type="stmt"/>
            <line complexity="1" visibility="package" signature="values() : String[]" num="73" count="74931" type="method"/>
            <line num="74" count="74931" type="stmt"/>
            <line complexity="1" visibility="public" signature="size() : int" num="80" count="0" type="method"/>
            <line num="81" count="0" type="stmt"/>
            <line complexity="1" visibility="public" signature="toString() : String" num="84" count="0" type="method"/>
            <line num="86" count="0" type="stmt"/>
         </file>
         <file path="/home/sepehr/test_generation/all_projects_coverage/Csv1f/src/main/java/org/apache/commons/csv/ExtendedBufferedReader.java" name="ExtendedBufferedReader.java">
            <metrics coveredelements="49" coveredconditionals="13" complexity="20" loc="161" coveredmethods="7" methods="7" elements="63" classes="1" ncloc="70" statements="34" conditionals="22" coveredstatements="29"/>
            <class name="ExtendedBufferedReader">
               <metrics coveredelements="49" coveredconditionals="13" complexity="20" coveredmethods="7" methods="7" elements="63" statements="34" conditionals="22" coveredstatements="29"/>
            </class>
            <line complexity="1" visibility="package" signature="ExtendedBufferedReader(Reader)" num="51" count="30058" type="method"/>
            <line num="52" count="30058" type="stmt"/>
            <line complexity="4" visibility="public" signature="read() : int" num="55" count="1980677" type="method"/>
            <line num="57" count="1980677" type="stmt"/>
            <line num="58" count="1980677" type="stmt"/>
            <line falsecount="1809438" truecount="171239" num="58" type="cond"/>
            <line num="59" count="171239" type="stmt"/>
            <line num="61" count="1980677" type="stmt"/>
            <line num="62" count="1980677" type="stmt"/>
            <line complexity="1" visibility="package" signature="readAgain() : int" num="75" count="359674" type="method"/>
            <line num="76" count="359674" type="stmt"/>
            <line complexity="9" visibility="public" signature="read(char[],int,int) : int" num="79" count="3" type="method"/>
            <line num="81" count="3" type="stmt"/>
            <line falsecount="2" truecount="1" num="81" type="cond"/>
            <line num="82" count="1" type="stmt"/>
            <line num="85" count="2" type="stmt"/>
            <line num="87" count="2" type="stmt"/>
            <line falsecount="0" truecount="2" num="87" type="cond"/>
            <line num="89" count="2" type="stmt"/>
            <line falsecount="2" truecount="4" num="89" type="cond"/>
            <line num="90" count="4" type="stmt"/>
            <line num="91" count="4" type="stmt"/>
            <line falsecount="4" truecount="0" num="91" type="cond"/>
            <line num="92" count="0" type="stmt"/>
            <line falsecount="0" truecount="0" num="92" type="cond"/>
            <line falsecount="0" truecount="0" num="92" type="cond"/>
            <line num="93" count="0" type="stmt"/>
            <line num="95" count="4" type="stmt"/>
            <line falsecount="4" truecount="0" num="95" type="cond"/>
            <line num="96" count="0" type="stmt"/>
            <line num="100" count="2" type="stmt"/>
            <line num="102" count="0" type="stmt"/>
            <line falsecount="0" truecount="0" num="102" type="cond"/>
            <line num="103" count="0" type="stmt"/>
            <line num="106" count="2" type="stmt"/>
            <line complexity="3" visibility="public" signature="readLine() : String" num="121" count="18" type="method"/>
            <line num="123" count="18" type="stmt"/>
            <line num="125" count="18" type="stmt"/>
            <line falsecount="6" truecount="12" num="125" type="cond"/>
            <line num="126" count="12" type="stmt"/>
            <line falsecount="4" truecount="8" num="126" type="cond"/>
            <line num="127" count="8" type="stmt"/>
            <line num="129" count="12" type="stmt"/>
            <line num="131" count="6" type="stmt"/>
            <line num="134" count="18" type="stmt"/>
            <line complexity="1" visibility="package" signature="lookAhead() : int" num="145" count="190126" type="method"/>
            <line num="146" count="190126" type="stmt"/>
            <line num="147" count="190126" type="stmt"/>
            <line num="148" count="190126" type="stmt"/>
            <line num="150" count="190126" type="stmt"/>
            <line complexity="1" visibility="package" signature="getLineNumber() : int" num="158" count="90696" type="method"/>
            <line num="159" count="90696" type="stmt"/>
         </file>
         <file path="/home/sepehr/test_generation/all_projects_coverage/Csv1f/src/main/java/org/apache/commons/csv/Lexer.java" name="Lexer.java">
            <metrics coveredelements="51" coveredconditionals="6" complexity="21" loc="138" coveredmethods="11" methods="11" elements="57" classes="1" ncloc="82" statements="40" conditionals="6" coveredstatements="34"/>
            <class name="Lexer">
               <metrics coveredelements="51" coveredconditionals="6" complexity="21" coveredmethods="11" methods="11" elements="57" statements="40" conditionals="6" coveredstatements="34"/>
            </class>
            <line complexity="1" visibility="package" signature="Lexer(CSVFormat,ExtendedBufferedReader)" num="45" count="30051" type="method"/>
            <line num="46" count="30051" type="stmt"/>
            <line num="47" count="30051" type="stmt"/>
            <line num="48" count="30051" type="stmt"/>
            <line num="49" count="30051" type="stmt"/>
            <line num="50" count="30051" type="stmt"/>
            <line num="51" count="30051" type="stmt"/>
            <line num="52" count="30051" type="stmt"/>
            <line num="53" count="30051" type="stmt"/>
            <line num="54" count="30051" type="stmt"/>
            <line num="55" count="30051" type="stmt"/>
            <line num="56" count="30051" type="stmt"/>
            <line complexity="1" visibility="package" signature="getLineNumber() : int" num="59" count="90688" type="method"/>
            <line num="60" count="90688" type="stmt"/>
            <line complexity="6" visibility="package" signature="readEscape(int) : int" num="63" count="97899" type="method"/>
            <line num="65" count="97899" type="stmt"/>
            <line num="66" count="97899" type="stmt"/>
            <line num="67" count="24495" type="stmt"/>
            <line num="68" count="24495" type="stmt"/>
            <line num="69" count="24346" type="stmt"/>
            <line num="70" count="24346" type="stmt"/>
            <line num="71" count="0" type="stmt"/>
            <line num="72" count="0" type="stmt"/>
            <line num="73" count="0" type="stmt"/>
            <line num="74" count="0" type="stmt"/>
            <line num="75" count="0" type="stmt"/>
            <line num="76" count="0" type="stmt"/>
            <line num="77" count="49058" type="stmt"/>
            <line num="78" count="49058" type="stmt"/>
            <line complexity="4" visibility="package" signature="trimTrailingSpaces(StringBuilder) : void" num="82" count="41" type="method"/>
            <line num="83" count="41" type="stmt"/>
            <line num="84" count="41" type="stmt"/>
            <line falsecount="41" truecount="12" num="84" type="cond"/>
            <line num="85" count="12" type="stmt"/>
            <line num="87" count="41" type="stmt"/>
            <line falsecount="31" truecount="10" num="87" type="cond"/>
            <line num="88" count="10" type="stmt"/>
            <line complexity="1" visibility="package" signature="isWhitespace(int) : boolean" num="95" count="86" type="method"/>
            <line num="96" count="86" type="stmt"/>
            <line complexity="3" visibility="package" signature="isEndOfLine(int) : boolean" num="105" count="780634" type="method"/>
            <line num="107" count="780634" type="stmt"/>
            <line falsecount="730639" truecount="49995" num="107" type="cond"/>
            <line num="109" count="49995" type="stmt"/>
            <line num="111" count="780634" type="stmt"/>
            <line complexity="1" visibility="package" signature="isEndOfFile(int) : boolean" num="117" count="1782166" type="method"/>
            <line num="118" count="1782166" type="stmt"/>
            <line complexity="1" visibility="package" signature="isDelimiter(int) : boolean" num="123" count="948974" type="method"/>
            <line num="124" count="948974" type="stmt"/>
            <line complexity="1" visibility="package" signature="isEscape(int) : boolean" num="127" count="1512784" type="method"/>
            <line num="128" count="1512784" type="stmt"/>
            <line complexity="1" visibility="package" signature="isEncapsulator(int) : boolean" num="131" count="1295252" type="method"/>
            <line num="132" count="1295252" type="stmt"/>
            <line complexity="1" visibility="package" signature="isCommentStart(int) : boolean" num="135" count="149777" type="method"/>
            <line num="136" count="149777" type="stmt"/>
         </file>
         <file path="/home/sepehr/test_generation/all_projects_coverage/Csv1f/src/main/java/org/apache/commons/csv/Token.java" name="Token.java">
            <metrics coveredelements="5" coveredconditionals="0" complexity="1" loc="62" coveredmethods="1" methods="1" elements="5" classes="2" ncloc="19" statements="4" conditionals="0" coveredstatements="4"/>
            <class name="Token">
               <metrics coveredelements="5" coveredconditionals="0" complexity="1" coveredmethods="1" methods="1" elements="5" statements="4" conditionals="0" coveredstatements="4"/>
            </class>
            <class name="Token.Type">
               <metrics coveredelements="0" coveredconditionals="0" complexity="0" coveredmethods="0" methods="0" elements="0" statements="0" conditionals="0" coveredstatements="0"/>
            </class>
            <line complexity="1" visibility="package" signature="reset() : Token" num="56" count="179770" type="method"/>
            <line num="57" count="179770" type="stmt"/>
            <line num="58" count="179770" type="stmt"/>
            <line num="59" count="179770" type="stmt"/>
            <line num="60" count="179770" type="stmt"/>
         </file>
      </package>
   </project>
   <testproject name="Commons CSV 1.0-SNAPSHOT" timestamp="1659992913001">
      <metrics coveredelements="592" complexity="194" loc="1836" methods="79" classes="8" statements="749" packages="1" coveredconditionals="38" coveredmethods="61" elements="992" ncloc="1270" files="7" conditionals="164" coveredstatements="493"/>
      <package name="org.apache.commons.csv">
         <metrics coveredelements="592" complexity="194" loc="1836" methods="79" classes="8" statements="749" coveredconditionals="38" coveredmethods="61" elements="992" ncloc="1270" files="7" conditionals="164" coveredstatements="493"/>
         <file path="/home/sepehr/test_generation/all_projects_coverage/Csv1f/src/test/java/org/apache/commons/csv/CSVFormatTest.java" name="CSVFormatTest.java">
            <metrics coveredelements="68" coveredconditionals="0" complexity="14" loc="171" coveredmethods="5" methods="5" elements="77" classes="1" ncloc="115" statements="72" conditionals="0" coveredstatements="63"/>
            <class name="CSVFormatTest">
               <metrics coveredelements="68" complexity="14" methods="5" testruns="5" statements="72" coveredconditionals="0" coveredmethods="5" elements="77" testfailures="0" testduration="0.08900000000000001" conditionals="0" coveredstatements="63" testpasses="5"/>
            </class>
            <line complexity="1" visibility="public" signature="testImmutalibity() : void" num="31" testsuccess="true" count="1" testduration="0.0" type="method"/>
            <line num="33" count="1" type="stmt"/>
            <line num="35" count="1" type="stmt"/>
            <line num="36" count="1" type="stmt"/>
            <line num="37" count="1" type="stmt"/>
            <line num="38" count="1" type="stmt"/>
            <line num="39" count="1" type="stmt"/>
            <line num="40" count="1" type="stmt"/>
            <line num="41" count="1" type="stmt"/>
            <line num="43" count="1" type="stmt"/>
            <line num="44" count="1" type="stmt"/>
            <line num="45" count="1" type="stmt"/>
            <line num="46" count="1" type="stmt"/>
            <line num="47" count="1" type="stmt"/>
            <line num="49" count="1" type="stmt"/>
            <line num="50" count="1" type="stmt"/>
            <line complexity="1" visibility="public" signature="testMutators() : void" num="53" testsuccess="true" count="1" testduration="0.0" type="method"/>
            <line num="55" count="1" type="stmt"/>
            <line num="57" count="1" type="stmt"/>
            <line num="58" count="1" type="stmt"/>
            <line num="59" count="1" type="stmt"/>
            <line num="60" count="1" type="stmt"/>
            <line num="61" count="1" type="stmt"/>
            <line num="63" count="1" type="stmt"/>
            <line num="64" count="1" type="stmt"/>
            <line complexity="1" visibility="public" signature="testFormat() : void" num="67" testsuccess="true" count="1" testduration="0.005" type="method"/>
            <line num="69" count="1" type="stmt"/>
            <line num="71" count="1" type="stmt"/>
            <line num="72" count="1" type="stmt"/>
            <line num="73" count="1" type="stmt"/>
            <line complexity="10" visibility="public" signature="testValidation() : void" num="76" testsuccess="true" count="1" testduration="0.001" type="method"/>
            <line num="78" count="1" type="stmt"/>
            <line num="80" count="1" type="stmt"/>
            <line num="81" count="1" type="stmt"/>
            <line num="82" count="0" type="stmt"/>
            <line num="87" count="1" type="stmt"/>
            <line num="88" count="1" type="stmt"/>
            <line num="89" count="0" type="stmt"/>
            <line num="94" count="1" type="stmt"/>
            <line num="95" count="1" type="stmt"/>
            <line num="96" count="0" type="stmt"/>
            <line num="101" count="1" type="stmt"/>
            <line num="102" count="1" type="stmt"/>
            <line num="103" count="0" type="stmt"/>
            <line num="108" count="1" type="stmt"/>
            <line num="109" count="1" type="stmt"/>
            <line num="110" count="0" type="stmt"/>
            <line num="115" count="1" type="stmt"/>
            <line num="116" count="1" type="stmt"/>
            <line num="117" count="0" type="stmt"/>
            <line num="122" count="1" type="stmt"/>
            <line num="123" count="1" type="stmt"/>
            <line num="124" count="0" type="stmt"/>
            <line num="129" count="1" type="stmt"/>
            <line num="131" count="1" type="stmt"/>
            <line num="132" count="1" type="stmt"/>
            <line num="133" count="0" type="stmt"/>
            <line num="138" count="1" type="stmt"/>
            <line num="141" count="1" type="stmt"/>
            <line num="142" count="1" type="stmt"/>
            <line num="143" count="0" type="stmt"/>
            <line complexity="1" visibility="public" signature="testSerialization() : void" num="149" testsuccess="true" count="1" testduration="0.083" type="method"/>
            <line num="152" count="1" type="stmt"/>
            <line num="154" count="1" type="stmt"/>
            <line num="155" count="1" type="stmt"/>
            <line num="156" count="1" type="stmt"/>
            <line num="157" count="1" type="stmt"/>
            <line num="159" count="1" type="stmt"/>
            <line num="160" count="1" type="stmt"/>
            <line num="162" count="1" type="stmt"/>
            <line num="163" count="1" type="stmt"/>
            <line num="164" count="1" type="stmt"/>
            <line num="165" count="1" type="stmt"/>
            <line num="166" count="1" type="stmt"/>
            <line num="167" count="1" type="stmt"/>
            <line num="168" count="1" type="stmt"/>
            <line num="169" count="1" type="stmt"/>
         </file>
         <file path="/home/sepehr/test_generation/all_projects_coverage/Csv1f/src/test/java/org/apache/commons/csv/CSVLexer1.java" name="CSVLexer1.java">
            <metrics coveredelements="0" coveredconditionals="0" complexity="38" loc="238" coveredmethods="0" methods="4" elements="146" classes="1" ncloc="127" statements="90" conditionals="52" coveredstatements="0"/>
            <class name="CSVLexer1">
               <metrics coveredelements="0" coveredconditionals="0" complexity="38" coveredmethods="0" methods="4" elements="146" statements="90" conditionals="52" coveredstatements="0"/>
            </class>
            <line complexity="1" visibility="public" signature="CSVLexer1(CSVFormat,ExtendedBufferedReader)" num="29" count="0" type="method"/>
            <line num="30" count="0" type="stmt"/>
            <line complexity="22" visibility="package" signature="nextToken(Token) : Token" num="42" count="0" type="method"/>
            <line num="44" count="0" type="stmt"/>
            <line num="47" count="0" type="stmt"/>
            <line num="54" count="0" type="stmt"/>
            <line num="55" count="0" type="stmt"/>
            <line num="56" count="0" type="stmt"/>
            <line num="59" count="0" type="stmt"/>
            <line falsecount="0" truecount="0" num="59" type="cond"/>
            <line num="60" count="0" type="stmt"/>
            <line falsecount="0" truecount="0" num="60" type="cond"/>
            <line num="64" count="0" type="stmt"/>
            <line num="65" count="0" type="stmt"/>
            <line num="66" count="0" type="stmt"/>
            <line num="67" count="0" type="stmt"/>
            <line num="69" count="0" type="stmt"/>
            <line falsecount="0" truecount="0" num="69" type="cond"/>
            <line num="70" count="0" type="stmt"/>
            <line num="71" count="0" type="stmt"/>
            <line num="77" count="0" type="stmt"/>
            <line falsecount="0" truecount="0" num="77" type="cond"/>
            <line num="78" count="0" type="stmt"/>
            <line num="79" count="0" type="stmt"/>
            <line num="83" count="0" type="stmt"/>
            <line falsecount="0" truecount="0" num="83" type="cond"/>
            <line num="85" count="0" type="stmt"/>
            <line falsecount="0" truecount="0" num="85" type="cond"/>
            <line num="86" count="0" type="stmt"/>
            <line falsecount="0" truecount="0" num="86" type="cond"/>
            <line num="87" count="0" type="stmt"/>
            <line num="88" count="0" type="stmt"/>
            <line num="89" count="0" type="stmt"/>
            <line num="94" count="0" type="stmt"/>
            <line falsecount="0" truecount="0" num="94" type="cond"/>
            <line num="96" count="0" type="stmt"/>
            <line num="97" count="0" type="stmt"/>
            <line num="98" count="0" type="stmt"/>
            <line falsecount="0" truecount="0" num="98" type="cond"/>
            <line num="100" count="0" type="stmt"/>
            <line num="101" count="0" type="stmt"/>
            <line num="102" count="0" type="stmt"/>
            <line falsecount="0" truecount="0" num="102" type="cond"/>
            <line num="105" count="0" type="stmt"/>
            <line num="106" count="0" type="stmt"/>
            <line num="107" count="0" type="stmt"/>
            <line falsecount="0" truecount="0" num="107" type="cond"/>
            <line num="109" count="0" type="stmt"/>
            <line num="110" count="0" type="stmt"/>
            <line falsecount="0" truecount="0" num="110" type="cond"/>
            <line num="113" count="0" type="stmt"/>
            <line num="114" count="0" type="stmt"/>
            <line num="118" count="0" type="stmt"/>
            <line falsecount="0" truecount="0" num="118" type="cond"/>
            <line num="119" count="0" type="stmt"/>
            <line num="121" count="0" type="stmt"/>
            <line num="124" count="0" type="stmt"/>
            <line complexity="6" visibility="private" signature="simpleTokenLexer(Token,int) : Token" num="144" count="0" type="method"/>
            <line num="145" count="0" type="stmt"/>
            <line num="146" count="0" type="stmt"/>
            <line falsecount="0" truecount="0" num="146" type="cond"/>
            <line num="148" count="0" type="stmt"/>
            <line num="149" count="0" type="stmt"/>
            <line num="150" count="0" type="stmt"/>
            <line num="151" count="0" type="stmt"/>
            <line falsecount="0" truecount="0" num="151" type="cond"/>
            <line num="153" count="0" type="stmt"/>
            <line num="154" count="0" type="stmt"/>
            <line num="155" count="0" type="stmt"/>
            <line num="156" count="0" type="stmt"/>
            <line falsecount="0" truecount="0" num="156" type="cond"/>
            <line num="158" count="0" type="stmt"/>
            <line num="159" count="0" type="stmt"/>
            <line num="160" count="0" type="stmt"/>
            <line num="161" count="0" type="stmt"/>
            <line falsecount="0" truecount="0" num="161" type="cond"/>
            <line num="162" count="0" type="stmt"/>
            <line num="164" count="0" type="stmt"/>
            <line num="167" count="0" type="stmt"/>
            <line num="170" count="0" type="stmt"/>
            <line falsecount="0" truecount="0" num="170" type="cond"/>
            <line num="171" count="0" type="stmt"/>
            <line num="174" count="0" type="stmt"/>
            <line complexity="9" visibility="private" signature="encapsulatedTokenLexer(Token,int) : Token" num="190" count="0" type="method"/>
            <line num="192" count="0" type="stmt"/>
            <line num="195" count="0" type="stmt"/>
            <line num="196" count="0" type="stmt"/>
            <line num="198" count="0" type="stmt"/>
            <line falsecount="0" truecount="0" num="198" type="cond"/>
            <line num="199" count="0" type="stmt"/>
            <line num="200" count="0" type="stmt"/>
            <line falsecount="0" truecount="0" num="200" type="cond"/>
            <line num="201" count="0" type="stmt"/>
            <line falsecount="0" truecount="0" num="201" type="cond"/>
            <line num="203" count="0" type="stmt"/>
            <line num="204" count="0" type="stmt"/>
            <line num="207" count="0" type="stmt"/>
            <line num="208" count="0" type="stmt"/>
            <line num="209" count="0" type="stmt"/>
            <line falsecount="0" truecount="0" num="209" type="cond"/>
            <line num="210" count="0" type="stmt"/>
            <line num="211" count="0" type="stmt"/>
            <line num="212" count="0" type="stmt"/>
            <line num="213" count="0" type="stmt"/>
            <line falsecount="0" truecount="0" num="213" type="cond"/>
            <line num="214" count="0" type="stmt"/>
            <line num="215" count="0" type="stmt"/>
            <line num="216" count="0" type="stmt"/>
            <line num="217" count="0" type="stmt"/>
            <line falsecount="0" truecount="0" num="217" type="cond"/>
            <line num="219" count="0" type="stmt"/>
            <line num="220" count="0" type="stmt"/>
            <line num="221" count="0" type="stmt"/>
            <line num="222" count="0" type="stmt"/>
            <line falsecount="0" truecount="0" num="222" type="cond"/>
            <line num="224" count="0" type="stmt"/>
            <line num="228" count="0" type="stmt"/>
            <line falsecount="0" truecount="0" num="228" type="cond"/>
            <line num="230" count="0" type="stmt"/>
            <line num="233" count="0" type="stmt"/>
         </file>
         <file path="/home/sepehr/test_generation/all_projects_coverage/Csv1f/src/test/java/org/apache/commons/csv/CSVLexerTest.java" name="CSVLexerTest.java">
            <metrics coveredelements="84" coveredconditionals="0" complexity="9" loc="174" coveredmethods="9" methods="9" elements="84" classes="1" ncloc="108" statements="75" conditionals="0" coveredstatements="75"/>
            <class name="CSVLexerTest">
               <metrics coveredelements="84" complexity="9" methods="9" testruns="7" statements="75" coveredconditionals="0" coveredmethods="9" elements="84" testfailures="0" testduration="0.003" conditionals="0" coveredstatements="75" testpasses="7"/>
            </class>
            <line complexity="1" visibility="private" signature="getLexer(String,CSVFormat) : CSVLexer" num="30" count="7" type="method"/>
            <line num="31" count="7" type="stmt"/>
            <line complexity="1" visibility="private" signature="assertTokenEquals(Token.Type,String,Token) : void" num="34" count="55" type="method"/>
            <line num="35" count="55" type="stmt"/>
            <line num="36" count="55" type="stmt"/>
            <line complexity="1" visibility="public" signature="testNextToken1() : void" num="40" testsuccess="true" count="1" testduration="0.002" type="method"/>
            <line num="42" count="1" type="stmt"/>
            <line num="43" count="1" type="stmt"/>
            <line num="44" count="1" type="stmt"/>
            <line num="45" count="1" type="stmt"/>
            <line num="46" count="1" type="stmt"/>
            <line num="47" count="1" type="stmt"/>
            <line num="48" count="1" type="stmt"/>
            <line num="49" count="1" type="stmt"/>
            <line num="50" count="1" type="stmt"/>
            <line num="51" count="1" type="stmt"/>
            <line num="52" count="1" type="stmt"/>
            <line num="53" count="1" type="stmt"/>
            <line complexity="1" visibility="public" signature="testNextToken2() : void" num="57" testsuccess="true" count="1" testduration="0.0" type="method"/>
            <line num="66" count="1" type="stmt"/>
            <line num="67" count="1" type="stmt"/>
            <line num="69" count="1" type="stmt"/>
            <line num="72" count="1" type="stmt"/>
            <line num="73" count="1" type="stmt"/>
            <line num="74" count="1" type="stmt"/>
            <line num="75" count="1" type="stmt"/>
            <line num="76" count="1" type="stmt"/>
            <line num="77" count="1" type="stmt"/>
            <line num="78" count="1" type="stmt"/>
            <line num="79" count="1" type="stmt"/>
            <line num="80" count="1" type="stmt"/>
            <line num="81" count="1" type="stmt"/>
            <line num="82" count="1" type="stmt"/>
            <line num="83" count="1" type="stmt"/>
            <line num="84" count="1" type="stmt"/>
            <line complexity="1" visibility="public" signature="testNextToken3() : void" num="89" testsuccess="true" count="1" testduration="0.0" type="method"/>
            <line num="94" count="1" type="stmt"/>
            <line num="95" count="1" type="stmt"/>
            <line num="96" count="1" type="stmt"/>
            <line num="98" count="1" type="stmt"/>
            <line num="100" count="1" type="stmt"/>
            <line num="101" count="1" type="stmt"/>
            <line num="102" count="1" type="stmt"/>
            <line num="104" count="1" type="stmt"/>
            <line num="105" count="1" type="stmt"/>
            <line num="106" count="1" type="stmt"/>
            <line complexity="1" visibility="public" signature="testNextToken4() : void" num="110" testsuccess="true" count="1" testduration="0.0" type="method"/>
            <line num="117" count="1" type="stmt"/>
            <line num="118" count="1" type="stmt"/>
            <line num="119" count="1" type="stmt"/>
            <line num="120" count="1" type="stmt"/>
            <line num="121" count="1" type="stmt"/>
            <line num="122" count="1" type="stmt"/>
            <line num="123" count="1" type="stmt"/>
            <line num="124" count="1" type="stmt"/>
            <line num="125" count="1" type="stmt"/>
            <line num="126" count="1" type="stmt"/>
            <line num="127" count="1" type="stmt"/>
            <line num="128" count="1" type="stmt"/>
            <line num="129" count="1" type="stmt"/>
            <line num="131" count="1" type="stmt"/>
            <line complexity="1" visibility="public" signature="testNextToken5() : void" num="135" testsuccess="true" count="1" testduration="0.0" type="method"/>
            <line num="137" count="1" type="stmt"/>
            <line num="138" count="1" type="stmt"/>
            <line num="139" count="1" type="stmt"/>
            <line num="140" count="1" type="stmt"/>
            <line num="141" count="1" type="stmt"/>
            <line num="142" count="1" type="stmt"/>
            <line num="143" count="1" type="stmt"/>
            <line complexity="1" visibility="public" signature="testNextToken6() : void" num="148" testsuccess="true" count="1" testduration="0.001" type="method"/>
            <line num="155" count="1" type="stmt"/>
            <line num="156" count="1" type="stmt"/>
            <line num="157" count="1" type="stmt"/>
            <line num="158" count="1" type="stmt"/>
            <line num="159" count="1" type="stmt"/>
            <line complexity="1" visibility="public" signature="testDelimiterIsWhitespace() : void" num="163" testsuccess="true" count="1" testduration="0.0" type="method"/>
            <line num="165" count="1" type="stmt"/>
            <line num="166" count="1" type="stmt"/>
            <line num="167" count="1" type="stmt"/>
            <line num="168" count="1" type="stmt"/>
            <line num="169" count="1" type="stmt"/>
            <line num="170" count="1" type="stmt"/>
            <line num="171" count="1" type="stmt"/>
            <line num="172" count="1" type="stmt"/>
         </file>
         <file path="/home/sepehr/test_generation/all_projects_coverage/Csv1f/src/test/java/org/apache/commons/csv/CSVParserTest.java" name="CSVParserTest.java">
            <metrics coveredelements="218" coveredconditionals="20" complexity="37" loc="517" coveredmethods="23" methods="24" elements="231" classes="1" ncloc="418" statements="185" conditionals="22" coveredstatements="175"/>
            <class name="CSVParserTest">
               <metrics coveredelements="218" complexity="37" methods="24" testruns="23" statements="185" coveredconditionals="20" coveredmethods="23" elements="231" testfailures="0" testduration="0.022000000000000006" conditionals="22" coveredstatements="175" testpasses="23"/>
            </class>
            <line complexity="1" visibility="public" signature="testGetLine() : void" num="56" testsuccess="true" count="1" testduration="0.013" type="method"/>
            <line num="58" count="1" type="stmt"/>
            <line num="59" count="1" type="stmt"/>
            <line num="60" count="4" type="stmt"/>
            <line num="63" count="1" type="stmt"/>
            <line complexity="2" visibility="public" signature="testGetRecords() : void" num="66" testsuccess="true" count="1" testduration="0.0" type="method"/>
            <line num="68" count="1" type="stmt"/>
            <line num="69" count="1" type="stmt"/>
            <line num="70" count="1" type="stmt"/>
            <line num="71" count="1" type="stmt"/>
            <line num="72" count="1" type="stmt"/>
            <line falsecount="1" truecount="4" num="72" type="cond"/>
            <line num="73" count="4" type="stmt"/>
            <line complexity="2" visibility="public" signature="testExcelFormat1() : void" num="77" testsuccess="true" count="1" testduration="0.0" type="method"/>
            <line num="79" count="1" type="stmt"/>
            <line num="82" count="1" type="stmt"/>
            <line num="89" count="1" type="stmt"/>
            <line num="90" count="1" type="stmt"/>
            <line num="91" count="1" type="stmt"/>
            <line num="92" count="1" type="stmt"/>
            <line num="93" count="1" type="stmt"/>
            <line falsecount="1" truecount="5" num="93" type="cond"/>
            <line num="94" count="5" type="stmt"/>
            <line complexity="2" visibility="public" signature="testExcelFormat2() : void" num="98" testsuccess="true" count="1" testduration="0.0" type="method"/>
            <line num="100" count="1" type="stmt"/>
            <line num="101" count="1" type="stmt"/>
            <line num="108" count="1" type="stmt"/>
            <line num="109" count="1" type="stmt"/>
            <line num="110" count="1" type="stmt"/>
            <line num="111" count="1" type="stmt"/>
            <line num="112" count="1" type="stmt"/>
            <line falsecount="1" truecount="5" num="112" type="cond"/>
            <line num="113" count="5" type="stmt"/>
            <line complexity="2" visibility="public" signature="testEndOfFileBehaviourExcel() : void" num="117" testsuccess="true" count="1" testduration="0.001" type="method"/>
            <line num="119" count="1" type="stmt"/>
            <line num="129" count="1" type="stmt"/>
            <line num="135" count="1" type="stmt"/>
            <line num="136" count="8" type="stmt"/>
            <line num="137" count="8" type="stmt"/>
            <line num="138" count="8" type="stmt"/>
            <line num="139" count="8" type="stmt"/>
            <line num="140" count="8" type="stmt"/>
            <line falsecount="8" truecount="24" num="140" type="cond"/>
            <line num="141" count="24" type="stmt"/>
            <line complexity="2" visibility="public" signature="testEndOfFileBehaviorCSV() : void" num="146" testsuccess="true" count="1" testduration="0.001" type="method"/>
            <line num="148" count="1" type="stmt"/>
            <line num="158" count="1" type="stmt"/>
            <line num="162" count="1" type="stmt"/>
            <line num="163" count="8" type="stmt"/>
            <line num="164" count="8" type="stmt"/>
            <line num="165" count="8" type="stmt"/>
            <line num="166" count="8" type="stmt"/>
            <line num="167" count="8" type="stmt"/>
            <line falsecount="8" truecount="16" num="167" type="cond"/>
            <line num="168" count="16" type="stmt"/>
            <line complexity="2" visibility="public" signature="testEmptyLineBehaviourExcel() : void" num="173" testsuccess="true" count="1" testduration="0.001" type="method"/>
            <line num="175" count="1" type="stmt"/>
            <line num="181" count="1" type="stmt"/>
            <line num="186" count="1" type="stmt"/>
            <line num="187" count="4" type="stmt"/>
            <line num="188" count="4" type="stmt"/>
            <line num="189" count="4" type="stmt"/>
            <line num="190" count="4" type="stmt"/>
            <line num="191" count="4" type="stmt"/>
            <line falsecount="4" truecount="12" num="191" type="cond"/>
            <line num="192" count="12" type="stmt"/>
            <line complexity="2" visibility="public" signature="testEmptyLineBehaviourCSV() : void" num="197" testsuccess="true" count="1" testduration="0.002" type="method"/>
            <line num="199" count="1" type="stmt"/>
            <line num="205" count="1" type="stmt"/>
            <line num="208" count="1" type="stmt"/>
            <line num="209" count="4" type="stmt"/>
            <line num="210" count="4" type="stmt"/>
            <line num="211" count="4" type="stmt"/>
            <line num="212" count="4" type="stmt"/>
            <line num="213" count="4" type="stmt"/>
            <line falsecount="4" truecount="4" num="213" type="cond"/>
            <line num="214" count="4" type="stmt"/>
            <line complexity="1" visibility="public" signature="testEmptyFile() : void" num="219" testsuccess="true" count="1" testduration="0.0" type="method"/>
            <line num="221" count="1" type="stmt"/>
            <line num="222" count="1" type="stmt"/>
            <line complexity="2" visibility="public" signature="testBackslashEscapingOld() : void" num="225" count="0" type="method"/>
            <line num="228" count="0" type="stmt"/>
            <line num="238" count="0" type="stmt"/>
            <line num="249" count="0" type="stmt"/>
            <line num="250" count="0" type="stmt"/>
            <line num="251" count="0" type="stmt"/>
            <line num="252" count="0" type="stmt"/>
            <line num="253" count="0" type="stmt"/>
            <line falsecount="0" truecount="0" num="253" type="cond"/>
            <line num="254" count="0" type="stmt"/>
            <line complexity="2" visibility="public" signature="testBackslashEscaping() : void" num="258" testsuccess="true" count="1" testduration="0.0" type="method"/>
            <line num="265" count="1" type="stmt"/>
            <line num="277" count="1" type="stmt"/>
            <line num="291" count="1" type="stmt"/>
            <line num="293" count="1" type="stmt"/>
            <line num="294" count="1" type="stmt"/>
            <line num="295" count="1" type="stmt"/>
            <line num="296" count="1" type="stmt"/>
            <line falsecount="1" truecount="10" num="296" type="cond"/>
            <line num="297" count="10" type="stmt"/>
            <line complexity="1" visibility="public" signature="testBackslashEscaping2() : void" num="301" testsuccess="true" count="1" testduration="0.0" type="method"/>
            <line num="308" count="1" type="stmt"/>
            <line num="313" count="1" type="stmt"/>
            <line num="320" count="1" type="stmt"/>
            <line num="322" count="1" type="stmt"/>
            <line num="323" count="1" type="stmt"/>
            <line num="324" count="1" type="stmt"/>
            <line num="326" count="1" type="stmt"/>
            <line complexity="1" visibility="public" signature="testDefaultFormat() : void" num="329" testsuccess="true" count="1" testduration="0.0" type="method"/>
            <line num="331" count="1" type="stmt"/>
            <line num="336" count="1" type="stmt"/>
            <line num="342" count="1" type="stmt"/>
            <line num="343" count="1" type="stmt"/>
            <line num="345" count="1" type="stmt"/>
            <line num="346" count="1" type="stmt"/>
            <line num="347" count="1" type="stmt"/>
            <line num="349" count="1" type="stmt"/>
            <line num="351" count="1" type="stmt"/>
            <line num="357" count="1" type="stmt"/>
            <line num="358" count="1" type="stmt"/>
            <line num="359" count="1" type="stmt"/>
            <line num="361" count="1" type="stmt"/>
            <line complexity="1" visibility="public" signature="testCarriageReturnLineFeedEndings() : void" num="364" testsuccess="true" count="1" testduration="0.001" type="method"/>
            <line num="366" count="1" type="stmt"/>
            <line num="367" count="1" type="stmt"/>
            <line num="368" count="1" type="stmt"/>
            <line num="369" count="1" type="stmt"/>
            <line complexity="1" visibility="public" signature="testCarriageReturnEndings() : void" num="372" testsuccess="true" count="1" testduration="0.0" type="method"/>
            <line num="374" count="1" type="stmt"/>
            <line num="375" count="1" type="stmt"/>
            <line num="376" count="1" type="stmt"/>
            <line num="377" count="1" type="stmt"/>
            <line complexity="1" visibility="public" signature="testLineFeedEndings() : void" num="380" testsuccess="true" count="1" testduration="0.001" type="method"/>
            <line num="382" count="1" type="stmt"/>
            <line num="383" count="1" type="stmt"/>
            <line num="384" count="1" type="stmt"/>
            <line num="385" count="1" type="stmt"/>
            <line complexity="1" visibility="public" signature="testIgnoreEmptyLines() : void" num="388" testsuccess="true" count="1" testduration="0.0" type="method"/>
            <line num="390" count="1" type="stmt"/>
            <line num="393" count="1" type="stmt"/>
            <line num="394" count="1" type="stmt"/>
            <line num="395" count="1" type="stmt"/>
            <line complexity="1" visibility="public" signature="testForEach() : void" num="398" testsuccess="true" count="1" testduration="0.001" type="method"/>
            <line num="400" count="1" type="stmt"/>
            <line num="402" count="1" type="stmt"/>
            <line num="404" count="1" type="stmt"/>
            <line num="405" count="3" type="stmt"/>
            <line num="408" count="1" type="stmt"/>
            <line num="409" count="1" type="stmt"/>
            <line num="410" count="1" type="stmt"/>
            <line num="411" count="1" type="stmt"/>
            <line complexity="3" visibility="public" signature="testIterator() : void" num="414" testsuccess="true" count="1" testduration="0.0" type="method"/>
            <line num="416" count="1" type="stmt"/>
            <line num="418" count="1" type="stmt"/>
            <line num="420" count="1" type="stmt"/>
            <line num="421" count="1" type="stmt"/>
            <line num="422" count="1" type="stmt"/>
            <line num="423" count="0" type="stmt"/>
            <line num="426" count="1" type="stmt"/>
            <line num="427" count="1" type="stmt"/>
            <line num="428" count="1" type="stmt"/>
            <line num="429" count="1" type="stmt"/>
            <line num="430" count="1" type="stmt"/>
            <line num="431" count="1" type="stmt"/>
            <line num="432" count="1" type="stmt"/>
            <line num="434" count="1" type="stmt"/>
            <line num="435" count="1" type="stmt"/>
            <line num="436" count="0" type="stmt"/>
            <line complexity="2" visibility="public" signature="testHeader() : void" num="442" testsuccess="true" count="1" testduration="0.0" type="method"/>
            <line num="444" count="1" type="stmt"/>
            <line num="446" count="1" type="stmt"/>
            <line num="448" count="1" type="stmt"/>
            <line falsecount="1" truecount="2" num="448" type="cond"/>
            <line num="449" count="2" type="stmt"/>
            <line num="450" count="2" type="stmt"/>
            <line num="451" count="2" type="stmt"/>
            <line num="452" count="2" type="stmt"/>
            <line num="453" count="2" type="stmt"/>
            <line num="456" count="1" type="stmt"/>
            <line complexity="2" visibility="public" signature="testProvidedHeader() : void" num="459" testsuccess="true" count="1" testduration="0.001" type="method"/>
            <line num="461" count="1" type="stmt"/>
            <line num="463" count="1" type="stmt"/>
            <line num="465" count="1" type="stmt"/>
            <line falsecount="1" truecount="3" num="465" type="cond"/>
            <line num="466" count="3" type="stmt"/>
            <line num="467" count="3" type="stmt"/>
            <line num="468" count="3" type="stmt"/>
            <line num="469" count="3" type="stmt"/>
            <line num="470" count="3" type="stmt"/>
            <line num="473" count="1" type="stmt"/>
            <line complexity="1" visibility="public" signature="testGetLineNumberWithLF() : void" num="476" testsuccess="true" count="1" testduration="0.0" type="method"/>
            <line num="478" count="1" type="stmt"/>
            <line num="480" count="1" type="stmt"/>
            <line num="481" count="1" type="stmt"/>
            <line num="482" count="1" type="stmt"/>
            <line num="483" count="1" type="stmt"/>
            <line num="484" count="1" type="stmt"/>
            <line num="485" count="1" type="stmt"/>
            <line num="486" count="1" type="stmt"/>
            <line num="487" count="1" type="stmt"/>
            <line complexity="1" visibility="public" signature="testGetLineNumberWithCRLF() : void" num="490" testsuccess="true" count="1" testduration="0.0" type="method"/>
            <line num="492" count="1" type="stmt"/>
            <line num="494" count="1" type="stmt"/>
            <line num="495" count="1" type="stmt"/>
            <line num="496" count="1" type="stmt"/>
            <line num="497" count="1" type="stmt"/>
            <line num="498" count="1" type="stmt"/>
            <line num="499" count="1" type="stmt"/>
            <line num="500" count="1" type="stmt"/>
            <line num="501" count="1" type="stmt"/>
            <line complexity="1" visibility="public" signature="testGetLineNumberWithCR() : void" num="504" testsuccess="true" count="1" testduration="0.0" type="method"/>
            <line num="506" count="1" type="stmt"/>
            <line num="508" count="1" type="stmt"/>
[...]
            <line num="198" count="0" type="stmt"/>
            <line num="200" count="74840" type="stmt"/>
            <line falsecount="74840" truecount="149482" num="200" type="cond"/>
            <line num="201" count="149482" type="stmt"/>
            <line num="202" count="149482" type="stmt"/>
            <line num="203" count="149482" type="stmt"/>
            <line falsecount="149482" truecount="0" num="203" type="cond"/>
            <line num="204" count="0" type="stmt"/>
            <line num="205" count="0" type="stmt"/>
            <line num="206" count="0" type="stmt"/>
            <line num="210" count="30003" type="stmt"/>
            <line complexity="4" visibility="public" signature="printable(String) : String" num="213" count="0" type="method"/>
            <line num="214" count="0" type="stmt"/>
            <line num="215" count="0" type="stmt"/>
            <line falsecount="0" truecount="0" num="215" type="cond"/>
            <line num="216" count="0" type="stmt"/>
            <line num="217" count="0" type="stmt"/>
            <line falsecount="0" truecount="0" num="217" type="cond"/>
            <line num="218" count="0" type="stmt"/>
            <line num="220" count="0" type="stmt"/>
            <line num="223" count="0" type="stmt"/>
            <line complexity="11" visibility="public" signature="randStr() : String" num="226" count="149462" type="method"/>
            <line num="227" count="149462" type="stmt"/>
            <line num="229" count="149462" type="stmt"/>
            <line num="231" count="149462" type="stmt"/>
            <line num="232" count="149462" type="stmt"/>
            <line falsecount="149462" truecount="1421431" num="232" type="cond"/>
            <line num="234" count="1421431" type="stmt"/>
            <line num="235" count="1421431" type="stmt"/>
            <line num="236" count="1421431" type="stmt"/>
            <line num="237" count="71256" type="stmt"/>
            <line num="238" count="71256" type="stmt"/>
            <line num="239" count="71256" type="stmt"/>
            <line num="240" count="70997" type="stmt"/>
            <line num="241" count="70997" type="stmt"/>
            <line num="242" count="70997" type="stmt"/>
            <line num="243" count="70987" type="stmt"/>
            <line num="244" count="70987" type="stmt"/>
            <line num="245" count="70987" type="stmt"/>
            <line num="246" count="71013" type="stmt"/>
            <line num="247" count="71013" type="stmt"/>
            <line num="248" count="71013" type="stmt"/>
            <line num="249" count="71273" type="stmt"/>
            <line num="250" count="71273" type="stmt"/>
            <line num="251" count="71273" type="stmt"/>
            <line num="252" count="71021" type="stmt"/>
            <line num="253" count="71021" type="stmt"/>
            <line num="254" count="71021" type="stmt"/>
            <line num="255" count="71325" type="stmt"/>
            <line num="256" count="71325" type="stmt"/>
            <line num="257" count="71325" type="stmt"/>
            <line num="258" count="71051" type="stmt"/>
            <line num="259" count="71051" type="stmt"/>
            <line num="260" count="71051" type="stmt"/>
            <line num="261" count="70840" type="stmt"/>
            <line num="262" count="70840" type="stmt"/>
            <line num="263" count="70840" type="stmt"/>
            <line num="264" count="781668" type="stmt"/>
            <line num="265" count="781668" type="stmt"/>
            <line num="266" count="781668" type="stmt"/>
            <line num="269" count="1421431" type="stmt"/>
            <line num="271" count="149462" type="stmt"/>
         </file>
         <file path="/home/sepehr/test_generation/all_projects_coverage/Csv1f/src/test/java/org/apache/commons/csv/ExtendedBufferedReaderTest.java" name="ExtendedBufferedReaderTest.java">
            <metrics coveredelements="61" coveredconditionals="0" complexity="6" loc="194" coveredmethods="6" methods="6" elements="61" classes="1" ncloc="76" statements="55" conditionals="0" coveredstatements="55"/>
            <class name="ExtendedBufferedReaderTest">
               <metrics coveredelements="61" complexity="6" methods="6" testruns="5" statements="55" coveredconditionals="0" coveredmethods="6" elements="61" testfailures="0" testduration="0.0" conditionals="0" coveredstatements="55" testpasses="5"/>
            </class>
            <line complexity="1" visibility="public" signature="testEmptyInput() : void" num="28" testsuccess="true" count="1" testduration="0.0" type="method"/>
            <line num="30" count="1" type="stmt"/>
            <line num="31" count="1" type="stmt"/>
            <line num="32" count="1" type="stmt"/>
            <line num="33" count="1" type="stmt"/>
            <line num="34" count="1" type="stmt"/>
            <line num="35" count="1" type="stmt"/>
            <line complexity="1" visibility="public" signature="testReadLookahead1() : void" num="38" testsuccess="true" count="1" testduration="0.0" type="method"/>
            <line complexity="1" visibility="public" signature="testReadLookahead2() : void" num="92" testsuccess="true" count="1" testduration="0.0" type="method"/>
            <line num="94" count="1" type="stmt"/>
            <line num="95" count="1" type="stmt"/>
            <line num="97" count="1" type="stmt"/>
            <line num="98" count="1" type="stmt"/>
            <line num="99" count="1" type="stmt"/>
            <line num="100" count="1" type="stmt"/>
            <line num="101" count="1" type="stmt"/>
            <line num="102" count="1" type="stmt"/>
            <line num="103" count="1" type="stmt"/>
            <line num="105" count="1" type="stmt"/>
            <line num="106" count="1" type="stmt"/>
            <line num="107" count="1" type="stmt"/>
            <line num="108" count="1" type="stmt"/>
            <line num="109" count="1" type="stmt"/>
            <line complexity="1" visibility="public" signature="testReadLine() : void" num="112" testsuccess="true" count="1" testduration="0.0" type="method"/>
            <line num="114" count="1" type="stmt"/>
            <line num="115" count="1" type="stmt"/>
            <line num="117" count="1" type="stmt"/>
            <line num="118" count="1" type="stmt"/>
            <line num="119" count="1" type="stmt"/>
            <line num="121" count="1" type="stmt"/>
            <line num="122" count="1" type="stmt"/>
            <line num="123" count="1" type="stmt"/>
            <line num="124" count="1" type="stmt"/>
            <line num="125" count="1" type="stmt"/>
            <line num="126" count="1" type="stmt"/>
            <line num="127" count="1" type="stmt"/>
            <line num="128" count="1" type="stmt"/>
            <line num="129" count="1" type="stmt"/>
            <line num="130" count="1" type="stmt"/>
            <line num="132" count="1" type="stmt"/>
            <line num="133" count="1" type="stmt"/>
            <line num="134" count="1" type="stmt"/>
            <line num="135" count="1" type="stmt"/>
            <line num="136" count="1" type="stmt"/>
            <line num="137" count="1" type="stmt"/>
            <line num="138" count="1" type="stmt"/>
            <line num="139" count="1" type="stmt"/>
            <line num="140" count="1" type="stmt"/>
            <line num="141" count="1" type="stmt"/>
            <line num="142" count="1" type="stmt"/>
            <line num="143" count="1" type="stmt"/>
            <line num="146" count="1" type="stmt"/>
            <line num="147" count="1" type="stmt"/>
            <line num="148" count="1" type="stmt"/>
            <line num="149" count="1" type="stmt"/>
            <line num="150" count="1" type="stmt"/>
            <line num="151" count="1" type="stmt"/>
            <line num="152" count="1" type="stmt"/>
            <line complexity="1" visibility="public" signature="testReadChar() : void" num="160" testsuccess="true" count="1" testduration="0.0" type="method"/>
            <line complexity="1" visibility="private" signature="getBufferedReader(String) : ExtendedBufferedReader" num="191" count="7" type="method"/>
            <line num="192" count="7" type="stmt"/>
         </file>
         <file path="/home/sepehr/test_generation/all_projects_coverage/Csv1f/src/test/java/org/apache/commons/csv/PerformanceTest.java" name="PerformanceTest.java">
            <metrics coveredelements="0" coveredconditionals="0" complexity="48" loc="268" coveredmethods="0" methods="12" elements="209" classes="2" ncloc="210" statements="133" conditionals="64" coveredstatements="0"/>
            <class name="PerformanceTest">
               <metrics coveredelements="0" coveredconditionals="0" complexity="47" coveredmethods="0" methods="11" elements="206" statements="131" conditionals="64" coveredstatements="0"/>
            </class>
            <class name="PerformanceTest.Stats">
               <metrics coveredelements="0" coveredconditionals="0" complexity="1" coveredmethods="0" methods="1" elements="3" statements="2" conditionals="0" coveredstatements="0"/>
            </class>
            <line complexity="12" visibility="public" signature="main(String[]) : void" num="60" count="0" type="method"/>
            <line num="61" count="0" type="stmt"/>
            <line num="62" count="0" type="stmt"/>
            <line num="63" count="0" type="stmt"/>
            <line falsecount="0" truecount="0" num="63" type="cond"/>
            <line num="64" count="0" type="stmt"/>
            <line num="66" count="0" type="stmt"/>
            <line falsecount="0" truecount="0" num="66" type="cond"/>
            <line num="67" count="0" type="stmt"/>
            <line num="68" count="0" type="stmt"/>
            <line falsecount="0" truecount="0" num="68" type="cond"/>
            <line num="69" count="0" type="stmt"/>
            <line num="72" count="0" type="stmt"/>
            <line num="74" count="0" type="stmt"/>
            <line num="75" count="0" type="stmt"/>
            <line num="77" count="0" type="stmt"/>
            <line num="79" count="0" type="stmt"/>
            <line num="80" count="0" type="stmt"/>
            <line falsecount="0" truecount="0" num="80" type="cond"/>
            <line num="81" count="0" type="stmt"/>
            <line num="82" count="0" type="stmt"/>
            <line falsecount="0" truecount="0" num="82" type="cond"/>
            <line num="83" count="0" type="stmt"/>
            <line num="84" count="0" type="stmt"/>
            <line falsecount="0" truecount="0" num="84" type="cond"/>
            <line num="85" count="0" type="stmt"/>
            <line num="86" count="0" type="stmt"/>
            <line falsecount="0" truecount="0" num="86" type="cond"/>
            <line num="87" count="0" type="stmt"/>
            <line num="88" count="0" type="stmt"/>
            <line falsecount="0" truecount="0" num="88" type="cond"/>
            <line num="89" count="0" type="stmt"/>
            <line num="90" count="0" type="stmt"/>
            <line falsecount="0" truecount="0" num="90" type="cond"/>
            <line num="91" count="0" type="stmt"/>
            <line num="92" count="0" type="stmt"/>
            <line falsecount="0" truecount="0" num="92" type="cond"/>
            <line num="93" count="0" type="stmt"/>
            <line num="94" count="0" type="stmt"/>
            <line falsecount="0" truecount="0" num="94" type="cond"/>
            <line num="95" count="0" type="stmt"/>
            <line num="97" count="0" type="stmt"/>
            <line complexity="1" visibility="private" signature="getReader() : BufferedReader" num="102" count="0" type="method"/>
            <line num="103" count="0" type="stmt"/>
            <line complexity="1" visibility="package" signature="Stats(int,int)" num="110" count="0" type="method"/>
            <line num="111" count="0" type="stmt"/>
            <line num="112" count="0" type="stmt"/>
            <line complexity="1" visibility="private" signature="show(String,Stats,long) : void" num="117" count="0" type="method"/>
            <line num="118" count="0" type="stmt"/>
            <line num="119" count="0" type="stmt"/>
            <line num="120" count="0" type="stmt"/>
            <line complexity="3" visibility="private" signature="show() : void" num="124" count="0" type="method"/>
            <line num="125" count="0" type="stmt"/>
            <line num="126" count="0" type="stmt"/>
            <line falsecount="0" truecount="0" num="126" type="cond"/>
            <line num="127" count="0" type="stmt"/>
            <line falsecount="0" truecount="0" num="127" type="cond"/>
            <line num="128" count="0" type="stmt"/>
            <line num="130" count="0" type="stmt"/>
            <line num="132" count="0" type="stmt"/>
            <line complexity="3" visibility="private" signature="testReadBigFile(boolean) : void" num="135" count="0" type="method"/>
            <line num="136" count="0" type="stmt"/>
            <line falsecount="0" truecount="0" num="136" type="cond"/>
            <line num="137" count="0" type="stmt"/>
            <line num="138" count="0" type="stmt"/>
            <line num="139" count="0" type="stmt"/>
            <line num="140" count="0" type="stmt"/>
            <line num="141" count="0" type="stmt"/>
            <line falsecount="0" truecount="0" num="141" type="cond"/>
            <line num="143" count="0" type="stmt"/>
            <line complexity="3" visibility="private" signature="readAll(BufferedReader,boolean) : Stats" num="146" count="0" type="method"/>
            <line num="147" count="0" type="stmt"/>
            <line num="148" count="0" type="stmt"/>
            <line num="149" count="0" type="stmt"/>
            <line num="150" count="0" type="stmt"/>
            <line falsecount="0" truecount="0" num="150" type="cond"/>
            <line num="151" count="0" type="stmt"/>
            <line num="152" count="0" type="stmt"/>
            <line falsecount="0" truecount="0" num="152" type="cond"/>
            <line num="154" count="0" type="stmt"/>
            <line complexity="10" visibility="private" signature="testExtendedBuffer(boolean) : void" num="157" count="0" type="method"/>
            <line num="158" count="0" type="stmt"/>
            <line falsecount="0" truecount="0" num="158" type="cond"/>
            <line num="159" count="0" type="stmt"/>
            <line num="160" count="0" type="stmt"/>
            <line num="161" count="0" type="stmt"/>
            <line num="162" count="0" type="stmt"/>
            <line num="163" count="0" type="stmt"/>
            <line num="164" count="0" type="stmt"/>
            <line falsecount="0" truecount="0" num="164" type="cond"/>
            <line num="165" count="0" type="stmt"/>
            <line num="166" count="0" type="stmt"/>
            <line falsecount="0" truecount="0" num="166" type="cond"/>
            <line num="167" count="0" type="stmt"/>
            <line num="168" count="0" type="stmt"/>
            <line falsecount="0" truecount="0" num="168" type="cond"/>
            <line num="169" count="0" type="stmt"/>
            <line num="170" count="0" type="stmt"/>
            <line num="171" count="0" type="stmt"/>
            <line num="172" count="0" type="stmt"/>
            <line falsecount="0" truecount="0" num="172" type="cond"/>
            <line num="173" count="0" type="stmt"/>
            <line num="174" count="0" type="stmt"/>
            <line num="175" count="0" type="stmt"/>
            <line num="179" count="0" type="stmt"/>
            <line falsecount="0" truecount="0" num="179" type="cond"/>
            <line num="180" count="0" type="stmt"/>
            <line falsecount="0" truecount="0" num="180" type="cond"/>
            <line num="181" count="0" type="stmt"/>
            <line num="182" count="0" type="stmt"/>
            <line falsecount="0" truecount="0" num="182" type="cond"/>
            <line num="183" count="0" type="stmt"/>
            <line num="187" count="0" type="stmt"/>
            <line num="188" count="0" type="stmt"/>
            <line num="189" count="0" type="stmt"/>
            <line falsecount="0" truecount="0" num="189" type="cond"/>
            <line num="191" count="0" type="stmt"/>
            <line complexity="2" visibility="private" signature="testParseCommonsCSV() : void" num="194" count="0" type="method"/>
            <line num="195" count="0" type="stmt"/>
            <line falsecount="0" truecount="0" num="195" type="cond"/>
            <line num="196" count="0" type="stmt"/>
            <line num="197" count="0" type="stmt"/>
            <line num="198" count="0" type="stmt"/>
            <line num="199" count="0" type="stmt"/>
            <line num="200" count="0" type="stmt"/>
            <line num="201" count="0" type="stmt"/>
            <line num="203" count="0" type="stmt"/>
            <line complexity="1" visibility="private" signature="getLexerCtor(String) : Constructor&lt;Lexer&gt;" num="207" count="0" type="method"/>
            <line num="208" count="0" type="stmt"/>
            <line num="210" count="0" type="stmt"/>
            <line num="211" count="0" type="stmt"/>
            <line complexity="10" visibility="private" signature="testCSVLexer(boolean,String) : void" num="214" count="0" type="method"/>
            <line num="215" count="0" type="stmt"/>
            <line num="216" count="0" type="stmt"/>
            <line num="217" count="0" type="stmt"/>
            <line falsecount="0" truecount="0" num="217" type="cond"/>
            <line num="218" count="0" type="stmt"/>
            <line num="219" count="0" type="stmt"/>
            <line num="220" count="0" type="stmt"/>
            <line falsecount="0" truecount="0" num="220" type="cond"/>
            <line num="221" count="0" type="stmt"/>
            <line num="222" count="0" type="stmt"/>
            <line num="224" count="0" type="stmt"/>
            <line num="226" count="0" type="stmt"/>
            <line num="227" count="0" type="stmt"/>
            <line num="228" count="0" type="stmt"/>
            <line num="229" count="0" type="stmt"/>
            <line num="230" count="0" type="stmt"/>
            <line falsecount="0" truecount="0" num="230" type="cond"/>
            <line num="231" count="0" type="stmt"/>
            <line num="233" count="0" type="stmt"/>
            <line num="235" count="0" type="stmt"/>
            <line num="236" count="0" type="stmt"/>
            <line num="237" count="0" type="stmt"/>
            <line num="238" count="0" type="stmt"/>
            <line num="239" count="0" type="stmt"/>
            <line num="240" count="0" type="stmt"/>
            <line num="241" count="0" type="stmt"/>
            <line num="242" count="0" type="stmt"/>
            <line num="243" count="0" type="stmt"/>
            <line num="244" count="0" type="stmt"/>
            <line num="245" count="0" type="stmt"/>
            <line num="246" count="0" type="stmt"/>
            <line num="247" count="0" type="stmt"/>
            <line falsecount="0" truecount="0" num="250" type="cond"/>
            <line num="251" count="0" type="stmt"/>
            <line num="252" count="0" type="stmt"/>
            <line num="253" count="0" type="stmt"/>
            <line falsecount="0" truecount="0" num="253" type="cond"/>
            <line num="255" count="0" type="stmt"/>
            <line complexity="1" visibility="private" signature="iterate(Iterable&lt;CSVRecord&gt;) : Stats" num="258" count="0" type="method"/>
            <line num="259" count="0" type="stmt"/>
            <line num="260" count="0" type="stmt"/>
            <line num="261" count="0" type="stmt"/>
            <line num="262" count="0" type="stmt"/>
            <line num="263" count="0" type="stmt"/>
            <line num="265" count="0" type="stmt"/>
         </file>
      </package>
   </testproject>
</coverage>