<?xml version="1.0" encoding="UTF-8" ?>
<testsuite errors="0" failures="0" hostname="sepehr-UX310UQK" name="com.google.javascript.jscomp.TypedScopeCreatorTest" skipped="0" tests="112" time="0.529" timestamp="2023-01-02T22:16:31">
  <properties>
[...]
</properties>
  <testcase classname="com.google.javascript.jscomp.TypedScopeCreatorTest" name="testInferredVar" time="0.004" />
  <testcase classname="com.google.javascript.jscomp.TypedScopeCreatorTest" name="testTemplateType1" time="0.006" />
  <testcase classname="com.google.javascript.jscomp.TypedScopeCreatorTest" name="testTemplateType2" time="0.003" />
  <testcase classname="com.google.javascript.jscomp.TypedScopeCreatorTest" name="testTemplateType3" time="0.004" />
  <testcase classname="com.google.javascript.jscomp.TypedScopeCreatorTest" name="testTemplateType4" time="0.004" />
  <testcase classname="com.google.javascript.jscomp.TypedScopeCreatorTest" name="testTemplateType5" time="0.004" />
  <testcase classname="com.google.javascript.jscomp.TypedScopeCreatorTest" name="testActiveXObject" time="0.004" />
  <testcase classname="com.google.javascript.jscomp.TypedScopeCreatorTest" name="testEnumElement" time="0.005" />
  <testcase classname="com.google.javascript.jscomp.TypedScopeCreatorTest" name="testEnumAlias" time="0.005" />
  <testcase classname="com.google.javascript.jscomp.TypedScopeCreatorTest" name="testConstructorProperty" time="0.005" />
  <testcase classname="com.google.javascript.jscomp.TypedScopeCreatorTest" name="testPrototypePropertyMethodWithoutAnnotation" time="0.007" />
  <testcase classname="com.google.javascript.jscomp.TypedScopeCreatorTest" name="testInferredProperty1" time="0.004" />
  <testcase classname="com.google.javascript.jscomp.TypedScopeCreatorTest" name="testInferredProperty1a" time="0.005" />
  <testcase classname="com.google.javascript.jscomp.TypedScopeCreatorTest" name="testInferredProperty2" time="0.005" />
  <testcase classname="com.google.javascript.jscomp.TypedScopeCreatorTest" name="testInferredProperty2b" time="0.004" />
  <testcase classname="com.google.javascript.jscomp.TypedScopeCreatorTest" name="testInferredProperty2c" time="0.005" />
  <testcase classname="com.google.javascript.jscomp.TypedScopeCreatorTest" name="testInferredProperty3" time="0.005" />
  <testcase classname="com.google.javascript.jscomp.TypedScopeCreatorTest" name="testInferredProperty4" time="0.005" />
  <testcase classname="com.google.javascript.jscomp.TypedScopeCreatorTest" name="testInferredProperty5" time="0.005" />
  <testcase classname="com.google.javascript.jscomp.TypedScopeCreatorTest" name="testInferredProperty6" time="0.005" />
  <testcase classname="com.google.javascript.jscomp.TypedScopeCreatorTest" name="testPrototypeInit" time="0.005" />
  <testcase classname="com.google.javascript.jscomp.TypedScopeCreatorTest" name="testBogusPrototypeInit" time="0.006" />
  <testcase classname="com.google.javascript.jscomp.TypedScopeCreatorTest" name="testInferredPrototypeProperty1" time="0.005" />
  <testcase classname="com.google.javascript.jscomp.TypedScopeCreatorTest" name="testInferredPrototypeProperty2" time="0.006" />
  <testcase classname="com.google.javascript.jscomp.TypedScopeCreatorTest" name="testNamespacedEnum" time="0.007" />
  <testcase classname="com.google.javascript.jscomp.TypedScopeCreatorTest" name="testNamespacesEnumAlias" time="0.005" />
  <testcase classname="com.google.javascript.jscomp.TypedScopeCreatorTest" name="testCollectedFunctionStub" time="0.005" />
  <testcase classname="com.google.javascript.jscomp.TypedScopeCreatorTest" name="testCollectedFunctionStubLocal" time="0.005" />
  <testcase classname="com.google.javascript.jscomp.TypedScopeCreatorTest" name="testNamespacedFunctionStub" time="0.005" />
  <testcase classname="com.google.javascript.jscomp.TypedScopeCreatorTest" name="testNamespacedFunctionStubLocal" time="0.005" />
  <testcase classname="com.google.javascript.jscomp.TypedScopeCreatorTest" name="testDeclaredVar" time="0.004" />
  <testcase classname="com.google.javascript.jscomp.TypedScopeCreatorTest" name="testEnumProperty" time="0.004" />
  <testcase classname="com.google.javascript.jscomp.TypedScopeCreatorTest" name="testStubProperty" time="0.005" />
  <testcase classname="com.google.javascript.jscomp.TypedScopeCreatorTest" name="testDeclaredObjectLitProperty3" time="0.005" />
  <testcase classname="com.google.javascript.jscomp.TypedScopeCreatorTest" name="testDeclaredObjectLitProperty4" time="0.005" />
  <testcase classname="com.google.javascript.jscomp.TypedScopeCreatorTest" name="testDeclaredObjectLitProperty5" time="0.005" />
  <testcase classname="com.google.javascript.jscomp.TypedScopeCreatorTest" name="testDeclaredObjectLitProperty6" time="0.005" />
  <testcase classname="com.google.javascript.jscomp.TypedScopeCreatorTest" name="testInferredObjectLitProperty1" time="0.004" />
  <testcase classname="com.google.javascript.jscomp.TypedScopeCreatorTest" name="testInferredObjectLitProperty2" time="0.005" />
  <testcase classname="com.google.javascript.jscomp.TypedScopeCreatorTest" name="testDeclaredConstType1" time="0.005" />
  <testcase classname="com.google.javascript.jscomp.TypedScopeCreatorTest" name="testDeclaredConstType2" time="0.005" />
  <testcase classname="com.google.javascript.jscomp.TypedScopeCreatorTest" name="testDeclaredConstType3" time="0.005" />
  <testcase classname="com.google.javascript.jscomp.TypedScopeCreatorTest" name="testDeclaredConstType4" time="0.005" />
  <testcase classname="com.google.javascript.jscomp.TypedScopeCreatorTest" name="testDeclaredConstType5" time="0.006" />
  <testcase classname="com.google.javascript.jscomp.TypedScopeCreatorTest" name="testBadCtorInit1" time="0.004" />
  <testcase classname="com.google.javascript.jscomp.TypedScopeCreatorTest" name="testBadCtorInit2" time="0.005" />
  <testcase classname="com.google.javascript.jscomp.TypedScopeCreatorTest" name="testBadIfaceInit1" time="0.004" />
  <testcase classname="com.google.javascript.jscomp.TypedScopeCreatorTest" name="testBadIfaceInit2" time="0.004" />
  <testcase classname="com.google.javascript.jscomp.TypedScopeCreatorTest" name="testFunctionInHook" time="0.005" />
  <testcase classname="com.google.javascript.jscomp.TypedScopeCreatorTest" name="testFunctionInAnd" time="0.004" />
  <testcase classname="com.google.javascript.jscomp.TypedScopeCreatorTest" name="testFunctionInOr" time="0.005" />
  <testcase classname="com.google.javascript.jscomp.TypedScopeCreatorTest" name="testFunctionInComma" time="0.005" />
  <testcase classname="com.google.javascript.jscomp.TypedScopeCreatorTest" name="testDeclaredCatchExpression1" time="0.004" />
  <testcase classname="com.google.javascript.jscomp.TypedScopeCreatorTest" name="testDeclaredCatchExpression2" time="0.004" />
  <testcase classname="com.google.javascript.jscomp.TypedScopeCreatorTest" name="testCollectedCtorProperty" time="0.005" />
  <testcase classname="com.google.javascript.jscomp.TypedScopeCreatorTest" name="testPropertyOnUnknownSuperClass1" time="0.006" />
  <testcase classname="com.google.javascript.jscomp.TypedScopeCreatorTest" name="testPropertyOnUnknownSuperClass2" time="0.006" />
  <testcase classname="com.google.javascript.jscomp.TypedScopeCreatorTest" name="testMethodBeforeFunction1" time="0.019" />
  <testcase classname="com.google.javascript.jscomp.TypedScopeCreatorTest" name="testMethodBeforeFunction2" time="0.005" />
  <testcase classname="com.google.javascript.jscomp.TypedScopeCreatorTest" name="testPropertiesOnInterface" time="0.004" />
  <testcase classname="com.google.javascript.jscomp.TypedScopeCreatorTest" name="testPropertiesOnInterface2" time="0.004" />
  <testcase classname="com.google.javascript.jscomp.TypedScopeCreatorTest" name="testStubsInExterns" time="0.003" />
  <testcase classname="com.google.javascript.jscomp.TypedScopeCreatorTest" name="testStubsInExterns2" time="0.004" />
  <testcase classname="com.google.javascript.jscomp.TypedScopeCreatorTest" name="testStubsInExterns3" time="0.003" />
  <testcase classname="com.google.javascript.jscomp.TypedScopeCreatorTest" name="testStubsInExterns4" time="0.003" />
  <testcase classname="com.google.javascript.jscomp.TypedScopeCreatorTest" name="testPropertyInExterns1" time="0.004" />
  <testcase classname="com.google.javascript.jscomp.TypedScopeCreatorTest" name="testPropertyInExterns2" time="0.004" />
  <testcase classname="com.google.javascript.jscomp.TypedScopeCreatorTest" name="testPropertyInExterns3" time="0.005" />
  <testcase classname="com.google.javascript.jscomp.TypedScopeCreatorTest" name="testTypedStubsInExterns" time="0.005" />
  <testcase classname="com.google.javascript.jscomp.TypedScopeCreatorTest" name="testTypesInExterns" time="0.008" />
  <testcase classname="com.google.javascript.jscomp.TypedScopeCreatorTest" name="testPropertyDeclarationOnInstanceType" time="0.005" />
  <testcase classname="com.google.javascript.jscomp.TypedScopeCreatorTest" name="testPropertyDeclarationOnRecordType" time="0.005" />
  <testcase classname="com.google.javascript.jscomp.TypedScopeCreatorTest" name="testBadObjectLiteralCast1" time="0.004" />
  <testcase classname="com.google.javascript.jscomp.TypedScopeCreatorTest" name="testBadObjectLiteralCast2" time="0.004" />
  <testcase classname="com.google.javascript.jscomp.TypedScopeCreatorTest" name="testConstructorNode" time="0.005" />
  <testcase classname="com.google.javascript.jscomp.TypedScopeCreatorTest" name="testForLoopIntegration" time="0.005" />
  <testcase classname="com.google.javascript.jscomp.TypedScopeCreatorTest" name="testNamespacedConstructorAlias" time="0.005" />
  <testcase classname="com.google.javascript.jscomp.TypedScopeCreatorTest" name="testTemplateType2a" time="0.005" />
  <testcase classname="com.google.javascript.jscomp.TypedScopeCreatorTest" name="testTemplateType2b" time="0.005" />
  <testcase classname="com.google.javascript.jscomp.TypedScopeCreatorTest" name="testTemplateType4a" time="0.005" />
  <testcase classname="com.google.javascript.jscomp.TypedScopeCreatorTest" name="testTemplateType4b" time="0.004" />
  <testcase classname="com.google.javascript.jscomp.TypedScopeCreatorTest" name="testTemplateType6" time="0.004" />
  <testcase classname="com.google.javascript.jscomp.TypedScopeCreatorTest" name="testTemplateType7" time="0.007" />
  <testcase classname="com.google.javascript.jscomp.TypedScopeCreatorTest" name="testTemplateType7b" time="0.007" />
  <testcase classname="com.google.javascript.jscomp.TypedScopeCreatorTest" name="testTemplateType7c" time="0.006" />
  <testcase classname="com.google.javascript.jscomp.TypedScopeCreatorTest" name="testTemplateType9" time="0.004" />
  <testcase classname="com.google.javascript.jscomp.TypedScopeCreatorTest" name="testTemplateType10" time="0.004" />
  <testcase classname="com.google.javascript.jscomp.TypedScopeCreatorTest" name="testTemplateType11" time="0.003" />
  <testcase classname="com.google.javascript.jscomp.TypedScopeCreatorTest" name="testTemplateType12" time="0.004" />
  <testcase classname="com.google.javascript.jscomp.TypedScopeCreatorTest" name="testClosureParameterTypesWithoutJSDoc" time="0.003" />
  <testcase classname="com.google.javascript.jscomp.TypedScopeCreatorTest" name="testClosureParameterTypesWithJSDoc" time="0.004" />
  <testcase classname="com.google.javascript.jscomp.TypedScopeCreatorTest" name="testDuplicateExternProperty1" time="0.003" />
  <testcase classname="com.google.javascript.jscomp.TypedScopeCreatorTest" name="testDuplicateExternProperty2" time="0.004" />
  <testcase classname="com.google.javascript.jscomp.TypedScopeCreatorTest" name="testAbstractMethod2" time="0.003" />
  <testcase classname="com.google.javascript.jscomp.TypedScopeCreatorTest" name="testAbstractMethod3" time="0.003" />
  <testcase classname="com.google.javascript.jscomp.TypedScopeCreatorTest" name="testAbstractMethod4" time="0.003" />
  <testcase classname="com.google.javascript.jscomp.TypedScopeCreatorTest" name="testReturnTypeInference1" time="0.003" />
  <testcase classname="com.google.javascript.jscomp.TypedScopeCreatorTest" name="testReturnTypeInference2" time="0.003" />
  <testcase classname="com.google.javascript.jscomp.TypedScopeCreatorTest" name="testReturnTypeInference3" time="0.003" />
  <testcase classname="com.google.javascript.jscomp.TypedScopeCreatorTest" name="testReturnTypeInference4" time="0.003" />
  <testcase classname="com.google.javascript.jscomp.TypedScopeCreatorTest" name="testReturnTypeInference5" time="0.002" />
  <testcase classname="com.google.javascript.jscomp.TypedScopeCreatorTest" name="testLiteralTypesInferred" time="0.004" />
  <testcase classname="com.google.javascript.jscomp.TypedScopeCreatorTest" name="testGlobalQualifiedNameInLocalScope" time="0.004" />
  <testcase classname="com.google.javascript.jscomp.TypedScopeCreatorTest" name="testDeclaredObjectLitProperty1" time="0.003" />
  <testcase classname="com.google.javascript.jscomp.TypedScopeCreatorTest" name="testDeclaredObjectLitProperty2" time="0.003" />
  <testcase classname="com.google.javascript.jscomp.TypedScopeCreatorTest" name="testConstructorAlias" time="0.003" />
  <testcase classname="com.google.javascript.jscomp.TypedScopeCreatorTest" name="testAddMethodsPrototypeTwoWays" time="0.004" />
  <testcase classname="com.google.javascript.jscomp.TypedScopeCreatorTest" name="testEnum" time="0.003" />
  <testcase classname="com.google.javascript.jscomp.TypedScopeCreatorTest" name="testAbstractMethod" time="0.004" />
  <testcase classname="com.google.javascript.jscomp.TypedScopeCreatorTest" name="testObjectLiteralCast" time="0.006" />
  <testcase classname="com.google.javascript.jscomp.TypedScopeCreatorTest" name="testGlobalThis1" time="0.006" />
  <testcase classname="com.google.javascript.jscomp.TypedScopeCreatorTest" name="testGlobalThis2" time="0.005" />
  <system-out><![CDATA[]]></system-out>
  <system-err><![CDATA[]]></system-err>
</testsuite>
