<?xml version="1.0" encoding="UTF-8" ?>
<testsuite errors="0" failures="0" hostname="sepehr-UX310UQK" name="com.google.javascript.jscomp.parsing.JsDocInfoParserTest" skipped="0" tests="402" time="0.792" timestamp="2023-01-02T22:16:34">
  <properties>
[...]
</properties>
  <testcase classname="com.google.javascript.jscomp.parsing.JsDocInfoParserTest" name="testParseTypeViaStatic3" time="0.003" />
  <testcase classname="com.google.javascript.jscomp.parsing.JsDocInfoParserTest" name="testParseTypeViaStatic4" time="0.003" />
  <testcase classname="com.google.javascript.jscomp.parsing.JsDocInfoParserTest" name="testParseInvalidTypeViaStatic" time="0.002" />
  <testcase classname="com.google.javascript.jscomp.parsing.JsDocInfoParserTest" name="testParseInvalidTypeViaStatic2" time="0.002" />
  <testcase classname="com.google.javascript.jscomp.parsing.JsDocInfoParserTest" name="testParseNamedType1" time="0.002" />
  <testcase classname="com.google.javascript.jscomp.parsing.JsDocInfoParserTest" name="testParseNamedType2" time="0.003" />
  <testcase classname="com.google.javascript.jscomp.parsing.JsDocInfoParserTest" name="testParseNamedType3" time="0.002" />
  <testcase classname="com.google.javascript.jscomp.parsing.JsDocInfoParserTest" name="testParseNamedType4" time="0.003" />
  <testcase classname="com.google.javascript.jscomp.parsing.JsDocInfoParserTest" name="testParseNamedType5" time="0.002" />
  <testcase classname="com.google.javascript.jscomp.parsing.JsDocInfoParserTest" name="testParseNamedType6" time="0.003" />
  <testcase classname="com.google.javascript.jscomp.parsing.JsDocInfoParserTest" name="testParseNamedTypeError1" time="0.002" />
  <testcase classname="com.google.javascript.jscomp.parsing.JsDocInfoParserTest" name="testParseNamedTypeError2" time="0.002" />
  <testcase classname="com.google.javascript.jscomp.parsing.JsDocInfoParserTest" name="testTypedefType2" time="0.002" />
  <testcase classname="com.google.javascript.jscomp.parsing.JsDocInfoParserTest" name="testTypedefType3" time="0.003" />
  <testcase classname="com.google.javascript.jscomp.parsing.JsDocInfoParserTest" name="testParseStringType1" time="0.002" />
  <testcase classname="com.google.javascript.jscomp.parsing.JsDocInfoParserTest" name="testParseStringType2" time="0.002" />
  <testcase classname="com.google.javascript.jscomp.parsing.JsDocInfoParserTest" name="testParseTypeViaStatic2" time="0.002" />
  <testcase classname="com.google.javascript.jscomp.parsing.JsDocInfoParserTest" name="testBadTypeDefInterfaceAndConstructor1" time="0.003" />
  <testcase classname="com.google.javascript.jscomp.parsing.JsDocInfoParserTest" name="testParseTypeViaStatic1" time="0.002" />
  <testcase classname="com.google.javascript.jscomp.parsing.JsDocInfoParserTest" name="testParseBooleanType1" time="0.003" />
  <testcase classname="com.google.javascript.jscomp.parsing.JsDocInfoParserTest" name="testParseBooleanType2" time="0.003" />
  <testcase classname="com.google.javascript.jscomp.parsing.JsDocInfoParserTest" name="testParseNumberType1" time="0.002" />
  <testcase classname="com.google.javascript.jscomp.parsing.JsDocInfoParserTest" name="testParseNumberType2" time="0.002" />
  <testcase classname="com.google.javascript.jscomp.parsing.JsDocInfoParserTest" name="testParseNullType1" time="0.003" />
  <testcase classname="com.google.javascript.jscomp.parsing.JsDocInfoParserTest" name="testParseNullType2" time="0.003" />
  <testcase classname="com.google.javascript.jscomp.parsing.JsDocInfoParserTest" name="testParseAllType1" time="0.002" />
  <testcase classname="com.google.javascript.jscomp.parsing.JsDocInfoParserTest" name="testParseAllType2" time="0.002" />
  <testcase classname="com.google.javascript.jscomp.parsing.JsDocInfoParserTest" name="testParseObjectType" time="0.001" />
  <testcase classname="com.google.javascript.jscomp.parsing.JsDocInfoParserTest" name="testParseDateType" time="0.001" />
  <testcase classname="com.google.javascript.jscomp.parsing.JsDocInfoParserTest" name="testParseFunctionType" time="0.002" />
  <testcase classname="com.google.javascript.jscomp.parsing.JsDocInfoParserTest" name="testParseRegExpType" time="0.002" />
  <testcase classname="com.google.javascript.jscomp.parsing.JsDocInfoParserTest" name="testParseErrorTypes" time="0.001" />
  <testcase classname="com.google.javascript.jscomp.parsing.JsDocInfoParserTest" name="testParseUndefinedType1" time="0.002" />
  <testcase classname="com.google.javascript.jscomp.parsing.JsDocInfoParserTest" name="testParseUndefinedType2" time="0.001" />
  <testcase classname="com.google.javascript.jscomp.parsing.JsDocInfoParserTest" name="testParseUndefinedType3" time="0.002" />
  <testcase classname="com.google.javascript.jscomp.parsing.JsDocInfoParserTest" name="testParseParametrizedType1" time="0.001" />
  <testcase classname="com.google.javascript.jscomp.parsing.JsDocInfoParserTest" name="testParseParametrizedType2" time="0.002" />
  <testcase classname="com.google.javascript.jscomp.parsing.JsDocInfoParserTest" name="testParseParametrizedType3" time="0.001" />
  <testcase classname="com.google.javascript.jscomp.parsing.JsDocInfoParserTest" name="testParseParametrizedType4" time="0.001" />
  <testcase classname="com.google.javascript.jscomp.parsing.JsDocInfoParserTest" name="testParseParametrizedType5" time="0.002" />
  <testcase classname="com.google.javascript.jscomp.parsing.JsDocInfoParserTest" name="testParseParametrizedType6" time="0.001" />
  <testcase classname="com.google.javascript.jscomp.parsing.JsDocInfoParserTest" name="testParseParametrizedType7" time="0.002" />
  <testcase classname="com.google.javascript.jscomp.parsing.JsDocInfoParserTest" name="testParseParametrizedType8" time="0.002" />
  <testcase classname="com.google.javascript.jscomp.parsing.JsDocInfoParserTest" name="testParseParametrizedType9" time="0.001" />
  <testcase classname="com.google.javascript.jscomp.parsing.JsDocInfoParserTest" name="testParseParametrizedType10" time="0.002" />
  <testcase classname="com.google.javascript.jscomp.parsing.JsDocInfoParserTest" name="testParseParameterizedType11" time="0.002" />
  <testcase classname="com.google.javascript.jscomp.parsing.JsDocInfoParserTest" name="testParseParameterizedType12" time="0.001" />
  <testcase classname="com.google.javascript.jscomp.parsing.JsDocInfoParserTest" name="testParseParametrizedType13" time="0.002" />
  <testcase classname="com.google.javascript.jscomp.parsing.JsDocInfoParserTest" name="testParseUnionType1" time="0.002" />
  <testcase classname="com.google.javascript.jscomp.parsing.JsDocInfoParserTest" name="testParseUnionType2" time="0.001" />
  <testcase classname="com.google.javascript.jscomp.parsing.JsDocInfoParserTest" name="testParseUnionType3" time="0.001" />
  <testcase classname="com.google.javascript.jscomp.parsing.JsDocInfoParserTest" name="testParseUnionType4" time="0.001" />
  <testcase classname="com.google.javascript.jscomp.parsing.JsDocInfoParserTest" name="testParseUnionType5" time="0.001" />
  <testcase classname="com.google.javascript.jscomp.parsing.JsDocInfoParserTest" name="testParseUnionType6" time="0.001" />
  <testcase classname="com.google.javascript.jscomp.parsing.JsDocInfoParserTest" name="testParseUnionType7" time="0.002" />
  <testcase classname="com.google.javascript.jscomp.parsing.JsDocInfoParserTest" name="testParseUnionType8" time="0.002" />
  <testcase classname="com.google.javascript.jscomp.parsing.JsDocInfoParserTest" name="testParseUnionType9" time="0.003" />
  <testcase classname="com.google.javascript.jscomp.parsing.JsDocInfoParserTest" name="testParseUnionType10" time="0.002" />
  <testcase classname="com.google.javascript.jscomp.parsing.JsDocInfoParserTest" name="testParseUnionType11" time="0.002" />
  <testcase classname="com.google.javascript.jscomp.parsing.JsDocInfoParserTest" name="testParseUnionType12" time="0.002" />
  <testcase classname="com.google.javascript.jscomp.parsing.JsDocInfoParserTest" name="testParseUnionType13" time="0.002" />
  <testcase classname="com.google.javascript.jscomp.parsing.JsDocInfoParserTest" name="testParseUnionType14" time="0.002" />
  <testcase classname="com.google.javascript.jscomp.parsing.JsDocInfoParserTest" name="testParseUnionType15" time="0.001" />
  <testcase classname="com.google.javascript.jscomp.parsing.JsDocInfoParserTest" name="testParseUnionType16" time="0.002" />
  <testcase classname="com.google.javascript.jscomp.parsing.JsDocInfoParserTest" name="testParseUnionType17" time="0.002" />
  <testcase classname="com.google.javascript.jscomp.parsing.JsDocInfoParserTest" name="testParseUnionType18" time="0.001" />
  <testcase classname="com.google.javascript.jscomp.parsing.JsDocInfoParserTest" name="testParseUnionTypeError1" time="0.002" />
  <testcase classname="com.google.javascript.jscomp.parsing.JsDocInfoParserTest" name="testParseUnknownType1" time="0.001" />
  <testcase classname="com.google.javascript.jscomp.parsing.JsDocInfoParserTest" name="testParseUnknownType2" time="0.001" />
  <testcase classname="com.google.javascript.jscomp.parsing.JsDocInfoParserTest" name="testParseUnknownType3" time="0.001" />
  <testcase classname="com.google.javascript.jscomp.parsing.JsDocInfoParserTest" name="testParseFunctionalType1" time="0.002" />
  <testcase classname="com.google.javascript.jscomp.parsing.JsDocInfoParserTest" name="testParseFunctionalType2" time="0.001" />
  <testcase classname="com.google.javascript.jscomp.parsing.JsDocInfoParserTest" name="testParseFunctionalType3" time="0.001" />
  <testcase classname="com.google.javascript.jscomp.parsing.JsDocInfoParserTest" name="testParseFunctionalType4" time="0.001" />
  <testcase classname="com.google.javascript.jscomp.parsing.JsDocInfoParserTest" name="testParseFunctionalType5" time="0.002" />
  <testcase classname="com.google.javascript.jscomp.parsing.JsDocInfoParserTest" name="testParseFunctionalType6" time="0.002" />
  <testcase classname="com.google.javascript.jscomp.parsing.JsDocInfoParserTest" name="testParseFunctionalType7" time="0.001" />
  <testcase classname="com.google.javascript.jscomp.parsing.JsDocInfoParserTest" name="testParseFunctionalType8" time="0.002" />
  <testcase classname="com.google.javascript.jscomp.parsing.JsDocInfoParserTest" name="testParseFunctionalType9" time="0.002" />
  <testcase classname="com.google.javascript.jscomp.parsing.JsDocInfoParserTest" name="testParseFunctionalType10" time="0.001" />
  <testcase classname="com.google.javascript.jscomp.parsing.JsDocInfoParserTest" name="testParseFunctionalType11" time="0.002" />
  <testcase classname="com.google.javascript.jscomp.parsing.JsDocInfoParserTest" name="testParseFunctionalType12" time="0.001" />
  <testcase classname="com.google.javascript.jscomp.parsing.JsDocInfoParserTest" name="testParseFunctionalType13" time="0.002" />
  <testcase classname="com.google.javascript.jscomp.parsing.JsDocInfoParserTest" name="testParseFunctionalType14" time="0.001" />
  <testcase classname="com.google.javascript.jscomp.parsing.JsDocInfoParserTest" name="testParseFunctionalType15" time="0.002" />
  <testcase classname="com.google.javascript.jscomp.parsing.JsDocInfoParserTest" name="testParseFunctionalType16" time="0.001" />
  <testcase classname="com.google.javascript.jscomp.parsing.JsDocInfoParserTest" name="testParseFunctionalType17" time="0.002" />
  <testcase classname="com.google.javascript.jscomp.parsing.JsDocInfoParserTest" name="testParseFunctionalType18" time="0.001" />
  <testcase classname="com.google.javascript.jscomp.parsing.JsDocInfoParserTest" name="testParseFunctionalType19" time="0.002" />
  <testcase classname="com.google.javascript.jscomp.parsing.JsDocInfoParserTest" name="testStructuralConstructor" time="0.001" />
  <testcase classname="com.google.javascript.jscomp.parsing.JsDocInfoParserTest" name="testNominalConstructor" time="0.002" />
  <testcase classname="com.google.javascript.jscomp.parsing.JsDocInfoParserTest" name="testBug1419535" time="0.001" />
  <testcase classname="com.google.javascript.jscomp.parsing.JsDocInfoParserTest" name="testIssue477" time="0.002" />
  <testcase classname="com.google.javascript.jscomp.parsing.JsDocInfoParserTest" name="testMalformedThisAnnotation" time="0.001" />
  <testcase classname="com.google.javascript.jscomp.parsing.JsDocInfoParserTest" name="testParseFunctionalTypeError1" time="0.003" />
  <testcase classname="com.google.javascript.jscomp.parsing.JsDocInfoParserTest" name="testParseFunctionalTypeError2" time="0.002" />
  <testcase classname="com.google.javascript.jscomp.parsing.JsDocInfoParserTest" name="testParseFunctionalTypeError3" time="0.002" />
  <testcase classname="com.google.javascript.jscomp.parsing.JsDocInfoParserTest" name="testParseFunctionalTypeError4" time="0.002" />
  <testcase classname="com.google.javascript.jscomp.parsing.JsDocInfoParserTest" name="testParseFunctionalTypeError5" time="0.002" />
  <testcase classname="com.google.javascript.jscomp.parsing.JsDocInfoParserTest" name="testParseFunctionalTypeError6" time="0.003" />
  <testcase classname="com.google.javascript.jscomp.parsing.JsDocInfoParserTest" name="testParseFunctionalTypeError7" time="0.002" />
  <testcase classname="com.google.javascript.jscomp.parsing.JsDocInfoParserTest" name="testParseFunctionalTypeError8" time="0.002" />
  <testcase classname="com.google.javascript.jscomp.parsing.JsDocInfoParserTest" name="testParseFunctionalTypeError9" time="0.002" />
  <testcase classname="com.google.javascript.jscomp.parsing.JsDocInfoParserTest" name="testParseFunctionalTypeError10" time="0.001" />
  <testcase classname="com.google.javascript.jscomp.parsing.JsDocInfoParserTest" name="testParseFunctionalTypeError11" time="0.001" />
  <testcase classname="com.google.javascript.jscomp.parsing.JsDocInfoParserTest" name="testParseFunctionalTypeError12" time="0.002" />
  <testcase classname="com.google.javascript.jscomp.parsing.JsDocInfoParserTest" name="testParseArrayType1" time="0.001" />
  <testcase classname="com.google.javascript.jscomp.parsing.JsDocInfoParserTest" name="testParseArrayType2" time="0.002" />
  <testcase classname="com.google.javascript.jscomp.parsing.JsDocInfoParserTest" name="testParseArrayType3" time="0.002" />
  <testcase classname="com.google.javascript.jscomp.parsing.JsDocInfoParserTest" name="testParseArrayTypeError1" time="0.002" />
  <testcase classname="com.google.javascript.jscomp.parsing.JsDocInfoParserTest" name="testParseArrayTypeError2" time="0.002" />
  <testcase classname="com.google.javascript.jscomp.parsing.JsDocInfoParserTest" name="testParseArrayTypeError3" time="0.002" />
  <testcase classname="com.google.javascript.jscomp.parsing.JsDocInfoParserTest" name="testParseArrayTypeError4" time="0.001" />
  <testcase classname="com.google.javascript.jscomp.parsing.JsDocInfoParserTest" name="testParseNullableModifiers1" time="0.002" />
  <testcase classname="com.google.javascript.jscomp.parsing.JsDocInfoParserTest" name="testParseNullableModifiers2" time="0.001" />
  <testcase classname="com.google.javascript.jscomp.parsing.JsDocInfoParserTest" name="testParseNullableModifiers3" time="0.002" />
  <testcase classname="com.google.javascript.jscomp.parsing.JsDocInfoParserTest" name="testParseNullableModifiers4" time="0.001" />
  <testcase classname="com.google.javascript.jscomp.parsing.JsDocInfoParserTest" name="testParseNullableModifiers5" time="0.002" />
  <testcase classname="com.google.javascript.jscomp.parsing.JsDocInfoParserTest" name="testParseNullableModifiers6" time="0.001" />
  <testcase classname="com.google.javascript.jscomp.parsing.JsDocInfoParserTest" name="testParseNullableModifiers7" time="0.002" />
  <testcase classname="com.google.javascript.jscomp.parsing.JsDocInfoParserTest" name="testParseNullableModifiers8" time="0.001" />
  <testcase classname="com.google.javascript.jscomp.parsing.JsDocInfoParserTest" name="testParseNullableModifiers9" time="0.002" />
  <testcase classname="com.google.javascript.jscomp.parsing.JsDocInfoParserTest" name="testParseOptionalModifier" time="0.001" />
  <testcase classname="com.google.javascript.jscomp.parsing.JsDocInfoParserTest" name="testParseNewline1" time="0.002" />
  <testcase classname="com.google.javascript.jscomp.parsing.JsDocInfoParserTest" name="testParseNewline2" time="0.001" />
  <testcase classname="com.google.javascript.jscomp.parsing.JsDocInfoParserTest" name="testParseNewline3" time="0.002" />
  <testcase classname="com.google.javascript.jscomp.parsing.JsDocInfoParserTest" name="testParseNewline4" time="0.001" />
  <testcase classname="com.google.javascript.jscomp.parsing.JsDocInfoParserTest" name="testParseNewline5" time="0.002" />
  <testcase classname="com.google.javascript.jscomp.parsing.JsDocInfoParserTest" name="testParseReturnType1" time="0.002" />
  <testcase classname="com.google.javascript.jscomp.parsing.JsDocInfoParserTest" name="testParseReturnType2" time="0.001" />
  <testcase classname="com.google.javascript.jscomp.parsing.JsDocInfoParserTest" name="testParseReturnType3" time="0.002" />
  <testcase classname="com.google.javascript.jscomp.parsing.JsDocInfoParserTest" name="testParseThisType1" time="0.001" />
  <testcase classname="com.google.javascript.jscomp.parsing.JsDocInfoParserTest" name="testParseThisType2" time="0.002" />
  <testcase classname="com.google.javascript.jscomp.parsing.JsDocInfoParserTest" name="testParseThisType3" time="0.001" />
  <testcase classname="com.google.javascript.jscomp.parsing.JsDocInfoParserTest" name="testParseThisType4" time="0.002" />
  <testcase classname="com.google.javascript.jscomp.parsing.JsDocInfoParserTest" name="testParseThisType5" time="0.001" />
  <testcase classname="com.google.javascript.jscomp.parsing.JsDocInfoParserTest" name="testParseThisType6" time="0.001" />
  <testcase classname="com.google.javascript.jscomp.parsing.JsDocInfoParserTest" name="testParseParam1" time="0.002" />
  <testcase classname="com.google.javascript.jscomp.parsing.JsDocInfoParserTest" name="testParseParam2" time="0.002" />
  <testcase classname="com.google.javascript.jscomp.parsing.JsDocInfoParserTest" name="testParseParam3" time="0.003" />
  <testcase classname="com.google.javascript.jscomp.parsing.JsDocInfoParserTest" name="testParseParam4" time="0.002" />
  <testcase classname="com.google.javascript.jscomp.parsing.JsDocInfoParserTest" name="testParseParam5" time="0.002" />
  <testcase classname="com.google.javascript.jscomp.parsing.JsDocInfoParserTest" name="testParseParam6" time="0.001" />
  <testcase classname="com.google.javascript.jscomp.parsing.JsDocInfoParserTest" name="testParseParam7" time="0.001" />
  <testcase classname="com.google.javascript.jscomp.parsing.JsDocInfoParserTest" name="testParseParam8" time="0.001" />
  <testcase classname="com.google.javascript.jscomp.parsing.JsDocInfoParserTest" name="testParseParam9" time="0.002" />
  <testcase classname="com.google.javascript.jscomp.parsing.JsDocInfoParserTest" name="testParseParam10" time="0.001" />
  <testcase classname="com.google.javascript.jscomp.parsing.JsDocInfoParserTest" name="testParseParam11" time="0.001" />
  <testcase classname="com.google.javascript.jscomp.parsing.JsDocInfoParserTest" name="testParseParam12" time="0.001" />
  <testcase classname="com.google.javascript.jscomp.parsing.JsDocInfoParserTest" name="testParseParam13" time="0.002" />
  <testcase classname="com.google.javascript.jscomp.parsing.JsDocInfoParserTest" name="testParseParam14" time="0.003" />
  <testcase classname="com.google.javascript.jscomp.parsing.JsDocInfoParserTest" name="testParseParam15" time="0.002" />
  <testcase classname="com.google.javascript.jscomp.parsing.JsDocInfoParserTest" name="testParseParam16" time="0.002" />
  <testcase classname="com.google.javascript.jscomp.parsing.JsDocInfoParserTest" name="testParseParam17" time="0.002" />
  <testcase classname="com.google.javascript.jscomp.parsing.JsDocInfoParserTest" name="testParseParam18" time="0.003" />
  <testcase classname="com.google.javascript.jscomp.parsing.JsDocInfoParserTest" name="testParseParam19" time="0.002" />
  <testcase classname="com.google.javascript.jscomp.parsing.JsDocInfoParserTest" name="testParseParam20" time="0.002" />
  <testcase classname="com.google.javascript.jscomp.parsing.JsDocInfoParserTest" name="testParseParam21" time="0.003" />
  <testcase classname="com.google.javascript.jscomp.parsing.JsDocInfoParserTest" name="testParseThrows1" time="0.002" />
  <testcase classname="com.google.javascript.jscomp.parsing.JsDocInfoParserTest" name="testParseThrows2" time="0.002" />
  <testcase classname="com.google.javascript.jscomp.parsing.JsDocInfoParserTest" name="testParseRecordType1" time="0.003" />
  <testcase classname="com.google.javascript.jscomp.parsing.JsDocInfoParserTest" name="testParseRecordType2" time="0.002" />
  <testcase classname="com.google.javascript.jscomp.parsing.JsDocInfoParserTest" name="testParseRecordType3" time="0.003" />
  <testcase classname="com.google.javascript.jscomp.parsing.JsDocInfoParserTest" name="testParseRecordType4" time="0.002" />
  <testcase classname="com.google.javascript.jscomp.parsing.JsDocInfoParserTest" name="testParseRecordType5" time="0.002" />
  <testcase classname="com.google.javascript.jscomp.parsing.JsDocInfoParserTest" name="testParseRecordType6" time="0.003" />
  <testcase classname="com.google.javascript.jscomp.parsing.JsDocInfoParserTest" name="testParseRecordType7" time="0.002" />
  <testcase classname="com.google.javascript.jscomp.parsing.JsDocInfoParserTest" name="testParseRecordType8" time="0.002" />
  <testcase classname="com.google.javascript.jscomp.parsing.JsDocInfoParserTest" name="testParseRecordType9" time="0.003" />
  <testcase classname="com.google.javascript.jscomp.parsing.JsDocInfoParserTest" name="testParseRecordType10" time="0.002" />
  <testcase classname="com.google.javascript.jscomp.parsing.JsDocInfoParserTest" name="testParseRecordType11" time="0.002" />
  <testcase classname="com.google.javascript.jscomp.parsing.JsDocInfoParserTest" name="testParseRecordType12" time="0.002" />
  <testcase classname="com.google.javascript.jscomp.parsing.JsDocInfoParserTest" name="testParseRecordType13" time="0.002" />
  <testcase classname="com.google.javascript.jscomp.parsing.JsDocInfoParserTest" name="testParseRecordType14" time="0.002" />
  <testcase classname="com.google.javascript.jscomp.parsing.JsDocInfoParserTest" name="testParseRecordType15" time="0.003" />
  <testcase classname="com.google.javascript.jscomp.parsing.JsDocInfoParserTest" name="testParseRecordType16" time="0.002" />
  <testcase classname="com.google.javascript.jscomp.parsing.JsDocInfoParserTest" name="testParseRecordType17" time="0.002" />
  <testcase classname="com.google.javascript.jscomp.parsing.JsDocInfoParserTest" name="testParseRecordType18" time="0.002" />
  <testcase classname="com.google.javascript.jscomp.parsing.JsDocInfoParserTest" name="testParseRecordType19" time="0.002" />
  <testcase classname="com.google.javascript.jscomp.parsing.JsDocInfoParserTest" name="testParseRecordType20" time="0.002" />
  <testcase classname="com.google.javascript.jscomp.parsing.JsDocInfoParserTest" name="testParseRecordType21" time="0.003" />
  <testcase classname="com.google.javascript.jscomp.parsing.JsDocInfoParserTest" name="testParseRecordType22" time="0.002" />
  <testcase classname="com.google.javascript.jscomp.parsing.JsDocInfoParserTest" name="testParseRecordType23" time="0.002" />
  <testcase classname="com.google.javascript.jscomp.parsing.JsDocInfoParserTest" name="testParseParamError1" time="0.003" />
  <testcase classname="com.google.javascript.jscomp.parsing.JsDocInfoParserTest" name="testParseParamError2" time="0.002" />
  <testcase classname="com.google.javascript.jscomp.parsing.JsDocInfoParserTest" name="testParseParamError3" time="0.002" />
  <testcase classname="com.google.javascript.jscomp.parsing.JsDocInfoParserTest" name="testParseParamError4" time="0.003" />
  <testcase classname="com.google.javascript.jscomp.parsing.JsDocInfoParserTest" name="testParseParamError5" time="0.002" />
  <testcase classname="com.google.javascript.jscomp.parsing.JsDocInfoParserTest" name="testParseExtends1" time="0.002" />
  <testcase classname="com.google.javascript.jscomp.parsing.JsDocInfoParserTest" name="testParseExtends2" time="0.002" />
  <testcase classname="com.google.javascript.jscomp.parsing.JsDocInfoParserTest" name="testParseExtendsGenerics" time="0.002" />
  <testcase classname="com.google.javascript.jscomp.parsing.JsDocInfoParserTest" name="testParseImplementsGenerics" time="0.003" />
  <testcase classname="com.google.javascript.jscomp.parsing.JsDocInfoParserTest" name="testParseExtends4" time="0.002" />
  <testcase classname="com.google.javascript.jscomp.parsing.JsDocInfoParserTest" name="testParseExtends5" time="0.003" />
  <testcase classname="com.google.javascript.jscomp.parsing.JsDocInfoParserTest" name="testParseExtends6" time="0.002" />
  <testcase classname="com.google.javascript.jscomp.parsing.JsDocInfoParserTest" name="testParseExtendsInvalidName" time="0.002" />
  <testcase classname="com.google.javascript.jscomp.parsing.JsDocInfoParserTest" name="testParseExtendsNullable1" time="0.003" />
  <testcase classname="com.google.javascript.jscomp.parsing.JsDocInfoParserTest" name="testParseExtendsNullable2" time="0.002" />
  <testcase classname="com.google.javascript.jscomp.parsing.JsDocInfoParserTest" name="testParseEnum1" time="0.002" />
  <testcase classname="com.google.javascript.jscomp.parsing.JsDocInfoParserTest" name="testParseEnum2" time="0.003" />
  <testcase classname="com.google.javascript.jscomp.parsing.JsDocInfoParserTest" name="testParseEnum3" time="0.002" />
  <testcase classname="com.google.javascript.jscomp.parsing.JsDocInfoParserTest" name="testParseDesc1" time="0.002" />
  <testcase classname="com.google.javascript.jscomp.parsing.JsDocInfoParserTest" name="testParseDesc2" time="0.002" />
  <testcase classname="com.google.javascript.jscomp.parsing.JsDocInfoParserTest" name="testParseDesc3" time="0.002" />
  <testcase classname="com.google.javascript.jscomp.parsing.JsDocInfoParserTest" name="testParseDesc4" time="0.002" />
  <testcase classname="com.google.javascript.jscomp.parsing.JsDocInfoParserTest" name="testParseDesc5" time="0.003" />
  <testcase classname="com.google.javascript.jscomp.parsing.JsDocInfoParserTest" name="testParseDesc6" time="0.002" />
  <testcase classname="com.google.javascript.jscomp.parsing.JsDocInfoParserTest" name="testParseDesc7" time="0.002" />
  <testcase classname="com.google.javascript.jscomp.parsing.JsDocInfoParserTest" name="testParseDesc8" time="0.002" />
  <testcase classname="com.google.javascript.jscomp.parsing.JsDocInfoParserTest" name="testParseDesc9" time="0.002" />
  <testcase classname="com.google.javascript.jscomp.parsing.JsDocInfoParserTest" name="testParseDesc10" time="0.002" />
  <testcase classname="com.google.javascript.jscomp.parsing.JsDocInfoParserTest" name="testParseDesc11" time="0.002" />
  <testcase classname="com.google.javascript.jscomp.parsing.JsDocInfoParserTest" name="testParseDesc12" time="0.002" />
  <testcase classname="com.google.javascript.jscomp.parsing.JsDocInfoParserTest" name="testParseMeaning1" time="0.002" />
  <testcase classname="com.google.javascript.jscomp.parsing.JsDocInfoParserTest" name="testParseMeaning2" time="0.002" />
  <testcase classname="com.google.javascript.jscomp.parsing.JsDocInfoParserTest" name="testParseMeaning3" time="0.003" />
  <testcase classname="com.google.javascript.jscomp.parsing.JsDocInfoParserTest" name="testParseMeaning4" time="0.002" />
  <testcase classname="com.google.javascript.jscomp.parsing.JsDocInfoParserTest" name="testParseLends1" time="0.002" />
  <testcase classname="com.google.javascript.jscomp.parsing.JsDocInfoParserTest" name="testParseLends2" time="0.002" />
  <testcase classname="com.google.javascript.jscomp.parsing.JsDocInfoParserTest" name="testParseLends3" time="0.002" />
  <testcase classname="com.google.javascript.jscomp.parsing.JsDocInfoParserTest" name="testParseLends4" time="0.002" />
  <testcase classname="com.google.javascript.jscomp.parsing.JsDocInfoParserTest" name="testParseLends5" time="0.002" />
  <testcase classname="com.google.javascript.jscomp.parsing.JsDocInfoParserTest" name="testParseLends6" time="0.003" />
  <testcase classname="com.google.javascript.jscomp.parsing.JsDocInfoParserTest" name="testParseLends7" time="0.002" />
  <testcase classname="com.google.javascript.jscomp.parsing.JsDocInfoParserTest" name="testParsePreserve" time="0.003" />
  <testcase classname="com.google.javascript.jscomp.parsing.JsDocInfoParserTest" name="testParseLicense" time="0.002" />
  <testcase classname="com.google.javascript.jscomp.parsing.JsDocInfoParserTest" name="testParseLicenseAscii" time="0.003" />
  <testcase classname="com.google.javascript.jscomp.parsing.JsDocInfoParserTest" name="testParseLicenseWithAnnotation" time="0.002" />
  <testcase classname="com.google.javascript.jscomp.parsing.JsDocInfoParserTest" name="testParseDefine1" time="0.002" />
  <testcase classname="com.google.javascript.jscomp.parsing.JsDocInfoParserTest" name="testParseDefine2" time="0.003" />
  <testcase classname="com.google.javascript.jscomp.parsing.JsDocInfoParserTest" name="testParseDefine3" time="0.002" />
  <testcase classname="com.google.javascript.jscomp.parsing.JsDocInfoParserTest" name="testParseDefine4" time="0.002" />
  <testcase classname="com.google.javascript.jscomp.parsing.JsDocInfoParserTest" name="testParseDefine5" time="0.002" />
  <testcase classname="com.google.javascript.jscomp.parsing.JsDocInfoParserTest" name="testParseDefineErrors1" time="0.002" />
  <testcase classname="com.google.javascript.jscomp.parsing.JsDocInfoParserTest" name="testParseDefineErrors2" time="0.003" />
  <testcase classname="com.google.javascript.jscomp.parsing.JsDocInfoParserTest" name="testParseDefineErrors3" time="0.002" />
  <testcase classname="com.google.javascript.jscomp.parsing.JsDocInfoParserTest" name="testParseDefineErrors4" time="0.002" />
  <testcase classname="com.google.javascript.jscomp.parsing.JsDocInfoParserTest" name="testParseDefineErrors5" time="0.002" />
  <testcase classname="com.google.javascript.jscomp.parsing.JsDocInfoParserTest" name="testParseDefineErrors7" time="0.003" />
  <testcase classname="com.google.javascript.jscomp.parsing.JsDocInfoParserTest" name="testParseDefineErrors8" time="0.003" />
  <testcase classname="com.google.javascript.jscomp.parsing.JsDocInfoParserTest" name="testParseNoCheck1" time="0.002" />
  <testcase classname="com.google.javascript.jscomp.parsing.JsDocInfoParserTest" name="testParseNoCheck2" time="0.002" />
  <testcase classname="com.google.javascript.jscomp.parsing.JsDocInfoParserTest" name="testParseOverride1" time="0.002" />
  <testcase classname="com.google.javascript.jscomp.parsing.JsDocInfoParserTest" name="testParseOverride2" time="0.003" />
  <testcase classname="com.google.javascript.jscomp.parsing.JsDocInfoParserTest" name="testParseInheritDoc1" time="0.002" />
  <testcase classname="com.google.javascript.jscomp.parsing.JsDocInfoParserTest" name="testParseInheritDoc2" time="0.002" />
  <testcase classname="com.google.javascript.jscomp.parsing.JsDocInfoParserTest" name="testParseInheritDoc3" time="0.003" />
  <testcase classname="com.google.javascript.jscomp.parsing.JsDocInfoParserTest" name="testParseNoAlias1" time="0.002" />
  <testcase classname="com.google.javascript.jscomp.parsing.JsDocInfoParserTest" name="testParseNoAlias2" time="0.004" />
  <testcase classname="com.google.javascript.jscomp.parsing.JsDocInfoParserTest" name="testParseDeprecated1" time="0.003" />
  <testcase classname="com.google.javascript.jscomp.parsing.JsDocInfoParserTest" name="testParseExport1" time="0.002" />
  <testcase classname="com.google.javascript.jscomp.parsing.JsDocInfoParserTest" name="testParseDeprecated2" time="0.002" />
  <testcase classname="com.google.javascript.jscomp.parsing.JsDocInfoParserTest" name="testParseExport2" time="0.001" />
  <testcase classname="com.google.javascript.jscomp.parsing.JsDocInfoParserTest" name="testParseExpose1" time="0.002" />
  <testcase classname="com.google.javascript.jscomp.parsing.JsDocInfoParserTest" name="testParseExpose2" time="0.002" />
  <testcase classname="com.google.javascript.jscomp.parsing.JsDocInfoParserTest" name="testParseExterns1" time="0.002" />
  <testcase classname="com.google.javascript.jscomp.parsing.JsDocInfoParserTest" name="testParseExterns2" time="0.002" />
  <testcase classname="com.google.javascript.jscomp.parsing.JsDocInfoParserTest" name="testParseExterns3" time="0.001" />
  <testcase classname="com.google.javascript.jscomp.parsing.JsDocInfoParserTest" name="testParseJavaDispatch1" time="0.002" />
  <testcase classname="com.google.javascript.jscomp.parsing.JsDocInfoParserTest" name="testParseJavaDispatch2" time="0.001" />
  <testcase classname="com.google.javascript.jscomp.parsing.JsDocInfoParserTest" name="testParseJavaDispatch3" time="0.002" />
  <testcase classname="com.google.javascript.jscomp.parsing.JsDocInfoParserTest" name="testParseNoCompile1" time="0.001" />
  <testcase classname="com.google.javascript.jscomp.parsing.JsDocInfoParserTest" name="testParseNoCompile2" time="0.001" />
  <testcase classname="com.google.javascript.jscomp.parsing.JsDocInfoParserTest" name="testBugAnnotation" time="0.002" />
  <testcase classname="com.google.javascript.jscomp.parsing.JsDocInfoParserTest" name="testDescriptionAnnotation" time="0.001" />
  <testcase classname="com.google.javascript.jscomp.parsing.JsDocInfoParserTest" name="testRegression1" time="0.002" />
  <testcase classname="com.google.javascript.jscomp.parsing.JsDocInfoParserTest" name="testRegression2" time="0.002" />
  <testcase classname="com.google.javascript.jscomp.parsing.JsDocInfoParserTest" name="testRegression3" time="0.001" />
  <testcase classname="com.google.javascript.jscomp.parsing.JsDocInfoParserTest" name="testRegression4" time="0.002" />
  <testcase classname="com.google.javascript.jscomp.parsing.JsDocInfoParserTest" name="testRegression5" time="0.001" />
  <testcase classname="com.google.javascript.jscomp.parsing.JsDocInfoParserTest" name="testRegression6" time="0.002" />
  <testcase classname="com.google.javascript.jscomp.parsing.JsDocInfoParserTest" name="testRegression7" time="0.002" />
  <testcase classname="com.google.javascript.jscomp.parsing.JsDocInfoParserTest" name="testRegression8" time="0.001" />
  <testcase classname="com.google.javascript.jscomp.parsing.JsDocInfoParserTest" name="testRegression9" time="0.002" />
  <testcase classname="com.google.javascript.jscomp.parsing.JsDocInfoParserTest" name="testRegression10" time="0.003" />
  <testcase classname="com.google.javascript.jscomp.parsing.JsDocInfoParserTest" name="testRegression11" time="0.002" />
  <testcase classname="com.google.javascript.jscomp.parsing.JsDocInfoParserTest" name="testRegression12" time="0.003" />
  <testcase classname="com.google.javascript.jscomp.parsing.JsDocInfoParserTest" name="testRegression13" time="0.002" />
  <testcase classname="com.google.javascript.jscomp.parsing.JsDocInfoParserTest" name="testRegression14" time="0.002" />
  <testcase classname="com.google.javascript.jscomp.parsing.JsDocInfoParserTest" name="testRegression15" time="0.002" />
  <testcase classname="com.google.javascript.jscomp.parsing.JsDocInfoParserTest" name="testRegression16" time="0.002" />
  <testcase classname="com.google.javascript.jscomp.parsing.JsDocInfoParserTest" name="testRegression17" time="0.001" />
  <testcase classname="com.google.javascript.jscomp.parsing.JsDocInfoParserTest" name="testFullRegression1" time="0.002" />
  <testcase classname="com.google.javascript.jscomp.parsing.JsDocInfoParserTest" name="testFullRegression2" time="0.002" />
  <testcase classname="com.google.javascript.jscomp.parsing.JsDocInfoParserTest" name="testFullRegression3" time="0.001" />
  <testcase classname="com.google.javascript.jscomp.parsing.JsDocInfoParserTest" name="testBug907488" time="0.001" />
  <testcase classname="com.google.javascript.jscomp.parsing.JsDocInfoParserTest" name="testBug907494" time="0.002" />
  <testcase classname="com.google.javascript.jscomp.parsing.JsDocInfoParserTest" name="testBug909468" time="0.001" />
  <testcase classname="com.google.javascript.jscomp.parsing.JsDocInfoParserTest" name="testParseInterface" time="0.002" />
  <testcase classname="com.google.javascript.jscomp.parsing.JsDocInfoParserTest" name="testParseImplicitCast1" time="0.002" />
  <testcase classname="com.google.javascript.jscomp.parsing.JsDocInfoParserTest" name="testParseImplicitCast2" time="0.001" />
  <testcase classname="com.google.javascript.jscomp.parsing.JsDocInfoParserTest" name="testParseDuplicateImplicitCast" time="0.002" />
  <testcase classname="com.google.javascript.jscomp.parsing.JsDocInfoParserTest" name="testParseInterfaceDoubled" time="0.002" />
  <testcase classname="com.google.javascript.jscomp.parsing.JsDocInfoParserTest" name="testParseImplements" time="0.001" />
  <testcase classname="com.google.javascript.jscomp.parsing.JsDocInfoParserTest" name="testParseImplementsTwo" time="0.002" />
  <testcase classname="com.google.javascript.jscomp.parsing.JsDocInfoParserTest" name="testParseImplementsSameTwice" time="0.002" />
  <testcase classname="com.google.javascript.jscomp.parsing.JsDocInfoParserTest" name="testParseImplementsNoName" time="0.001" />
  <testcase classname="com.google.javascript.jscomp.parsing.JsDocInfoParserTest" name="testParseImplementsMissingRC" time="0.001" />
  <testcase classname="com.google.javascript.jscomp.parsing.JsDocInfoParserTest" name="testParseImplementsNullable1" time="0.001" />
  <testcase classname="com.google.javascript.jscomp.parsing.JsDocInfoParserTest" name="testParseImplementsNullable2" time="0.001" />
  <testcase classname="com.google.javascript.jscomp.parsing.JsDocInfoParserTest" name="testInterfaceMultiExtends1" time="0.002" />
  <testcase classname="com.google.javascript.jscomp.parsing.JsDocInfoParserTest" name="testInterfaceMultiExtends2" time="0.002" />
  <testcase classname="com.google.javascript.jscomp.parsing.JsDocInfoParserTest" name="testBadClassMultiExtends" time="0.001" />
  <testcase classname="com.google.javascript.jscomp.parsing.JsDocInfoParserTest" name="testBadExtendsWithNullable" time="0.002" />
  <testcase classname="com.google.javascript.jscomp.parsing.JsDocInfoParserTest" name="testBadImplementsWithNullable" time="0.001" />
  <testcase classname="com.google.javascript.jscomp.parsing.JsDocInfoParserTest" name="testBadTypeDefInterfaceAndConstructor2" time="0.002" />
  <testcase classname="com.google.javascript.jscomp.parsing.JsDocInfoParserTest" name="testDocumentationParameter" time="0.002" />
  <testcase classname="com.google.javascript.jscomp.parsing.JsDocInfoParserTest" name="testMultilineDocumentationParameter" time="0.002" />
  <testcase classname="com.google.javascript.jscomp.parsing.JsDocInfoParserTest" name="testDocumentationMultipleParameter" time="0.001" />
  <testcase classname="com.google.javascript.jscomp.parsing.JsDocInfoParserTest" name="testDocumentationMultipleParameter2" time="0.002" />
  <testcase classname="com.google.javascript.jscomp.parsing.JsDocInfoParserTest" name="testAuthors" time="0.001" />
  <testcase classname="com.google.javascript.jscomp.parsing.JsDocInfoParserTest" name="testSuppress1" time="0.001" />
  <testcase classname="com.google.javascript.jscomp.parsing.JsDocInfoParserTest" name="testSuppress2" time="0.001" />
  <testcase classname="com.google.javascript.jscomp.parsing.JsDocInfoParserTest" name="testBadSuppress1" time="0.001" />
  <testcase classname="com.google.javascript.jscomp.parsing.JsDocInfoParserTest" name="testBadSuppress2" time="0.002" />
  <testcase classname="com.google.javascript.jscomp.parsing.JsDocInfoParserTest" name="testBadSuppress3" time="0.001" />
  <testcase classname="com.google.javascript.jscomp.parsing.JsDocInfoParserTest" name="testBadSuppress4" time="0.002" />
  <testcase classname="com.google.javascript.jscomp.parsing.JsDocInfoParserTest" name="testBadSuppress5" time="0.001" />
  <testcase classname="com.google.javascript.jscomp.parsing.JsDocInfoParserTest" name="testBadSuppress6" time="0.002" />
  <testcase classname="com.google.javascript.jscomp.parsing.JsDocInfoParserTest" name="testBadSuppress7" time="0.001" />
  <testcase classname="com.google.javascript.jscomp.parsing.JsDocInfoParserTest" name="testModifies1" time="0.002" />
  <testcase classname="com.google.javascript.jscomp.parsing.JsDocInfoParserTest" name="testModifies2" time="0.001" />
  <testcase classname="com.google.javascript.jscomp.parsing.JsDocInfoParserTest" name="testModifies3" time="0.003" />
  <testcase classname="com.google.javascript.jscomp.parsing.JsDocInfoParserTest" name="testModifies4" time="0.002" />
  <testcase classname="com.google.javascript.jscomp.parsing.JsDocInfoParserTest" name="testModifies5" time="0.003" />
  <testcase classname="com.google.javascript.jscomp.parsing.JsDocInfoParserTest" name="testModifies6" time="0.002" />
  <testcase classname="com.google.javascript.jscomp.parsing.JsDocInfoParserTest" name="testBadModifies1" time="0.003" />
  <testcase classname="com.google.javascript.jscomp.parsing.JsDocInfoParserTest" name="testBadModifies2" time="0.002" />
  <testcase classname="com.google.javascript.jscomp.parsing.JsDocInfoParserTest" name="testBadModifies3" time="0.002" />
  <testcase classname="com.google.javascript.jscomp.parsing.JsDocInfoParserTest" name="testBadModifies4" time="0.002" />
  <testcase classname="com.google.javascript.jscomp.parsing.JsDocInfoParserTest" name="testBadModifies5" time="0.002" />
  <testcase classname="com.google.javascript.jscomp.parsing.JsDocInfoParserTest" name="testBadModifies6" time="0.002" />
  <testcase classname="com.google.javascript.jscomp.parsing.JsDocInfoParserTest" name="testBadModifies7" time="0.001" />
  <testcase classname="com.google.javascript.jscomp.parsing.JsDocInfoParserTest" name="testBadModifies8" time="0.002" />
  <testcase classname="com.google.javascript.jscomp.parsing.JsDocInfoParserTest" name="testBadModifies9" time="0.003" />
  <testcase classname="com.google.javascript.jscomp.parsing.JsDocInfoParserTest" name="testFileOverviewSingleLine" time="0.001" />
  <testcase classname="com.google.javascript.jscomp.parsing.JsDocInfoParserTest" name="testFileOverviewMultiLine" time="0.001" />
  <testcase classname="com.google.javascript.jscomp.parsing.JsDocInfoParserTest" name="testFileOverviewDuplicate" time="0.002" />
  <testcase classname="com.google.javascript.jscomp.parsing.JsDocInfoParserTest" name="testReferences" time="0.001" />
  <testcase classname="com.google.javascript.jscomp.parsing.JsDocInfoParserTest" name="testSingleTags" time="0.002" />
  <testcase classname="com.google.javascript.jscomp.parsing.JsDocInfoParserTest" name="testSingleTagsReordered" time="0.002" />
  <testcase classname="com.google.javascript.jscomp.parsing.JsDocInfoParserTest" name="testVersionDuplication" time="0.001" />
  <testcase classname="com.google.javascript.jscomp.parsing.JsDocInfoParserTest" name="testVersionMissing" time="0.002" />
  <testcase classname="com.google.javascript.jscomp.parsing.JsDocInfoParserTest" name="testAuthorMissing" time="0.001" />
  <testcase classname="com.google.javascript.jscomp.parsing.JsDocInfoParserTest" name="testSeeMissing" time="0.002" />
  <testcase classname="com.google.javascript.jscomp.parsing.JsDocInfoParserTest" name="testSourceName" time="0.002" />
  <testcase classname="com.google.javascript.jscomp.parsing.JsDocInfoParserTest" name="testParseBlockComment" time="0.002" />
  <testcase classname="com.google.javascript.jscomp.parsing.JsDocInfoParserTest" name="testParseBlockComment2" time="0.001" />
  <testcase classname="com.google.javascript.jscomp.parsing.JsDocInfoParserTest" name="testParseBlockComment3" time="0.002" />
  <testcase classname="com.google.javascript.jscomp.parsing.JsDocInfoParserTest" name="testParseWithMarkers1" time="0.002" />
  <testcase classname="com.google.javascript.jscomp.parsing.JsDocInfoParserTest" name="testParseWithMarkers2" time="0.001" />
  <testcase classname="com.google.javascript.jscomp.parsing.JsDocInfoParserTest" name="testParseWithMarkers3" time="0.001" />
  <testcase classname="com.google.javascript.jscomp.parsing.JsDocInfoParserTest" name="testParseWithMarkers4" time="0.002" />
  <testcase classname="com.google.javascript.jscomp.parsing.JsDocInfoParserTest" name="testParseWithMarkers5" time="0.001" />
  <testcase classname="com.google.javascript.jscomp.parsing.JsDocInfoParserTest" name="testParseWithMarkers6" time="0.001" />
  <testcase classname="com.google.javascript.jscomp.parsing.JsDocInfoParserTest" name="testParseWithMarkerNames1" time="0.002" />
  <testcase classname="com.google.javascript.jscomp.parsing.JsDocInfoParserTest" name="testParseWithMarkerNames2" time="0.002" />
  <testcase classname="com.google.javascript.jscomp.parsing.JsDocInfoParserTest" name="testParseWithMarkerNames3" time="0.002" />
  <testcase classname="com.google.javascript.jscomp.parsing.JsDocInfoParserTest" name="testParseWithoutMarkerName" time="0.001" />
  <testcase classname="com.google.javascript.jscomp.parsing.JsDocInfoParserTest" name="testParseWithMarkerType" time="0.001" />
  <testcase classname="com.google.javascript.jscomp.parsing.JsDocInfoParserTest" name="testParseWithMarkerType2" time="0.002" />
  <testcase classname="com.google.javascript.jscomp.parsing.JsDocInfoParserTest" name="testTypeTagConflict1" time="0.001" />
  <testcase classname="com.google.javascript.jscomp.parsing.JsDocInfoParserTest" name="testTypeTagConflict2" time="0.001" />
  <testcase classname="com.google.javascript.jscomp.parsing.JsDocInfoParserTest" name="testTypeTagConflict3" time="0.002" />
  <testcase classname="com.google.javascript.jscomp.parsing.JsDocInfoParserTest" name="testTypeTagConflict4" time="0.002" />
  <testcase classname="com.google.javascript.jscomp.parsing.JsDocInfoParserTest" name="testTypeTagConflict5" time="0.002" />
  <testcase classname="com.google.javascript.jscomp.parsing.JsDocInfoParserTest" name="testTypeTagConflict6" time="0.001" />
  <testcase classname="com.google.javascript.jscomp.parsing.JsDocInfoParserTest" name="testTypeTagConflict7" time="0.001" />
  <testcase classname="com.google.javascript.jscomp.parsing.JsDocInfoParserTest" name="testTypeTagConflict8" time="0.002" />
  <testcase classname="com.google.javascript.jscomp.parsing.JsDocInfoParserTest" name="testTypeTagConflict9" time="0.002" />
  <testcase classname="com.google.javascript.jscomp.parsing.JsDocInfoParserTest" name="testTypeTagConflict10" time="0.002" />
  <testcase classname="com.google.javascript.jscomp.parsing.JsDocInfoParserTest" name="testTypeTagConflict11" time="0.001" />
  <testcase classname="com.google.javascript.jscomp.parsing.JsDocInfoParserTest" name="testTypeTagConflict12" time="0.001" />
  <testcase classname="com.google.javascript.jscomp.parsing.JsDocInfoParserTest" name="testTypeTagConflict13" time="0.002" />
  <testcase classname="com.google.javascript.jscomp.parsing.JsDocInfoParserTest" name="testTypeTagConflict14" time="0.002" />
  <testcase classname="com.google.javascript.jscomp.parsing.JsDocInfoParserTest" name="testTypeTagConflict15" time="0.002" />
  <testcase classname="com.google.javascript.jscomp.parsing.JsDocInfoParserTest" name="testTypeTagConflict16" time="0.002" />
  <testcase classname="com.google.javascript.jscomp.parsing.JsDocInfoParserTest" name="testTypeTagConflict17" time="0.001" />
  <testcase classname="com.google.javascript.jscomp.parsing.JsDocInfoParserTest" name="testTypeTagConflict18" time="0.002" />
  <testcase classname="com.google.javascript.jscomp.parsing.JsDocInfoParserTest" name="testTypeTagConflict19" time="0.002" />
  <testcase classname="com.google.javascript.jscomp.parsing.JsDocInfoParserTest" name="testTypeTagConflict20" time="0.002" />
  <testcase classname="com.google.javascript.jscomp.parsing.JsDocInfoParserTest" name="testTypeTagConflict21" time="0.002" />
  <testcase classname="com.google.javascript.jscomp.parsing.JsDocInfoParserTest" name="testTypeTagConflict22" time="0.002" />
  <testcase classname="com.google.javascript.jscomp.parsing.JsDocInfoParserTest" name="testTypeTagConflict23" time="0.003" />
  <testcase classname="com.google.javascript.jscomp.parsing.JsDocInfoParserTest" name="testTypeTagConflict24" time="0.002" />
  <testcase classname="com.google.javascript.jscomp.parsing.JsDocInfoParserTest" name="testProtectedType" time="0.002" />
  <testcase classname="com.google.javascript.jscomp.parsing.JsDocInfoParserTest" name="testPublicType" time="0.002" />
  <testcase classname="com.google.javascript.jscomp.parsing.JsDocInfoParserTest" name="testConstType" time="0.001" />
  <testcase classname="com.google.javascript.jscomp.parsing.JsDocInfoParserTest" name="testStableIdGeneratorConflict" time="0.002" />
  <testcase classname="com.google.javascript.jscomp.parsing.JsDocInfoParserTest" name="testParserWithTemplateTypeNameMissing" time="0.002" />
  <testcase classname="com.google.javascript.jscomp.parsing.JsDocInfoParserTest" name="testParserWithTemplateDuplicated" time="0.002" />
  <testcase classname="com.google.javascript.jscomp.parsing.JsDocInfoParserTest" name="testParserWithTwoTemplates" time="0.002" />
  <testcase classname="com.google.javascript.jscomp.parsing.JsDocInfoParserTest" name="testWhitelistedNewAnnotations" time="0.001" />
  <testcase classname="com.google.javascript.jscomp.parsing.JsDocInfoParserTest" name="testWhitelistedConflictingAnnotation" time="0.002" />
  <testcase classname="com.google.javascript.jscomp.parsing.JsDocInfoParserTest" name="testNonIdentifierAnnotation" time="0.002" />
  <testcase classname="com.google.javascript.jscomp.parsing.JsDocInfoParserTest" name="testUnsupportedJsDocSyntax1" time="0.002" />
  <testcase classname="com.google.javascript.jscomp.parsing.JsDocInfoParserTest" name="testUnsupportedJsDocSyntax2" time="0.002" />
  <testcase classname="com.google.javascript.jscomp.parsing.JsDocInfoParserTest" name="testWhitelistedAnnotations" time="0.002" />
  <testcase classname="com.google.javascript.jscomp.parsing.JsDocInfoParserTest" name="testGetOriginalCommentString" time="0.003" />
  <testcase classname="com.google.javascript.jscomp.parsing.JsDocInfoParserTest" name="testInterfaceExtends" time="0.003" />
  <testcase classname="com.google.javascript.jscomp.parsing.JsDocInfoParserTest" name="testPrivateType" time="0.001" />
  <testcase classname="com.google.javascript.jscomp.parsing.JsDocInfoParserTest" name="testTypedefType1" time="0.002" />
  <system-out><![CDATA[]]></system-out>
  <system-err><![CDATA[]]></system-err>
</testsuite>
