<?xml version="1.0" encoding="UTF-8" ?>
<testsuite errors="0" failures="0" hostname="sepehr-UX310UQK" name="com.google.javascript.jscomp.parsing.ParserTest" skipped="0" tests="105" time="0.264" timestamp="2023-01-02T22:16:35">
  <properties>
[...]
</properties>
  <testcase classname="com.google.javascript.jscomp.parsing.ParserTest" name="testLinenoCharnoAssign1" time="0.002" />
  <testcase classname="com.google.javascript.jscomp.parsing.ParserTest" name="testLinenoCharnoAssign2" time="0.002" />
  <testcase classname="com.google.javascript.jscomp.parsing.ParserTest" name="testLinenoCharnoCall" time="0.002" />
  <testcase classname="com.google.javascript.jscomp.parsing.ParserTest" name="testLinenoCharnoGetProp1" time="0.002" />
  <testcase classname="com.google.javascript.jscomp.parsing.ParserTest" name="testLinenoCharnoGetProp2" time="0.001" />
  <testcase classname="com.google.javascript.jscomp.parsing.ParserTest" name="testLinenoCharnoGetelem1" time="0.002" />
  <testcase classname="com.google.javascript.jscomp.parsing.ParserTest" name="testLinenoCharnoGetelem2" time="0.002" />
  <testcase classname="com.google.javascript.jscomp.parsing.ParserTest" name="testLinenoCharnoGetelem3" time="0.001" />
  <testcase classname="com.google.javascript.jscomp.parsing.ParserTest" name="testLinenoCharnoForComparison" time="0.001" />
  <testcase classname="com.google.javascript.jscomp.parsing.ParserTest" name="testLinenoCharnoHook" time="0.002" />
  <testcase classname="com.google.javascript.jscomp.parsing.ParserTest" name="testLinenoCharnoArrayLiteral" time="0.002" />
  <testcase classname="com.google.javascript.jscomp.parsing.ParserTest" name="testLinenoCharnoObjectLiteral" time="0.001" />
  <testcase classname="com.google.javascript.jscomp.parsing.ParserTest" name="testLinenoCharnoAdd" time="0.001" />
  <testcase classname="com.google.javascript.jscomp.parsing.ParserTest" name="testLinenoCharnoSub" time="0.002" />
  <testcase classname="com.google.javascript.jscomp.parsing.ParserTest" name="testLinenoCharnoMul" time="0.002" />
  <testcase classname="com.google.javascript.jscomp.parsing.ParserTest" name="testLinenoCharnoDiv" time="0.002" />
  <testcase classname="com.google.javascript.jscomp.parsing.ParserTest" name="testLinenoCharnoMod" time="0.001" />
  <testcase classname="com.google.javascript.jscomp.parsing.ParserTest" name="testLinenoCharnoShift" time="0.001" />
  <testcase classname="com.google.javascript.jscomp.parsing.ParserTest" name="testLinenoCharnoBinaryAnd" time="0.001" />
  <testcase classname="com.google.javascript.jscomp.parsing.ParserTest" name="testLinenoCharnoAnd" time="0.002" />
  <testcase classname="com.google.javascript.jscomp.parsing.ParserTest" name="testLinenoCharnoBinaryOr" time="0.002" />
  <testcase classname="com.google.javascript.jscomp.parsing.ParserTest" name="testLinenoCharnoOr" time="0.002" />
  <testcase classname="com.google.javascript.jscomp.parsing.ParserTest" name="testLinenoCharnoLt" time="0.002" />
  <testcase classname="com.google.javascript.jscomp.parsing.ParserTest" name="testLinenoCharnoLe" time="0.001" />
  <testcase classname="com.google.javascript.jscomp.parsing.ParserTest" name="testLinenoCharnoGt" time="0.002" />
  <testcase classname="com.google.javascript.jscomp.parsing.ParserTest" name="testLinenoCharnoGe" time="0.002" />
  <testcase classname="com.google.javascript.jscomp.parsing.ParserTest" name="testJSDocAttachment1" time="0.002" />
  <testcase classname="com.google.javascript.jscomp.parsing.ParserTest" name="testJSDocAttachment2" time="0.002" />
  <testcase classname="com.google.javascript.jscomp.parsing.ParserTest" name="testJSDocAttachment3" time="0.003" />
  <testcase classname="com.google.javascript.jscomp.parsing.ParserTest" name="testJSDocAttachment4" time="0.003" />
  <testcase classname="com.google.javascript.jscomp.parsing.ParserTest" name="testJSDocAttachment5" time="0.002" />
  <testcase classname="com.google.javascript.jscomp.parsing.ParserTest" name="testJSDocAttachment6" time="0.003" />
  <testcase classname="com.google.javascript.jscomp.parsing.ParserTest" name="testJSDocAttachment7" time="0.001" />
  <testcase classname="com.google.javascript.jscomp.parsing.ParserTest" name="testJSDocAttachment8" time="0.001" />
  <testcase classname="com.google.javascript.jscomp.parsing.ParserTest" name="testJSDocAttachment9" time="0.001" />
  <testcase classname="com.google.javascript.jscomp.parsing.ParserTest" name="testJSDocAttachment10" time="0.002" />
  <testcase classname="com.google.javascript.jscomp.parsing.ParserTest" name="testJSDocAttachment11" time="0.004" />
  <testcase classname="com.google.javascript.jscomp.parsing.ParserTest" name="testJSDocAttachment12" time="0.002" />
  <testcase classname="com.google.javascript.jscomp.parsing.ParserTest" name="testJSDocAttachment13" time="0.003" />
  <testcase classname="com.google.javascript.jscomp.parsing.ParserTest" name="testJSDocAttachment14" time="0.004" />
  <testcase classname="com.google.javascript.jscomp.parsing.ParserTest" name="testJSDocAttachment15" time="0.002" />
  <testcase classname="com.google.javascript.jscomp.parsing.ParserTest" name="testJSDocAttachment16" time="0.003" />
  <testcase classname="com.google.javascript.jscomp.parsing.ParserTest" name="testIncorrectJSDocDoesNotAlterJSParsing1" time="0.005" />
  <testcase classname="com.google.javascript.jscomp.parsing.ParserTest" name="testIncorrectJSDocDoesNotAlterJSParsing2" time="0.007" />
  <testcase classname="com.google.javascript.jscomp.parsing.ParserTest" name="testIncorrectJSDocDoesNotAlterJSParsing3" time="0.003" />
  <testcase classname="com.google.javascript.jscomp.parsing.ParserTest" name="testIncorrectJSDocDoesNotAlterJSParsing4" time="0.003" />
  <testcase classname="com.google.javascript.jscomp.parsing.ParserTest" name="testIncorrectJSDocDoesNotAlterJSParsing5" time="0.003" />
  <testcase classname="com.google.javascript.jscomp.parsing.ParserTest" name="testIncorrectJSDocDoesNotAlterJSParsing6" time="0.003" />
  <testcase classname="com.google.javascript.jscomp.parsing.ParserTest" name="testIncorrectJSDocDoesNotAlterJSParsing7" time="0.002" />
  <testcase classname="com.google.javascript.jscomp.parsing.ParserTest" name="testIncorrectJSDocDoesNotAlterJSParsing8" time="0.003" />
  <testcase classname="com.google.javascript.jscomp.parsing.ParserTest" name="testIncorrectJSDocDoesNotAlterJSParsing9" time="0.003" />
  <testcase classname="com.google.javascript.jscomp.parsing.ParserTest" name="testUnescapedSlashInRegexpCharClass" time="0.002" />
  <testcase classname="com.google.javascript.jscomp.parsing.ParserTest" name="testTrailingCommaWarning1" time="0.002" />
  <testcase classname="com.google.javascript.jscomp.parsing.ParserTest" name="testTrailingCommaWarning2" time="0.002" />
  <testcase classname="com.google.javascript.jscomp.parsing.ParserTest" name="testTrailingCommaWarning3" time="0.003" />
  <testcase classname="com.google.javascript.jscomp.parsing.ParserTest" name="testTrailingCommaWarning4" time="0.002" />
  <testcase classname="com.google.javascript.jscomp.parsing.ParserTest" name="testTrailingCommaWarning5" time="0.002" />
  <testcase classname="com.google.javascript.jscomp.parsing.ParserTest" name="testTrailingCommaWarning6" time="0.002" />
  <testcase classname="com.google.javascript.jscomp.parsing.ParserTest" name="testTrailingCommaWarning7" time="0.003" />
  <testcase classname="com.google.javascript.jscomp.parsing.ParserTest" name="testSuspiciousBlockCommentWarning1" time="0.002" />
  <testcase classname="com.google.javascript.jscomp.parsing.ParserTest" name="testSuspiciousBlockCommentWarning2" time="0.002" />
  <testcase classname="com.google.javascript.jscomp.parsing.ParserTest" name="testCatchClauseForbidden" time="0.002" />
  <testcase classname="com.google.javascript.jscomp.parsing.ParserTest" name="testConstForbidden" time="0.002" />
  <testcase classname="com.google.javascript.jscomp.parsing.ParserTest" name="testDestructuringAssignForbidden" time="0.002" />
  <testcase classname="com.google.javascript.jscomp.parsing.ParserTest" name="testDestructuringAssignForbidden2" time="0.003" />
  <testcase classname="com.google.javascript.jscomp.parsing.ParserTest" name="testDestructuringAssignForbidden3" time="0.002" />
  <testcase classname="com.google.javascript.jscomp.parsing.ParserTest" name="testDestructuringAssignForbidden4" time="0.003" />
  <testcase classname="com.google.javascript.jscomp.parsing.ParserTest" name="testLetForbidden" time="0.002" />
  <testcase classname="com.google.javascript.jscomp.parsing.ParserTest" name="testYieldForbidden" time="0.003" />
  <testcase classname="com.google.javascript.jscomp.parsing.ParserTest" name="testBracelessFunctionForbidden" time="0.003" />
  <testcase classname="com.google.javascript.jscomp.parsing.ParserTest" name="testGeneratorsForbidden" time="0.003" />
  <testcase classname="com.google.javascript.jscomp.parsing.ParserTest" name="testGettersForbidden1" time="0.002" />
  <testcase classname="com.google.javascript.jscomp.parsing.ParserTest" name="testGettersForbidden2" time="0.003" />
  <testcase classname="com.google.javascript.jscomp.parsing.ParserTest" name="testGettersForbidden3" time="0.002" />
  <testcase classname="com.google.javascript.jscomp.parsing.ParserTest" name="testGettersForbidden4" time="0.002" />
  <testcase classname="com.google.javascript.jscomp.parsing.ParserTest" name="testGettersForbidden5" time="0.002" />
  <testcase classname="com.google.javascript.jscomp.parsing.ParserTest" name="testSettersForbidden" time="0.003" />
  <testcase classname="com.google.javascript.jscomp.parsing.ParserTest" name="testSettersForbidden2" time="0.002" />
  <testcase classname="com.google.javascript.jscomp.parsing.ParserTest" name="testFileOverviewJSDoc1" time="0.003" />
  <testcase classname="com.google.javascript.jscomp.parsing.ParserTest" name="testFileOverviewJSDocDoesNotHoseParsing" time="0.002" />
  <testcase classname="com.google.javascript.jscomp.parsing.ParserTest" name="testFileOverviewJSDoc2" time="0.003" />
  <testcase classname="com.google.javascript.jscomp.parsing.ParserTest" name="testObjectLiteralDoc1" time="0.002" />
  <testcase classname="com.google.javascript.jscomp.parsing.ParserTest" name="testDuplicatedParam" time="0.002" />
  <testcase classname="com.google.javascript.jscomp.parsing.ParserTest" name="testLamestWarningEver" time="0.002" />
  <testcase classname="com.google.javascript.jscomp.parsing.ParserTest" name="testUnfinishedComment" time="0.002" />
  <testcase classname="com.google.javascript.jscomp.parsing.ParserTest" name="testParseBlockDescription" time="0.002" />
  <testcase classname="com.google.javascript.jscomp.parsing.ParserTest" name="testUnnamedFunctionStatement" time="0.003" />
  <testcase classname="com.google.javascript.jscomp.parsing.ParserTest" name="testReservedKeywords" time="0.003" />
  <testcase classname="com.google.javascript.jscomp.parsing.ParserTest" name="testKeywordsAsProperties" time="0.006" />
  <testcase classname="com.google.javascript.jscomp.parsing.ParserTest" name="testGetPropFunctionName" time="0.003" />
  <testcase classname="com.google.javascript.jscomp.parsing.ParserTest" name="testGetPropFunctionNameIdeMode" time="0.002" />
  <testcase classname="com.google.javascript.jscomp.parsing.ParserTest" name="testIdeModePartialTree" time="0.003" />
  <testcase classname="com.google.javascript.jscomp.parsing.ParserTest" name="testForEach" time="0.002" />
  <testcase classname="com.google.javascript.jscomp.parsing.ParserTest" name="testMisplacedTypeAnnotation1" time="0.002" />
  <testcase classname="com.google.javascript.jscomp.parsing.ParserTest" name="testMisplacedTypeAnnotation2" time="0.002" />
  <testcase classname="com.google.javascript.jscomp.parsing.ParserTest" name="testMisplacedTypeAnnotation3" time="0.002" />
  <testcase classname="com.google.javascript.jscomp.parsing.ParserTest" name="testMisplacedTypeAnnotation4" time="0.003" />
  <testcase classname="com.google.javascript.jscomp.parsing.ParserTest" name="testMisplacedTypeAnnotation5" time="0.002" />
  <testcase classname="com.google.javascript.jscomp.parsing.ParserTest" name="testMisplacedTypeAnnotation6" time="0.003" />
  <testcase classname="com.google.javascript.jscomp.parsing.ParserTest" name="testValidTypeAnnotation1" time="0.004" />
  <testcase classname="com.google.javascript.jscomp.parsing.ParserTest" name="testValidTypeAnnotation2" time="0.003" />
  <testcase classname="com.google.javascript.jscomp.parsing.ParserTest" name="testValidTypeAnnotation3" time="0.002" />
  <testcase classname="com.google.javascript.jscomp.parsing.ParserTest" name="testParse" time="0.003" />
  <testcase classname="com.google.javascript.jscomp.parsing.ParserTest" name="testGetter" time="0.004" />
  <testcase classname="com.google.javascript.jscomp.parsing.ParserTest" name="testSetter" time="0.004" />
  <system-out><![CDATA[]]></system-out>
  <system-err><![CDATA[]]></system-err>
</testsuite>
