<?xml version="1.0" encoding="UTF-8" ?>
<testsuite errors="0" failures="0" hostname="sepehr-UX310UQK" name="com.google.javascript.jscomp.jsonml.JsonMLConversionTest" skipped="0" tests="34" time="0.558" timestamp="2023-01-02T22:16:33">
  <properties>
[...]
</properties>
  <testcase classname="com.google.javascript.jscomp.jsonml.JsonMLConversionTest" name="testArray" time="0.064" />
  <testcase classname="com.google.javascript.jscomp.jsonml.JsonMLConversionTest" name="testArray1" time="0.002" />
  <testcase classname="com.google.javascript.jscomp.jsonml.JsonMLConversionTest" name="testAssignOperators" time="0.008" />
  <testcase classname="com.google.javascript.jscomp.jsonml.JsonMLConversionTest" name="testCalls" time="0.059" />
  <testcase classname="com.google.javascript.jscomp.jsonml.JsonMLConversionTest" name="testConditionals" time="0.003" />
  <testcase classname="com.google.javascript.jscomp.jsonml.JsonMLConversionTest" name="testDecIncOperators" time="0.008" />
  <testcase classname="com.google.javascript.jscomp.jsonml.JsonMLConversionTest" name="testDelete" time="0.005" />
  <testcase classname="com.google.javascript.jscomp.jsonml.JsonMLConversionTest" name="testDirectives" time="0.006" />
  <testcase classname="com.google.javascript.jscomp.jsonml.JsonMLConversionTest" name="testDoWhile" time="0.01" />
  <testcase classname="com.google.javascript.jscomp.jsonml.JsonMLConversionTest" name="testIfElse1" time="0.01" />
  <testcase classname="com.google.javascript.jscomp.jsonml.JsonMLConversionTest" name="testLabels" time="0.005" />
  <testcase classname="com.google.javascript.jscomp.jsonml.JsonMLConversionTest" name="testLogicalExpr" time="0.016" />
  <testcase classname="com.google.javascript.jscomp.jsonml.JsonMLConversionTest" name="testMathExpr" time="0.006" />
  <testcase classname="com.google.javascript.jscomp.jsonml.JsonMLConversionTest" name="testMember" time="0.015" />
  <testcase classname="com.google.javascript.jscomp.jsonml.JsonMLConversionTest" name="testNew" time="0.008" />
  <testcase classname="com.google.javascript.jscomp.jsonml.JsonMLConversionTest" name="testObject" time="0.011" />
  <testcase classname="com.google.javascript.jscomp.jsonml.JsonMLConversionTest" name="testOperators" time="0.008" />
  <testcase classname="com.google.javascript.jscomp.jsonml.JsonMLConversionTest" name="testReturnStatement" time="0.009" />
  <testcase classname="com.google.javascript.jscomp.jsonml.JsonMLConversionTest" name="testSimplePrograms" time="0.031" />
  <testcase classname="com.google.javascript.jscomp.jsonml.JsonMLConversionTest" name="testTry" time="0.025" />
  <testcase classname="com.google.javascript.jscomp.jsonml.JsonMLConversionTest" name="testUnaryExpressions" time="0.013" />
  <testcase classname="com.google.javascript.jscomp.jsonml.JsonMLConversionTest" name="testWith" time="0.014" />
  <testcase classname="com.google.javascript.jscomp.jsonml.JsonMLConversionTest" name="testFunctions" time="0.019" />
  <testcase classname="com.google.javascript.jscomp.jsonml.JsonMLConversionTest" name="testThrow" time="0.019" />
  <testcase classname="com.google.javascript.jscomp.jsonml.JsonMLConversionTest" name="testThis" time="0.006" />
  <testcase classname="com.google.javascript.jscomp.jsonml.JsonMLConversionTest" name="testVarDeclarations" time="0.023" />
  <testcase classname="com.google.javascript.jscomp.jsonml.JsonMLConversionTest" name="testTypeof" time="0.028" />
  <testcase classname="com.google.javascript.jscomp.jsonml.JsonMLConversionTest" name="testObject0" time="0.0" />
  <testcase classname="com.google.javascript.jscomp.jsonml.JsonMLConversionTest" name="testType" time="0.009" />
  <testcase classname="com.google.javascript.jscomp.jsonml.JsonMLConversionTest" name="testWhile" time="0.008" />
  <testcase classname="com.google.javascript.jscomp.jsonml.JsonMLConversionTest" name="testFor" time="0.023" />
  <testcase classname="com.google.javascript.jscomp.jsonml.JsonMLConversionTest" name="testSwitch" time="0.025" />
  <testcase classname="com.google.javascript.jscomp.jsonml.JsonMLConversionTest" name="testForIn" time="0.033" />
  <testcase classname="com.google.javascript.jscomp.jsonml.JsonMLConversionTest" name="testRegExp" time="0.025" />
  <system-out><![CDATA[]]></system-out>
  <system-err><![CDATA[WARNING:unknown:///unknown:1+2 - 3: Will not work in IE
java.lang.Exception
	at com.google.caja.reporting.EchoingMessageQueue$1.add(EchoingMessageQueue.java:52)
	at com.google.caja.reporting.EchoingMessageQueue$1.add(EchoingMessageQueue.java:40)
	at java.util.AbstractList.add(AbstractList.java:108)
	at com.google.caja.reporting.AbstractMessageQueue.addMessage(AbstractMessageQueue.java:25)
	at com.google.caja.parser.js.Parser.parseExpressionAtom(Parser.java:1138)
	at com.google.caja.parser.js.Parser.parseOp(Parser.java:792)
	at com.google.caja.parser.js.Parser.parseExpressionInt(Parser.java:727)
	at com.google.caja.parser.js.Parser.parseExpressionStmt(Parser.java:1281)
	at com.google.caja.parser.js.Parser.parseStatementWithoutLabel(Parser.java:706)
	at com.google.caja.parser.js.Parser.parseStatement(Parser.java:306)
	at com.google.caja.parser.js.Parser.parseTerminatedStatement(Parser.java:1312)
	at com.google.caja.parser.js.Parser.parseProgramOrFunctionBody(Parser.java:325)
	at com.google.caja.parser.js.Parser.parseProgram(Parser.java:314)
	at com.google.caja.parser.js.Parser.parse(Parser.java:272)
	at com.google.caja.parser.js.JsonMLParser.parse(JsonMLParser.java:42)
	at com.google.caja.parser.js.JsonMLParser.parse(JsonMLParser.java:31)
	at com.google.caja.parser.js.JsonMLParser.parse(JsonMLParser.java:26)
	at com.google.caja.parser.js.JsonMLParser.parse(JsonMLParser.java:22)
	at com.google.javascript.jscomp.jsonml.JsonMLConversionTest.testConversion(JsonMLConversionTest.java:79)
	at com.google.javascript.jscomp.jsonml.JsonMLConversionTest.__CLR4_4_1qzzhou1ur2(JsonMLConversionTest.java:91)
	at com.google.javascript.jscomp.jsonml.JsonMLConversionTest.testArray(JsonMLConversionTest.java:90)
	at sun.reflect.NativeMethodAccessorImpl.invoke0(Native Method)
	at sun.reflect.NativeMethodAccessorImpl.invoke(NativeMethodAccessorImpl.java:62)
	at sun.reflect.DelegatingMethodAccessorImpl.invoke(DelegatingMethodAccessorImpl.java:43)
	at java.lang.reflect.Method.invoke(Method.java:498)
	at junit.framework.TestCase.runTest(TestCase.java:168)
	at junit.framework.TestCase.runBare(TestCase.java:134)
	at junit.framework.TestResult$1.protect(TestResult.java:110)
	at junit.framework.TestResult.runProtected(TestResult.java:128)
	at junit.framework.TestResult.run(TestResult.java:113)
	at junit.framework.TestCase.run(TestCase.java:124)
	at junit.framework.TestSuite.runTest(TestSuite.java:243)
	at junit.framework.TestSuite.run(TestSuite.java:238)
	at org.apache.tools.ant.taskdefs.optional.junit.JUnitTestRunner.run(JUnitTestRunner.java:534)
	at org.apache.tools.ant.taskdefs.optional.junit.JUnitTestRunner.launch(JUnitTestRunner.java:1196)
	at org.apache.tools.ant.taskdefs.optional.junit.JUnitTestRunner.main(JUnitTestRunner.java:1014)
WARNING:unknown:///unknown:1+2 - 3: Will not work in IE
java.lang.Exception
	at com.google.caja.reporting.EchoingMessageQueue$1.add(EchoingMessageQueue.java:52)
	at com.google.caja.reporting.EchoingMessageQueue$1.add(EchoingMessageQueue.java:40)
	at java.util.AbstractList.add(AbstractList.java:108)
	at com.google.caja.reporting.AbstractMessageQueue.addMessage(AbstractMessageQueue.java:25)
	at com.google.caja.parser.js.Parser.parseExpressionAtom(Parser.java:1138)
	at com.google.caja.parser.js.Parser.parseOp(Parser.java:792)
	at com.google.caja.parser.js.Parser.parseExpressionInt(Parser.java:727)
	at com.google.caja.parser.js.Parser.parseExpressionStmt(Parser.java:1281)
	at com.google.caja.parser.js.Parser.parseStatementWithoutLabel(Parser.java:706)
	at com.google.caja.parser.js.Parser.parseStatement(Parser.java:306)
	at com.google.caja.parser.js.Parser.parseTerminatedStatement(Parser.java:1312)
	at com.google.caja.parser.js.Parser.parseProgramOrFunctionBody(Parser.java:325)
	at com.google.caja.parser.js.Parser.parseProgram(Parser.java:314)
	at com.google.caja.parser.js.Parser.parse(Parser.java:272)
	at com.google.caja.parser.js.JsonMLParser.parse(JsonMLParser.java:42)
	at com.google.caja.parser.js.JsonMLParser.parse(JsonMLParser.java:31)
	at com.google.caja.parser.js.JsonMLParser.parse(JsonMLParser.java:26)
	at com.google.caja.parser.js.JsonMLParser.parse(JsonMLParser.java:22)
	at com.google.javascript.jscomp.jsonml.JsonMLConversionTest.testConversion(JsonMLConversionTest.java:86)
	at com.google.javascript.jscomp.jsonml.JsonMLConversionTest.__CLR4_4_1qzzhou1ur2(JsonMLConversionTest.java:91)
	at com.google.javascript.jscomp.jsonml.JsonMLConversionTest.testArray(JsonMLConversionTest.java:90)
	at sun.reflect.NativeMethodAccessorImpl.invoke0(Native Method)
	at sun.reflect.NativeMethodAccessorImpl.invoke(NativeMethodAccessorImpl.java:62)
	at sun.reflect.DelegatingMethodAccessorImpl.invoke(DelegatingMethodAccessorImpl.java:43)
	at java.lang.reflect.Method.invoke(Method.java:498)
	at junit.framework.TestCase.runTest(TestCase.java:168)
	at junit.framework.TestCase.runBare(TestCase.java:134)
	at junit.framework.TestResult$1.protect(TestResult.java:110)
	at junit.framework.TestResult.runProtected(TestResult.java:128)
	at junit.framework.TestResult.run(TestResult.java:113)
	at junit.framework.TestCase.run(TestCase.java:124)
	at junit.framework.TestSuite.runTest(TestSuite.java:243)
	at junit.framework.TestSuite.run(TestSuite.java:238)
	at org.apache.tools.ant.taskdefs.optional.junit.JUnitTestRunner.run(JUnitTestRunner.java:534)
	at org.apache.tools.ant.taskdefs.optional.junit.JUnitTestRunner.launch(JUnitTestRunner.java:1196)
	at org.apache.tools.ant.taskdefs.optional.junit.JUnitTestRunner.main(JUnitTestRunner.java:1014)
WARNING:unknown:///unknown:1+2 - 3: Will not work in IE
java.lang.Exception
	at com.google.caja.reporting.EchoingMessageQueue$1.add(EchoingMessageQueue.java:52)
	at com.google.caja.reporting.EchoingMessageQueue$1.add(EchoingMessageQueue.java:40)
	at java.util.AbstractList.add(AbstractList.java:108)
	at com.google.caja.reporting.AbstractMessageQueue.addMessage(AbstractMessageQueue.java:25)
	at com.google.caja.parser.js.Parser.parseExpressionAtom(Parser.java:1138)
	at com.google.caja.parser.js.Parser.parseOp(Parser.java:792)
	at com.google.caja.parser.js.Parser.parseExpressionInt(Parser.java:727)
	at com.google.caja.parser.js.Parser.parseExpressionStmt(Parser.java:1281)
	at com.google.caja.parser.js.Parser.parseStatementWithoutLabel(Parser.java:706)
	at com.google.caja.parser.js.Parser.parseStatement(Parser.java:306)
	at com.google.caja.parser.js.Parser.parseTerminatedStatement(Parser.java:1312)
	at com.google.caja.parser.js.Parser.parseProgramOrFunctionBody(Parser.java:325)
	at com.google.caja.parser.js.Parser.parseProgram(Parser.java:314)
	at com.google.caja.parser.js.Parser.parse(Parser.java:272)
	at com.google.caja.parser.js.JsonMLParser.parse(JsonMLParser.java:42)
	at com.google.caja.parser.js.JsonMLParser.parse(JsonMLParser.java:31)
	at com.google.caja.parser.js.JsonMLParser.parse(JsonMLParser.java:26)
	at com.google.caja.parser.js.JsonMLParser.parse(JsonMLParser.java:22)
	at com.google.javascript.jscomp.jsonml.JsonMLConversionTest.testConversion(JsonMLConversionTest.java:79)
	at com.google.javascript.jscomp.jsonml.JsonMLConversionTest.__CLR4_4_1o5nui91urb(JsonMLConversionTest.java:102)
	at com.google.javascript.jscomp.jsonml.JsonMLConversionTest.testArray1(JsonMLConversionTest.java:101)
	at sun.reflect.NativeMethodAccessorImpl.invoke0(Native Method)
	at sun.reflect.NativeMethodAccessorImpl.invoke(NativeMethodAccessorImpl.java:62)
	at sun.reflect.DelegatingMethodAccessorImpl.invoke(DelegatingMethodAccessorImpl.java:43)
	at java.lang.reflect.Method.invoke(Method.java:498)
	at junit.framework.TestCase.runTest(TestCase.java:168)
	at junit.framework.TestCase.runBare(TestCase.java:134)
	at junit.framework.TestResult$1.protect(TestResult.java:110)
	at junit.framework.TestResult.runProtected(TestResult.java:128)
	at junit.framework.TestResult.run(TestResult.java:113)
	at junit.framework.TestCase.run(TestCase.java:124)
	at junit.framework.TestSuite.runTest(TestSuite.java:243)
	at junit.framework.TestSuite.run(TestSuite.java:238)
	at org.apache.tools.ant.taskdefs.optional.junit.JUnitTestRunner.run(JUnitTestRunner.java:534)
	at org.apache.tools.ant.taskdefs.optional.junit.JUnitTestRunner.launch(JUnitTestRunner.java:1196)
	at org.apache.tools.ant.taskdefs.optional.junit.JUnitTestRunner.main(JUnitTestRunner.java:1014)
WARNING:unknown:///unknown:1+2 - 3: Will not work in IE
java.lang.Exception
	at com.google.caja.reporting.EchoingMessageQueue$1.add(EchoingMessageQueue.java:52)
	at com.google.caja.reporting.EchoingMessageQueue$1.add(EchoingMessageQueue.java:40)
	at java.util.AbstractList.add(AbstractList.java:108)
	at com.google.caja.reporting.AbstractMessageQueue.addMessage(AbstractMessageQueue.java:25)
	at com.google.caja.parser.js.Parser.parseExpressionAtom(Parser.java:1138)
	at com.google.caja.parser.js.Parser.parseOp(Parser.java:792)
	at com.google.caja.parser.js.Parser.parseExpressionInt(Parser.java:727)
	at com.google.caja.parser.js.Parser.parseExpressionStmt(Parser.java:1281)
	at com.google.caja.parser.js.Parser.parseStatementWithoutLabel(Parser.java:706)
	at com.google.caja.parser.js.Parser.parseStatement(Parser.java:306)
	at com.google.caja.parser.js.Parser.parseTerminatedStatement(Parser.java:1312)
	at com.google.caja.parser.js.Parser.parseProgramOrFunctionBody(Parser.java:325)
	at com.google.caja.parser.js.Parser.parseProgram(Parser.java:314)
	at com.google.caja.parser.js.Parser.parse(Parser.java:272)
	at com.google.caja.parser.js.JsonMLParser.parse(JsonMLParser.java:42)
	at com.google.caja.parser.js.JsonMLParser.parse(JsonMLParser.java:31)
	at com.google.caja.parser.js.JsonMLParser.parse(JsonMLParser.java:26)
	at com.google.caja.parser.js.JsonMLParser.parse(JsonMLParser.java:22)
	at com.google.javascript.jscomp.jsonml.JsonMLConversionTest.testConversion(JsonMLConversionTest.java:86)
	at com.google.javascript.jscomp.jsonml.JsonMLConversionTest.__CLR4_4_1o5nui91urb(JsonMLConversionTest.java:102)
	at com.google.javascript.jscomp.jsonml.JsonMLConversionTest.testArray1(JsonMLConversionTest.java:101)
	at sun.reflect.NativeMethodAccessorImpl.invoke0(Native Method)
	at sun.reflect.NativeMethodAccessorImpl.invoke(NativeMethodAccessorImpl.java:62)
	at sun.reflect.DelegatingMethodAccessorImpl.invoke(DelegatingMethodAccessorImpl.java:43)
	at java.lang.reflect.Method.invoke(Method.java:498)
	at junit.framework.TestCase.runTest(TestCase.java:168)
	at junit.framework.TestCase.runBare(TestCase.java:134)
	at junit.framework.TestResult$1.protect(TestResult.java:110)
	at junit.framework.TestResult.runProtected(TestResult.java:128)
	at junit.framework.TestResult.run(TestResult.java:113)
	at junit.framework.TestCase.run(TestCase.java:124)
	at junit.framework.TestSuite.runTest(TestSuite.java:243)
	at junit.framework.TestSuite.run(TestSuite.java:238)
	at org.apache.tools.ant.taskdefs.optional.junit.JUnitTestRunner.run(JUnitTestRunner.java:534)
	at org.apache.tools.ant.taskdefs.optional.junit.JUnitTestRunner.launch(JUnitTestRunner.java:1196)
	at org.apache.tools.ant.taskdefs.optional.junit.JUnitTestRunner.main(JUnitTestRunner.java:1014)
LOG:unknown:///unknown:1+39: Semicolon inserted
LOG:unknown:///unknown:1+39: Semicolon inserted
LOG:unknown:///unknown:1+35: Semicolon inserted
LOG:unknown:///unknown:1+35: Semicolon inserted
LOG:unknown:///unknown:1+43: Semicolon inserted
LOG:unknown:///unknown:1+43: Semicolon inserted
LOG:unknown:///unknown:1+36: Semicolon inserted
LOG:unknown:///unknown:1+36: Semicolon inserted
LOG:unknown:///unknown:1+13: Semicolon inserted
LOG:unknown:///unknown:1+13: Semicolon inserted
LOG:unknown:///unknown:1+29: Semicolon inserted
LOG:unknown:///unknown:1+29: Semicolon inserted
LOG:unknown:///unknown:1+43: Semicolon inserted
LOG:unknown:///unknown:1+43: Semicolon inserted
LOG:unknown:///unknown:1+87: Semicolon inserted
LOG:unknown:///unknown:1+88: Semicolon inserted
LOG:unknown:///unknown:1+87: Semicolon inserted
LOG:unknown:///unknown:1+88: Semicolon inserted
LOG:unknown:///unknown:1+17: Semicolon inserted
LOG:unknown:///unknown:1+17: Semicolon inserted
LOG:unknown:///unknown:1+17: Semicolon inserted
LOG:unknown:///unknown:1+30: Semicolon inserted
LOG:unknown:///unknown:1+17: Semicolon inserted
LOG:unknown:///unknown:1+30: Semicolon inserted
LOG:unknown:///unknown:1+22: Semicolon inserted
LOG:unknown:///unknown:1+35: Semicolon inserted
LOG:unknown:///unknown:1+22: Semicolon inserted
LOG:unknown:///unknown:1+35: Semicolon inserted
LOG:unknown:///unknown:1+26: Semicolon inserted
LOG:unknown:///unknown:1+39: Semicolon inserted
LOG:unknown:///unknown:1+26: Semicolon inserted
LOG:unknown:///unknown:1+39: Semicolon inserted
LOG:unknown:///unknown:1+17: Semicolon inserted
LOG:unknown:///unknown:1+17: Semicolon inserted
LOG:unknown:///unknown:1+41: Semicolon inserted
LOG:unknown:///unknown:1+41: Semicolon inserted
LOG:unknown:///unknown:1+48: Semicolon inserted
LOG:unknown:///unknown:1+48: Semicolon inserted
LOG:unknown:///unknown:1+106: Semicolon inserted
LOG:unknown:///unknown:1+107: Semicolon inserted
LOG:unknown:///unknown:1+106: Semicolon inserted
LOG:unknown:///unknown:1+107: Semicolon inserted
LOG:unknown:///unknown:1+23: Semicolon inserted
LOG:unknown:///unknown:1+23: Semicolon inserted
LOG:unknown:///unknown:1+19: Semicolon inserted
LOG:unknown:///unknown:1+19: Semicolon inserted
LOG:unknown:///unknown:1+46: Semicolon inserted
LOG:unknown:///unknown:1+46: Semicolon inserted
LOG:unknown:///unknown:1+25: Semicolon inserted
LOG:unknown:///unknown:1+25: Semicolon inserted
LOG:unknown:///unknown:1+27: Semicolon inserted
LOG:unknown:///unknown:1+27: Semicolon inserted
LOG:unknown:///unknown:1+35: Semicolon inserted
LOG:unknown:///unknown:1+35: Semicolon inserted
LOG:unknown:///unknown:1+39: Semicolon inserted
LOG:unknown:///unknown:1+39: Semicolon inserted
LOG:unknown:///unknown:1+61: Semicolon inserted
LOG:unknown:///unknown:1+62: Semicolon inserted
LOG:unknown:///unknown:1+61: Semicolon inserted
LOG:unknown:///unknown:1+62: Semicolon inserted
LOG:unknown:///unknown:1+63: Semicolon inserted
LOG:unknown:///unknown:1+68: Semicolon inserted
LOG:unknown:///unknown:1+63: Semicolon inserted
LOG:unknown:///unknown:1+68: Semicolon inserted
LOG:unknown:///unknown:1+5: Semicolon inserted
LOG:unknown:///unknown:1+5: Semicolon inserted
LOG:unknown:///unknown:1+84: Semicolon inserted
LOG:unknown:///unknown:1+84: Semicolon inserted
LOG:unknown:///unknown:1+30: Semicolon inserted
LOG:unknown:///unknown:1+30: Semicolon inserted
LOG:unknown:///unknown:1+30: Semicolon inserted
LOG:unknown:///unknown:1+30: Semicolon inserted
LOG:unknown:///unknown:1+38: Semicolon inserted
LOG:unknown:///unknown:1+38: Semicolon inserted
LOG:unknown:///unknown:1+22: Semicolon inserted
LOG:unknown:///unknown:1+39: Semicolon inserted
LOG:unknown:///unknown:1+22: Semicolon inserted
LOG:unknown:///unknown:1+39: Semicolon inserted
LOG:unknown:///unknown:1+95: Semicolon inserted
LOG:unknown:///unknown:1+102: Semicolon inserted
LOG:unknown:///unknown:1+119: Semicolon inserted
LOG:unknown:///unknown:1+95: Semicolon inserted
LOG:unknown:///unknown:1+102: Semicolon inserted
LOG:unknown:///unknown:1+119: Semicolon inserted
LOG:unknown:///unknown:1+22: Semicolon inserted
LOG:unknown:///unknown:1+37: Semicolon inserted
LOG:unknown:///unknown:1+22: Semicolon inserted
LOG:unknown:///unknown:1+37: Semicolon inserted
LOG:unknown:///unknown:1+95: Semicolon inserted
LOG:unknown:///unknown:1+102: Semicolon inserted
LOG:unknown:///unknown:1+117: Semicolon inserted
LOG:unknown:///unknown:1+95: Semicolon inserted
LOG:unknown:///unknown:1+102: Semicolon inserted
LOG:unknown:///unknown:1+117: Semicolon inserted
LOG:unknown:///unknown:1+22: Semicolon inserted
LOG:unknown:///unknown:1+22: Semicolon inserted
LOG:unknown:///unknown:1+95: Semicolon inserted
LOG:unknown:///unknown:1+102: Semicolon inserted
LOG:unknown:///unknown:1+119: Semicolon inserted
LOG:unknown:///unknown:1+134: Semicolon inserted
LOG:unknown:///unknown:1+95: Semicolon inserted
LOG:unknown:///unknown:1+102: Semicolon inserted
LOG:unknown:///unknown:1+119: Semicolon inserted
LOG:unknown:///unknown:1+134: Semicolon inserted
LOG:unknown:///unknown:1+15: Semicolon inserted
LOG:unknown:///unknown:1+15: Semicolon inserted
LOG:unknown:///unknown:1+34: Semicolon inserted
LOG:unknown:///unknown:1+34: Semicolon inserted
LOG:unknown:///unknown:1+107: Semicolon inserted
LOG:unknown:///unknown:1+108: Semicolon inserted
LOG:unknown:///unknown:1+117: Semicolon inserted
LOG:unknown:///unknown:1+107: Semicolon inserted
LOG:unknown:///unknown:1+108: Semicolon inserted
LOG:unknown:///unknown:1+117: Semicolon inserted
LOG:unknown:///unknown:1+19: Semicolon inserted
LOG:unknown:///unknown:1+19: Semicolon inserted
LOG:unknown:///unknown:1+16: Semicolon inserted
LOG:unknown:///unknown:1+16: Semicolon inserted
LOG:unknown:///unknown:1+20: Semicolon inserted
LOG:unknown:///unknown:1+20: Semicolon inserted
LOG:unknown:///unknown:1+104: Semicolon inserted
LOG:unknown:///unknown:1+105: Semicolon inserted
LOG:unknown:///unknown:1+104: Semicolon inserted
LOG:unknown:///unknown:1+105: Semicolon inserted
LOG:unknown:///unknown:1+34: Semicolon inserted
LOG:unknown:///unknown:1+34: Semicolon inserted
LOG:unknown:///unknown:1+34: Semicolon inserted
LOG:unknown:///unknown:1+34: Semicolon inserted
LOG:unknown:///unknown:1+42: Semicolon inserted
LOG:unknown:///unknown:1+42: Semicolon inserted
LOG:unknown:///unknown:1+28: Semicolon inserted
LOG:unknown:///unknown:1+28: Semicolon inserted
LOG:unknown:///unknown:1+42: Semicolon inserted
LOG:unknown:///unknown:1+42: Semicolon inserted
LOG:unknown:///unknown:1+62: Semicolon inserted
LOG:unknown:///unknown:1+63: Semicolon inserted
LOG:unknown:///unknown:1+62: Semicolon inserted
LOG:unknown:///unknown:1+63: Semicolon inserted
LOG:unknown:///unknown:1+18: Semicolon inserted
LOG:unknown:///unknown:1+18: Semicolon inserted
LOG:unknown:///unknown:1+97: Semicolon inserted
LOG:unknown:///unknown:1+98: Semicolon inserted
LOG:unknown:///unknown:1+97: Semicolon inserted
LOG:unknown:///unknown:1+98: Semicolon inserted
LOG:unknown:///unknown:1+30: Semicolon inserted
LOG:unknown:///unknown:1+30: Semicolon inserted
LOG:unknown:///unknown:1+109: Semicolon inserted
LOG:unknown:///unknown:1+110: Semicolon inserted
LOG:unknown:///unknown:1+109: Semicolon inserted
LOG:unknown:///unknown:1+110: Semicolon inserted
LOG:unknown:///unknown:1+19: Semicolon inserted
LOG:unknown:///unknown:1+19: Semicolon inserted
LOG:unknown:///unknown:1+43: Semicolon inserted
LOG:unknown:///unknown:1+43: Semicolon inserted
LOG:unknown:///unknown:1+48: Semicolon inserted
LOG:unknown:///unknown:1+48: Semicolon inserted
LOG:unknown:///unknown:1+44: Semicolon inserted
LOG:unknown:///unknown:1+71: Semicolon inserted
LOG:unknown:///unknown:1+44: Semicolon inserted
LOG:unknown:///unknown:1+71: Semicolon inserted
LOG:unknown:///unknown:1+33: Semicolon inserted
LOG:unknown:///unknown:1+33: Semicolon inserted
LOG:unknown:///unknown:1+35: Semicolon inserted
LOG:unknown:///unknown:1+35: Semicolon inserted
LOG:unknown:///unknown:1+59: Semicolon inserted
LOG:unknown:///unknown:1+59: Semicolon inserted
LOG:unknown:///unknown:1+27: Semicolon inserted
LOG:unknown:///unknown:1+27: Semicolon inserted
LOG:unknown:///unknown:1+27: Semicolon inserted
LOG:unknown:///unknown:1+34: Semicolon inserted
LOG:unknown:///unknown:1+27: Semicolon inserted
LOG:unknown:///unknown:1+34: Semicolon inserted
LOG:unknown:///unknown:1+32: Semicolon inserted
LOG:unknown:///unknown:1+32: Semicolon inserted
LOG:unknown:///unknown:1+42: Semicolon inserted
LOG:unknown:///unknown:1+42: Semicolon inserted
LOG:unknown:///unknown:1+58: Semicolon inserted
LOG:unknown:///unknown:1+58: Semicolon inserted
LOG:unknown:///unknown:1+43: Semicolon inserted
LOG:unknown:///unknown:1+59: Semicolon inserted
LOG:unknown:///unknown:1+43: Semicolon inserted
LOG:unknown:///unknown:1+59: Semicolon inserted
LOG:unknown:///unknown:1+23: Semicolon inserted
LOG:unknown:///unknown:1+23: Semicolon inserted
LOG:unknown:///unknown:1+40: Semicolon inserted
LOG:unknown:///unknown:1+40: Semicolon inserted
LOG:unknown:///unknown:1+39: Semicolon inserted
LOG:unknown:///unknown:1+66: Semicolon inserted
LOG:unknown:///unknown:1+39: Semicolon inserted
LOG:unknown:///unknown:1+66: Semicolon inserted
LOG:unknown:///unknown:1+102: Semicolon inserted
LOG:unknown:///unknown:1+103: Semicolon inserted
LOG:unknown:///unknown:1+102: Semicolon inserted
LOG:unknown:///unknown:1+103: Semicolon inserted
LOG:unknown:///unknown:1+19: Semicolon inserted
LOG:unknown:///unknown:1+19: Semicolon inserted
LOG:unknown:///unknown:1+37: Semicolon inserted
LOG:unknown:///unknown:1+37: Semicolon inserted
LOG:unknown:///unknown:1+35: Semicolon inserted
LOG:unknown:///unknown:1+62: Semicolon inserted
LOG:unknown:///unknown:1+35: Semicolon inserted
LOG:unknown:///unknown:1+62: Semicolon inserted
LOG:unknown:///unknown:1+98: Semicolon inserted
LOG:unknown:///unknown:1+99: Semicolon inserted
LOG:unknown:///unknown:1+98: Semicolon inserted
LOG:unknown:///unknown:1+99: Semicolon inserted
LOG:unknown:///unknown:1+68: Semicolon inserted
LOG:unknown:///unknown:1+72: Semicolon inserted
LOG:unknown:///unknown:1+68: Semicolon inserted
LOG:unknown:///unknown:1+72: Semicolon inserted
]]></system-err>
</testsuite>
