<?xml version="1.0" encoding="UTF-8"?>
<coverage generated="1659650670444" clover="4.4.1">
   <project timestamp="1659650667613">
      <metrics coveredelements="2192" complexity="765" loc="5876" methods="228" classes="27" statements="1404" packages="5" coveredconditionals="621" coveredmethods="225" elements="2306" ncloc="2596" files="26" conditionals="674" coveredstatements="1346"/>
      <package name="org.apache.commons.codec.net">
         <metrics coveredelements="538" complexity="153" loc="1504" methods="57" classes="6" statements="319" coveredconditionals="162" coveredmethods="57" elements="538" ncloc="630" files="6" conditionals="162" coveredstatements="319"/>
         <file path="/home/sepehr/test_generation/all_projects_coverage/Codec1f/src/java/org/apache/commons/codec/net/CharacterEncodingNames.java" name="CharacterEncodingNames.java">
            <metrics coveredelements="0" coveredconditionals="0" complexity="0" loc="67" coveredmethods="0" methods="0" elements="0" classes="1" ncloc="4" statements="0" conditionals="0" coveredstatements="0"/>
            <class name="CharacterEncodingNames">
               <metrics coveredelements="0" coveredconditionals="0" complexity="0" coveredmethods="0" methods="0" elements="0" statements="0" conditionals="0" coveredstatements="0"/>
            </class>
         </file>
         <file path="/home/sepehr/test_generation/all_projects_coverage/Codec1f/src/java/org/apache/commons/codec/net/RFC1522Codec.java" name="RFC1522Codec.java">
            <metrics coveredelements="52" coveredconditionals="14" complexity="12" loc="163" coveredmethods="2" methods="2" elements="52" classes="1" ncloc="61" statements="36" conditionals="14" coveredstatements="36"/>
            <class name="RFC1522Codec">
               <metrics coveredelements="52" coveredconditionals="14" complexity="12" coveredmethods="2" methods="2" elements="52" statements="36" conditionals="14" coveredstatements="36"/>
            </class>
            <line complexity="2" visibility="protected" signature="encodeText(String,String) : String" num="66" count="18" type="method"/>
            <line num="69" count="18" type="stmt"/>
            <line falsecount="17" truecount="1" num="69" type="cond"/>
            <line num="70" count="1" type="stmt"/>
            <line num="72" count="17" type="stmt"/>
            <line num="73" count="17" type="stmt"/>
            <line num="74" count="17" type="stmt"/>
            <line num="75" count="17" type="stmt"/>
            <line num="76" count="17" type="stmt"/>
            <line num="77" count="17" type="stmt"/>
            <line num="78" count="17" type="stmt"/>
            <line num="79" count="15" type="stmt"/>
            <line num="80" count="15" type="stmt"/>
            <line num="81" count="15" type="stmt"/>
            <line complexity="10" visibility="protected" signature="decodeText(String) : String" num="97" count="21" type="method"/>
            <line num="100" count="21" type="stmt"/>
            <line falsecount="20" truecount="1" num="100" type="cond"/>
            <line num="101" count="1" type="stmt"/>
            <line num="103" count="20" type="stmt"/>
            <line falsecount="18" truecount="2" num="103" type="cond"/>
            <line num="104" count="2" type="stmt"/>
            <line num="106" count="18" type="stmt"/>
            <line num="107" count="18" type="stmt"/>
            <line num="108" count="18" type="stmt"/>
            <line num="109" count="18" type="stmt"/>
            <line falsecount="17" truecount="1" num="109" type="cond"/>
            <line num="110" count="1" type="stmt"/>
            <line num="112" count="17" type="stmt"/>
            <line num="113" count="17" type="stmt"/>
            <line falsecount="16" truecount="1" num="113" type="cond"/>
            <line num="114" count="1" type="stmt"/>
            <line num="116" count="16" type="stmt"/>
            <line num="117" count="16" type="stmt"/>
            <line num="118" count="16" type="stmt"/>
            <line falsecount="15" truecount="1" num="118" type="cond"/>
            <line num="119" count="1" type="stmt"/>
            <line num="121" count="15" type="stmt"/>
            <line num="122" count="15" type="stmt"/>
            <line falsecount="13" truecount="2" num="122" type="cond"/>
            <line num="123" count="2" type="stmt"/>
            <line num="126" count="13" type="stmt"/>
            <line num="127" count="13" type="stmt"/>
            <line num="128" count="13" type="stmt"/>
            <line num="129" count="13" type="stmt"/>
            <line num="130" count="13" type="stmt"/>
         </file>
         <file path="/home/sepehr/test_generation/all_projects_coverage/Codec1f/src/java/org/apache/commons/codec/net/QCodec.java" name="QCodec.java">
            <metrics coveredelements="144" coveredconditionals="40" complexity="36" loc="311" coveredmethods="14" methods="14" elements="144" classes="1" ncloc="161" statements="90" conditionals="40" coveredstatements="90"/>
            <class name="QCodec">
               <metrics coveredelements="144" coveredconditionals="40" complexity="36" coveredmethods="14" methods="14" elements="144" statements="90" conditionals="40" coveredstatements="90"/>
            </class>
            <line complexity="4" visibility="package" signature="&lt;clinit&gt;, line 59()" num="59" count="1" type="method"/>
            <line num="61" count="1" type="stmt"/>
            <line num="62" count="1" type="stmt"/>
            <line num="63" count="1" type="stmt"/>
            <line num="64" count="1" type="stmt"/>
            <line num="65" count="1" type="stmt"/>
            <line num="66" count="1" type="stmt"/>
            <line num="67" count="1" type="stmt"/>
            <line num="68" count="1" type="stmt"/>
            <line num="69" count="1" type="stmt"/>
            <line num="70" count="1" type="stmt"/>
            <line num="71" count="1" type="stmt"/>
            <line num="72" count="1" type="stmt"/>
            <line num="73" count="1" type="stmt"/>
            <line num="74" count="1" type="stmt"/>
            <line num="75" count="1" type="stmt"/>
            <line num="76" count="1" type="stmt"/>
            <line num="77" count="1" type="stmt"/>
            <line falsecount="1" truecount="10" num="77" type="cond"/>
            <line num="78" count="10" type="stmt"/>
            <line num="80" count="1" type="stmt"/>
            <line num="81" count="1" type="stmt"/>
            <line num="82" count="1" type="stmt"/>
            <line num="83" count="1" type="stmt"/>
            <line num="84" count="1" type="stmt"/>
            <line num="85" count="1" type="stmt"/>
            <line falsecount="1" truecount="26" num="85" type="cond"/>
            <line num="86" count="26" type="stmt"/>
            <line num="88" count="1" type="stmt"/>
            <line num="89" count="1" type="stmt"/>
            <line num="90" count="1" type="stmt"/>
            <line num="91" count="1" type="stmt"/>
            <line num="92" count="1" type="stmt"/>
            <line num="93" count="1" type="stmt"/>
            <line falsecount="1" truecount="26" num="93" type="cond"/>
            <line num="94" count="26" type="stmt"/>
            <line num="96" count="1" type="stmt"/>
            <line num="97" count="1" type="stmt"/>
            <line num="98" count="1" type="stmt"/>
            <line num="99" count="1" type="stmt"/>
            <line complexity="1" visibility="public" signature="QCodec()" num="111" count="10" type="method"/>
            <line num="112" count="10" type="stmt"/>
            <line complexity="1" visibility="public" signature="QCodec(String)" num="124" count="2" type="method"/>
            <line num="125" count="2" type="stmt"/>
            <line num="126" count="2" type="stmt"/>
            <line complexity="1" visibility="protected" signature="getEncoding() : String" num="129" count="18" type="method"/>
            <line num="130" count="18" type="stmt"/>
            <line complexity="5" visibility="protected" signature="doEncoding(byte[]) : byte[]" num="133" count="10" type="method"/>
            <line num="134" count="10" type="stmt"/>
            <line falsecount="9" truecount="1" num="134" type="cond"/>
            <line num="135" count="1" type="stmt"/>
            <line num="137" count="9" type="stmt"/>
            <line num="138" count="9" type="stmt"/>
            <line falsecount="8" truecount="1" num="138" type="cond"/>
            <line num="139" count="1" type="stmt"/>
            <line falsecount="1" truecount="23" num="139" type="cond"/>
            <line num="140" count="23" type="stmt"/>
            <line falsecount="20" truecount="3" num="140" type="cond"/>
            <line num="141" count="3" type="stmt"/>
            <line num="145" count="9" type="stmt"/>
            <line complexity="7" visibility="protected" signature="doDecoding(byte[]) : byte[]" num="148" count="9" type="method"/>
            <line num="149" count="9" type="stmt"/>
            <line falsecount="8" truecount="1" num="149" type="cond"/>
            <line num="150" count="1" type="stmt"/>
            <line num="152" count="8" type="stmt"/>
            <line num="153" count="8" type="stmt"/>
            <line falsecount="7" truecount="180" num="153" type="cond"/>
            <line num="154" count="180" type="stmt"/>
            <line falsecount="179" truecount="1" num="154" type="cond"/>
            <line num="155" count="1" type="stmt"/>
            <line num="156" count="1" type="stmt"/>
            <line num="159" count="8" type="stmt"/>
            <line falsecount="7" truecount="1" num="159" type="cond"/>
            <line num="160" count="1" type="stmt"/>
            <line num="161" count="1" type="stmt"/>
            <line falsecount="1" truecount="23" num="161" type="cond"/>
            <line num="162" count="23" type="stmt"/>
            <line num="163" count="23" type="stmt"/>
            <line falsecount="3" truecount="20" num="163" type="cond"/>
            <line num="164" count="20" type="stmt"/>
            <line num="166" count="3" type="stmt"/>
            <line num="169" count="1" type="stmt"/>
            <line num="171" count="7" type="stmt"/>
            <line complexity="3" visibility="public" signature="encode(String,String) : String" num="186" count="11" type="method"/>
            <line num="187" count="11" type="stmt"/>
            <line falsecount="10" truecount="1" num="187" type="cond"/>
            <line num="188" count="1" type="stmt"/>
            <line num="190" count="10" type="stmt"/>
            <line num="191" count="10" type="stmt"/>
            <line num="193" count="1" type="stmt"/>
            <line complexity="2" visibility="public" signature="encode(String) : String" num="207" count="11" type="method"/>
            <line num="208" count="11" type="stmt"/>
            <line falsecount="10" truecount="1" num="208" type="cond"/>
            <line num="209" count="1" type="stmt"/>
            <line num="211" count="10" type="stmt"/>
            <line complexity="3" visibility="public" signature="decode(String) : String" num="226" count="10" type="method"/>
            <line num="227" count="10" type="stmt"/>
            <line falsecount="8" truecount="2" num="227" type="cond"/>
            <line num="228" count="2" type="stmt"/>
            <line num="230" count="8" type="stmt"/>
            <line num="231" count="8" type="stmt"/>
            <line num="233" count="1" type="stmt"/>
            <line complexity="3" visibility="public" signature="encode(Object) : Object" num="247" count="3" type="method"/>
            <line num="248" count="3" type="stmt"/>
            <line falsecount="2" truecount="1" num="248" type="cond"/>
            <line num="249" count="1" type="stmt"/>
            <line num="250" count="2" type="stmt"/>
            <line falsecount="1" truecount="1" num="250" type="cond"/>
            <line num="251" count="1" type="stmt"/>
            <line num="253" count="1" type="stmt"/>
            <line complexity="3" visibility="public" signature="decode(Object) : Object" num="272" count="3" type="method"/>
            <line num="273" count="3" type="stmt"/>
            <line falsecount="2" truecount="1" num="273" type="cond"/>
            <line num="274" count="1" type="stmt"/>
            <line num="275" count="2" type="stmt"/>
            <line falsecount="1" truecount="1" num="275" type="cond"/>
            <line num="276" count="1" type="stmt"/>
            <line num="278" count="1" type="stmt"/>
            <line complexity="1" visibility="public" signature="getDefaultCharset() : String" num="289" count="10" type="method"/>
            <line num="290" count="10" type="stmt"/>
            <line complexity="1" visibility="public" signature="isEncodeBlanks() : boolean" num="298" count="2" type="method"/>
            <line num="299" count="2" type="stmt"/>
            <line complexity="1" visibility="public" signature="setEncodeBlanks(boolean) : void" num="308" count="4" type="method"/>
            <line num="309" count="4" type="stmt"/>
         </file>
         <file path="/home/sepehr/test_generation/all_projects_coverage/Codec1f/src/java/org/apache/commons/codec/net/BCodec.java" name="BCodec.java">
            <metrics coveredelements="63" coveredconditionals="18" complexity="22" loc="210" coveredmethods="11" methods="11" elements="63" classes="1" ncloc="83" statements="34" conditionals="18" coveredstatements="34"/>
            <class name="BCodec">
               <metrics coveredelements="63" coveredconditionals="18" complexity="22" coveredmethods="11" methods="11" elements="63" statements="34" conditionals="18" coveredstatements="34"/>
            </class>
            <line complexity="1" visibility="public" signature="BCodec()" num="56" count="7" type="method"/>
            <line num="57" count="7" type="stmt"/>
            <line complexity="1" visibility="public" signature="BCodec(String)" num="69" count="2" type="method"/>
            <line num="70" count="2" type="stmt"/>
            <line num="71" count="2" type="stmt"/>
            <line complexity="1" visibility="protected" signature="getEncoding() : String" num="74" count="12" type="method"/>
            <line num="75" count="12" type="stmt"/>
            <line complexity="2" visibility="protected" signature="doEncoding(byte[]) : byte[]" num="78" count="7" type="method"/>
            <line num="79" count="7" type="stmt"/>
            <line falsecount="6" truecount="1" num="79" type="cond"/>
            <line num="80" count="1" type="stmt"/>
            <line num="82" count="6" type="stmt"/>
            <line complexity="2" visibility="protected" signature="doDecoding(byte[]) : byte[]" num="85" count="6" type="method"/>
            <line num="86" count="6" type="stmt"/>
            <line falsecount="5" truecount="1" num="86" type="cond"/>
            <line num="87" count="1" type="stmt"/>
            <line num="89" count="5" type="stmt"/>
            <line complexity="3" visibility="public" signature="encode(String,String) : String" num="104" count="8" type="method"/>
            <line num="105" count="8" type="stmt"/>
            <line falsecount="7" truecount="1" num="105" type="cond"/>
            <line num="106" count="1" type="stmt"/>
            <line num="108" count="7" type="stmt"/>
            <line num="109" count="7" type="stmt"/>
            <line num="111" count="1" type="stmt"/>
            <line complexity="2" visibility="public" signature="encode(String) : String" num="125" count="8" type="method"/>
            <line num="126" count="8" type="stmt"/>
            <line falsecount="7" truecount="1" num="126" type="cond"/>
            <line num="127" count="1" type="stmt"/>
            <line num="129" count="7" type="stmt"/>
            <line complexity="3" visibility="public" signature="decode(String) : String" num="144" count="7" type="method"/>
            <line num="145" count="7" type="stmt"/>
            <line falsecount="5" truecount="2" num="145" type="cond"/>
            <line num="146" count="2" type="stmt"/>
            <line num="148" count="5" type="stmt"/>
            <line num="149" count="5" type="stmt"/>
            <line num="151" count="1" type="stmt"/>
            <line complexity="3" visibility="public" signature="encode(Object) : Object" num="165" count="3" type="method"/>
            <line num="166" count="3" type="stmt"/>
            <line falsecount="2" truecount="1" num="166" type="cond"/>
            <line num="167" count="1" type="stmt"/>
            <line num="168" count="2" type="stmt"/>
            <line falsecount="1" truecount="1" num="168" type="cond"/>
            <line num="169" count="1" type="stmt"/>
            <line num="171" count="1" type="stmt"/>
            <line complexity="3" visibility="public" signature="decode(Object) : Object" num="190" count="3" type="method"/>
            <line num="191" count="3" type="stmt"/>
            <line falsecount="2" truecount="1" num="191" type="cond"/>
            <line num="192" count="1" type="stmt"/>
            <line num="193" count="2" type="stmt"/>
            <line falsecount="1" truecount="1" num="193" type="cond"/>
            <line num="194" count="1" type="stmt"/>
            <line num="196" count="1" type="stmt"/>
            <line complexity="1" visibility="public" signature="getDefaultCharset() : String" num="207" count="7" type="method"/>
            <line num="208" count="7" type="stmt"/>
         </file>
         <file path="/home/sepehr/test_generation/all_projects_coverage/Codec1f/src/java/org/apache/commons/codec/net/QuotedPrintableCodec.java" name="QuotedPrintableCodec.java">
            <metrics coveredelements="132" coveredconditionals="42" complexity="40" loc="388" coveredmethods="15" methods="15" elements="132" classes="1" ncloc="153" statements="75" conditionals="42" coveredstatements="75"/>
            <class name="QuotedPrintableCodec">
               <metrics coveredelements="132" coveredconditionals="42" complexity="40" coveredmethods="15" methods="15" elements="132" statements="75" conditionals="42" coveredstatements="75"/>
            </class>
            <line complexity="3" visibility="package" signature="&lt;clinit&gt;, line 78()" num="78" count="2" type="method"/>
            <line num="80" count="2" type="stmt"/>
            <line falsecount="2" truecount="56" num="80" type="cond"/>
            <line num="81" count="56" type="stmt"/>
            <line num="83" count="2" type="stmt"/>
            <line falsecount="2" truecount="130" num="83" type="cond"/>
            <line num="84" count="130" type="stmt"/>
            <line num="86" count="2" type="stmt"/>
            <line num="87" count="2" type="stmt"/>
            <line complexity="1" visibility="public" signature="QuotedPrintableCodec()" num="93" count="12" type="method"/>
            <line num="94" count="12" type="stmt"/>
            <line complexity="1" visibility="public" signature="QuotedPrintableCodec(String)" num="103" count="2" type="method"/>
            <line num="104" count="2" type="stmt"/>
            <line num="105" count="2" type="stmt"/>
            <line complexity="1" visibility="private" signature="encodeQuotedPrintable(int,ByteArrayOutputStream) : void" num="116" count="170" type="method"/>
            <line num="117" count="170" type="stmt"/>
            <line num="118" count="170" type="stmt"/>
            <line num="119" count="170" type="stmt"/>
            <line num="120" count="170" type="stmt"/>
            <line num="121" count="170" type="stmt"/>
            <line complexity="6" visibility="public" signature="encodeQuotedPrintable(BitSet,byte[]) : byte[]" num="138" count="23" type="method"/>
            <line num="139" count="23" type="stmt"/>
            <line falsecount="22" truecount="1" num="139" type="cond"/>
            <line num="140" count="1" type="stmt"/>
            <line num="142" count="22" type="stmt"/>
            <line falsecount="21" truecount="1" num="142" type="cond"/>
            <line num="143" count="1" type="stmt"/>
            <line num="145" count="22" type="stmt"/>
            <line num="146" count="22" type="stmt"/>
            <line falsecount="22" truecount="366" num="146" type="cond"/>
            <line num="147" count="366" type="stmt"/>
            <line num="148" count="366" type="stmt"/>
            <line falsecount="256" truecount="110" num="148" type="cond"/>
            <line num="149" count="110" type="stmt"/>
            <line num="151" count="366" type="stmt"/>
            <line falsecount="170" truecount="196" num="151" type="cond"/>
            <line num="152" count="196" type="stmt"/>
            <line num="154" count="170" type="stmt"/>
            <line num="157" count="22" type="stmt"/>
            <line complexity="7" visibility="public" signature="decodeQuotedPrintable(byte[]) : byte[]" num="175" count="21" type="method"/>
            <line num="176" count="21" type="stmt"/>
            <line falsecount="20" truecount="1" num="176" type="cond"/>
            <line num="177" count="1" type="stmt"/>
            <line num="179" count="20" type="stmt"/>
            <line num="180" count="20" type="stmt"/>
            <line falsecount="17" truecount="245" num="180" type="cond"/>
            <line num="181" count="245" type="stmt"/>
            <line num="182" count="245" type="stmt"/>
            <line falsecount="168" truecount="77" num="182" type="cond"/>
            <line num="183" count="77" type="stmt"/>
            <line num="184" count="77" type="stmt"/>
            <line num="185" count="76" type="stmt"/>
            <line num="186" count="75" type="stmt"/>
            <line falsecount="74" truecount="1" num="186" type="cond"/>
            <line num="187" count="1" type="stmt"/>
            <line num="189" count="74" type="stmt"/>
            <line num="191" count="2" type="stmt"/>
            <line num="194" count="168" type="stmt"/>
            <line num="197" count="17" type="stmt"/>
            <line complexity="1" visibility="public" signature="encode(byte[]) : byte[]" num="212" count="13" type="method"/>
            <line num="213" count="13" type="stmt"/>
            <line complexity="1" visibility="public" signature="decode(byte[]) : byte[]" num="231" count="12" type="method"/>
            <line num="232" count="12" type="stmt"/>
            <line complexity="3" visibility="public" signature="encode(String) : String" num="252" count="8" type="method"/>
            <line num="253" count="8" type="stmt"/>
            <line falsecount="7" truecount="1" num="253" type="cond"/>
            <line num="254" count="1" type="stmt"/>
            <line num="256" count="7" type="stmt"/>
            <line num="257" count="7" type="stmt"/>
            <line num="259" count="1" type="stmt"/>
            <line complexity="2" visibility="public" signature="decode(String,String) : String" num="277" count="12" type="method"/>
            <line num="278" count="12" type="stmt"/>
            <line falsecount="11" truecount="1" num="278" type="cond"/>
            <line num="279" count="1" type="stmt"/>
            <line num="281" count="11" type="stmt"/>
            <line complexity="3" visibility="public" signature="decode(String) : String" num="296" count="10" type="method"/>
            <line num="297" count="10" type="stmt"/>
            <line falsecount="9" truecount="1" num="297" type="cond"/>
            <line num="298" count="1" type="stmt"/>
            <line num="300" count="9" type="stmt"/>
            <line num="301" count="9" type="stmt"/>
            <line num="303" count="1" type="stmt"/>
            <line complexity="4" visibility="public" signature="encode(Object) : Object" num="317" count="4" type="method"/>
            <line num="318" count="4" type="stmt"/>
            <line falsecount="3" truecount="1" num="318" type="cond"/>
            <line num="319" count="1" type="stmt"/>
            <line num="320" count="3" type="stmt"/>
            <line falsecount="2" truecount="1" num="320" type="cond"/>
            <line num="321" count="1" type="stmt"/>
            <line num="322" count="2" type="stmt"/>
            <line falsecount="1" truecount="1" num="322" type="cond"/>
            <line num="323" count="1" type="stmt"/>
            <line num="325" count="1" type="stmt"/>
            <line complexity="4" visibility="public" signature="decode(Object) : Object" num="342" count="4" type="method"/>
            <line num="343" count="4" type="stmt"/>
            <line falsecount="3" truecount="1" num="343" type="cond"/>
            <line num="344" count="1" type="stmt"/>
            <line num="345" count="3" type="stmt"/>
            <line falsecount="2" truecount="1" num="345" type="cond"/>
            <line num="346" count="1" type="stmt"/>
            <line num="347" count="2" type="stmt"/>
            <line falsecount="1" truecount="1" num="347" type="cond"/>
            <line num="348" count="1" type="stmt"/>
            <line num="350" count="1" type="stmt"/>
            <line complexity="1" visibility="public" signature="getDefaultCharset() : String" num="361" count="16" type="method"/>
            <line num="362" count="16" type="stmt"/>
            <line complexity="2" visibility="public" signature="encode(String,String) : String" num="382" count="13" type="method"/>
            <line num="383" count="13" type="stmt"/>
            <line falsecount="12" truecount="1" num="383" type="cond"/>
            <line num="384" count="1" type="stmt"/>
            <line num="386" count="12" type="stmt"/>
         </file>
         <file path="/home/sepehr/test_generation/all_projects_coverage/Codec1f/src/java/org/apache/commons/codec/net/URLCodec.java" name="URLCodec.java">
            <metrics coveredelements="147" coveredconditionals="48" complexity="43" loc="365" coveredmethods="15" methods="15" elements="147" classes="1" ncloc="168" statements="84" conditionals="48" coveredstatements="84"/>
            <class name="URLCodec">
               <metrics coveredelements="147" coveredconditionals="48" complexity="43" coveredmethods="15" methods="15" elements="147" statements="84" conditionals="48" coveredstatements="84"/>
            </class>
            <line complexity="4" visibility="package" signature="&lt;clinit&gt;, line 65()" num="65" count="1" type="method"/>
            <line num="67" count="1" type="stmt"/>
            <line falsecount="1" truecount="26" num="67" type="cond"/>
            <line num="68" count="26" type="stmt"/>
            <line num="70" count="1" type="stmt"/>
            <line falsecount="1" truecount="26" num="70" type="cond"/>
            <line num="71" count="26" type="stmt"/>
            <line num="74" count="1" type="stmt"/>
            <line falsecount="1" truecount="10" num="74" type="cond"/>
            <line num="75" count="10" type="stmt"/>
            <line num="78" count="1" type="stmt"/>
            <line num="79" count="1" type="stmt"/>
            <line num="80" count="1" type="stmt"/>
            <line num="81" count="1" type="stmt"/>
            <line num="83" count="1" type="stmt"/>
            <line complexity="1" visibility="public" signature="URLCodec()" num="90" count="13" type="method"/>
            <line num="91" count="13" type="stmt"/>
            <line complexity="1" visibility="public" signature="URLCodec(String)" num="99" count="2" type="method"/>
            <line num="100" count="2" type="stmt"/>
            <line num="101" count="2" type="stmt"/>
            <line complexity="7" visibility="public" signature="encodeUrl(BitSet,byte[]) : byte[]" num="112" count="14" type="method"/>
            <line num="114" count="14" type="stmt"/>
            <line falsecount="13" truecount="1" num="114" type="cond"/>
            <line num="115" count="1" type="stmt"/>
            <line num="117" count="13" type="stmt"/>
            <line falsecount="12" truecount="1" num="117" type="cond"/>
            <line num="118" count="1" type="stmt"/>
            <line num="121" count="13" type="stmt"/>
            <line num="122" count="13" type="stmt"/>
            <line falsecount="13" truecount="228" num="122" type="cond"/>
            <line num="123" count="228" type="stmt"/>
            <line num="124" count="228" type="stmt"/>
            <line falsecount="170" truecount="58" num="124" type="cond"/>
            <line num="125" count="58" type="stmt"/>
            <line num="127" count="228" type="stmt"/>
            <line falsecount="123" truecount="105" num="127" type="cond"/>
            <line num="128" count="105" type="stmt"/>
            <line falsecount="98" truecount="7" num="128" type="cond"/>
            <line num="129" count="7" type="stmt"/>
            <line num="131" count="105" type="stmt"/>
            <line num="133" count="123" type="stmt"/>
            <line num="134" count="123" type="stmt"/>
            <line num="136" count="123" type="stmt"/>
            <line num="138" count="123" type="stmt"/>
            <line num="139" count="123" type="stmt"/>
            <line num="142" count="13" type="stmt"/>
            <line complexity="8" visibility="public" signature="decodeUrl(byte[]) : byte[]" num="155" count="14" type="method"/>
            <line num="158" count="14" type="stmt"/>
            <line falsecount="13" truecount="1" num="158" type="cond"/>
            <line num="159" count="1" type="stmt"/>
            <line num="161" count="13" type="stmt"/>
            <line num="162" count="13" type="stmt"/>
            <line falsecount="10" truecount="141" num="162" type="cond"/>
            <line num="163" count="141" type="stmt"/>
            <line num="164" count="141" type="stmt"/>
            <line falsecount="137" truecount="4" num="164" type="cond"/>
            <line num="165" count="4" type="stmt"/>
            <line num="166" count="137" type="stmt"/>
            <line falsecount="82" truecount="55" num="166" type="cond"/>
            <line num="167" count="55" type="stmt"/>
            <line num="168" count="55" type="stmt"/>
            <line num="169" count="54" type="stmt"/>
            <line num="170" count="53" type="stmt"/>
            <line falsecount="52" truecount="1" num="170" type="cond"/>
            <line num="171" count="1" type="stmt"/>
            <line num="173" count="52" type="stmt"/>
            <line num="175" count="2" type="stmt"/>
            <line num="178" count="82" type="stmt"/>
            <line num="181" count="10" type="stmt"/>
            <line complexity="1" visibility="public" signature="encode(byte[]) : byte[]" num="192" count="13" type="method"/>
            <line num="193" count="13" type="stmt"/>
            <line complexity="1" visibility="public" signature="decode(byte[]) : byte[]" num="206" count="13" type="method"/>
            <line num="207" count="13" type="stmt"/>
            <line complexity="2" visibility="public" signature="encode(String,String) : String" num="221" count="13" type="method"/>
            <line num="224" count="13" type="stmt"/>
            <line falsecount="12" truecount="1" num="224" type="cond"/>
            <line num="225" count="1" type="stmt"/>
            <line num="227" count="12" type="stmt"/>
            <line complexity="3" visibility="public" signature="encode(String) : String" num="241" count="8" type="method"/>
            <line num="242" count="8" type="stmt"/>
            <line falsecount="7" truecount="1" num="242" type="cond"/>
            <line num="243" count="1" type="stmt"/>
            <line num="245" count="7" type="stmt"/>
            <line num="246" count="7" type="stmt"/>
            <line num="248" count="1" type="stmt"/>
            <line complexity="2" visibility="public" signature="decode(String,String) : String" num="265" count="12" type="method"/>
            <line num="268" count="12" type="stmt"/>
            <line falsecount="11" truecount="1" num="268" type="cond"/>
            <line num="269" count="1" type="stmt"/>
            <line num="271" count="11" type="stmt"/>
            <line complexity="3" visibility="public" signature="decode(String) : String" num="286" count="10" type="method"/>
            <line num="287" count="10" type="stmt"/>
            <line falsecount="9" truecount="1" num="287" type="cond"/>
            <line num="288" count="1" type="stmt"/>
            <line num="290" count="9" type="stmt"/>
            <line num="291" count="9" type="stmt"/>
            <line num="293" count="1" type="stmt"/>
            <line complexity="4" visibility="public" signature="encode(Object) : Object" num="307" count="4" type="method"/>
            <line num="308" count="4" type="stmt"/>
            <line falsecount="3" truecount="1" num="308" type="cond"/>
            <line num="309" count="1" type="stmt"/>
            <line num="310" count="3" type="stmt"/>
            <line falsecount="2" truecount="1" num="310" type="cond"/>
            <line num="311" count="1" type="stmt"/>
            <line num="312" count="2" type="stmt"/>
            <line falsecount="1" truecount="1" num="312" type="cond"/>
            <line num="313" count="1" type="stmt"/>
            <line num="315" count="1" type="stmt"/>
            <line complexity="4" visibility="public" signature="decode(Object) : Object" num="332" count="4" type="method"/>
            <line num="333" count="4" type="stmt"/>
            <line falsecount="3" truecount="1" num="333" type="cond"/>
            <line num="334" count="1" type="stmt"/>
            <line num="335" count="3" type="stmt"/>
            <line falsecount="2" truecount="1" num="335" type="cond"/>
            <line num="336" count="1" type="stmt"/>
            <line num="337" count="2" type="stmt"/>
            <line falsecount="1" truecount="1" num="337" type="cond"/>
            <line num="338" count="1" type="stmt"/>
            <line num="340" count="1" type="stmt"/>
            <line complexity="1" visibility="public" signature="getEncoding() : String" num="352" count="14" type="method"/>
            <line num="353" count="14" type="stmt"/>
            <line complexity="1" visibility="public" signature="getDefaultCharset() : String" num="361" count="30" type="method"/>
            <line num="362" count="30" type="stmt"/>
         </file>
      </package>
      <package name="org.apache.commons.codec.binary">
         <metrics coveredelements="433" complexity="118" loc="1078" methods="33" classes="3" statements="264" coveredconditionals="138" coveredmethods="33" elements="441" ncloc="453" files="3" conditionals="144" coveredstatements="262"/>
         <file path="/home/sepehr/test_generation/all_projects_coverage/Codec1f/src/java/org/apache/commons/codec/binary/BinaryCodec.java" name="BinaryCodec.java">
            <metrics coveredelements="106" coveredconditionals="44" complexity="36" loc="285" coveredmethods="10" methods="10" elements="106" classes="1" ncloc="114" statements="52" conditionals="44" coveredstatements="52"/>
            <class name="BinaryCodec">
               <metrics coveredelements="106" coveredconditionals="44" complexity="36" coveredmethods="10" methods="10" elements="106" statements="52" conditionals="44" coveredstatements="52"/>
            </class>
            <line complexity="1" visibility="public" signature="encode(byte[]) : byte[]" num="80" count="27" type="method"/>
            <line num="81" count="27" type="stmt"/>
            <line complexity="2" visibility="public" signature="encode(Object) : Object" num="94" count="28" type="method"/>
            <line num="95" count="28" type="stmt"/>
            <line falsecount="27" truecount="1" num="95" type="cond"/>
            <line num="96" count="1" type="stmt"/>
            <line num="98" count="27" type="stmt"/>
            <line complexity="5" visibility="public" signature="decode(Object) : Object" num="111" count="57" type="method"/>
            <line num="112" count="57" type="stmt"/>
            <line falsecount="55" truecount="2" num="112" type="cond"/>
            <line num="113" count="2" type="stmt"/>
            <line num="115" count="55" type="stmt"/>
            <line falsecount="37" truecount="18" num="115" type="cond"/>
            <line num="116" count="18" type="stmt"/>
            <line num="118" count="37" type="stmt"/>
            <line falsecount="19" truecount="18" num="118" type="cond"/>
            <line num="119" count="18" type="stmt"/>
            <line num="121" count="19" type="stmt"/>
            <line falsecount="1" truecount="18" num="121" type="cond"/>
            <line num="122" count="18" type="stmt"/>
            <line num="124" count="1" type="stmt"/>
            <line complexity="1" visibility="public" signature="decode(byte[]) : byte[]" num="135" count="19" type="method"/>
            <line num="136" count="19" type="stmt"/>
            <line complexity="2" visibility="public" signature="toByteArray(String) : byte[]" num="147" count="19" type="method"/>
            <line num="148" count="19" type="stmt"/>
            <line falsecount="18" truecount="1" num="148" type="cond"/>
            <line num="149" count="1" type="stmt"/>
            <line num="151" count="18" type="stmt"/>
            <line complexity="6" visibility="public" signature="fromAscii(char[]) : byte[]" num="166" count="73" type="method"/>
            <line num="167" count="73" type="stmt"/>
            <line falsecount="72" truecount="1" num="167" type="cond"/>
            <line num="168" count="1" type="stmt"/>
            <line num="171" count="72" type="stmt"/>
            <line num="176" count="72" type="stmt"/>
            <line falsecount="72" truecount="108" num="176" type="cond"/>
            <line num="177" count="108" type="stmt"/>
            <line falsecount="108" truecount="864" num="177" type="cond"/>
            <line num="178" count="864" type="stmt"/>
            <line falsecount="288" truecount="576" num="178" type="cond"/>
            <line num="179" count="576" type="stmt"/>
            <line num="183" count="72" type="stmt"/>
            <line complexity="6" visibility="public" signature="fromAscii(byte[]) : byte[]" num="193" count="56" type="method"/>
            <line num="194" count="56" type="stmt"/>
            <line falsecount="54" truecount="2" num="194" type="cond"/>
            <line num="195" count="2" type="stmt"/>
            <line num="198" count="54" type="stmt"/>
            <line num="203" count="54" type="stmt"/>
            <line falsecount="54" truecount="81" num="203" type="cond"/>
            <line num="204" count="81" type="stmt"/>
            <line falsecount="81" truecount="648" num="204" type="cond"/>
            <line num="205" count="648" type="stmt"/>
            <line falsecount="216" truecount="432" num="205" type="cond"/>
            <line num="206" count="432" type="stmt"/>
            <line num="210" count="54" type="stmt"/>
            <line complexity="6" visibility="public" signature="toAsciiBytes(byte[]) : byte[]" num="222" count="54" type="method"/>
            <line num="223" count="54" type="stmt"/>
            <line falsecount="52" truecount="2" num="223" type="cond"/>
            <line num="224" count="2" type="stmt"/>
            <line num="227" count="52" type="stmt"/>
            <line num="232" count="52" type="stmt"/>
            <line falsecount="52" truecount="86" num="232" type="cond"/>
            <line num="233" count="86" type="stmt"/>
            <line falsecount="86" truecount="688" num="233" type="cond"/>
            <line num="234" count="688" type="stmt"/>
            <line falsecount="344" truecount="344" num="234" type="cond"/>
            <line num="235" count="344" type="stmt"/>
            <line num="237" count="344" type="stmt"/>
            <line num="241" count="52" type="stmt"/>
            <line complexity="6" visibility="public" signature="toAsciiChars(byte[]) : char[]" num="252" count="80" type="method"/>
            <line num="253" count="80" type="stmt"/>
            <line falsecount="78" truecount="2" num="253" type="cond"/>
            <line num="254" count="2" type="stmt"/>
            <line num="257" count="78" type="stmt"/>
            <line num="262" count="78" type="stmt"/>
            <line falsecount="78" truecount="129" num="262" type="cond"/>
            <line num="263" count="129" type="stmt"/>
            <line falsecount="129" truecount="1032" num="263" type="cond"/>
            <line num="264" count="1032" type="stmt"/>
            <line falsecount="516" truecount="516" num="264" type="cond"/>
            <line num="265" count="516" type="stmt"/>
            <line num="267" count="516" type="stmt"/>
            <line num="271" count="78" type="stmt"/>
            <line complexity="1" visibility="public" signature="toAsciiString(byte[]) : String" num="282" count="26" type="method"/>
            <line num="283" count="26" type="stmt"/>
         </file>
         <file path="/home/sepehr/test_generation/all_projects_coverage/Codec1f/src/java/org/apache/commons/codec/binary/Hex.java" name="Hex.java">
            <metrics coveredelements="50" coveredconditionals="12" complexity="15" loc="193" coveredmethods="7" methods="7" elements="50" classes="1" ncloc="64" statements="31" conditionals="12" coveredstatements="31"/>
            <class name="Hex">
               <metrics coveredelements="50" coveredconditionals="12" complexity="15" coveredmethods="7" methods="7" elements="50" statements="31" conditionals="12" coveredstatements="31"/>
            </class>
            <line complexity="3" visibility="public" signature="decodeHex(char[]) : byte[]" num="55" count="28" type="method"/>
            <line num="57" count="28" type="stmt"/>
            <line num="59" count="28" type="stmt"/>
            <line falsecount="25" truecount="3" num="59" type="cond"/>
            <line num="60" count="3" type="stmt"/>
            <line num="63" count="25" type="stmt"/>
            <line num="66" count="25" type="stmt"/>
            <line falsecount="23" truecount="182678" num="66" type="cond"/>
            <line num="67" count="182678" type="stmt"/>
            <line num="68" count="182677" type="stmt"/>
            <line num="69" count="182677" type="stmt"/>
            <line num="70" count="182676" type="stmt"/>
            <line num="71" count="182676" type="stmt"/>
            <line num="74" count="23" type="stmt"/>
            <line complexity="2" visibility="protected" signature="toDigit(char,int) : int" num="85" count="365355" type="method"/>
            <line num="86" count="365355" type="stmt"/>
            <line num="87" count="365355" type="stmt"/>
            <line falsecount="365353" truecount="2" num="87" type="cond"/>
            <line num="88" count="2" type="stmt"/>
            <line num="90" count="365353" type="stmt"/>
            <line complexity="2" visibility="public" signature="encodeHex(byte[]) : char[]" num="102" count="56" type="method"/>
            <line num="104" count="56" type="stmt"/>
            <line num="106" count="56" type="stmt"/>
            <line num="109" count="56" type="stmt"/>
            <line falsecount="56" truecount="183719" num="109" type="cond"/>
            <line num="110" count="183719" type="stmt"/>
            <line num="111" count="183719" type="stmt"/>
            <line num="114" count="56" type="stmt"/>
            <line complexity="1" visibility="public" signature="decode(byte[]) : byte[]" num="131" count="7" type="method"/>
            <line num="132" count="7" type="stmt"/>
            <line complexity="3" visibility="public" signature="decode(Object) : Object" num="149" count="15" type="method"/>
            <line num="150" count="15" type="stmt"/>
            <line num="151" count="15" type="stmt"/>
            <line falsecount="6" truecount="9" num="151" type="cond"/>
            <line num="152" count="14" type="stmt"/>
            <line num="154" count="1" type="stmt"/>
            <line complexity="1" visibility="public" signature="encode(byte[]) : byte[]" num="168" count="6" type="method"/>
            <line num="169" count="6" type="stmt"/>
            <line complexity="3" visibility="public" signature="encode(Object) : Object" num="183" count="12" type="method"/>
            <line num="184" count="12" type="stmt"/>
            <line num="185" count="12" type="stmt"/>
            <line falsecount="1" truecount="11" num="185" type="cond"/>
            <line num="186" count="11" type="stmt"/>
            <line num="188" count="1" type="stmt"/>
         </file>
         <file path="/home/sepehr/test_generation/all_projects_coverage/Codec1f/src/java/org/apache/commons/codec/binary/Base64.java" name="Base64.java">
            <metrics coveredelements="277" coveredconditionals="82" complexity="67" loc="600" coveredmethods="16" methods="16" elements="285" classes="1" ncloc="275" statements="181" conditionals="88" coveredstatements="179"/>
            <class name="Base64">
               <metrics coveredelements="277" coveredconditionals="82" complexity="67" coveredmethods="16" methods="16" elements="285" statements="181" conditionals="88" coveredstatements="179"/>
            </class>
            <line complexity="8" visibility="package" signature="&lt;clinit&gt;, line 129()" num="129" count="2" type="method"/>
            <line num="130" count="2" type="stmt"/>
            <line falsecount="2" truecount="510" num="130" type="cond"/>
            <line num="131" count="510" type="stmt"/>
            <line num="133" count="2" type="stmt"/>
            <line falsecount="2" truecount="52" num="133" type="cond"/>
            <line num="134" count="52" type="stmt"/>
            <line num="136" count="2" type="stmt"/>
            <line falsecount="2" truecount="52" num="136" type="cond"/>
            <line num="137" count="52" type="stmt"/>
            <line num="139" count="2" type="stmt"/>
            <line falsecount="2" truecount="20" num="139" type="cond"/>
            <line num="140" count="20" type="stmt"/>
            <line num="143" count="2" type="stmt"/>
            <line num="144" count="2" type="stmt"/>
            <line num="146" count="2" type="stmt"/>
            <line falsecount="2" truecount="52" num="146" type="cond"/>
            <line num="147" count="52" type="stmt"/>
            <line num="150" count="2" type="stmt"/>
            <line falsecount="2" truecount="52" num="150" type="cond"/>
            <line num="151" count="52" type="stmt"/>
            <line num="154" count="2" type="stmt"/>
            <line falsecount="2" truecount="20" num="154" type="cond"/>
            <line num="155" count="20" type="stmt"/>
            <line num="158" count="2" type="stmt"/>
            <line num="159" count="2" type="stmt"/>
            <line complexity="4" visibility="private" signature="isBase64(byte) : boolean" num="169" count="51588" type="method"/>
            <line num="170" count="51588" type="stmt"/>
            <line falsecount="51522" truecount="66" num="170" type="cond"/>
            <line num="171" count="66" type="stmt"/>
            <line num="172" count="51522" type="stmt"/>
            <line falsecount="51474" truecount="48" num="172" type="cond"/>
            <line num="173" count="48" type="stmt"/>
            <line num="175" count="51474" type="stmt"/>
            <line complexity="4" visibility="public" signature="isArrayByteBase64(byte[]) : boolean" num="187" count="25" type="method"/>
            <line num="189" count="25" type="stmt"/>
            <line num="191" count="25" type="stmt"/>
            <line num="192" count="25" type="stmt"/>
            <line falsecount="24" truecount="1" num="192" type="cond"/>
            <line num="195" count="1" type="stmt"/>
            <line num="197" count="24" type="stmt"/>
            <line falsecount="16" truecount="25314" num="197" type="cond"/>
            <line num="198" count="25314" type="stmt"/>
            <line falsecount="25306" truecount="8" num="198" type="cond"/>
            <line num="199" count="8" type="stmt"/>
            <line num="202" count="16" type="stmt"/>
            <line complexity="1" visibility="public" signature="encodeBase64(byte[]) : byte[]" num="212" count="201" type="method"/>
            <line num="213" count="201" type="stmt"/>
            <line complexity="1" visibility="public" signature="encodeBase64Chunked(byte[]) : byte[]" num="223" count="170" type="method"/>
            <line num="224" count="170" type="stmt"/>
            <line complexity="2" visibility="public" signature="decode(Object) : Object" num="237" count="2" type="method"/>
            <line num="238" count="2" type="stmt"/>
            <line falsecount="1" truecount="1" num="238" type="cond"/>
            <line num="239" count="1" type="stmt"/>
            <line num="241" count="1" type="stmt"/>
            <line complexity="1" visibility="public" signature="decode(byte[]) : byte[]" num="251" count="2" type="method"/>
            <line num="252" count="2" type="stmt"/>
            <line complexity="18" visibility="public" signature="encodeBase64(byte[],boolean) : byte[]" num="266" count="376" type="method"/>
            <line num="267" count="376" type="stmt"/>
            <line num="268" count="376" type="stmt"/>
            <line num="269" count="376" type="stmt"/>
            <line num="270" count="376" type="stmt"/>
            <line num="271" count="376" type="stmt"/>
            <line num="272" count="376" type="stmt"/>
            <line num="274" count="376" type="stmt"/>
            <line falsecount="141" truecount="235" num="274" type="cond"/>
            <line num="276" count="235" type="stmt"/>
            <line num="279" count="141" type="stmt"/>
            <line num="285" count="376" type="stmt"/>
            <line falsecount="206" truecount="170" num="285" type="cond"/>
            <line num="287" count="170" type="stmt"/>
            <line falsecount="170" truecount="0" num="287" type="cond"/>
            <line num="289" count="170" type="stmt"/>
            <line num="292" count="376" type="stmt"/>
            <line falsecount="376" truecount="0" num="292" type="cond"/>
            <line num="293" count="0" type="stmt"/>
            <line num="296" count="376" type="stmt"/>
            <line num="297" count="376" type="stmt"/>
            <line num="299" count="376" type="stmt"/>
            <line num="301" count="376" type="stmt"/>
            <line num="302" count="376" type="stmt"/>
            <line num="303" count="376" type="stmt"/>
            <line num="304" count="376" type="stmt"/>
            <line num="305" count="376" type="stmt"/>
            <line num="308" count="376" type="stmt"/>
            <line falsecount="376" truecount="6704" num="308" type="cond"/>
            <line num="309" count="6704" type="stmt"/>
            <line num="310" count="6704" type="stmt"/>
            <line num="311" count="6704" type="stmt"/>
            <line num="312" count="6704" type="stmt"/>
            <line num="316" count="6704" type="stmt"/>
            <line num="317" count="6704" type="stmt"/>
            <line num="319" count="6704" type="stmt"/>
            <line falsecount="3285" truecount="3419" num="319" type="cond"/>
            <line num="320" count="6704" type="stmt"/>
            <line falsecount="3189" truecount="3515" num="320" type="cond"/>
            <line num="321" count="6704" type="stmt"/>
            <line falsecount="3207" truecount="3497" num="321" type="cond"/>
            <line num="323" count="6704" type="stmt"/>
            <line num="327" count="6704" type="stmt"/>
            <line num="328" count="6704" type="stmt"/>
            <line num="329" count="6704" type="stmt"/>
            <line num="331" count="6704" type="stmt"/>
            <line num="334" count="6704" type="stmt"/>
            <line falsecount="6581" truecount="123" num="334" type="cond"/>
            <line num="336" count="123" type="stmt"/>
            <line falsecount="120" truecount="3" num="336" type="cond"/>
            <line num="337" count="3" type="stmt"/>
            <line num="338" count="3" type="stmt"/>
            <line num="339" count="3" type="stmt"/>
            <line num="340" count="3" type="stmt"/>
            <line num="346" count="376" type="stmt"/>
            <line num="348" count="376" type="stmt"/>
            <line falsecount="157" truecount="219" num="348" type="cond"/>
            <line num="349" count="219" type="stmt"/>
            <line num="350" count="219" type="stmt"/>
            <line num="353" count="219" type="stmt"/>
            <line falsecount="3" truecount="216" num="353" type="cond"/>
            <line num="354" count="219" type="stmt"/>
            <line num="355" count="219" type="stmt"/>
            <line num="356" count="219" type="stmt"/>
            <line num="357" count="219" type="stmt"/>
            <line num="358" count="157" type="stmt"/>
            <line falsecount="141" truecount="16" num="358" type="cond"/>
            <line num="360" count="16" type="stmt"/>
            <line num="361" count="16" type="stmt"/>
            <line num="362" count="16" type="stmt"/>
            <line num="363" count="16" type="stmt"/>
            <line num="365" count="16" type="stmt"/>
            <line falsecount="5" truecount="11" num="365" type="cond"/>
            <line num="366" count="16" type="stmt"/>
            <line falsecount="6" truecount="10" num="366" type="cond"/>
            <line num="368" count="16" type="stmt"/>
            <line num="369" count="16" type="stmt"/>
            <line num="370" count="16" type="stmt"/>
            <line num="371" count="16" type="stmt"/>
            <line num="374" count="376" type="stmt"/>
            <line falsecount="206" truecount="170" num="374" type="cond"/>
            <line num="376" count="170" type="stmt"/>
            <line falsecount="0" truecount="170" num="376" type="cond"/>
            <line num="377" count="170" type="stmt"/>
            <line num="382" count="376" type="stmt"/>
            <line complexity="9" visibility="public" signature="decodeBase64(byte[]) : byte[]" num="392" count="45" type="method"/>
            <line num="394" count="45" type="stmt"/>
            <line num="397" count="45" type="stmt"/>
            <line falsecount="43" truecount="2" num="397" type="cond"/>
            <line num="398" count="2" type="stmt"/>
            <line num="401" count="43" type="stmt"/>
            <line num="402" count="43" type="stmt"/>
            <line num="403" count="43" type="stmt"/>
            <line num="407" count="43" type="stmt"/>
            <line num="408" count="43" type="stmt"/>
            <line num="411" count="43" type="stmt"/>
            <line num="413" count="43" type="stmt"/>
            <line falsecount="39" truecount="52" num="413" type="cond"/>
            <line num="414" count="52" type="stmt"/>
            <line falsecount="48" truecount="4" num="414" type="cond"/>
            <line num="415" count="4" type="stmt"/>
            <line num="418" count="39" type="stmt"/>
            <line num="421" count="39" type="stmt"/>
            <line falsecount="39" truecount="6554" num="421" type="cond"/>
            <line num="422" count="6554" type="stmt"/>
            <line num="423" count="6554" type="stmt"/>
            <line num="424" count="6554" type="stmt"/>
            <line num="426" count="6554" type="stmt"/>
            <line num="427" count="6554" type="stmt"/>
            <line num="429" count="6554" type="stmt"/>
            <line falsecount="25" truecount="6529" num="429" type="cond"/>
            <line num="431" count="6529" type="stmt"/>
            <line num="432" count="6529" type="stmt"/>
            <line num="434" count="6529" type="stmt"/>
            <line num="435" count="6529" type="stmt"/>
            <line num="436" count="6529" type="stmt"/>
            <line num="437" count="25" type="stmt"/>
            <line falsecount="14" truecount="11" num="437" type="cond"/>
            <line num="439" count="11" type="stmt"/>
            <line num="440" count="14" type="stmt"/>
            <line falsecount="0" truecount="14" num="440" type="cond"/>
            <line num="442" count="14" type="stmt"/>
            <line num="444" count="14" type="stmt"/>
            <line num="445" count="14" type="stmt"/>
            <line num="447" count="6554" type="stmt"/>
            <line num="449" count="39" type="stmt"/>
            <line complexity="6" visibility="package" signature="discardWhitespace(byte[]) : byte[]" num="459" count="26" type="method"/>
            <line num="460" count="26" type="stmt"/>
            <line num="461" count="26" type="stmt"/>
            <line num="463" count="26" type="stmt"/>
            <line falsecount="26" truecount="25351" num="463" type="cond"/>
            <line num="464" count="25351" type="stmt"/>
            <line num="465" count="1" type="stmt"/>
            <line num="466" count="1" type="stmt"/>
            <line num="467" count="1" type="stmt"/>
            <line num="468" count="1" type="stmt"/>
            <line num="469" count="4" type="stmt"/>
            <line num="470" count="25347" type="stmt"/>
            <line num="471" count="25347" type="stmt"/>
            <line num="475" count="26" type="stmt"/>
            <line num="477" count="26" type="stmt"/>
            <line num="479" count="26" type="stmt"/>
            <line complexity="3" visibility="package" signature="discardNonBase64(byte[]) : byte[]" num="490" count="45" type="method"/>
            <line num="491" count="45" type="stmt"/>
            <line num="492" count="45" type="stmt"/>
            <line num="494" count="45" type="stmt"/>
            <line falsecount="45" truecount="26274" num="494" type="cond"/>
            <line num="495" count="26274" type="stmt"/>
            <line falsecount="40" truecount="26234" num="495" type="cond"/>
            <line num="496" count="26234" type="stmt"/>
            <line num="500" count="45" type="stmt"/>
            <line num="502" count="45" type="stmt"/>
            <line num="504" count="45" type="stmt"/>
            <line complexity="2" visibility="public" signature="encode(Object) : Object" num="519" count="2" type="method"/>
            <line num="520" count="2" type="stmt"/>
            <line falsecount="1" truecount="1" num="520" type="cond"/>
            <line num="521" count="1" type="stmt"/>
            <line num="523" count="1" type="stmt"/>
            <line complexity="1" visibility="public" signature="encode(byte[]) : byte[]" num="533" count="1" type="method"/>
            <line num="534" count="1" type="stmt"/>
            <line complexity="1" visibility="public" signature="decodeInteger(byte[]) : BigInteger" num="545" count="4" type="method"/>
            <line num="546" count="4" type="stmt"/>
            <line complexity="2" visibility="public" signature="encodeInteger(BigInteger) : byte[]" num="557" count="4" type="method"/>
            <line num="558" count="4" type="stmt"/>
            <line falsecount="4" truecount="0" num="558" type="cond"/>
            <line num="559" count="0" type="stmt"/>
            <line num="562" count="4" type="stmt"/>
            <line complexity="4" visibility="package" signature="toIntegerBytes(BigInteger) : byte[]" num="572" count="4" type="method"/>
            <line num="573" count="4" type="stmt"/>
            <line num="575" count="4" type="stmt"/>
            <line num="576" count="4" type="stmt"/>
            <line num="578" count="4" type="stmt"/>
            <line falsecount="2" truecount="2" num="578" type="cond"/>
            <line num="580" count="2" type="stmt"/>
            <line num="584" count="2" type="stmt"/>
            <line num="585" count="2" type="stmt"/>
            <line num="588" count="2" type="stmt"/>
            <line falsecount="0" truecount="2" num="588" type="cond"/>
            <line num="589" count="2" type="stmt"/>
            <line num="590" count="2" type="stmt"/>
            <line num="593" count="2" type="stmt"/>
            <line num="594" count="2" type="stmt"/>
            <line num="596" count="2" type="stmt"/>
            <line num="598" count="2" type="stmt"/>
         </file>
      </package>
      <package name="org.apache.commons.codec">
         <metrics coveredelements="16" complexity="6" loc="443" methods="5" classes="9" statements="11" coveredconditionals="0" coveredmethods="5" elements="16" ncloc="61" files="9" conditionals="0" coveredstatements="11"/>
         <file path="/home/sepehr/test_generation/all_projects_coverage/Codec1f/src/java/org/apache/commons/codec/StringDecoder.java" name="StringDecoder.java">
            <metrics coveredelements="0" coveredconditionals="0" complexity="0" loc="40" coveredmethods="0" methods="0" elements="0" classes="1" ncloc="4" statements="0" conditionals="0" coveredstatements="0"/>
            <class name="StringDecoder">
               <metrics coveredelements="0" coveredconditionals="0" complexity="0" coveredmethods="0" methods="0" elements="0" statements="0" conditionals="0" coveredstatements="0"/>
            </class>
         </file>
         <file path="/home/sepehr/test_generation/all_projects_coverage/Codec1f/src/java/org/apache/commons/codec/DecoderException.java" name="DecoderException.java">
            <metrics coveredelements="2" coveredconditionals="0" complexity="1" loc="45" coveredmethods="1" methods="1" elements="2" classes="1" ncloc="7" statements="1" conditionals="0" coveredstatements="1"/>
            <class name="DecoderException">
               <metrics coveredelements="2" coveredconditionals="0" complexity="1" coveredmethods="1" methods="1" elements="2" statements="1" conditionals="0" coveredstatements="1"/>
            </class>
            <line complexity="1" visibility="public" signature="DecoderException(String)" num="40" count="29" type="method"/>
            <line num="41" count="29" type="stmt"/>
         </file>
         <file path="/home/sepehr/test_generation/all_projects_coverage/Codec1f/src/java/org/apache/commons/codec/Encoder.java" name="Encoder.java">
            <metrics coveredelements="0" coveredconditionals="0" complexity="0" loc="46" coveredmethods="0" methods="0" elements="0" classes="1" ncloc="4" statements="0" conditionals="0" coveredstatements="0"/>
            <class name="Encoder">
               <metrics coveredelements="0" coveredconditionals="0" complexity="0" coveredmethods="0" methods="0" elements="0" statements="0" conditionals="0" coveredstatements="0"/>
            </class>
         </file>
         <file path="/home/sepehr/test_generation/all_projects_coverage/Codec1f/src/java/org/apache/commons/codec/StringEncoderComparator.java" name="StringEncoderComparator.java">
            <metrics coveredelements="12" coveredconditionals="0" complexity="4" loc="86" coveredmethods="3" methods="3" elements="12" classes="1" ncloc="23" statements="9" conditionals="0" coveredstatements="9"/>
            <class name="StringEncoderComparator">
               <metrics coveredelements="12" coveredconditionals="0" complexity="4" coveredmethods="3" methods="3" elements="12" statements="9" conditionals="0" coveredstatements="9"/>
            </class>
            <line complexity="1" visibility="public" signature="StringEncoderComparator()" num="46" count="1" type="method"/>
            <line num="47" count="1" type="stmt"/>
            <line complexity="1" visibility="public" signature="StringEncoderComparator(StringEncoder)" num="54" count="3" type="method"/>
            <line num="55" count="3" type="stmt"/>
            <line complexity="2" visibility="public" signature="compare(Object,Object) : int" num="71" count="8" type="method"/>
            <line num="73" count="8" type="stmt"/>
            <line num="75" count="8" type="stmt"/>
            <line num="76" count="8" type="stmt"/>
            <line num="77" count="7" type="stmt"/>
            <line num="78" count="7" type="stmt"/>
            <line num="81" count="1" type="stmt"/>
            <line num="83" count="8" type="stmt"/>
         </file>
         <file path="/home/sepehr/test_generation/all_projects_coverage/Codec1f/src/java/org/apache/commons/codec/EncoderException.java" name="EncoderException.java">
            <metrics coveredelements="2" coveredconditionals="0" complexity="1" loc="47" coveredmethods="1" methods="1" elements="2" classes="1" ncloc="7" statements="1" conditionals="0" coveredstatements="1"/>
            <class name="EncoderException">
               <metrics coveredelements="2" coveredconditionals="0" complexity="1" coveredmethods="1" methods="1" elements="2" statements="1" conditionals="0" coveredstatements="1"/>
            </class>
            <line complexity="1" visibility="public" signature="EncoderException(String)" num="43" count="17" type="method"/>
            <line num="44" count="17" type="stmt"/>
         </file>
         <file path="/home/sepehr/test_generation/all_projects_coverage/Codec1f/src/java/org/apache/commons/codec/StringEncoder.java" name="StringEncoder.java">
            <metrics coveredelements="0" coveredconditionals="0" complexity="0" loc="40" coveredmethods="0" methods="0" elements="0" classes="1" ncloc="4" statements="0" conditionals="0" coveredstatements="0"/>
            <class name="StringEncoder">
               <metrics coveredelements="0" coveredconditionals="0" complexity="0" coveredmethods="0" methods="0" elements="0" statements="0" conditionals="0" coveredstatements="0"/>
            </class>
         </file>
         <file path="/home/sepehr/test_generation/all_projects_coverage/Codec1f/src/java/org/apache/commons/codec/BinaryEncoder.java" name="BinaryEncoder.java">
            <metrics coveredelements="0" coveredconditionals="0" complexity="0" loc="42" coveredmethods="0" methods="0" elements="0" classes="1" ncloc="4" statements="0" conditionals="0" coveredstatements="0"/>
            <class name="BinaryEncoder">
               <metrics coveredelements="0" coveredconditionals="0" complexity="0" coveredmethods="0" methods="0" elements="0" statements="0" conditionals="0" coveredstatements="0"/>
            </class>
         </file>
         <file path="/home/sepehr/test_generation/all_projects_coverage/Codec1f/src/java/org/apache/commons/codec/BinaryDecoder.java" name="BinaryDecoder.java">
            <metrics coveredelements="0" coveredconditionals="0" complexity="0" loc="42" coveredmethods="0" methods="0" elements="0" classes="1" ncloc="4" statements="0" conditionals="0" coveredstatements="0"/>
            <class name="BinaryDecoder">
               <metrics coveredelements="0" coveredconditionals="0" complexity="0" coveredmethods="0" methods="0" elements="0" statements="0" conditionals="0" coveredstatements="0"/>
            </class>
         </file>
         <file path="/home/sepehr/test_generation/all_projects_coverage/Codec1f/src/java/org/apache/commons/codec/Decoder.java" name="Decoder.java">
            <metrics coveredelements="0" coveredconditionals="0" complexity="0" loc="55" coveredmethods="0" methods="0" elements="0" classes="1" ncloc="4" statements="0" conditionals="0" coveredstatements="0"/>
            <class name="Decoder">
               <metrics coveredelements="0" coveredconditionals="0" complexity="0" coveredmethods="0" methods="0" elements="0" statements="0" conditionals="0" coveredstatements="0"/>
            </class>
         </file>
      </package>
      <package name="org.apache.commons.codec.language">
         <metrics coveredelements="1122" complexity="449" loc="2315" methods="96" classes="8" statements="766" coveredconditionals="319" coveredmethods="93" elements="1228" ncloc="1322" files="7" conditionals="366" coveredstatements="710"/>
         <file path="/home/sepehr/test_generation/all_projects_coverage/Codec1f/src/java/org/apache/commons/codec/language/Soundex.java" name="Soundex.java">
            <metrics coveredelements="73" coveredconditionals="20" complexity="29" loc="275" coveredmethods="12" methods="12" elements="73" classes="1" ncloc="85" statements="41" conditionals="20" coveredstatements="41"/>
            <class name="Soundex">
               <metrics coveredelements="73" coveredconditionals="20" complexity="29" coveredmethods="12" methods="12" elements="73" statements="41" conditionals="20" coveredstatements="41"/>
            </class>
            <line complexity="1" visibility="public" signature="difference(String,String) : int" num="79" count="12" type="method"/>
            <line num="80" count="12" type="stmt"/>
            <line complexity="1" visibility="public" signature="Soundex()" num="102" count="36" type="method"/>
            <line num="103" count="36" type="stmt"/>
            <line complexity="1" visibility="public" signature="Soundex(char[])" num="116" count="36" type="method"/>
            <line num="117" count="36" type="stmt"/>
            <line complexity="2" visibility="public" signature="encode(Object) : Object" num="133" count="6" type="method"/>
            <line num="134" count="6" type="stmt"/>
            <line falsecount="5" truecount="1" num="134" type="cond"/>
            <line num="135" count="1" type="stmt"/>
            <line num="137" count="5" type="stmt"/>
            <line complexity="1" visibility="public" signature="encode(String) : String" num="149" count="177" type="method"/>
            <line num="150" count="177" type="stmt"/>
            <line complexity="8" visibility="private" signature="getMappingCode(String,int) : char" num="166" count="968" type="method"/>
            <line num="168" count="968" type="stmt"/>
            <line num="170" count="966" type="stmt"/>
            <line falsecount="602" truecount="364" num="170" type="cond"/>
            <line num="171" count="364" type="stmt"/>
            <line num="172" count="364" type="stmt"/>
            <line falsecount="354" truecount="10" num="172" type="cond"/>
            <line num="173" count="10" type="stmt"/>
            <line num="174" count="10" type="stmt"/>
            <line num="175" count="10" type="stmt"/>
            <line falsecount="6" truecount="4" num="175" type="cond"/>
            <line num="176" count="4" type="stmt"/>
            <line num="180" count="962" type="stmt"/>
            <line complexity="1" visibility="public" signature="getMaxLength() : int" num="189" count="1" type="method"/>
            <line num="190" count="1" type="stmt"/>
            <line complexity="1" visibility="private" signature="getSoundexMapping() : char[]" num="198" count="1954" type="method"/>
            <line num="199" count="1954" type="stmt"/>
            <line complexity="3" visibility="private" signature="map(char) : char" num="211" count="978" type="method"/>
            <line num="212" count="978" type="stmt"/>
            <line num="213" count="978" type="stmt"/>
            <line falsecount="976" truecount="2" num="213" type="cond"/>
            <line num="214" count="2" type="stmt"/>
            <line num="216" count="976" type="stmt"/>
            <line complexity="1" visibility="public" signature="setMaxLength(int) : void" num="226" count="2" type="method"/>
            <line num="227" count="2" type="stmt"/>
            <line complexity="1" visibility="private" signature="setSoundexMapping(char[]) : void" num="236" count="36" type="method"/>
            <line num="237" count="36" type="stmt"/>
            <line complexity="8" visibility="public" signature="soundex(String) : String" num="249" count="184" type="method"/>
            <line num="250" count="184" type="stmt"/>
            <line falsecount="181" truecount="3" num="250" type="cond"/>
            <line num="251" count="3" type="stmt"/>
            <line num="253" count="181" type="stmt"/>
            <line num="254" count="181" type="stmt"/>
            <line falsecount="174" truecount="7" num="254" type="cond"/>
            <line num="255" count="7" type="stmt"/>
            <line num="257" count="174" type="stmt"/>
            <line num="258" count="174" type="stmt"/>
            <line num="259" count="174" type="stmt"/>
            <line num="260" count="174" type="stmt"/>
            <line num="262" count="174" type="stmt"/>
            <line num="263" count="172" type="stmt"/>
            <line falsecount="172" truecount="794" num="263" type="cond"/>
            <line num="264" count="794" type="stmt"/>
            <line num="265" count="794" type="stmt"/>
            <line falsecount="4" truecount="790" num="265" type="cond"/>
            <line num="266" count="790" type="stmt"/>
            <line falsecount="409" truecount="381" num="266" type="cond"/>
            <line num="267" count="381" type="stmt"/>
            <line num="269" count="790" type="stmt"/>
            <line num="272" count="172" type="stmt"/>
         </file>
         <file path="/home/sepehr/test_generation/all_projects_coverage/Codec1f/src/java/org/apache/commons/codec/language/RefinedSoundex.java" name="RefinedSoundex.java">
            <metrics coveredelements="47" coveredconditionals="13" complexity="14" loc="184" coveredmethods="7" methods="7" elements="48" classes="1" ncloc="55" statements="27" conditionals="14" coveredstatements="27"/>
            <class name="RefinedSoundex">
               <metrics coveredelements="47" coveredconditionals="13" complexity="14" coveredmethods="7" methods="7" elements="48" statements="27" conditionals="14" coveredstatements="27"/>
            </class>
            <line complexity="1" visibility="public" signature="RefinedSoundex()" num="57" count="12" type="method"/>
            <line num="58" count="12" type="stmt"/>
            <line complexity="1" visibility="public" signature="RefinedSoundex(char[])" num="70" count="12" type="method"/>
            <line num="71" count="12" type="stmt"/>
            <line complexity="1" visibility="public" signature="difference(String,String) : int" num="96" count="12" type="method"/>
            <line num="97" count="12" type="stmt"/>
            <line complexity="2" visibility="public" signature="encode(Object) : Object" num="113" count="4" type="method"/>
            <line num="114" count="4" type="stmt"/>
            <line falsecount="3" truecount="1" num="114" type="cond"/>
            <line num="115" count="1" type="stmt"/>
            <line num="117" count="3" type="stmt"/>
            <line complexity="1" visibility="public" signature="encode(String) : String" num="127" count="43" type="method"/>
            <line num="128" count="43" type="stmt"/>
            <line complexity="2" visibility="package" signature="getMappingCode(char) : char" num="140" count="182" type="method"/>
            <line num="141" count="182" type="stmt"/>
            <line falsecount="181" truecount="1" num="141" type="cond"/>
            <line num="142" count="1" type="stmt"/>
            <line num="144" count="181" type="stmt"/>
            <line complexity="6" visibility="public" signature="soundex(String) : String" num="154" count="46" type="method"/>
            <line num="155" count="46" type="stmt"/>
            <line falsecount="43" truecount="3" num="155" type="cond"/>
            <line num="156" count="3" type="stmt"/>
            <line num="158" count="43" type="stmt"/>
            <line num="159" count="43" type="stmt"/>
            <line falsecount="36" truecount="7" num="159" type="cond"/>
            <line num="160" count="7" type="stmt"/>
            <line num="163" count="36" type="stmt"/>
            <line num="164" count="36" type="stmt"/>
            <line num="166" count="36" type="stmt"/>
            <line num="167" count="36" type="stmt"/>
            <line num="169" count="36" type="stmt"/>
            <line falsecount="36" truecount="181" num="169" type="cond"/>
            <line num="171" count="181" type="stmt"/>
            <line num="172" count="181" type="stmt"/>
            <line falsecount="161" truecount="20" num="172" type="cond"/>
            <line num="173" count="20" type="stmt"/>
            <line num="174" count="161" type="stmt"/>
            <line falsecount="0" truecount="161" num="174" type="cond"/>
            <line num="175" count="161" type="stmt"/>
            <line num="178" count="161" type="stmt"/>
            <line num="182" count="36" type="stmt"/>
         </file>
         <file path="/home/sepehr/test_generation/all_projects_coverage/Codec1f/src/java/org/apache/commons/codec/language/DoubleMetaphone.java" name="DoubleMetaphone.java">
            <metrics coveredelements="623" coveredconditionals="193" complexity="276" loc="1104" coveredmethods="55" methods="56" elements="717" classes="2" ncloc="767" statements="423" conditionals="238" coveredstatements="375"/>
            <class name="DoubleMetaphone">
               <metrics coveredelements="580" coveredconditionals="186" complexity="260" coveredmethods="43" methods="44" elements="673" statements="399" conditionals="230" coveredstatements="351"/>
            </class>
            <class name="DoubleMetaphone.DoubleMetaphoneResult">
               <metrics coveredelements="43" coveredconditionals="7" complexity="16" coveredmethods="12" methods="12" elements="44" statements="24" conditionals="8" coveredstatements="24"/>
            </class>
            <line complexity="1" visibility="public" signature="DoubleMetaphone()" num="64" count="16" type="method"/>
            <line num="65" count="16" type="stmt"/>
            <line complexity="1" visibility="public" signature="doubleMetaphone(String) : String" num="74" count="55" type="method"/>
            <line num="75" count="55" type="stmt"/>
            <line complexity="41" visibility="public" signature="doubleMetaphone(String,boolean) : String" num="86" count="4021" type="method"/>
            <line num="87" count="4021" type="stmt"/>
            <line num="88" count="4021" type="stmt"/>
            <line falsecount="4017" truecount="4" num="88" type="cond"/>
            <line num="89" count="4" type="stmt"/>
            <line num="92" count="4017" type="stmt"/>
            <line num="93" count="4017" type="stmt"/>
            <line falsecount="3961" truecount="56" num="93" type="cond"/>
            <line num="95" count="4017" type="stmt"/>
            <line num="97" count="4017" type="stmt"/>
            <line falsecount="4017" truecount="22027" num="97" type="cond"/>
            <line num="98" count="22027" type="stmt"/>
            <line num="99" count="1680" type="stmt"/>
            <line num="100" count="2442" type="stmt"/>
            <line num="101" count="1892" type="stmt"/>
            <line num="102" count="1592" type="stmt"/>
            <line num="103" count="893" type="stmt"/>
            <line num="104" count="283" type="stmt"/>
            <line num="105" count="8782" type="stmt"/>
            <line num="106" count="8782" type="stmt"/>
            <line num="107" count="435" type="stmt"/>
            <line num="108" count="435" type="stmt"/>
            <line num="109" count="435" type="stmt"/>
            <line falsecount="425" truecount="10" num="109" type="cond"/>
            <line num="110" count="435" type="stmt"/>
            <line num="111" count="1" type="stmt"/>
            <line num="113" count="1" type="stmt"/>
            <line num="114" count="1" type="stmt"/>
            <line num="115" count="1" type="stmt"/>
            <line num="116" count="1214" type="stmt"/>
            <line num="117" count="1214" type="stmt"/>
            <line num="118" count="1214" type="stmt"/>
            <line num="119" count="704" type="stmt"/>
            <line num="120" count="704" type="stmt"/>
            <line num="121" count="704" type="stmt"/>
            <line num="122" count="345" type="stmt"/>
            <line num="123" count="345" type="stmt"/>
            <line num="124" count="345" type="stmt"/>
[...]
            <line num="336" count="1" type="stmt"/>
            <line num="337" count="1" type="stmt"/>
            <line num="338" count="1" type="stmt"/>
            <line num="339" count="1" type="stmt"/>
            <line complexity="3" visibility="public" signature="testUsMappingOWithDiaeresis() : void" num="347" testsuccess="true" count="1" testduration="0.0" type="method"/>
            <line num="348" count="1" type="stmt"/>
            <line num="349" count="1" type="stmt"/>
            <line falsecount="0" truecount="1" num="349" type="cond"/>
            <line num="350" count="1" type="stmt"/>
            <line num="351" count="1" type="stmt"/>
            <line num="352" count="0" type="stmt"/>
            <line num="357" count="0" type="stmt"/>
            <line complexity="3" visibility="public" signature="testUsMappingEWithAcute() : void" num="366" testsuccess="true" count="1" testduration="0.0" type="method"/>
            <line num="367" count="1" type="stmt"/>
            <line num="368" count="1" type="stmt"/>
            <line falsecount="0" truecount="1" num="368" type="cond"/>
            <line num="369" count="1" type="stmt"/>
            <line num="370" count="1" type="stmt"/>
            <line num="371" count="0" type="stmt"/>
            <line num="376" count="0" type="stmt"/>
            <line complexity="1" visibility="public" signature="testUsEnglishStatic() : void" num="384" testsuccess="true" count="1" testduration="0.0" type="method"/>
            <line num="385" count="1" type="stmt"/>
            <line complexity="1" visibility="public" signature="testNewInstance() : void" num="392" testsuccess="true" count="1" testduration="0.0" type="method"/>
            <line num="393" count="1" type="stmt"/>
         </file>
         <file path="/home/sepehr/test_generation/all_projects_coverage/Codec1f/src/test/org/apache/commons/codec/language/MetaphoneTest.java" name="MetaphoneTest.java">
            <metrics coveredelements="132" coveredconditionals="12" complexity="47" loc="483" coveredmethods="40" methods="40" elements="136" classes="1" ncloc="351" statements="82" conditionals="14" coveredstatements="80"/>
            <class name="MetaphoneTest">
               <metrics coveredelements="132" complexity="47" methods="40" testruns="34" statements="82" coveredconditionals="12" coveredmethods="40" elements="136" testfailures="0" testduration="0.062000000000000006" conditionals="14" coveredstatements="80" testpasses="34"/>
            </class>
            <line complexity="1" visibility="public" signature="suite() : Test" num="32" count="1" type="method"/>
            <line num="33" count="1" type="stmt"/>
            <line complexity="1" visibility="public" signature="MetaphoneTest(String)" num="38" count="34" type="method"/>
            <line num="39" count="34" type="stmt"/>
            <line complexity="4" visibility="public" signature="assertIsMetaphoneEqual(String,String[]) : void" num="42" count="13" type="method"/>
            <line num="44" count="13" type="stmt"/>
            <line falsecount="13" truecount="201" num="44" type="cond"/>
            <line num="45" count="201" type="stmt"/>
            <line num="49" count="13" type="stmt"/>
            <line falsecount="13" truecount="201" num="49" type="cond"/>
            <line num="50" count="201" type="stmt"/>
            <line falsecount="201" truecount="6649" num="50" type="cond"/>
            <line num="51" count="6649" type="stmt"/>
            <line complexity="2" visibility="public" signature="assertMetaphoneEqual(String[][]) : void" num="56" count="2" type="method"/>
            <line num="57" count="2" type="stmt"/>
            <line num="58" count="2" type="stmt"/>
            <line falsecount="2" truecount="6" num="58" type="cond"/>
            <line num="59" count="6" type="stmt"/>
            <line num="60" count="6" type="stmt"/>
            <line num="61" count="6" type="stmt"/>
            <line num="62" count="6" type="stmt"/>
            <line num="63" count="6" type="stmt"/>
            <line complexity="1" visibility="private" signature="getMetaphone() : Metaphone" num="69" count="6903" type="method"/>
            <line num="70" count="6903" type="stmt"/>
            <line complexity="1" visibility="protected" signature="makeEncoder() : StringEncoder" num="73" count="4" type="method"/>
            <line num="74" count="4" type="stmt"/>
            <line complexity="1" visibility="private" signature="setMetaphone(Metaphone) : void" num="81" count="68" type="method"/>
            <line num="82" count="68" type="stmt"/>
            <line complexity="1" visibility="public" signature="setUp() : void" num="85" count="34" type="method"/>
            <line num="86" count="34" type="stmt"/>
            <line num="87" count="34" type="stmt"/>
            <line complexity="1" visibility="public" signature="tearDown() : void" num="90" count="34" type="method"/>
            <line num="91" count="34" type="stmt"/>
            <line num="92" count="34" type="stmt"/>
            <line complexity="1" visibility="public" signature="testIsMetaphoneEqual1() : void" num="95" testsuccess="true" count="1" testduration="0.0" type="method"/>
            <line num="96" count="1" type="stmt"/>
            <line complexity="1" visibility="public" signature="testIsMetaphoneEqual2() : void" num="106" testsuccess="true" count="1" testduration="0.0" type="method"/>
            <line num="107" count="1" type="stmt"/>
            <line complexity="1" visibility="public" signature="testIsMetaphoneEqualAero() : void" num="116" testsuccess="true" count="1" testduration="0.0" type="method"/>
            <line num="117" count="1" type="stmt"/>
            <line complexity="1" visibility="public" signature="testIsMetaphoneEqualWhite() : void" num="125" testsuccess="true" count="1" testduration="0.002" type="method"/>
            <line num="126" count="1" type="stmt"/>
            <line complexity="1" visibility="public" signature="testIsMetaphoneEqualAlbert() : void" num="136" testsuccess="true" count="1" testduration="0.001" type="method"/>
            <line num="137" count="1" type="stmt"/>
            <line complexity="1" visibility="public" signature="testIsMetaphoneEqualGary() : void" num="143" testsuccess="true" count="1" testduration="0.026" type="method"/>
            <line num="144" count="1" type="stmt"/>
            <line complexity="1" visibility="public" signature="testIsMetaphoneEqualJohn() : void" num="196" testsuccess="true" count="1" testduration="0.012" type="method"/>
            <line num="197" count="1" type="stmt"/>
            <line complexity="1" visibility="public" signature="testIsMetaphoneEqualKnight() : void" num="266" testsuccess="true" count="1" testduration="0.003" type="method"/>
            <line num="267" count="1" type="stmt"/>
            <line complexity="1" visibility="public" signature="testIsMetaphoneEqualMary() : void" num="290" testsuccess="true" count="1" testduration="0.001" type="method"/>
            <line num="291" count="1" type="stmt"/>
            <line complexity="1" visibility="public" signature="testIsMetaphoneEqualParis() : void" num="320" testsuccess="true" count="1" testduration="0.001" type="method"/>
            <line num="321" count="1" type="stmt"/>
            <line complexity="1" visibility="public" signature="testIsMetaphoneEqualPeter() : void" num="327" testsuccess="true" count="1" testduration="0.002" type="method"/>
            <line num="328" count="1" type="stmt"/>
            <line complexity="1" visibility="public" signature="testIsMetaphoneEqualRay() : void" num="336" testsuccess="true" count="1" testduration="0.0" type="method"/>
            <line num="337" count="1" type="stmt"/>
            <line complexity="1" visibility="public" signature="testIsMetaphoneEqualSusan() : void" num="343" testsuccess="true" count="1" testduration="0.003" type="method"/>
            <line num="344" count="1" type="stmt"/>
            <line complexity="1" visibility="public" signature="testIsMetaphoneEqualWright() : void" num="366" testsuccess="true" count="1" testduration="0.0" type="method"/>
            <line num="367" count="1" type="stmt"/>
            <line complexity="1" visibility="public" signature="testIsMetaphoneEqualXalan() : void" num="373" testsuccess="true" count="1" testduration="0.002" type="method"/>
            <line num="374" count="1" type="stmt"/>
            <line complexity="1" visibility="public" signature="testMetaphone() : void" num="379" testsuccess="true" count="1" testduration="0.0" type="method"/>
            <line num="380" count="1" type="stmt"/>
            <line num="381" count="1" type="stmt"/>
            <line num="382" count="1" type="stmt"/>
            <line num="383" count="1" type="stmt"/>
            <line num="384" count="1" type="stmt"/>
            <line num="385" count="1" type="stmt"/>
            <line num="386" count="1" type="stmt"/>
            <line num="387" count="1" type="stmt"/>
            <line num="388" count="1" type="stmt"/>
            <line num="389" count="1" type="stmt"/>
            <line num="390" count="1" type="stmt"/>
            <line complexity="1" visibility="public" signature="testWordEndingInMB() : void" num="393" testsuccess="true" count="1" testduration="0.001" type="method"/>
            <line num="394" count="1" type="stmt"/>
            <line num="395" count="1" type="stmt"/>
            <line num="396" count="1" type="stmt"/>
            <line complexity="1" visibility="public" signature="testDiscardOfSCEOrSCIOrSCY() : void" num="399" testsuccess="true" count="1" testduration="0.0" type="method"/>
            <line num="400" count="1" type="stmt"/>
            <line num="401" count="1" type="stmt"/>
            <line num="402" count="1" type="stmt"/>
            <line complexity="1" visibility="public" signature="testWhy() : void" num="408" testsuccess="true" count="1" testduration="0.0" type="method"/>
            <line num="410" count="1" type="stmt"/>
            <line complexity="1" visibility="public" signature="testWordsWithCIA() : void" num="413" testsuccess="true" count="1" testduration="0.001" type="method"/>
            <line num="414" count="1" type="stmt"/>
            <line complexity="1" visibility="public" signature="testTranslateOfSCHAndCH() : void" num="417" testsuccess="true" count="1" testduration="0.006" type="method"/>
            <line num="418" count="1" type="stmt"/>
            <line num="419" count="1" type="stmt"/>
            <line num="421" count="1" type="stmt"/>
            <line num="422" count="1" type="stmt"/>
            <line complexity="1" visibility="public" signature="testTranslateToJOfDGEOrDGIOrDGY() : void" num="425" testsuccess="true" count="1" testduration="0.0" type="method"/>
            <line num="426" count="1" type="stmt"/>
            <line num="427" count="1" type="stmt"/>
            <line num="428" count="1" type="stmt"/>
            <line complexity="1" visibility="public" signature="testDiscardOfSilentHAfterG() : void" num="431" testsuccess="true" count="1" testduration="0.0" type="method"/>
            <line num="432" count="1" type="stmt"/>
            <line num="433" count="1" type="stmt"/>
            <line complexity="1" visibility="public" signature="testDiscardOfSilentGN() : void" num="436" testsuccess="true" count="1" testduration="0.0" type="method"/>
            <line num="437" count="1" type="stmt"/>
            <line num="438" count="1" type="stmt"/>
            <line complexity="1" visibility="public" signature="testPHTOF() : void" num="441" testsuccess="true" count="1" testduration="0.0" type="method"/>
            <line num="442" count="1" type="stmt"/>
            <line complexity="1" visibility="public" signature="testSHAndSIOAndSIAToX() : void" num="445" testsuccess="true" count="1" testduration="0.0" type="method"/>
            <line num="446" count="1" type="stmt"/>
            <line num="447" count="1" type="stmt"/>
            <line num="448" count="1" type="stmt"/>
            <line complexity="1" visibility="public" signature="testTIOAndTIAToX() : void" num="451" testsuccess="true" count="1" testduration="0.0" type="method"/>
            <line num="452" count="1" type="stmt"/>
            <line num="453" count="1" type="stmt"/>
            <line complexity="1" visibility="public" signature="testTCH() : void" num="456" testsuccess="true" count="1" testduration="0.0" type="method"/>
            <line num="457" count="1" type="stmt"/>
            <line num="458" count="1" type="stmt"/>
            <line complexity="1" visibility="public" signature="testExceedLength() : void" num="461" testsuccess="true" count="1" testduration="0.0" type="method"/>
            <line num="463" count="1" type="stmt"/>
            <line complexity="1" visibility="public" signature="testSetMaxLengthWithTruncation() : void" num="466" testsuccess="true" count="1" testduration="0.0" type="method"/>
            <line num="468" count="1" type="stmt"/>
            <line num="469" count="1" type="stmt"/>
            <line complexity="4" visibility="public" signature="validateFixture(String[][]) : void" num="472" count="2" type="method"/>
            <line num="473" count="2" type="stmt"/>
            <line falsecount="2" truecount="0" num="473" type="cond"/>
            <line num="474" count="0" type="stmt"/>
            <line num="476" count="2" type="stmt"/>
            <line falsecount="2" truecount="6" num="476" type="cond"/>
            <line num="477" count="6" type="stmt"/>
            <line falsecount="6" truecount="0" num="477" type="cond"/>
            <line num="478" count="0" type="stmt"/>
         </file>
         <file path="/home/sepehr/test_generation/all_projects_coverage/Codec1f/src/test/org/apache/commons/codec/language/CaverphoneTest.java" name="CaverphoneTest.java">
            <metrics coveredelements="13" coveredconditionals="2" complexity="5" loc="62" coveredmethods="4" methods="4" elements="13" classes="1" ncloc="32" statements="7" conditionals="2" coveredstatements="7"/>
            <class name="CaverphoneTest">
               <metrics coveredelements="13" complexity="5" methods="4" testruns="5" statements="7" coveredconditionals="2" coveredmethods="4" elements="13" testfailures="0" testduration="0.015" conditionals="2" coveredstatements="7" testpasses="5"/>
            </class>
            <line complexity="1" visibility="public" signature="suite() : Test" num="32" count="1" type="method"/>
            <line num="33" count="1" type="stmt"/>
            <line complexity="1" visibility="public" signature="CaverphoneTest(String)" num="36" count="5" type="method"/>
            <line num="37" count="5" type="stmt"/>
            <line complexity="1" visibility="protected" signature="makeEncoder() : StringEncoder" num="40" count="4" type="method"/>
            <line num="41" count="4" type="stmt"/>
            <line complexity="2" visibility="public" signature="testSpecificationExamples() : void" num="44" testsuccess="true" count="1" testduration="0.009" type="method"/>
            <line num="45" count="1" type="stmt"/>
            <line num="46" count="1" type="stmt"/>
            <line num="57" count="1" type="stmt"/>
            <line falsecount="1" truecount="8" num="57" type="cond"/>
            <line num="58" count="8" type="stmt"/>
         </file>
      </package>
      <package name="org.apache.commons.codec.digest">
         <metrics coveredelements="48" complexity="10" loc="160" methods="9" classes="1" statements="40" coveredconditionals="0" coveredmethods="9" elements="49" ncloc="96" files="1" conditionals="0" coveredstatements="39"/>
         <file path="/home/sepehr/test_generation/all_projects_coverage/Codec1f/src/test/org/apache/commons/codec/digest/DigestUtilsTest.java" name="DigestUtilsTest.java">
            <metrics coveredelements="48" coveredconditionals="0" complexity="10" loc="160" coveredmethods="9" methods="9" elements="49" classes="1" ncloc="96" statements="40" conditionals="0" coveredstatements="39"/>
            <class name="DigestUtilsTest">
               <metrics coveredelements="48" complexity="10" methods="9" testruns="8" statements="40" coveredconditionals="0" coveredmethods="9" elements="49" testfailures="0" testduration="0.17700000000000002" conditionals="0" coveredstatements="39" testpasses="8"/>
            </class>
            <line complexity="1" visibility="protected" signature="setUp() : void" num="39" count="8" type="method"/>
            <line num="40" count="8" type="stmt"/>
            <line complexity="2" visibility="public" signature="testInternalNoSuchAlgorithmException() : void" num="43" testsuccess="true" count="1" testduration="0.019" type="method"/>
            <line num="44" count="1" type="stmt"/>
            <line num="45" count="1" type="stmt"/>
            <line num="46" count="0" type="stmt"/>
            <line complexity="1" visibility="public" signature="testMd5Hex() : void" num="52" testsuccess="true" count="1" testduration="0.013" type="method"/>
            <line num="54" count="1" type="stmt"/>
            <line num="56" count="1" type="stmt"/>
            <line num="58" count="1" type="stmt"/>
            <line num="60" count="1" type="stmt"/>
            <line num="62" count="1" type="stmt"/>
            <line num="64" count="1" type="stmt"/>
            <line num="68" count="1" type="stmt"/>
            <line num="72" count="1" type="stmt"/>
            <line complexity="1" visibility="public" signature="testMD5HexLength() : void" num="79" testsuccess="true" count="1" testduration="0.019" type="method"/>
            <line num="80" count="1" type="stmt"/>
            <line num="81" count="1" type="stmt"/>
            <line num="82" count="1" type="stmt"/>
            <line num="84" count="1" type="stmt"/>
            <line num="85" count="1" type="stmt"/>
            <line num="86" count="1" type="stmt"/>
            <line complexity="1" visibility="public" signature="testMD5Length() : void" num="92" testsuccess="true" count="1" testduration="0.0" type="method"/>
            <line num="93" count="1" type="stmt"/>
            <line num="94" count="1" type="stmt"/>
            <line num="95" count="1" type="stmt"/>
            <line num="97" count="1" type="stmt"/>
            <line num="98" count="1" type="stmt"/>
            <line num="99" count="1" type="stmt"/>
            <line complexity="1" visibility="public" signature="testSha256() : void" num="102" testsuccess="true" count="1" testduration="0.039" type="method"/>
            <line num="104" count="1" type="stmt"/>
            <line num="106" count="1" type="stmt"/>
            <line num="108" count="1" type="stmt"/>
            <line num="111" count="1" type="stmt"/>
            <line complexity="1" visibility="public" signature="testSha384() : void" num="115" testsuccess="true" count="1" testduration="0.033" type="method"/>
            <line num="117" count="1" type="stmt"/>
            <line num="120" count="1" type="stmt"/>
            <line num="123" count="1" type="stmt"/>
            <line num="127" count="1" type="stmt"/>
            <line complexity="1" visibility="public" signature="testSha512() : void" num="131" testsuccess="true" count="1" testduration="0.015" type="method"/>
            <line num="133" count="1" type="stmt"/>
            <line num="136" count="1" type="stmt"/>
            <line num="139" count="1" type="stmt"/>
            <line num="143" count="1" type="stmt"/>
            <line complexity="1" visibility="public" signature="testShaHex() : void" num="147" testsuccess="true" count="1" testduration="0.039" type="method"/>
            <line num="149" count="1" type="stmt"/>
            <line num="151" count="1" type="stmt"/>
            <line num="153" count="1" type="stmt"/>
            <line num="156" count="1" type="stmt"/>
         </file>
      </package>
   </testproject>
</coverage>