<?xml version="1.0" encoding="UTF-8" ?>
<testsuite tests="67" failures="0" name="com.google.gson.functional.PrimitiveTest" time="0.06" errors="0" skipped="0">
  <properties>
[...]
</properties>
  <testcase classname="com.google.gson.functional.PrimitiveTest" name="testDoubleNaNSerializationNotSupportedByDefault" time="0.001"/>
  <testcase classname="com.google.gson.functional.PrimitiveTest" name="testDoubleNaNSerialization" time="0.002"/>
  <testcase classname="com.google.gson.functional.PrimitiveTest" name="testDoubleNaNDeserialization" time="0.001"/>
  <testcase classname="com.google.gson.functional.PrimitiveTest" name="testFloatNaNSerializationNotSupportedByDefault" time="0"/>
  <testcase classname="com.google.gson.functional.PrimitiveTest" name="testFloatNaNSerialization" time="0.001"/>
  <testcase classname="com.google.gson.functional.PrimitiveTest" name="testFloatNaNDeserialization" time="0.001"/>
  <testcase classname="com.google.gson.functional.PrimitiveTest" name="testBigDecimalNaNDeserializationNotSupported" time="0"/>
  <testcase classname="com.google.gson.functional.PrimitiveTest" name="testDoubleInfinitySerializationNotSupportedByDefault" time="0.001"/>
  <testcase classname="com.google.gson.functional.PrimitiveTest" name="testDoubleInfinitySerialization" time="0"/>
  <testcase classname="com.google.gson.functional.PrimitiveTest" name="testDoubleInfinityDeserialization" time="0.001"/>
  <testcase classname="com.google.gson.functional.PrimitiveTest" name="testFloatInfinitySerializationNotSupportedByDefault" time="0.001"/>
  <testcase classname="com.google.gson.functional.PrimitiveTest" name="testFloatInfinitySerialization" time="0.002"/>
  <testcase classname="com.google.gson.functional.PrimitiveTest" name="testFloatInfinityDeserialization" time="0"/>
  <testcase classname="com.google.gson.functional.PrimitiveTest" name="testBigDecimalInfinityDeserializationNotSupported" time="0"/>
  <testcase classname="com.google.gson.functional.PrimitiveTest" name="testNegativeInfinitySerializationNotSupportedByDefault" time="0"/>
  <testcase classname="com.google.gson.functional.PrimitiveTest" name="testNegativeInfinitySerialization" time="0.001"/>
  <testcase classname="com.google.gson.functional.PrimitiveTest" name="testNegativeInfinityDeserialization" time="0.001"/>
  <testcase classname="com.google.gson.functional.PrimitiveTest" name="testNegativeInfinityFloatSerializationNotSupportedByDefault" time="0.02"/>
  <testcase classname="com.google.gson.functional.PrimitiveTest" name="testNegativeInfinityFloatSerialization" time="0.001"/>
  <testcase classname="com.google.gson.functional.PrimitiveTest" name="testNegativeInfinityFloatDeserialization" time="0.001"/>
  <testcase classname="com.google.gson.functional.PrimitiveTest" name="testBigDecimalNegativeInfinityDeserializationNotSupported" time="0"/>
  <testcase classname="com.google.gson.functional.PrimitiveTest" name="testLongAsStringSerialization" time="0"/>
  <testcase classname="com.google.gson.functional.PrimitiveTest" name="testLongAsStringDeserialization" time="0.001"/>
  <testcase classname="com.google.gson.functional.PrimitiveTest" name="testHtmlCharacterSerialization" time="0.001"/>
  <testcase classname="com.google.gson.functional.PrimitiveTest" name="testDeserializePrimitiveWrapperAsObjectField" time="0.001"/>
  <testcase classname="com.google.gson.functional.PrimitiveTest" name="testPrimitiveClassLiteral" time="0.001"/>
  <testcase classname="com.google.gson.functional.PrimitiveTest" name="testPrimitiveIntegerAutoboxedSerialization" time="0"/>
  <testcase classname="com.google.gson.functional.PrimitiveTest" name="testPrimitiveIntegerAutoboxedDeserialization" time="0.001"/>
  <testcase classname="com.google.gson.functional.PrimitiveTest" name="testPrimitiveIntegerAutoboxedInASingleElementArraySerialization" time="0.001"/>
  <testcase classname="com.google.gson.functional.PrimitiveTest" name="testPrimitiveIntegerAutoboxedInASingleElementArrayDeserialization" time="0"/>
  <testcase classname="com.google.gson.functional.PrimitiveTest" name="testReallyLongValuesSerialization" time="0"/>
  <testcase classname="com.google.gson.functional.PrimitiveTest" name="testReallyLongValuesDeserialization" time="0"/>
  <testcase classname="com.google.gson.functional.PrimitiveTest" name="testPrimitiveLongAutoboxedSerialization" time="0.001"/>
  <testcase classname="com.google.gson.functional.PrimitiveTest" name="testPrimitiveLongAutoboxedDeserialization" time="0"/>
  <testcase classname="com.google.gson.functional.PrimitiveTest" name="testPrimitiveLongAutoboxedInASingleElementArraySerialization" time="0.001"/>
  <testcase classname="com.google.gson.functional.PrimitiveTest" name="testPrimitiveLongAutoboxedInASingleElementArrayDeserialization" time="0"/>
  <testcase classname="com.google.gson.functional.PrimitiveTest" name="testPrimitiveBooleanAutoboxedSerialization" time="0.001"/>
  <testcase classname="com.google.gson.functional.PrimitiveTest" name="testPrimitiveBooleanAutoboxedDeserialization" time="0"/>
  <testcase classname="com.google.gson.functional.PrimitiveTest" name="testPrimitiveBooleanAutoboxedInASingleElementArraySerialization" time="0.001"/>
  <testcase classname="com.google.gson.functional.PrimitiveTest" name="testPrimitiveBooleanAutoboxedInASingleElementArrayDeserialization" time="0.001"/>
  <testcase classname="com.google.gson.functional.PrimitiveTest" name="testNumberSerialization" time="0"/>
  <testcase classname="com.google.gson.functional.PrimitiveTest" name="testNumberDeserialization" time="0.001"/>
  <testcase classname="com.google.gson.functional.PrimitiveTest" name="testPrimitiveDoubleAutoboxedSerialization" time="0"/>
  <testcase classname="com.google.gson.functional.PrimitiveTest" name="testPrimitiveDoubleAutoboxedDeserialization" time="0.001"/>
  <testcase classname="com.google.gson.functional.PrimitiveTest" name="testPrimitiveDoubleAutoboxedInASingleElementArraySerialization" time="0.001"/>
  <testcase classname="com.google.gson.functional.PrimitiveTest" name="testDoubleAsStringRepresentationDeserialization" time="0"/>
  <testcase classname="com.google.gson.functional.PrimitiveTest" name="testDoubleNoFractAsStringRepresentationDeserialization" time="0.001"/>
  <testcase classname="com.google.gson.functional.PrimitiveTest" name="testLargeDoubleDeserialization" time="0"/>
  <testcase classname="com.google.gson.functional.PrimitiveTest" name="testPrimitiveDoubleAutoboxedInASingleElementArrayDeserialization" time="0.001"/>
  <testcase classname="com.google.gson.functional.PrimitiveTest" name="testBigDecimalSerialization" time="0.001"/>
  <testcase classname="com.google.gson.functional.PrimitiveTest" name="testBigDecimalDeserialization" time="0"/>
  <testcase classname="com.google.gson.functional.PrimitiveTest" name="testBigDecimalInASingleElementArraySerialization" time="0.001"/>
  <testcase classname="com.google.gson.functional.PrimitiveTest" name="testBigDecimalInASingleElementArrayDeserialization" time="0"/>
  <testcase classname="com.google.gson.functional.PrimitiveTest" name="testSmallValueForBigDecimalSerialization" time="0.001"/>
  <testcase classname="com.google.gson.functional.PrimitiveTest" name="testSmallValueForBigDecimalDeserialization" time="0.001"/>
  <testcase classname="com.google.gson.functional.PrimitiveTest" name="testBigDecimalPreservePrecisionSerialization" time="0"/>
  <testcase classname="com.google.gson.functional.PrimitiveTest" name="testBigDecimalPreservePrecisionDeserialization" time="0"/>
  <testcase classname="com.google.gson.functional.PrimitiveTest" name="testBigDecimalAsStringRepresentationDeserialization" time="0.001"/>
  <testcase classname="com.google.gson.functional.PrimitiveTest" name="testBigDecimalNoFractAsStringRepresentationDeserialization" time="0"/>
  <testcase classname="com.google.gson.functional.PrimitiveTest" name="testBigIntegerSerialization" time="0.001"/>
  <testcase classname="com.google.gson.functional.PrimitiveTest" name="testBigIntegerDeserialization" time="0"/>
  <testcase classname="com.google.gson.functional.PrimitiveTest" name="testBigIntegerInASingleElementArraySerialization" time="0"/>
  <testcase classname="com.google.gson.functional.PrimitiveTest" name="testBigIntegerInASingleElementArrayDeserialization" time="0.001"/>
  <testcase classname="com.google.gson.functional.PrimitiveTest" name="testSmallValueForBigIntegerSerialization" time="0"/>
  <testcase classname="com.google.gson.functional.PrimitiveTest" name="testSmallValueForBigIntegerDeserialization" time="0.001"/>
  <testcase classname="com.google.gson.functional.PrimitiveTest" name="testBadValueForBigIntegerDeserialization" time="0"/>
  <testcase classname="com.google.gson.functional.PrimitiveTest" name="testOverridingDefaultPrimitiveSerialization" time="0.001"/>
</testsuite>