<?xml version="1.0" encoding="UTF-8" ?>
<testsuite tests="41" failures="8" name="com.google.gson.functional.DefaultTypeAdaptersTest" time="0.076" errors="0" skipped="0">
  <properties>
[...]
</properties>
  <testcase classname="com.google.gson.functional.DefaultTypeAdaptersTest" name="testSetSerialization" time="0.002"/>
  <testcase classname="com.google.gson.functional.DefaultTypeAdaptersTest" name="testUrlSerialization" time="0.009"/>
  <testcase classname="com.google.gson.functional.DefaultTypeAdaptersTest" name="testUrlDeserialization" time="0"/>
  <testcase classname="com.google.gson.functional.DefaultTypeAdaptersTest" name="testUrlNullSerialization" time="0"/>
  <testcase classname="com.google.gson.functional.DefaultTypeAdaptersTest" name="testUrlNullDeserialization" time="0"/>
  <testcase classname="com.google.gson.functional.DefaultTypeAdaptersTest" name="testUriSerialization" time="0"/>
  <testcase classname="com.google.gson.functional.DefaultTypeAdaptersTest" name="testUriDeserialization" time="0"/>
  <testcase classname="com.google.gson.functional.DefaultTypeAdaptersTest" name="testUuidSerialization" time="0"/>
  <testcase classname="com.google.gson.functional.DefaultTypeAdaptersTest" name="testUuidDeserialization" time="0.008"/>
  <testcase classname="com.google.gson.functional.DefaultTypeAdaptersTest" name="testLocaleSerializationWithLanguage" time="0"/>
  <testcase classname="com.google.gson.functional.DefaultTypeAdaptersTest" name="testLocaleDeserializationWithLanguage" time="0"/>
  <testcase classname="com.google.gson.functional.DefaultTypeAdaptersTest" name="testLocaleSerializationWithLanguageCountry" time="0"/>
  <testcase classname="com.google.gson.functional.DefaultTypeAdaptersTest" name="testLocaleDeserializationWithLanguageCountry" time="0"/>
  <testcase classname="com.google.gson.functional.DefaultTypeAdaptersTest" name="testLocaleSerializationWithLanguageCountryVariant" time="0.003"/>
  <testcase classname="com.google.gson.functional.DefaultTypeAdaptersTest" name="testLocaleDeserializationWithLanguageCountryVariant" time="0"/>
  <testcase classname="com.google.gson.functional.DefaultTypeAdaptersTest" name="testBigDecimalFieldSerialization" time="0"/>
  <testcase classname="com.google.gson.functional.DefaultTypeAdaptersTest" name="testBigDecimalFieldDeserialization" time="0"/>
  <testcase classname="com.google.gson.functional.DefaultTypeAdaptersTest" name="testBadValueForBigDecimalDeserialization" time="0.001"/>
  <testcase classname="com.google.gson.functional.DefaultTypeAdaptersTest" name="testBigIntegerFieldSerialization" time="0.001"/>
  <testcase classname="com.google.gson.functional.DefaultTypeAdaptersTest" name="testBigIntegerFieldDeserialization" time="0.001"/>
  <testcase classname="com.google.gson.functional.DefaultTypeAdaptersTest" name="testDefaultDateSerialization" time="0.018">
    <failure message="expected:&lt;&quot;Jan 5, 2023 [8]:36:01 PM&quot;&gt; but was:&lt;&quot;Jan 5, 2023 [9]:36:01 PM&quot;&gt;" type="junit.framework.ComparisonFailure">junit.framework.ComparisonFailure: expected:&lt;&quot;Jan 5, 2023 [8]:36:01 PM&quot;&gt; but was:&lt;&quot;Jan 5, 2023 [9]:36:01 PM&quot;&gt;
	at junit.framework.Assert.assertEquals(Assert.java:81)
	at junit.framework.Assert.assertEquals(Assert.java:87)
	at com.google.gson.functional.DefaultTypeAdaptersTest.__CLR4_4_1pcwu251u(DefaultTypeAdaptersTest.java:214)
	at com.google.gson.functional.DefaultTypeAdaptersTest.testDefaultDateSerialization(DefaultTypeAdaptersTest.java:211)
</failure>
  </testcase>
  <testcase classname="com.google.gson.functional.DefaultTypeAdaptersTest" name="testDefaultDateDeserialization" time="0">
    <failure message="expected:&lt;7&gt; but was:&lt;6&gt;" type="junit.framework.AssertionFailedError">junit.framework.AssertionFailedError: expected:&lt;7&gt; but was:&lt;6&gt;
	at junit.framework.Assert.fail(Assert.java:47)
	at junit.framework.Assert.failNotEquals(Assert.java:280)
	at junit.framework.Assert.assertEquals(Assert.java:64)
	at junit.framework.Assert.assertEquals(Assert.java:198)
	at junit.framework.Assert.assertEquals(Assert.java:204)
	at com.google.gson.functional.DefaultTypeAdaptersTest.assertEqualsTime(DefaultTypeAdaptersTest.java:235)
	at com.google.gson.functional.DefaultTypeAdaptersTest.__CLR4_4_1yqs62h51y(DefaultTypeAdaptersTest.java:221)
	at com.google.gson.functional.DefaultTypeAdaptersTest.testDefaultDateDeserialization(DefaultTypeAdaptersTest.java:217)
</failure>
  </testcase>
  <testcase classname="com.google.gson.functional.DefaultTypeAdaptersTest" name="testDefaultJavaSqlDateSerialization" time="0"/>
  <testcase classname="com.google.gson.functional.DefaultTypeAdaptersTest" name="testDefaultJavaSqlDateDeserialization" time="0">
    <failure message="expected:&lt;3&gt; but was:&lt;2&gt;" type="junit.framework.AssertionFailedError">junit.framework.AssertionFailedError: expected:&lt;3&gt; but was:&lt;2&gt;
	at junit.framework.Assert.fail(Assert.java:47)
	at junit.framework.Assert.failNotEquals(Assert.java:280)
	at junit.framework.Assert.assertEquals(Assert.java:64)
	at junit.framework.Assert.assertEquals(Assert.java:198)
	at junit.framework.Assert.assertEquals(Assert.java:204)
	at com.google.gson.functional.DefaultTypeAdaptersTest.assertEqualsDate(DefaultTypeAdaptersTest.java:230)
	at com.google.gson.functional.DefaultTypeAdaptersTest.__CLR4_4_13jgoad52f(DefaultTypeAdaptersTest.java:249)
	at com.google.gson.functional.DefaultTypeAdaptersTest.testDefaultJavaSqlDateDeserialization(DefaultTypeAdaptersTest.java:246)
</failure>
  </testcase>
  <testcase classname="com.google.gson.functional.DefaultTypeAdaptersTest" name="testDefaultJavaSqlTimestampSerialization" time="0">
    <failure message="expected:&lt;&quot;Dec 3, 2009 [1]:18:02 PM&quot;&gt; but was:&lt;&quot;Dec 3, 2009 [2]:18:02 PM&quot;&gt;" type="junit.framework.ComparisonFailure">junit.framework.ComparisonFailure: expected:&lt;&quot;Dec 3, 2009 [1]:18:02 PM&quot;&gt; but was:&lt;&quot;Dec 3, 2009 [2]:18:02 PM&quot;&gt;
	at junit.framework.Assert.assertEquals(Assert.java:81)
	at junit.framework.Assert.assertEquals(Assert.java:87)
	at com.google.gson.functional.DefaultTypeAdaptersTest.__CLR4_4_1ba8tvi52j(DefaultTypeAdaptersTest.java:255)
	at com.google.gson.functional.DefaultTypeAdaptersTest.testDefaultJavaSqlTimestampSerialization(DefaultTypeAdaptersTest.java:252)
</failure>
  </testcase>
  <testcase classname="com.google.gson.functional.DefaultTypeAdaptersTest" name="testDefaultJavaSqlTimestampDeserialization" time="0.002">
    <failure message="expected:&lt;13&gt; but was:&lt;12&gt;" type="junit.framework.AssertionFailedError">junit.framework.AssertionFailedError: expected:&lt;13&gt; but was:&lt;12&gt;
	at junit.framework.Assert.fail(Assert.java:47)
	at junit.framework.Assert.failNotEquals(Assert.java:280)
	at junit.framework.Assert.assertEquals(Assert.java:64)
	at junit.framework.Assert.assertEquals(Assert.java:198)
	at junit.framework.Assert.assertEquals(Assert.java:204)
	at com.google.gson.functional.DefaultTypeAdaptersTest.assertEqualsTime(DefaultTypeAdaptersTest.java:235)
	at com.google.gson.functional.DefaultTypeAdaptersTest.__CLR4_4_1q5eqtf52n(DefaultTypeAdaptersTest.java:262)
	at com.google.gson.functional.DefaultTypeAdaptersTest.testDefaultJavaSqlTimestampDeserialization(DefaultTypeAdaptersTest.java:258)
</failure>
  </testcase>
  <testcase classname="com.google.gson.functional.DefaultTypeAdaptersTest" name="testDefaultJavaSqlTimeSerialization" time="0.002">
    <failure message="expected:&lt;&quot;0[1]:18:02 PM&quot;&gt; but was:&lt;&quot;0[2]:18:02 PM&quot;&gt;" type="junit.framework.ComparisonFailure">junit.framework.ComparisonFailure: expected:&lt;&quot;0[1]:18:02 PM&quot;&gt; but was:&lt;&quot;0[2]:18:02 PM&quot;&gt;
	at junit.framework.Assert.assertEquals(Assert.java:81)
	at junit.framework.Assert.assertEquals(Assert.java:87)
	at com.google.gson.functional.DefaultTypeAdaptersTest.__CLR4_4_14yt6b152s(DefaultTypeAdaptersTest.java:268)
	at com.google.gson.functional.DefaultTypeAdaptersTest.testDefaultJavaSqlTimeSerialization(DefaultTypeAdaptersTest.java:265)
</failure>
  </testcase>
  <testcase classname="com.google.gson.functional.DefaultTypeAdaptersTest" name="testDefaultJavaSqlTimeDeserialization" time="0.013">
    <failure message="expected:&lt;13&gt; but was:&lt;12&gt;" type="junit.framework.AssertionFailedError">junit.framework.AssertionFailedError: expected:&lt;13&gt; but was:&lt;12&gt;
	at junit.framework.Assert.fail(Assert.java:47)
	at junit.framework.Assert.failNotEquals(Assert.java:280)
	at junit.framework.Assert.assertEquals(Assert.java:64)
	at junit.framework.Assert.assertEquals(Assert.java:198)
	at junit.framework.Assert.assertEquals(Assert.java:204)
	at com.google.gson.functional.DefaultTypeAdaptersTest.assertEqualsTime(DefaultTypeAdaptersTest.java:235)
	at com.google.gson.functional.DefaultTypeAdaptersTest.__CLR4_4_1b9dtkc52w(DefaultTypeAdaptersTest.java:274)
	at com.google.gson.functional.DefaultTypeAdaptersTest.testDefaultJavaSqlTimeDeserialization(DefaultTypeAdaptersTest.java:271)
</failure>
  </testcase>
  <testcase classname="com.google.gson.functional.DefaultTypeAdaptersTest" name="testDefaultDateSerializationUsingBuilder" time="0">
    <failure message="expected:&lt;&quot;Jan 5, 2023 [8]:36:01 PM&quot;&gt; but was:&lt;&quot;Jan 5, 2023 [9]:36:01 PM&quot;&gt;" type="junit.framework.ComparisonFailure">junit.framework.ComparisonFailure: expected:&lt;&quot;Jan 5, 2023 [8]:36:01 PM&quot;&gt; but was:&lt;&quot;Jan 5, 2023 [9]:36:01 PM&quot;&gt;
	at junit.framework.Assert.assertEquals(Assert.java:81)
	at junit.framework.Assert.assertEquals(Assert.java:87)
	at com.google.gson.functional.DefaultTypeAdaptersTest.__CLR4_4_16g7uk1530(DefaultTypeAdaptersTest.java:281)
	at com.google.gson.functional.DefaultTypeAdaptersTest.testDefaultDateSerializationUsingBuilder(DefaultTypeAdaptersTest.java:277)
</failure>
  </testcase>
  <testcase classname="com.google.gson.functional.DefaultTypeAdaptersTest" name="testDefaultDateDeserializationUsingBuilder" time="0.005"/>
  <testcase classname="com.google.gson.functional.DefaultTypeAdaptersTest" name="testDefaultCalendarSerialization" time="0.001"/>
  <testcase classname="com.google.gson.functional.DefaultTypeAdaptersTest" name="testDefaultCalendarDeserialization" time="0.002"/>
  <testcase classname="com.google.gson.functional.DefaultTypeAdaptersTest" name="testDefaultGregorianCalendarSerialization" time="0.001"/>
  <testcase classname="com.google.gson.functional.DefaultTypeAdaptersTest" name="testDefaultGregorianCalendarDeserialization" time="0.001"/>
  <testcase classname="com.google.gson.functional.DefaultTypeAdaptersTest" name="testDateSerializationWithPattern" time="0.001"/>
  <testcase classname="com.google.gson.functional.DefaultTypeAdaptersTest" name="testDateDeserializationWithPattern" time="0.001"/>
  <testcase classname="com.google.gson.functional.DefaultTypeAdaptersTest" name="testDateSerializationWithPatternNotOverridenByTypeAdapter" time="0.001"/>
  <testcase classname="com.google.gson.functional.DefaultTypeAdaptersTest" name="testPropertiesSerialization" time="0.001"/>
  <testcase classname="com.google.gson.functional.DefaultTypeAdaptersTest" name="testPropertiesDeserialization" time="0.001"/>
  <testcase classname="com.google.gson.functional.DefaultTypeAdaptersTest" name="testTreeSetSerialization" time="0"/>
  <testcase classname="com.google.gson.functional.DefaultTypeAdaptersTest" name="testTreeSetDeserialization" time="0.001"/>
</testsuite>